[5.175s] Invoking command in '/home/nvidia/KvaserCar_outdoor_test/src/visualize_car': PYTHONPATH=/home/nvidia/KvaserCar_outdoor_test/build/visualize_car/prefix_override:/usr/lib/python3/dist-packages/colcon_core/task/python/colcon_distutils_commands:/home/nvidia/KvaserCar_outdoor_test/install/visualize_car/lib/python3.10/site-packages:${PYTHONPATH} /usr/bin/python3 -W ignore:setup.py install is deprecated -W ignore:easy_install command is deprecated setup.py egg_info --egg-base ../../build/visualize_car build --build-base /home/nvidia/KvaserCar_outdoor_test/build/visualize_car/build install --record /home/nvidia/KvaserCar_outdoor_test/build/visualize_car/install.log --single-version-externally-managed install_data
[5.791s] running egg_info
[5.793s] writing ../../build/visualize_car/visualize_car.egg-info/PKG-INFO
[5.797s] writing dependency_links to ../../build/visualize_car/visualize_car.egg-info/dependency_links.txt
[5.798s] writing entry points to ../../build/visualize_car/visualize_car.egg-info/entry_points.txt
[5.799s] writing requirements to ../../build/visualize_car/visualize_car.egg-info/requires.txt
[5.799s] writing top-level names to ../../build/visualize_car/visualize_car.egg-info/top_level.txt
[5.799s] reading manifest file '../../build/visualize_car/visualize_car.egg-info/SOURCES.txt'
[5.800s] adding license file 'LICENSE'
[5.800s] writing manifest file '../../build/visualize_car/visualize_car.egg-info/SOURCES.txt'
[5.800s] running build
[5.800s] running build_py
[5.800s] running install
[5.800s] running install_lib
[5.800s] running install_data
[5.800s] running install_egg_info
[5.800s] removing '/home/nvidia/KvaserCar_outdoor_test/install/visualize_car/lib/python3.10/site-packages/visualize_car-0.0.0-py3.10.egg-info' (and everything under it)
[5.801s] Copying ../../build/visualize_car/visualize_car.egg-info to /home/nvidia/KvaserCar_outdoor_test/install/visualize_car/lib/python3.10/site-packages/visualize_car-0.0.0-py3.10.egg-info
[5.801s] running install_scripts
[5.833s] Installing draw_cars_node script to /home/nvidia/KvaserCar_outdoor_test/install/visualize_car/lib/visualize_car
[5.833s] Installing draw_markers_node script to /home/nvidia/KvaserCar_outdoor_test/install/visualize_car/lib/visualize_car
[5.834s] Installing fake_odom_node script to /home/nvidia/KvaserCar_outdoor_test/install/visualize_car/lib/visualize_car
[5.834s] writing list of installed files to '/home/nvidia/KvaserCar_outdoor_test/build/visualize_car/install.log'
[5.911s] Invoked command in '/home/nvidia/KvaserCar_outdoor_test/src/visualize_car' returned '0': PYTHONPATH=/home/nvidia/KvaserCar_outdoor_test/build/visualize_car/prefix_override:/usr/lib/python3/dist-packages/colcon_core/task/python/colcon_distutils_commands:/home/nvidia/KvaserCar_outdoor_test/install/visualize_car/lib/python3.10/site-packages:${PYTHONPATH} /usr/bin/python3 -W ignore:setup.py install is deprecated -W ignore:easy_install command is deprecated setup.py egg_info --egg-base ../../build/visualize_car build --build-base /home/nvidia/KvaserCar_outdoor_test/build/visualize_car/build install --record /home/nvidia/KvaserCar_outdoor_test/build/visualize_car/install.log --single-version-externally-managed install_data
