running egg_info
writing ../../build/tactical_node/tactical_node.egg-info/PKG-INFO
writing dependency_links to ../../build/tactical_node/tactical_node.egg-info/dependency_links.txt
writing entry points to ../../build/tactical_node/tactical_node.egg-info/entry_points.txt
writing requirements to ../../build/tactical_node/tactical_node.egg-info/requires.txt
writing top-level names to ../../build/tactical_node/tactical_node.egg-info/top_level.txt
reading manifest file '../../build/tactical_node/tactical_node.egg-info/SOURCES.txt'
adding license file 'LICENSE'
writing manifest file '../../build/tactical_node/tactical_node.egg-info/SOURCES.txt'
running build
running build_py
running install
running install_lib
running install_data
running install_egg_info
removing '/home/nvidia/KvaserCar_outdoor_test/install/tactical_node/lib/python3.10/site-packages/tactical_node-0.0.0-py3.10.egg-info' (and everything under it)
Copying ../../build/tactical_node/tactical_node.egg-info to /home/nvidia/KvaserCar_outdoor_test/install/tactical_node/lib/python3.10/site-packages/tactical_node-0.0.0-py3.10.egg-info
running install_scripts
Installing tactical_node script to /home/nvidia/KvaserCar_outdoor_test/install/tactical_node/lib/tactical_node
writing list of installed files to '/home/nvidia/KvaserCar_outdoor_test/build/tactical_node/install.log'
