[5.146s] Invoking command in '/home/nvidia/KvaserCar_outdoor_test/src/tactical_node': PYTHONPATH=/home/nvidia/KvaserCar_outdoor_test/build/tactical_node/prefix_override:/usr/lib/python3/dist-packages/colcon_core/task/python/colcon_distutils_commands:/home/nvidia/KvaserCar_outdoor_test/install/tactical_node/lib/python3.10/site-packages:${PYTHONPATH} /usr/bin/python3 -W ignore:setup.py install is deprecated -W ignore:easy_install command is deprecated setup.py egg_info --egg-base ../../build/tactical_node build --build-base /home/nvidia/KvaserCar_outdoor_test/build/tactical_node/build install --record /home/nvidia/KvaserCar_outdoor_test/build/tactical_node/install.log --single-version-externally-managed install_data
[5.709s] running egg_info
[5.709s] writing ../../build/tactical_node/tactical_node.egg-info/PKG-INFO
[5.709s] writing dependency_links to ../../build/tactical_node/tactical_node.egg-info/dependency_links.txt
[5.709s] writing entry points to ../../build/tactical_node/tactical_node.egg-info/entry_points.txt
[5.710s] writing requirements to ../../build/tactical_node/tactical_node.egg-info/requires.txt
[5.710s] writing top-level names to ../../build/tactical_node/tactical_node.egg-info/top_level.txt
[5.716s] reading manifest file '../../build/tactical_node/tactical_node.egg-info/SOURCES.txt'
[5.716s] adding license file 'LICENSE'
[5.718s] writing manifest file '../../build/tactical_node/tactical_node.egg-info/SOURCES.txt'
[5.718s] running build
[5.719s] running build_py
[5.720s] running install
[5.721s] running install_lib
[5.725s] running install_data
[5.725s] running install_egg_info
[5.734s] removing '/home/nvidia/KvaserCar_outdoor_test/install/tactical_node/lib/python3.10/site-packages/tactical_node-0.0.0-py3.10.egg-info' (and everything under it)
[5.734s] Copying ../../build/tactical_node/tactical_node.egg-info to /home/nvidia/KvaserCar_outdoor_test/install/tactical_node/lib/python3.10/site-packages/tactical_node-0.0.0-py3.10.egg-info
[5.736s] running install_scripts
[5.784s] Installing tactical_node script to /home/nvidia/KvaserCar_outdoor_test/install/tactical_node/lib/tactical_node
[5.786s] writing list of installed files to '/home/nvidia/KvaserCar_outdoor_test/build/tactical_node/install.log'
[5.904s] Invoked command in '/home/nvidia/KvaserCar_outdoor_test/src/tactical_node' returned '0': PYTHONPATH=/home/nvidia/KvaserCar_outdoor_test/build/tactical_node/prefix_override:/usr/lib/python3/dist-packages/colcon_core/task/python/colcon_distutils_commands:/home/nvidia/KvaserCar_outdoor_test/install/tactical_node/lib/python3.10/site-packages:${PYTHONPATH} /usr/bin/python3 -W ignore:setup.py install is deprecated -W ignore:easy_install command is deprecated setup.py egg_info --egg-base ../../build/tactical_node build --build-base /home/nvidia/KvaserCar_outdoor_test/build/tactical_node/build install --record /home/nvidia/KvaserCar_outdoor_test/build/tactical_node/install.log --single-version-externally-managed install_data
