[5.675s] Invoking command in '/home/nvidia/KvaserCar_outdoor_test/src/control_rover': PYTHONPATH=/home/nvidia/KvaserCar_outdoor_test/build/control_rover/prefix_override:/usr/lib/python3/dist-packages/colcon_core/task/python/colcon_distutils_commands:/home/nvidia/KvaserCar_outdoor_test/install/control_rover/lib/python3.10/site-packages:${PYTHONPATH} /usr/bin/python3 -W ignore:setup.py install is deprecated -W ignore:easy_install command is deprecated setup.py egg_info --egg-base ../../build/control_rover build --build-base /home/nvidia/KvaserCar_outdoor_test/build/control_rover/build install --record /home/nvidia/KvaserCar_outdoor_test/build/control_rover/install.log --single-version-externally-managed install_data
[6.454s] running egg_info
[6.459s] writing ../../build/control_rover/control_rover.egg-info/PKG-INFO
[6.459s] writing dependency_links to ../../build/control_rover/control_rover.egg-info/dependency_links.txt
[6.459s] writing entry points to ../../build/control_rover/control_rover.egg-info/entry_points.txt
[6.459s] writing requirements to ../../build/control_rover/control_rover.egg-info/requires.txt
[6.460s] writing top-level names to ../../build/control_rover/control_rover.egg-info/top_level.txt
[6.464s] reading manifest file '../../build/control_rover/control_rover.egg-info/SOURCES.txt'
[6.465s] adding license file 'LICENSE'
[6.469s] writing manifest file '../../build/control_rover/control_rover.egg-info/SOURCES.txt'
[6.469s] running build
[6.470s] running build_py
[6.470s] running install
[6.470s] running install_lib
[6.475s] running install_data
[6.475s] running install_egg_info
[6.482s] removing '/home/nvidia/KvaserCar_outdoor_test/install/control_rover/lib/python3.10/site-packages/control_rover-0.0.0-py3.10.egg-info' (and everything under it)
[6.483s] Copying ../../build/control_rover/control_rover.egg-info to /home/nvidia/KvaserCar_outdoor_test/install/control_rover/lib/python3.10/site-packages/control_rover-0.0.0-py3.10.egg-info
[6.484s] running install_scripts
[6.543s] Installing low_level_control script to /home/nvidia/KvaserCar_outdoor_test/install/control_rover/lib/control_rover
[6.543s] writing list of installed files to '/home/nvidia/KvaserCar_outdoor_test/build/control_rover/install.log'
[6.630s] Invoked command in '/home/nvidia/KvaserCar_outdoor_test/src/control_rover' returned '0': PYTHONPATH=/home/nvidia/KvaserCar_outdoor_test/build/control_rover/prefix_override:/usr/lib/python3/dist-packages/colcon_core/task/python/colcon_distutils_commands:/home/nvidia/KvaserCar_outdoor_test/install/control_rover/lib/python3.10/site-packages:${PYTHONPATH} /usr/bin/python3 -W ignore:setup.py install is deprecated -W ignore:easy_install command is deprecated setup.py egg_info --egg-base ../../build/control_rover build --build-base /home/nvidia/KvaserCar_outdoor_test/build/control_rover/build install --record /home/nvidia/KvaserCar_outdoor_test/build/control_rover/install.log --single-version-externally-managed install_data
