[5.764s] Invoking command in '/home/nvidia/KvaserCar_outdoor_test/src/tactical_node': PYTHONPATH=/home/nvidia/KvaserCar_outdoor_test/build/tactical_node/prefix_override:/usr/lib/python3/dist-packages/colcon_core/task/python/colcon_distutils_commands:/home/nvidia/KvaserCar_outdoor_test/install/tactical_node/lib/python3.10/site-packages:${PYTHONPATH} /usr/bin/python3 -W ignore:setup.py install is deprecated -W ignore:easy_install command is deprecated setup.py egg_info --egg-base ../../build/tactical_node build --build-base /home/nvidia/KvaserCar_outdoor_test/build/tactical_node/build install --record /home/nvidia/KvaserCar_outdoor_test/build/tactical_node/install.log --single-version-externally-managed install_data
[6.569s] running egg_info
[6.570s] writing ../../build/tactical_node/tactical_node.egg-info/PKG-INFO
[6.572s] writing dependency_links to ../../build/tactical_node/tactical_node.egg-info/dependency_links.txt
[6.572s] writing entry points to ../../build/tactical_node/tactical_node.egg-info/entry_points.txt
[6.573s] writing requirements to ../../build/tactical_node/tactical_node.egg-info/requires.txt
[6.573s] writing top-level names to ../../build/tactical_node/tactical_node.egg-info/top_level.txt
[6.574s] reading manifest file '../../build/tactical_node/tactical_node.egg-info/SOURCES.txt'
[6.574s] adding license file 'LICENSE'
[6.575s] writing manifest file '../../build/tactical_node/tactical_node.egg-info/SOURCES.txt'
[6.576s] running build
[6.576s] running build_py
[6.577s] copying tactical_node/logs.py -> /home/nvidia/KvaserCar_outdoor_test/build/tactical_node/build/lib/tactical_node
[6.579s] running install
[6.579s] running install_lib
[6.581s] copying /home/nvidia/KvaserCar_outdoor_test/build/tactical_node/build/lib/tactical_node/logs.py -> /home/nvidia/KvaserCar_outdoor_test/install/tactical_node/lib/python3.10/site-packages/tactical_node
[6.584s] byte-compiling /home/nvidia/KvaserCar_outdoor_test/install/tactical_node/lib/python3.10/site-packages/tactical_node/logs.py to logs.cpython-310.pyc
[6.585s] running install_data
[6.585s] running install_egg_info
[6.589s] removing '/home/nvidia/KvaserCar_outdoor_test/install/tactical_node/lib/python3.10/site-packages/tactical_node-0.0.0-py3.10.egg-info' (and everything under it)
[6.589s] Copying ../../build/tactical_node/tactical_node.egg-info to /home/nvidia/KvaserCar_outdoor_test/install/tactical_node/lib/python3.10/site-packages/tactical_node-0.0.0-py3.10.egg-info
[6.592s] running install_scripts
[6.638s] Installing tactical_node script to /home/nvidia/KvaserCar_outdoor_test/install/tactical_node/lib/tactical_node
[6.640s] writing list of installed files to '/home/nvidia/KvaserCar_outdoor_test/build/tactical_node/install.log'
[6.712s] Invoked command in '/home/nvidia/KvaserCar_outdoor_test/src/tactical_node' returned '0': PYTHONPATH=/home/nvidia/KvaserCar_outdoor_test/build/tactical_node/prefix_override:/usr/lib/python3/dist-packages/colcon_core/task/python/colcon_distutils_commands:/home/nvidia/KvaserCar_outdoor_test/install/tactical_node/lib/python3.10/site-packages:${PYTHONPATH} /usr/bin/python3 -W ignore:setup.py install is deprecated -W ignore:easy_install command is deprecated setup.py egg_info --egg-base ../../build/tactical_node build --build-base /home/nvidia/KvaserCar_outdoor_test/build/tactical_node/build install --record /home/nvidia/KvaserCar_outdoor_test/build/tactical_node/install.log --single-version-externally-managed install_data
