running egg_info
creating ../../build/control_rover/control_rover.egg-info
writing ../../build/control_rover/control_rover.egg-info/PKG-INFO
writing dependency_links to ../../build/control_rover/control_rover.egg-info/dependency_links.txt
writing entry points to ../../build/control_rover/control_rover.egg-info/entry_points.txt
writing requirements to ../../build/control_rover/control_rover.egg-info/requires.txt
writing top-level names to ../../build/control_rover/control_rover.egg-info/top_level.txt
writing manifest file '../../build/control_rover/control_rover.egg-info/SOURCES.txt'
reading manifest file '../../build/control_rover/control_rover.egg-info/SOURCES.txt'
adding license file 'LICENSE'
writing manifest file '../../build/control_rover/control_rover.egg-info/SOURCES.txt'
running build
running build_py
creating /home/nvidia/KvaserCar_outdoor_test/build/control_rover/build
creating /home/nvidia/KvaserCar_outdoor_test/build/control_rover/build/lib
creating /home/nvidia/KvaserCar_outdoor_test/build/control_rover/build/lib/control_rover
copying control_rover/low_level_control.py -> /home/nvidia/KvaserCar_outdoor_test/build/control_rover/build/lib/control_rover
copying control_rover/__init__.py -> /home/nvidia/KvaserCar_outdoor_test/build/control_rover/build/lib/control_rover
running install
running install_lib
creating /home/nvidia/KvaserCar_outdoor_test/install/control_rover/lib/python3.10/site-packages/control_rover
copying /home/nvidia/KvaserCar_outdoor_test/build/control_rover/build/lib/control_rover/low_level_control.py -> /home/nvidia/KvaserCar_outdoor_test/install/control_rover/lib/python3.10/site-packages/control_rover
copying /home/nvidia/KvaserCar_outdoor_test/build/control_rover/build/lib/control_rover/__init__.py -> /home/nvidia/KvaserCar_outdoor_test/install/control_rover/lib/python3.10/site-packages/control_rover
byte-compiling /home/nvidia/KvaserCar_outdoor_test/install/control_rover/lib/python3.10/site-packages/control_rover/low_level_control.py to low_level_control.cpython-310.pyc
byte-compiling /home/nvidia/KvaserCar_outdoor_test/install/control_rover/lib/python3.10/site-packages/control_rover/__init__.py to __init__.cpython-310.pyc
running install_data
creating /home/nvidia/KvaserCar_outdoor_test/install/control_rover/share/ament_index
creating /home/nvidia/KvaserCar_outdoor_test/install/control_rover/share/ament_index/resource_index
creating /home/nvidia/KvaserCar_outdoor_test/install/control_rover/share/ament_index/resource_index/packages
copying resource/control_rover -> /home/nvidia/KvaserCar_outdoor_test/install/control_rover/share/ament_index/resource_index/packages
copying package.xml -> /home/nvidia/KvaserCar_outdoor_test/install/control_rover/share/control_rover
running install_egg_info
Copying ../../build/control_rover/control_rover.egg-info to /home/nvidia/KvaserCar_outdoor_test/install/control_rover/lib/python3.10/site-packages/control_rover-0.0.0-py3.10.egg-info
running install_scripts
Installing low_level_control script to /home/nvidia/KvaserCar_outdoor_test/install/control_rover/lib/control_rover
writing list of installed files to '/home/nvidia/KvaserCar_outdoor_test/build/control_rover/install.log'
