[5.833s] Invoking command in '/home/nvidia/KvaserCar_outdoor_test/src/control_rover': PYTHONPATH=/home/nvidia/KvaserCar_outdoor_test/build/control_rover/prefix_override:/usr/lib/python3/dist-packages/colcon_core/task/python/colcon_distutils_commands:/home/nvidia/KvaserCar_outdoor_test/install/control_rover/lib/python3.10/site-packages:${PYTHONPATH} /usr/bin/python3 -W ignore:setup.py install is deprecated -W ignore:easy_install command is deprecated setup.py egg_info --egg-base ../../build/control_rover build --build-base /home/nvidia/KvaserCar_outdoor_test/build/control_rover/build install --record /home/nvidia/KvaserCar_outdoor_test/build/control_rover/install.log --single-version-externally-managed install_data
[6.603s] running egg_info
[6.604s] creating ../../build/control_rover/control_rover.egg-info
[6.605s] writing ../../build/control_rover/control_rover.egg-info/PKG-INFO
[6.606s] writing dependency_links to ../../build/control_rover/control_rover.egg-info/dependency_links.txt
[6.606s] writing entry points to ../../build/control_rover/control_rover.egg-info/entry_points.txt
[6.606s] writing requirements to ../../build/control_rover/control_rover.egg-info/requires.txt
[6.607s] writing top-level names to ../../build/control_rover/control_rover.egg-info/top_level.txt
[6.608s] writing manifest file '../../build/control_rover/control_rover.egg-info/SOURCES.txt'
[6.614s] reading manifest file '../../build/control_rover/control_rover.egg-info/SOURCES.txt'
[6.614s] adding license file 'LICENSE'
[6.616s] writing manifest file '../../build/control_rover/control_rover.egg-info/SOURCES.txt'
[6.616s] running build
[6.616s] running build_py
[6.617s] creating /home/nvidia/KvaserCar_outdoor_test/build/control_rover/build
[6.617s] creating /home/nvidia/KvaserCar_outdoor_test/build/control_rover/build/lib
[6.617s] creating /home/nvidia/KvaserCar_outdoor_test/build/control_rover/build/lib/control_rover
[6.617s] copying control_rover/low_level_control.py -> /home/nvidia/KvaserCar_outdoor_test/build/control_rover/build/lib/control_rover
[6.621s] copying control_rover/__init__.py -> /home/nvidia/KvaserCar_outdoor_test/build/control_rover/build/lib/control_rover
[6.621s] running install
[6.621s] running install_lib
[6.622s] creating /home/nvidia/KvaserCar_outdoor_test/install/control_rover/lib/python3.10/site-packages/control_rover
[6.622s] copying /home/nvidia/KvaserCar_outdoor_test/build/control_rover/build/lib/control_rover/low_level_control.py -> /home/nvidia/KvaserCar_outdoor_test/install/control_rover/lib/python3.10/site-packages/control_rover
[6.623s] copying /home/nvidia/KvaserCar_outdoor_test/build/control_rover/build/lib/control_rover/__init__.py -> /home/nvidia/KvaserCar_outdoor_test/install/control_rover/lib/python3.10/site-packages/control_rover
[6.624s] byte-compiling /home/nvidia/KvaserCar_outdoor_test/install/control_rover/lib/python3.10/site-packages/control_rover/low_level_control.py to low_level_control.cpython-310.pyc
[6.626s] byte-compiling /home/nvidia/KvaserCar_outdoor_test/install/control_rover/lib/python3.10/site-packages/control_rover/__init__.py to __init__.cpython-310.pyc
[6.626s] running install_data
[6.627s] creating /home/nvidia/KvaserCar_outdoor_test/install/control_rover/share/ament_index
[6.627s] creating /home/nvidia/KvaserCar_outdoor_test/install/control_rover/share/ament_index/resource_index
[6.627s] creating /home/nvidia/KvaserCar_outdoor_test/install/control_rover/share/ament_index/resource_index/packages
[6.627s] copying resource/control_rover -> /home/nvidia/KvaserCar_outdoor_test/install/control_rover/share/ament_index/resource_index/packages
[6.627s] copying package.xml -> /home/nvidia/KvaserCar_outdoor_test/install/control_rover/share/control_rover
[6.628s] running install_egg_info
[6.632s] Copying ../../build/control_rover/control_rover.egg-info to /home/nvidia/KvaserCar_outdoor_test/install/control_rover/lib/python3.10/site-packages/control_rover-0.0.0-py3.10.egg-info
[6.634s] running install_scripts
[6.691s] Installing low_level_control script to /home/nvidia/KvaserCar_outdoor_test/install/control_rover/lib/control_rover
[6.691s] writing list of installed files to '/home/nvidia/KvaserCar_outdoor_test/build/control_rover/install.log'
[6.775s] Invoked command in '/home/nvidia/KvaserCar_outdoor_test/src/control_rover' returned '0': PYTHONPATH=/home/nvidia/KvaserCar_outdoor_test/build/control_rover/prefix_override:/usr/lib/python3/dist-packages/colcon_core/task/python/colcon_distutils_commands:/home/nvidia/KvaserCar_outdoor_test/install/control_rover/lib/python3.10/site-packages:${PYTHONPATH} /usr/bin/python3 -W ignore:setup.py install is deprecated -W ignore:easy_install command is deprecated setup.py egg_info --egg-base ../../build/control_rover build --build-base /home/nvidia/KvaserCar_outdoor_test/build/control_rover/build install --record /home/nvidia/KvaserCar_outdoor_test/build/control_rover/install.log --single-version-externally-managed install_data
