[0.220s] DEBUG:colcon:Command line arguments: ['/usr/bin/colcon', 'build']
[0.221s] DEBUG:colcon:Parsed command line arguments: Namespace(log_base=None, log_level=None, verb_name='build', build_base='build', install_base='install', merge_install=False, symlink_install=False, test_result_base=None, continue_on_error=False, executor='parallel', parallel_workers=8, event_handlers=None, ignore_user_meta=False, metas=['./colcon.meta'], base_paths=['.'], packages_ignore=None, packages_ignore_regex=None, paths=None, packages_up_to=None, packages_up_to_regex=None, packages_above=None, packages_above_and_dependencies=None, packages_above_depth=None, packages_select_by_dep=None, packages_skip_by_dep=None, packages_skip_up_to=None, packages_select_build_failed=False, packages_skip_build_finished=False, packages_select_test_failures=False, packages_skip_test_passed=False, packages_select=None, packages_skip=None, packages_select_regex=None, packages_skip_regex=None, packages_start=None, packages_end=None, allow_overriding=[], cmake_args=None, cmake_target=None, cmake_target_skip_unavailable=False, cmake_clean_cache=False, cmake_clean_first=False, cmake_force_configure=False, ament_cmake_args=None, catkin_cmake_args=None, catkin_skip_building_tests=False, mixin_files=None, mixin=None, verb_parser=<colcon_mixin.mixin.mixin_argument.MixinArgumentDecorator object at 0xffff9a168910>, verb_extension=<colcon_core.verb.build.BuildVerb object at 0xffff9a1682e0>, main=<bound method BuildVerb.main of <colcon_core.verb.build.BuildVerb object at 0xffff9a1682e0>>, mixin_verb=('build',))
[0.606s] Level 1:colcon.colcon_core.package_discovery:discover_packages(colcon_meta) check parameters
[0.606s] Level 1:colcon.colcon_core.package_discovery:discover_packages(recursive) check parameters
[0.606s] Level 1:colcon.colcon_core.package_discovery:discover_packages(ignore) check parameters
[0.606s] Level 1:colcon.colcon_core.package_discovery:discover_packages(path) check parameters
[0.606s] Level 1:colcon.colcon_core.package_discovery:discover_packages(colcon_meta) discover
[0.607s] Level 1:colcon.colcon_core.package_discovery:discover_packages(recursive) discover
[0.607s] INFO:colcon.colcon_core.package_discovery:Crawling recursively for packages in '/home/nvidia/KvaserCar_outdoor_test'
[0.607s] Level 1:colcon.colcon_core.package_identification:_identify(.) by extensions ['ignore', 'ignore_ament_install']
[0.607s] Level 1:colcon.colcon_core.package_identification:_identify(.) by extension 'ignore'
[0.607s] Level 1:colcon.colcon_core.package_identification:_identify(.) by extension 'ignore_ament_install'
[0.608s] Level 1:colcon.colcon_core.package_identification:_identify(.) by extensions ['colcon_pkg']
[0.608s] Level 1:colcon.colcon_core.package_identification:_identify(.) by extension 'colcon_pkg'
[0.608s] Level 1:colcon.colcon_core.package_identification:_identify(.) by extensions ['colcon_meta']
[0.608s] Level 1:colcon.colcon_core.package_identification:_identify(.) by extension 'colcon_meta'
[0.608s] Level 1:colcon.colcon_core.package_identification:_identify(.) by extensions ['ros']
[0.608s] Level 1:colcon.colcon_core.package_identification:_identify(.) by extension 'ros'
[0.651s] Level 1:colcon.colcon_core.package_identification:_identify(.) by extensions ['cmake', 'python']
[0.652s] Level 1:colcon.colcon_core.package_identification:_identify(.) by extension 'cmake'
[0.652s] Level 1:colcon.colcon_core.package_identification:_identify(.) by extension 'python'
[0.652s] Level 1:colcon.colcon_core.package_identification:_identify(.) by extensions ['python_setup_py']
[0.652s] Level 1:colcon.colcon_core.package_identification:_identify(.) by extension 'python_setup_py'
[0.653s] Level 1:colcon.colcon_core.package_identification:_identify(build) by extensions ['ignore', 'ignore_ament_install']
[0.653s] Level 1:colcon.colcon_core.package_identification:_identify(build) by extension 'ignore'
[0.653s] Level 1:colcon.colcon_core.package_identification:_identify(build) ignored
[0.653s] Level 1:colcon.colcon_core.package_identification:_identify(data) by extensions ['ignore', 'ignore_ament_install']
[0.653s] Level 1:colcon.colcon_core.package_identification:_identify(data) by extension 'ignore'
[0.653s] Level 1:colcon.colcon_core.package_identification:_identify(data) by extension 'ignore_ament_install'
[0.653s] Level 1:colcon.colcon_core.package_identification:_identify(data) by extensions ['colcon_pkg']
[0.654s] Level 1:colcon.colcon_core.package_identification:_identify(data) by extension 'colcon_pkg'
[0.654s] Level 1:colcon.colcon_core.package_identification:_identify(data) by extensions ['colcon_meta']
[0.654s] Level 1:colcon.colcon_core.package_identification:_identify(data) by extension 'colcon_meta'
[0.654s] Level 1:colcon.colcon_core.package_identification:_identify(data) by extensions ['ros']
[0.654s] Level 1:colcon.colcon_core.package_identification:_identify(data) by extension 'ros'
[0.654s] Level 1:colcon.colcon_core.package_identification:_identify(data) by extensions ['cmake', 'python']
[0.654s] Level 1:colcon.colcon_core.package_identification:_identify(data) by extension 'cmake'
[0.654s] Level 1:colcon.colcon_core.package_identification:_identify(data) by extension 'python'
[0.654s] Level 1:colcon.colcon_core.package_identification:_identify(data) by extensions ['python_setup_py']
[0.654s] Level 1:colcon.colcon_core.package_identification:_identify(data) by extension 'python_setup_py'
[0.655s] Level 1:colcon.colcon_core.package_identification:_identify(install) by extensions ['ignore', 'ignore_ament_install']
[0.655s] Level 1:colcon.colcon_core.package_identification:_identify(install) by extension 'ignore'
[0.655s] Level 1:colcon.colcon_core.package_identification:_identify(install) ignored
[0.655s] Level 1:colcon.colcon_core.package_identification:_identify(log) by extensions ['ignore', 'ignore_ament_install']
[0.655s] Level 1:colcon.colcon_core.package_identification:_identify(log) by extension 'ignore'
[0.655s] Level 1:colcon.colcon_core.package_identification:_identify(log) ignored
[0.656s] Level 1:colcon.colcon_core.package_identification:_identify(src) by extensions ['ignore', 'ignore_ament_install']
[0.656s] Level 1:colcon.colcon_core.package_identification:_identify(src) by extension 'ignore'
[0.656s] Level 1:colcon.colcon_core.package_identification:_identify(src) by extension 'ignore_ament_install'
[0.656s] Level 1:colcon.colcon_core.package_identification:_identify(src) by extensions ['colcon_pkg']
[0.656s] Level 1:colcon.colcon_core.package_identification:_identify(src) by extension 'colcon_pkg'
[0.656s] Level 1:colcon.colcon_core.package_identification:_identify(src) by extensions ['colcon_meta']
[0.656s] Level 1:colcon.colcon_core.package_identification:_identify(src) by extension 'colcon_meta'
[0.656s] Level 1:colcon.colcon_core.package_identification:_identify(src) by extensions ['ros']
[0.656s] Level 1:colcon.colcon_core.package_identification:_identify(src) by extension 'ros'
[0.656s] Level 1:colcon.colcon_core.package_identification:_identify(src) by extensions ['cmake', 'python']
[0.656s] Level 1:colcon.colcon_core.package_identification:_identify(src) by extension 'cmake'
[0.657s] Level 1:colcon.colcon_core.package_identification:_identify(src) by extension 'python'
[0.657s] Level 1:colcon.colcon_core.package_identification:_identify(src) by extensions ['python_setup_py']
[0.657s] Level 1:colcon.colcon_core.package_identification:_identify(src) by extension 'python_setup_py'
[0.657s] Level 1:colcon.colcon_core.package_identification:_identify(src/aeb_rover) by extensions ['ignore', 'ignore_ament_install']
[0.657s] Level 1:colcon.colcon_core.package_identification:_identify(src/aeb_rover) by extension 'ignore'
[0.657s] Level 1:colcon.colcon_core.package_identification:_identify(src/aeb_rover) by extension 'ignore_ament_install'
[0.657s] Level 1:colcon.colcon_core.package_identification:_identify(src/aeb_rover) by extensions ['colcon_pkg']
[0.657s] Level 1:colcon.colcon_core.package_identification:_identify(src/aeb_rover) by extension 'colcon_pkg'
[0.657s] Level 1:colcon.colcon_core.package_identification:_identify(src/aeb_rover) by extensions ['colcon_meta']
[0.657s] Level 1:colcon.colcon_core.package_identification:_identify(src/aeb_rover) by extension 'colcon_meta'
[0.658s] Level 1:colcon.colcon_core.package_identification:_identify(src/aeb_rover) by extensions ['ros']
[0.658s] Level 1:colcon.colcon_core.package_identification:_identify(src/aeb_rover) by extension 'ros'
[0.662s] DEBUG:colcon.colcon_core.package_identification:Package 'src/aeb_rover' with type 'ros.ament_python' and name 'aeb_rover'
[0.663s] Level 1:colcon.colcon_core.package_identification:_identify(src/control_rover) by extensions ['ignore', 'ignore_ament_install']
[0.663s] Level 1:colcon.colcon_core.package_identification:_identify(src/control_rover) by extension 'ignore'
[0.663s] Level 1:colcon.colcon_core.package_identification:_identify(src/control_rover) by extension 'ignore_ament_install'
[0.663s] Level 1:colcon.colcon_core.package_identification:_identify(src/control_rover) by extensions ['colcon_pkg']
[0.663s] Level 1:colcon.colcon_core.package_identification:_identify(src/control_rover) by extension 'colcon_pkg'
[0.663s] Level 1:colcon.colcon_core.package_identification:_identify(src/control_rover) by extensions ['colcon_meta']
[0.663s] Level 1:colcon.colcon_core.package_identification:_identify(src/control_rover) by extension 'colcon_meta'
[0.663s] Level 1:colcon.colcon_core.package_identification:_identify(src/control_rover) by extensions ['ros']
[0.663s] Level 1:colcon.colcon_core.package_identification:_identify(src/control_rover) by extension 'ros'
[0.664s] DEBUG:colcon.colcon_core.package_identification:Package 'src/control_rover' with type 'ros.ament_python' and name 'control_rover'
[0.665s] Level 1:colcon.colcon_core.package_identification:_identify(src/norlab_xsens_driver) by extensions ['ignore', 'ignore_ament_install']
[0.665s] Level 1:colcon.colcon_core.package_identification:_identify(src/norlab_xsens_driver) by extension 'ignore'
[0.665s] Level 1:colcon.colcon_core.package_identification:_identify(src/norlab_xsens_driver) by extension 'ignore_ament_install'
[0.665s] Level 1:colcon.colcon_core.package_identification:_identify(src/norlab_xsens_driver) by extensions ['colcon_pkg']
[0.665s] Level 1:colcon.colcon_core.package_identification:_identify(src/norlab_xsens_driver) by extension 'colcon_pkg'
[0.665s] Level 1:colcon.colcon_core.package_identification:_identify(src/norlab_xsens_driver) by extensions ['colcon_meta']
[0.665s] Level 1:colcon.colcon_core.package_identification:_identify(src/norlab_xsens_driver) by extension 'colcon_meta'
[0.665s] Level 1:colcon.colcon_core.package_identification:_identify(src/norlab_xsens_driver) by extensions ['ros']
[0.666s] Level 1:colcon.colcon_core.package_identification:_identify(src/norlab_xsens_driver) by extension 'ros'
[0.667s] DEBUG:colcon.colcon_core.package_identification:Package 'src/norlab_xsens_driver' with type 'ros.ament_python' and name 'xsens_driver'
[0.667s] Level 1:colcon.colcon_core.package_identification:_identify(src/outdoor_test) by extensions ['ignore', 'ignore_ament_install']
[0.668s] Level 1:colcon.colcon_core.package_identification:_identify(src/outdoor_test) by extension 'ignore'
[0.668s] Level 1:colcon.colcon_core.package_identification:_identify(src/outdoor_test) by extension 'ignore_ament_install'
[0.668s] Level 1:colcon.colcon_core.package_identification:_identify(src/outdoor_test) by extensions ['colcon_pkg']
[0.668s] Level 1:colcon.colcon_core.package_identification:_identify(src/outdoor_test) by extension 'colcon_pkg'
[0.668s] Level 1:colcon.colcon_core.package_identification:_identify(src/outdoor_test) by extensions ['colcon_meta']
[0.668s] Level 1:colcon.colcon_core.package_identification:_identify(src/outdoor_test) by extension 'colcon_meta'
[0.668s] Level 1:colcon.colcon_core.package_identification:_identify(src/outdoor_test) by extensions ['ros']
[0.668s] Level 1:colcon.colcon_core.package_identification:_identify(src/outdoor_test) by extension 'ros'
[0.669s] DEBUG:colcon.colcon_core.package_identification:Package 'src/outdoor_test' with type 'ros.ament_python' and name 'outdoor_test'
[0.669s] Level 1:colcon.colcon_core.package_identification:_identify(src/tactical_node) by extensions ['ignore', 'ignore_ament_install']
[0.670s] Level 1:colcon.colcon_core.package_identification:_identify(src/tactical_node) by extension 'ignore'
[0.670s] Level 1:colcon.colcon_core.package_identification:_identify(src/tactical_node) by extension 'ignore_ament_install'
[0.670s] Level 1:colcon.colcon_core.package_identification:_identify(src/tactical_node) by extensions ['colcon_pkg']
[0.670s] Level 1:colcon.colcon_core.package_identification:_identify(src/tactical_node) by extension 'colcon_pkg'
[0.670s] Level 1:colcon.colcon_core.package_identification:_identify(src/tactical_node) by extensions ['colcon_meta']
[0.670s] Level 1:colcon.colcon_core.package_identification:_identify(src/tactical_node) by extension 'colcon_meta'
[0.670s] Level 1:colcon.colcon_core.package_identification:_identify(src/tactical_node) by extensions ['ros']
[0.670s] Level 1:colcon.colcon_core.package_identification:_identify(src/tactical_node) by extension 'ros'
[0.671s] DEBUG:colcon.colcon_core.package_identification:Package 'src/tactical_node' with type 'ros.ament_python' and name 'tactical_node'
[0.671s] Level 1:colcon.colcon_core.package_identification:_identify(src/visualize_car) by extensions ['ignore', 'ignore_ament_install']
[0.671s] Level 1:colcon.colcon_core.package_identification:_identify(src/visualize_car) by extension 'ignore'
[0.671s] Level 1:colcon.colcon_core.package_identification:_identify(src/visualize_car) by extension 'ignore_ament_install'
[0.672s] Level 1:colcon.colcon_core.package_identification:_identify(src/visualize_car) by extensions ['colcon_pkg']
[0.672s] Level 1:colcon.colcon_core.package_identification:_identify(src/visualize_car) by extension 'colcon_pkg'
[0.672s] Level 1:colcon.colcon_core.package_identification:_identify(src/visualize_car) by extensions ['colcon_meta']
[0.672s] Level 1:colcon.colcon_core.package_identification:_identify(src/visualize_car) by extension 'colcon_meta'
[0.672s] Level 1:colcon.colcon_core.package_identification:_identify(src/visualize_car) by extensions ['ros']
[0.672s] Level 1:colcon.colcon_core.package_identification:_identify(src/visualize_car) by extension 'ros'
[0.673s] DEBUG:colcon.colcon_core.package_identification:Package 'src/visualize_car' with type 'ros.ament_python' and name 'visualize_car'
[0.673s] Level 1:colcon.colcon_core.package_identification:_identify(src/wheel_odometry) by extensions ['ignore', 'ignore_ament_install']
[0.673s] Level 1:colcon.colcon_core.package_identification:_identify(src/wheel_odometry) by extension 'ignore'
[0.673s] Level 1:colcon.colcon_core.package_identification:_identify(src/wheel_odometry) by extension 'ignore_ament_install'
[0.673s] Level 1:colcon.colcon_core.package_identification:_identify(src/wheel_odometry) by extensions ['colcon_pkg']
[0.673s] Level 1:colcon.colcon_core.package_identification:_identify(src/wheel_odometry) by extension 'colcon_pkg'
[0.673s] Level 1:colcon.colcon_core.package_identification:_identify(src/wheel_odometry) by extensions ['colcon_meta']
[0.674s] Level 1:colcon.colcon_core.package_identification:_identify(src/wheel_odometry) by extension 'colcon_meta'
[0.674s] Level 1:colcon.colcon_core.package_identification:_identify(src/wheel_odometry) by extensions ['ros']
[0.674s] Level 1:colcon.colcon_core.package_identification:_identify(src/wheel_odometry) by extension 'ros'
[0.675s] DEBUG:colcon.colcon_core.package_identification:Package 'src/wheel_odometry' with type 'ros.ament_python' and name 'wheel_odometry'
[0.675s] Level 1:colcon.colcon_core.package_discovery:discover_packages(recursive) using defaults
[0.675s] Level 1:colcon.colcon_core.package_discovery:discover_packages(ignore) discover
[0.675s] Level 1:colcon.colcon_core.package_discovery:discover_packages(ignore) using defaults
[0.675s] Level 1:colcon.colcon_core.package_discovery:discover_packages(path) discover
[0.675s] Level 1:colcon.colcon_core.package_discovery:discover_packages(path) using defaults
[0.716s] Level 1:colcon.colcon_core.package_discovery:discover_packages(prefix_path) check parameters
[0.716s] Level 1:colcon.colcon_core.package_discovery:discover_packages(prefix_path) discover
[0.720s] DEBUG:colcon.colcon_installed_package_information.package_discovery:Found 7 installed packages in /home/nvidia/KvaserCar_outdoor_test/install
[0.723s] DEBUG:colcon.colcon_installed_package_information.package_discovery:Found 382 installed packages in /opt/ros/humble
[0.726s] Level 1:colcon.colcon_core.package_discovery:discover_packages(prefix_path) using defaults
[0.811s] Level 5:colcon.colcon_core.verb:set package 'aeb_rover' build argument 'cmake_args' from command line to 'None'
[0.811s] Level 5:colcon.colcon_core.verb:set package 'aeb_rover' build argument 'cmake_target' from command line to 'None'
[0.811s] Level 5:colcon.colcon_core.verb:set package 'aeb_rover' build argument 'cmake_target_skip_unavailable' from command line to 'False'
[0.811s] Level 5:colcon.colcon_core.verb:set package 'aeb_rover' build argument 'cmake_clean_cache' from command line to 'False'
[0.812s] Level 5:colcon.colcon_core.verb:set package 'aeb_rover' build argument 'cmake_clean_first' from command line to 'False'
[0.812s] Level 5:colcon.colcon_core.verb:set package 'aeb_rover' build argument 'cmake_force_configure' from command line to 'False'
[0.812s] Level 5:colcon.colcon_core.verb:set package 'aeb_rover' build argument 'ament_cmake_args' from command line to 'None'
[0.812s] Level 5:colcon.colcon_core.verb:set package 'aeb_rover' build argument 'catkin_cmake_args' from command line to 'None'
[0.812s] Level 5:colcon.colcon_core.verb:set package 'aeb_rover' build argument 'catkin_skip_building_tests' from command line to 'False'
[0.812s] DEBUG:colcon.colcon_core.verb:Building package 'aeb_rover' with the following arguments: {'ament_cmake_args': None, 'build_base': '/home/nvidia/KvaserCar_outdoor_test/build/aeb_rover', 'catkin_cmake_args': None, 'catkin_skip_building_tests': False, 'cmake_args': None, 'cmake_clean_cache': False, 'cmake_clean_first': False, 'cmake_force_configure': False, 'cmake_target': None, 'cmake_target_skip_unavailable': False, 'install_base': '/home/nvidia/KvaserCar_outdoor_test/install/aeb_rover', 'merge_install': False, 'path': '/home/nvidia/KvaserCar_outdoor_test/src/aeb_rover', 'symlink_install': False, 'test_result_base': None}
[0.812s] Level 5:colcon.colcon_core.verb:set package 'control_rover' build argument 'cmake_args' from command line to 'None'
[0.812s] Level 5:colcon.colcon_core.verb:set package 'control_rover' build argument 'cmake_target' from command line to 'None'
[0.813s] Level 5:colcon.colcon_core.verb:set package 'control_rover' build argument 'cmake_target_skip_unavailable' from command line to 'False'
[0.813s] Level 5:colcon.colcon_core.verb:set package 'control_rover' build argument 'cmake_clean_cache' from command line to 'False'
[0.813s] Level 5:colcon.colcon_core.verb:set package 'control_rover' build argument 'cmake_clean_first' from command line to 'False'
[0.813s] Level 5:colcon.colcon_core.verb:set package 'control_rover' build argument 'cmake_force_configure' from command line to 'False'
[0.813s] Level 5:colcon.colcon_core.verb:set package 'control_rover' build argument 'ament_cmake_args' from command line to 'None'
[0.813s] Level 5:colcon.colcon_core.verb:set package 'control_rover' build argument 'catkin_cmake_args' from command line to 'None'
[0.813s] Level 5:colcon.colcon_core.verb:set package 'control_rover' build argument 'catkin_skip_building_tests' from command line to 'False'
[0.813s] DEBUG:colcon.colcon_core.verb:Building package 'control_rover' with the following arguments: {'ament_cmake_args': None, 'build_base': '/home/nvidia/KvaserCar_outdoor_test/build/control_rover', 'catkin_cmake_args': None, 'catkin_skip_building_tests': False, 'cmake_args': None, 'cmake_clean_cache': False, 'cmake_clean_first': False, 'cmake_force_configure': False, 'cmake_target': None, 'cmake_target_skip_unavailable': False, 'install_base': '/home/nvidia/KvaserCar_outdoor_test/install/control_rover', 'merge_install': False, 'path': '/home/nvidia/KvaserCar_outdoor_test/src/control_rover', 'symlink_install': False, 'test_result_base': None}
[0.813s] Level 5:colcon.colcon_core.verb:set package 'outdoor_test' build argument 'cmake_args' from command line to 'None'
[0.814s] Level 5:colcon.colcon_core.verb:set package 'outdoor_test' build argument 'cmake_target' from command line to 'None'
[0.814s] Level 5:colcon.colcon_core.verb:set package 'outdoor_test' build argument 'cmake_target_skip_unavailable' from command line to 'False'
[0.814s] Level 5:colcon.colcon_core.verb:set package 'outdoor_test' build argument 'cmake_clean_cache' from command line to 'False'
[0.814s] Level 5:colcon.colcon_core.verb:set package 'outdoor_test' build argument 'cmake_clean_first' from command line to 'False'
[0.814s] Level 5:colcon.colcon_core.verb:set package 'outdoor_test' build argument 'cmake_force_configure' from command line to 'False'
[0.814s] Level 5:colcon.colcon_core.verb:set package 'outdoor_test' build argument 'ament_cmake_args' from command line to 'None'
[0.814s] Level 5:colcon.colcon_core.verb:set package 'outdoor_test' build argument 'catkin_cmake_args' from command line to 'None'
[0.814s] Level 5:colcon.colcon_core.verb:set package 'outdoor_test' build argument 'catkin_skip_building_tests' from command line to 'False'
[0.814s] DEBUG:colcon.colcon_core.verb:Building package 'outdoor_test' with the following arguments: {'ament_cmake_args': None, 'build_base': '/home/nvidia/KvaserCar_outdoor_test/build/outdoor_test', 'catkin_cmake_args': None, 'catkin_skip_building_tests': False, 'cmake_args': None, 'cmake_clean_cache': False, 'cmake_clean_first': False, 'cmake_force_configure': False, 'cmake_target': None, 'cmake_target_skip_unavailable': False, 'install_base': '/home/nvidia/KvaserCar_outdoor_test/install/outdoor_test', 'merge_install': False, 'path': '/home/nvidia/KvaserCar_outdoor_test/src/outdoor_test', 'symlink_install': False, 'test_result_base': None}
[0.814s] Level 5:colcon.colcon_core.verb:set package 'tactical_node' build argument 'cmake_args' from command line to 'None'
[0.815s] Level 5:colcon.colcon_core.verb:set package 'tactical_node' build argument 'cmake_target' from command line to 'None'
[0.815s] Level 5:colcon.colcon_core.verb:set package 'tactical_node' build argument 'cmake_target_skip_unavailable' from command line to 'False'
[0.815s] Level 5:colcon.colcon_core.verb:set package 'tactical_node' build argument 'cmake_clean_cache' from command line to 'False'
[0.815s] Level 5:colcon.colcon_core.verb:set package 'tactical_node' build argument 'cmake_clean_first' from command line to 'False'
[0.815s] Level 5:colcon.colcon_core.verb:set package 'tactical_node' build argument 'cmake_force_configure' from command line to 'False'
[0.815s] Level 5:colcon.colcon_core.verb:set package 'tactical_node' build argument 'ament_cmake_args' from command line to 'None'
[0.815s] Level 5:colcon.colcon_core.verb:set package 'tactical_node' build argument 'catkin_cmake_args' from command line to 'None'
[0.815s] Level 5:colcon.colcon_core.verb:set package 'tactical_node' build argument 'catkin_skip_building_tests' from command line to 'False'
[0.815s] DEBUG:colcon.colcon_core.verb:Building package 'tactical_node' with the following arguments: {'ament_cmake_args': None, 'build_base': '/home/nvidia/KvaserCar_outdoor_test/build/tactical_node', 'catkin_cmake_args': None, 'catkin_skip_building_tests': False, 'cmake_args': None, 'cmake_clean_cache': False, 'cmake_clean_first': False, 'cmake_force_configure': False, 'cmake_target': None, 'cmake_target_skip_unavailable': False, 'install_base': '/home/nvidia/KvaserCar_outdoor_test/install/tactical_node', 'merge_install': False, 'path': '/home/nvidia/KvaserCar_outdoor_test/src/tactical_node', 'symlink_install': False, 'test_result_base': None}
[0.816s] Level 5:colcon.colcon_core.verb:set package 'visualize_car' build argument 'cmake_args' from command line to 'None'
[0.816s] Level 5:colcon.colcon_core.verb:set package 'visualize_car' build argument 'cmake_target' from command line to 'None'
[0.816s] Level 5:colcon.colcon_core.verb:set package 'visualize_car' build argument 'cmake_target_skip_unavailable' from command line to 'False'
[0.816s] Level 5:colcon.colcon_core.verb:set package 'visualize_car' build argument 'cmake_clean_cache' from command line to 'False'
[0.816s] Level 5:colcon.colcon_core.verb:set package 'visualize_car' build argument 'cmake_clean_first' from command line to 'False'
[0.816s] Level 5:colcon.colcon_core.verb:set package 'visualize_car' build argument 'cmake_force_configure' from command line to 'False'
[0.816s] Level 5:colcon.colcon_core.verb:set package 'visualize_car' build argument 'ament_cmake_args' from command line to 'None'
[0.816s] Level 5:colcon.colcon_core.verb:set package 'visualize_car' build argument 'catkin_cmake_args' from command line to 'None'
[0.816s] Level 5:colcon.colcon_core.verb:set package 'visualize_car' build argument 'catkin_skip_building_tests' from command line to 'False'
[0.816s] DEBUG:colcon.colcon_core.verb:Building package 'visualize_car' with the following arguments: {'ament_cmake_args': None, 'build_base': '/home/nvidia/KvaserCar_outdoor_test/build/visualize_car', 'catkin_cmake_args': None, 'catkin_skip_building_tests': False, 'cmake_args': None, 'cmake_clean_cache': False, 'cmake_clean_first': False, 'cmake_force_configure': False, 'cmake_target': None, 'cmake_target_skip_unavailable': False, 'install_base': '/home/nvidia/KvaserCar_outdoor_test/install/visualize_car', 'merge_install': False, 'path': '/home/nvidia/KvaserCar_outdoor_test/src/visualize_car', 'symlink_install': False, 'test_result_base': None}
[0.817s] Level 5:colcon.colcon_core.verb:set package 'wheel_odometry' build argument 'cmake_args' from command line to 'None'
[0.817s] Level 5:colcon.colcon_core.verb:set package 'wheel_odometry' build argument 'cmake_target' from command line to 'None'
[0.817s] Level 5:colcon.colcon_core.verb:set package 'wheel_odometry' build argument 'cmake_target_skip_unavailable' from command line to 'False'
[0.817s] Level 5:colcon.colcon_core.verb:set package 'wheel_odometry' build argument 'cmake_clean_cache' from command line to 'False'
[0.817s] Level 5:colcon.colcon_core.verb:set package 'wheel_odometry' build argument 'cmake_clean_first' from command line to 'False'
[0.817s] Level 5:colcon.colcon_core.verb:set package 'wheel_odometry' build argument 'cmake_force_configure' from command line to 'False'
[0.817s] Level 5:colcon.colcon_core.verb:set package 'wheel_odometry' build argument 'ament_cmake_args' from command line to 'None'
[0.817s] Level 5:colcon.colcon_core.verb:set package 'wheel_odometry' build argument 'catkin_cmake_args' from command line to 'None'
[0.817s] Level 5:colcon.colcon_core.verb:set package 'wheel_odometry' build argument 'catkin_skip_building_tests' from command line to 'False'
[0.817s] DEBUG:colcon.colcon_core.verb:Building package 'wheel_odometry' with the following arguments: {'ament_cmake_args': None, 'build_base': '/home/nvidia/KvaserCar_outdoor_test/build/wheel_odometry', 'catkin_cmake_args': None, 'catkin_skip_building_tests': False, 'cmake_args': None, 'cmake_clean_cache': False, 'cmake_clean_first': False, 'cmake_force_configure': False, 'cmake_target': None, 'cmake_target_skip_unavailable': False, 'install_base': '/home/nvidia/KvaserCar_outdoor_test/install/wheel_odometry', 'merge_install': False, 'path': '/home/nvidia/KvaserCar_outdoor_test/src/wheel_odometry', 'symlink_install': False, 'test_result_base': None}
[0.818s] Level 5:colcon.colcon_core.verb:set package 'xsens_driver' build argument 'cmake_args' from command line to 'None'
[0.818s] Level 5:colcon.colcon_core.verb:set package 'xsens_driver' build argument 'cmake_target' from command line to 'None'
[0.818s] Level 5:colcon.colcon_core.verb:set package 'xsens_driver' build argument 'cmake_target_skip_unavailable' from command line to 'False'
[0.818s] Level 5:colcon.colcon_core.verb:set package 'xsens_driver' build argument 'cmake_clean_cache' from command line to 'False'
[0.818s] Level 5:colcon.colcon_core.verb:set package 'xsens_driver' build argument 'cmake_clean_first' from command line to 'False'
[0.818s] Level 5:colcon.colcon_core.verb:set package 'xsens_driver' build argument 'cmake_force_configure' from command line to 'False'
[0.818s] Level 5:colcon.colcon_core.verb:set package 'xsens_driver' build argument 'ament_cmake_args' from command line to 'None'
[0.818s] Level 5:colcon.colcon_core.verb:set package 'xsens_driver' build argument 'catkin_cmake_args' from command line to 'None'
[0.818s] Level 5:colcon.colcon_core.verb:set package 'xsens_driver' build argument 'catkin_skip_building_tests' from command line to 'False'
[0.818s] DEBUG:colcon.colcon_core.verb:Building package 'xsens_driver' with the following arguments: {'ament_cmake_args': None, 'build_base': '/home/nvidia/KvaserCar_outdoor_test/build/xsens_driver', 'catkin_cmake_args': None, 'catkin_skip_building_tests': False, 'cmake_args': None, 'cmake_clean_cache': False, 'cmake_clean_first': False, 'cmake_force_configure': False, 'cmake_target': None, 'cmake_target_skip_unavailable': False, 'install_base': '/home/nvidia/KvaserCar_outdoor_test/install/xsens_driver', 'merge_install': False, 'path': '/home/nvidia/KvaserCar_outdoor_test/src/norlab_xsens_driver', 'symlink_install': False, 'test_result_base': None}
[0.818s] INFO:colcon.colcon_core.executor:Executing jobs using 'parallel' executor
[0.821s] DEBUG:colcon.colcon_parallel_executor.executor.parallel:run_until_complete
[0.821s] INFO:colcon.colcon_ros.task.ament_python.build:Building ROS package in '/home/nvidia/KvaserCar_outdoor_test/src/aeb_rover' with build type 'ament_python'
[0.822s] Level 1:colcon.colcon_core.shell:create_environment_hook('aeb_rover', 'ament_prefix_path')
[0.830s] INFO:colcon.colcon_core.plugin_system:Skipping extension 'colcon_core.shell.bat': Not used on non-Windows systems
[0.831s] INFO:colcon.colcon_core.shell:Creating environment hook '/home/nvidia/KvaserCar_outdoor_test/install/aeb_rover/share/aeb_rover/hook/ament_prefix_path.ps1'
[0.832s] INFO:colcon.colcon_core.shell:Creating environment descriptor '/home/nvidia/KvaserCar_outdoor_test/install/aeb_rover/share/aeb_rover/hook/ament_prefix_path.dsv'
[0.833s] INFO:colcon.colcon_core.shell:Creating environment hook '/home/nvidia/KvaserCar_outdoor_test/install/aeb_rover/share/aeb_rover/hook/ament_prefix_path.sh'
[0.835s] INFO:colcon.colcon_core.shell:Skip shell extension 'powershell' for command environment: Not usable outside of PowerShell
[0.835s] DEBUG:colcon.colcon_core.shell:Skip shell extension 'dsv' for command environment
[0.842s] INFO:colcon.colcon_ros.task.ament_python.build:Building ROS package in '/home/nvidia/KvaserCar_outdoor_test/src/control_rover' with build type 'ament_python'
[0.843s] Level 1:colcon.colcon_core.shell:create_environment_hook('control_rover', 'ament_prefix_path')
[0.844s] INFO:colcon.colcon_core.shell:Creating environment hook '/home/nvidia/KvaserCar_outdoor_test/install/control_rover/share/control_rover/hook/ament_prefix_path.ps1'
[0.846s] INFO:colcon.colcon_core.shell:Creating environment descriptor '/home/nvidia/KvaserCar_outdoor_test/install/control_rover/share/control_rover/hook/ament_prefix_path.dsv'
[0.848s] INFO:colcon.colcon_core.shell:Creating environment hook '/home/nvidia/KvaserCar_outdoor_test/install/control_rover/share/control_rover/hook/ament_prefix_path.sh'
[0.849s] INFO:colcon.colcon_core.shell:Skip shell extension 'powershell' for command environment: Not usable outside of PowerShell
[0.849s] DEBUG:colcon.colcon_core.shell:Skip shell extension 'dsv' for command environment
[0.857s] INFO:colcon.colcon_ros.task.ament_python.build:Building ROS package in '/home/nvidia/KvaserCar_outdoor_test/src/outdoor_test' with build type 'ament_python'
[0.857s] Level 1:colcon.colcon_core.shell:create_environment_hook('outdoor_test', 'ament_prefix_path')
[0.858s] INFO:colcon.colcon_core.shell:Creating environment hook '/home/nvidia/KvaserCar_outdoor_test/install/outdoor_test/share/outdoor_test/hook/ament_prefix_path.ps1'
[0.859s] INFO:colcon.colcon_core.shell:Creating environment descriptor '/home/nvidia/KvaserCar_outdoor_test/install/outdoor_test/share/outdoor_test/hook/ament_prefix_path.dsv'
[0.860s] INFO:colcon.colcon_core.shell:Creating environment hook '/home/nvidia/KvaserCar_outdoor_test/install/outdoor_test/share/outdoor_test/hook/ament_prefix_path.sh'
[0.861s] INFO:colcon.colcon_core.shell:Skip shell extension 'powershell' for command environment: Not usable outside of PowerShell
[0.861s] DEBUG:colcon.colcon_core.shell:Skip shell extension 'dsv' for command environment
[0.868s] INFO:colcon.colcon_ros.task.ament_python.build:Building ROS package in '/home/nvidia/KvaserCar_outdoor_test/src/tactical_node' with build type 'ament_python'
[0.868s] Level 1:colcon.colcon_core.shell:create_environment_hook('tactical_node', 'ament_prefix_path')
[0.868s] INFO:colcon.colcon_core.shell:Creating environment hook '/home/nvidia/KvaserCar_outdoor_test/install/tactical_node/share/tactical_node/hook/ament_prefix_path.ps1'
[0.869s] INFO:colcon.colcon_core.shell:Creating environment descriptor '/home/nvidia/KvaserCar_outdoor_test/install/tactical_node/share/tactical_node/hook/ament_prefix_path.dsv'
[0.870s] INFO:colcon.colcon_core.shell:Creating environment hook '/home/nvidia/KvaserCar_outdoor_test/install/tactical_node/share/tactical_node/hook/ament_prefix_path.sh'
[0.871s] INFO:colcon.colcon_core.shell:Skip shell extension 'powershell' for command environment: Not usable outside of PowerShell
[0.871s] DEBUG:colcon.colcon_core.shell:Skip shell extension 'dsv' for command environment
[0.878s] INFO:colcon.colcon_ros.task.ament_python.build:Building ROS package in '/home/nvidia/KvaserCar_outdoor_test/src/visualize_car' with build type 'ament_python'
[0.878s] Level 1:colcon.colcon_core.shell:create_environment_hook('visualize_car', 'ament_prefix_path')
[0.878s] INFO:colcon.colcon_core.shell:Creating environment hook '/home/nvidia/KvaserCar_outdoor_test/install/visualize_car/share/visualize_car/hook/ament_prefix_path.ps1'
[0.879s] INFO:colcon.colcon_core.shell:Creating environment descriptor '/home/nvidia/KvaserCar_outdoor_test/install/visualize_car/share/visualize_car/hook/ament_prefix_path.dsv'
[0.880s] INFO:colcon.colcon_core.shell:Creating environment hook '/home/nvidia/KvaserCar_outdoor_test/install/visualize_car/share/visualize_car/hook/ament_prefix_path.sh'
[0.881s] INFO:colcon.colcon_core.shell:Skip shell extension 'powershell' for command environment: Not usable outside of PowerShell
[0.881s] DEBUG:colcon.colcon_core.shell:Skip shell extension 'dsv' for command environment
[0.888s] INFO:colcon.colcon_ros.task.ament_python.build:Building ROS package in '/home/nvidia/KvaserCar_outdoor_test/src/wheel_odometry' with build type 'ament_python'
[0.888s] Level 1:colcon.colcon_core.shell:create_environment_hook('wheel_odometry', 'ament_prefix_path')
[0.888s] INFO:colcon.colcon_core.shell:Creating environment hook '/home/nvidia/KvaserCar_outdoor_test/install/wheel_odometry/share/wheel_odometry/hook/ament_prefix_path.ps1'
[0.889s] INFO:colcon.colcon_core.shell:Creating environment descriptor '/home/nvidia/KvaserCar_outdoor_test/install/wheel_odometry/share/wheel_odometry/hook/ament_prefix_path.dsv'
[0.890s] INFO:colcon.colcon_core.shell:Creating environment hook '/home/nvidia/KvaserCar_outdoor_test/install/wheel_odometry/share/wheel_odometry/hook/ament_prefix_path.sh'
[0.891s] INFO:colcon.colcon_core.shell:Skip shell extension 'powershell' for command environment: Not usable outside of PowerShell
[0.891s] DEBUG:colcon.colcon_core.shell:Skip shell extension 'dsv' for command environment
[0.898s] INFO:colcon.colcon_ros.task.ament_python.build:Building ROS package in '/home/nvidia/KvaserCar_outdoor_test/src/norlab_xsens_driver' with build type 'ament_python'
[0.898s] Level 1:colcon.colcon_core.shell:create_environment_hook('xsens_driver', 'ament_prefix_path')
[0.899s] INFO:colcon.colcon_core.shell:Creating environment hook '/home/nvidia/KvaserCar_outdoor_test/install/xsens_driver/share/xsens_driver/hook/ament_prefix_path.ps1'
[0.900s] INFO:colcon.colcon_core.shell:Creating environment descriptor '/home/nvidia/KvaserCar_outdoor_test/install/xsens_driver/share/xsens_driver/hook/ament_prefix_path.dsv'
[0.900s] INFO:colcon.colcon_core.shell:Creating environment hook '/home/nvidia/KvaserCar_outdoor_test/install/xsens_driver/share/xsens_driver/hook/ament_prefix_path.sh'
[0.902s] INFO:colcon.colcon_core.shell:Skip shell extension 'powershell' for command environment: Not usable outside of PowerShell
[0.902s] DEBUG:colcon.colcon_core.shell:Skip shell extension 'dsv' for command environment
[1.475s] INFO:colcon.colcon_core.task.python.build:Building Python package in '/home/nvidia/KvaserCar_outdoor_test/src/aeb_rover'
[1.476s] INFO:colcon.colcon_core.shell:Skip shell extension 'powershell' for command environment: Not usable outside of PowerShell
[1.476s] DEBUG:colcon.colcon_core.shell:Skip shell extension 'dsv' for command environment
[2.050s] INFO:colcon.colcon_core.task.python.build:Building Python package in '/home/nvidia/KvaserCar_outdoor_test/src/control_rover'
[2.051s] INFO:colcon.colcon_core.shell:Skip shell extension 'powershell' for command environment: Not usable outside of PowerShell
[2.051s] DEBUG:colcon.colcon_core.shell:Skip shell extension 'dsv' for command environment
[2.631s] INFO:colcon.colcon_core.task.python.build:Building Python package in '/home/nvidia/KvaserCar_outdoor_test/src/outdoor_test'
[2.632s] INFO:colcon.colcon_core.shell:Skip shell extension 'powershell' for command environment: Not usable outside of PowerShell
[2.632s] DEBUG:colcon.colcon_core.shell:Skip shell extension 'dsv' for command environment
[3.210s] INFO:colcon.colcon_core.task.python.build:Building Python package in '/home/nvidia/KvaserCar_outdoor_test/src/tactical_node'
[3.211s] INFO:colcon.colcon_core.shell:Skip shell extension 'powershell' for command environment: Not usable outside of PowerShell
[3.211s] DEBUG:colcon.colcon_core.shell:Skip shell extension 'dsv' for command environment
[3.814s] INFO:colcon.colcon_core.task.python.build:Building Python package in '/home/nvidia/KvaserCar_outdoor_test/src/visualize_car'
[3.815s] INFO:colcon.colcon_core.shell:Skip shell extension 'powershell' for command environment: Not usable outside of PowerShell
[3.816s] DEBUG:colcon.colcon_core.shell:Skip shell extension 'dsv' for command environment
[4.416s] INFO:colcon.colcon_core.task.python.build:Building Python package in '/home/nvidia/KvaserCar_outdoor_test/src/wheel_odometry'
[4.417s] INFO:colcon.colcon_core.shell:Skip shell extension 'powershell' for command environment: Not usable outside of PowerShell
[4.417s] DEBUG:colcon.colcon_core.shell:Skip shell extension 'dsv' for command environment
[5.006s] INFO:colcon.colcon_core.task.python.build:Building Python package in '/home/nvidia/KvaserCar_outdoor_test/src/norlab_xsens_driver'
[5.007s] INFO:colcon.colcon_core.shell:Skip shell extension 'powershell' for command environment: Not usable outside of PowerShell
[5.007s] DEBUG:colcon.colcon_core.shell:Skip shell extension 'dsv' for command environment
[6.186s] DEBUG:colcon.colcon_core.event_handler.log_command:Invoking command in '/home/nvidia/KvaserCar_outdoor_test/src/outdoor_test': PYTHONPATH=/home/nvidia/KvaserCar_outdoor_test/build/outdoor_test/prefix_override:/usr/lib/python3/dist-packages/colcon_core/task/python/colcon_distutils_commands:/home/nvidia/KvaserCar_outdoor_test/install/outdoor_test/lib/python3.10/site-packages:${PYTHONPATH} /usr/bin/python3 -W ignore:setup.py install is deprecated -W ignore:easy_install command is deprecated setup.py egg_info --egg-base ../../build/outdoor_test build --build-base /home/nvidia/KvaserCar_outdoor_test/build/outdoor_test/build install --record /home/nvidia/KvaserCar_outdoor_test/build/outdoor_test/install.log --single-version-externally-managed install_data
[6.515s] DEBUG:colcon.colcon_core.event_handler.log_command:Invoking command in '/home/nvidia/KvaserCar_outdoor_test/src/norlab_xsens_driver': PYTHONPATH=/home/nvidia/KvaserCar_outdoor_test/build/xsens_driver/prefix_override:/usr/lib/python3/dist-packages/colcon_core/task/python/colcon_distutils_commands:/home/nvidia/KvaserCar_outdoor_test/install/xsens_driver/lib/python3.10/site-packages:${PYTHONPATH} /usr/bin/python3 -W ignore:setup.py install is deprecated -W ignore:easy_install command is deprecated setup.py egg_info --egg-base ../../build/xsens_driver build --build-base /home/nvidia/KvaserCar_outdoor_test/build/xsens_driver/build install --record /home/nvidia/KvaserCar_outdoor_test/build/xsens_driver/install.log --single-version-externally-managed install_data
[6.569s] DEBUG:colcon.colcon_core.event_handler.log_command:Invoking command in '/home/nvidia/KvaserCar_outdoor_test/src/aeb_rover': PYTHONPATH=/home/nvidia/KvaserCar_outdoor_test/build/aeb_rover/prefix_override:/usr/lib/python3/dist-packages/colcon_core/task/python/colcon_distutils_commands:/home/nvidia/KvaserCar_outdoor_test/install/aeb_rover/lib/python3.10/site-packages:${PYTHONPATH} /usr/bin/python3 -W ignore:setup.py install is deprecated -W ignore:easy_install command is deprecated setup.py egg_info --egg-base ../../build/aeb_rover build --build-base /home/nvidia/KvaserCar_outdoor_test/build/aeb_rover/build install --record /home/nvidia/KvaserCar_outdoor_test/build/aeb_rover/install.log --single-version-externally-managed install_data
[6.596s] DEBUG:colcon.colcon_core.event_handler.log_command:Invoking command in '/home/nvidia/KvaserCar_outdoor_test/src/control_rover': PYTHONPATH=/home/nvidia/KvaserCar_outdoor_test/build/control_rover/prefix_override:/usr/lib/python3/dist-packages/colcon_core/task/python/colcon_distutils_commands:/home/nvidia/KvaserCar_outdoor_test/install/control_rover/lib/python3.10/site-packages:${PYTHONPATH} /usr/bin/python3 -W ignore:setup.py install is deprecated -W ignore:easy_install command is deprecated setup.py egg_info --egg-base ../../build/control_rover build --build-base /home/nvidia/KvaserCar_outdoor_test/build/control_rover/build install --record /home/nvidia/KvaserCar_outdoor_test/build/control_rover/install.log --single-version-externally-managed install_data
[6.602s] DEBUG:colcon.colcon_core.event_handler.log_command:Invoking command in '/home/nvidia/KvaserCar_outdoor_test/src/tactical_node': PYTHONPATH=/home/nvidia/KvaserCar_outdoor_test/build/tactical_node/prefix_override:/usr/lib/python3/dist-packages/colcon_core/task/python/colcon_distutils_commands:/home/nvidia/KvaserCar_outdoor_test/install/tactical_node/lib/python3.10/site-packages:${PYTHONPATH} /usr/bin/python3 -W ignore:setup.py install is deprecated -W ignore:easy_install command is deprecated setup.py egg_info --egg-base ../../build/tactical_node build --build-base /home/nvidia/KvaserCar_outdoor_test/build/tactical_node/build install --record /home/nvidia/KvaserCar_outdoor_test/build/tactical_node/install.log --single-version-externally-managed install_data
[6.637s] DEBUG:colcon.colcon_core.event_handler.log_command:Invoking command in '/home/nvidia/KvaserCar_outdoor_test/src/visualize_car': PYTHONPATH=/home/nvidia/KvaserCar_outdoor_test/build/visualize_car/prefix_override:/usr/lib/python3/dist-packages/colcon_core/task/python/colcon_distutils_commands:/home/nvidia/KvaserCar_outdoor_test/install/visualize_car/lib/python3.10/site-packages:${PYTHONPATH} /usr/bin/python3 -W ignore:setup.py install is deprecated -W ignore:easy_install command is deprecated setup.py egg_info --egg-base ../../build/visualize_car build --build-base /home/nvidia/KvaserCar_outdoor_test/build/visualize_car/build install --record /home/nvidia/KvaserCar_outdoor_test/build/visualize_car/install.log --single-version-externally-managed install_data
[6.673s] DEBUG:colcon.colcon_core.event_handler.log_command:Invoking command in '/home/nvidia/KvaserCar_outdoor_test/src/wheel_odometry': PYTHONPATH=/home/nvidia/KvaserCar_outdoor_test/build/wheel_odometry/prefix_override:/usr/lib/python3/dist-packages/colcon_core/task/python/colcon_distutils_commands:/home/nvidia/KvaserCar_outdoor_test/install/wheel_odometry/lib/python3.10/site-packages:${PYTHONPATH} /usr/bin/python3 -W ignore:setup.py install is deprecated -W ignore:easy_install command is deprecated setup.py egg_info --egg-base ../../build/wheel_odometry build --build-base /home/nvidia/KvaserCar_outdoor_test/build/wheel_odometry/build install --record /home/nvidia/KvaserCar_outdoor_test/build/wheel_odometry/install.log --single-version-externally-managed install_data
[7.010s] Level 1:colcon.colcon_core.environment:checking '/home/nvidia/KvaserCar_outdoor_test/install/outdoor_test' for CMake module files
[7.011s] Level 1:colcon.colcon_core.environment:checking '/home/nvidia/KvaserCar_outdoor_test/install/outdoor_test' for CMake config files
[7.012s] DEBUG:colcon.colcon_core.event_handler.log_command:Invoked command in '/home/nvidia/KvaserCar_outdoor_test/src/outdoor_test' returned '0': PYTHONPATH=/home/nvidia/KvaserCar_outdoor_test/build/outdoor_test/prefix_override:/usr/lib/python3/dist-packages/colcon_core/task/python/colcon_distutils_commands:/home/nvidia/KvaserCar_outdoor_test/install/outdoor_test/lib/python3.10/site-packages:${PYTHONPATH} /usr/bin/python3 -W ignore:setup.py install is deprecated -W ignore:easy_install command is deprecated setup.py egg_info --egg-base ../../build/outdoor_test build --build-base /home/nvidia/KvaserCar_outdoor_test/build/outdoor_test/build install --record /home/nvidia/KvaserCar_outdoor_test/build/outdoor_test/install.log --single-version-externally-managed install_data
[7.015s] Level 1:colcon.colcon_core.environment:checking '/home/nvidia/KvaserCar_outdoor_test/install/outdoor_test/lib'
[7.015s] Level 1:colcon.colcon_core.environment:checking '/home/nvidia/KvaserCar_outdoor_test/install/outdoor_test/bin'
[7.015s] Level 1:colcon.colcon_core.environment:checking '/home/nvidia/KvaserCar_outdoor_test/install/outdoor_test/lib/pkgconfig/outdoor_test.pc'
[7.016s] Level 1:colcon.colcon_core.environment:checking '/home/nvidia/KvaserCar_outdoor_test/install/outdoor_test/lib/python3.10/site-packages'
[7.016s] Level 1:colcon.colcon_core.shell:create_environment_hook('outdoor_test', 'pythonpath')
[7.016s] INFO:colcon.colcon_core.shell:Creating environment hook '/home/nvidia/KvaserCar_outdoor_test/install/outdoor_test/share/outdoor_test/hook/pythonpath.ps1'
[7.024s] INFO:colcon.colcon_core.shell:Creating environment descriptor '/home/nvidia/KvaserCar_outdoor_test/install/outdoor_test/share/outdoor_test/hook/pythonpath.dsv'
[7.025s] INFO:colcon.colcon_core.shell:Creating environment hook '/home/nvidia/KvaserCar_outdoor_test/install/outdoor_test/share/outdoor_test/hook/pythonpath.sh'
[7.029s] Level 1:colcon.colcon_core.environment:checking '/home/nvidia/KvaserCar_outdoor_test/install/outdoor_test/bin'
[7.029s] Level 1:colcon.colcon_core.environment:create_environment_scripts_only(outdoor_test)
[7.030s] INFO:colcon.colcon_core.shell:Creating package script '/home/nvidia/KvaserCar_outdoor_test/install/outdoor_test/share/outdoor_test/package.ps1'
[7.032s] INFO:colcon.colcon_core.shell:Creating package descriptor '/home/nvidia/KvaserCar_outdoor_test/install/outdoor_test/share/outdoor_test/package.dsv'
[7.033s] INFO:colcon.colcon_core.shell:Creating package script '/home/nvidia/KvaserCar_outdoor_test/install/outdoor_test/share/outdoor_test/package.sh'
[7.034s] INFO:colcon.colcon_core.shell:Creating package script '/home/nvidia/KvaserCar_outdoor_test/install/outdoor_test/share/outdoor_test/package.bash'
[7.036s] INFO:colcon.colcon_core.shell:Creating package script '/home/nvidia/KvaserCar_outdoor_test/install/outdoor_test/share/outdoor_test/package.zsh'
[7.039s] Level 1:colcon.colcon_core.environment:create_file_with_runtime_dependencies(/home/nvidia/KvaserCar_outdoor_test/install/outdoor_test/share/colcon-core/packages/outdoor_test)
[7.389s] Level 1:colcon.colcon_core.environment:checking '/home/nvidia/KvaserCar_outdoor_test/install/wheel_odometry' for CMake module files
[7.390s] Level 1:colcon.colcon_core.environment:checking '/home/nvidia/KvaserCar_outdoor_test/install/wheel_odometry' for CMake config files
[7.391s] Level 1:colcon.colcon_core.environment:checking '/home/nvidia/KvaserCar_outdoor_test/install/wheel_odometry/lib'
[7.392s] Level 1:colcon.colcon_core.environment:checking '/home/nvidia/KvaserCar_outdoor_test/install/wheel_odometry/bin'
[7.392s] Level 1:colcon.colcon_core.environment:checking '/home/nvidia/KvaserCar_outdoor_test/install/wheel_odometry/lib/pkgconfig/wheel_odometry.pc'
[7.390s] DEBUG:colcon.colcon_core.event_handler.log_command:Invoked command in '/home/nvidia/KvaserCar_outdoor_test/src/wheel_odometry' returned '0': PYTHONPATH=/home/nvidia/KvaserCar_outdoor_test/build/wheel_odometry/prefix_override:/usr/lib/python3/dist-packages/colcon_core/task/python/colcon_distutils_commands:/home/nvidia/KvaserCar_outdoor_test/install/wheel_odometry/lib/python3.10/site-packages:${PYTHONPATH} /usr/bin/python3 -W ignore:setup.py install is deprecated -W ignore:easy_install command is deprecated setup.py egg_info --egg-base ../../build/wheel_odometry build --build-base /home/nvidia/KvaserCar_outdoor_test/build/wheel_odometry/build install --record /home/nvidia/KvaserCar_outdoor_test/build/wheel_odometry/install.log --single-version-externally-managed install_data
[7.392s] Level 1:colcon.colcon_core.environment:checking '/home/nvidia/KvaserCar_outdoor_test/install/wheel_odometry/lib/python3.10/site-packages'
[7.393s] Level 1:colcon.colcon_core.shell:create_environment_hook('wheel_odometry', 'pythonpath')
[7.394s] INFO:colcon.colcon_core.shell:Creating environment hook '/home/nvidia/KvaserCar_outdoor_test/install/wheel_odometry/share/wheel_odometry/hook/pythonpath.ps1'
[7.395s] INFO:colcon.colcon_core.shell:Creating environment descriptor '/home/nvidia/KvaserCar_outdoor_test/install/wheel_odometry/share/wheel_odometry/hook/pythonpath.dsv'
[7.396s] INFO:colcon.colcon_core.shell:Creating environment hook '/home/nvidia/KvaserCar_outdoor_test/install/wheel_odometry/share/wheel_odometry/hook/pythonpath.sh'
[7.397s] Level 1:colcon.colcon_core.environment:checking '/home/nvidia/KvaserCar_outdoor_test/install/wheel_odometry/bin'
[7.397s] Level 1:colcon.colcon_core.environment:create_environment_scripts_only(wheel_odometry)
[7.399s] INFO:colcon.colcon_core.shell:Creating package script '/home/nvidia/KvaserCar_outdoor_test/install/wheel_odometry/share/wheel_odometry/package.ps1'
[7.400s] INFO:colcon.colcon_core.shell:Creating package descriptor '/home/nvidia/KvaserCar_outdoor_test/install/wheel_odometry/share/wheel_odometry/package.dsv'
[7.401s] INFO:colcon.colcon_core.shell:Creating package script '/home/nvidia/KvaserCar_outdoor_test/install/wheel_odometry/share/wheel_odometry/package.sh'
[7.403s] INFO:colcon.colcon_core.shell:Creating package script '/home/nvidia/KvaserCar_outdoor_test/install/wheel_odometry/share/wheel_odometry/package.bash'
[7.404s] INFO:colcon.colcon_core.shell:Creating package script '/home/nvidia/KvaserCar_outdoor_test/install/wheel_odometry/share/wheel_odometry/package.zsh'
[7.406s] Level 1:colcon.colcon_core.environment:create_file_with_runtime_dependencies(/home/nvidia/KvaserCar_outdoor_test/install/wheel_odometry/share/colcon-core/packages/wheel_odometry)
[7.427s] Level 1:colcon.colcon_core.environment:checking '/home/nvidia/KvaserCar_outdoor_test/install/xsens_driver' for CMake module files
[7.428s] DEBUG:colcon.colcon_core.event_handler.log_command:Invoked command in '/home/nvidia/KvaserCar_outdoor_test/src/norlab_xsens_driver' returned '0': PYTHONPATH=/home/nvidia/KvaserCar_outdoor_test/build/xsens_driver/prefix_override:/usr/lib/python3/dist-packages/colcon_core/task/python/colcon_distutils_commands:/home/nvidia/KvaserCar_outdoor_test/install/xsens_driver/lib/python3.10/site-packages:${PYTHONPATH} /usr/bin/python3 -W ignore:setup.py install is deprecated -W ignore:easy_install command is deprecated setup.py egg_info --egg-base ../../build/xsens_driver build --build-base /home/nvidia/KvaserCar_outdoor_test/build/xsens_driver/build install --record /home/nvidia/KvaserCar_outdoor_test/build/xsens_driver/install.log --single-version-externally-managed install_data
[7.429s] Level 1:colcon.colcon_core.environment:checking '/home/nvidia/KvaserCar_outdoor_test/install/xsens_driver' for CMake config files
[7.430s] Level 1:colcon.colcon_core.environment:checking '/home/nvidia/KvaserCar_outdoor_test/install/xsens_driver/lib'
[7.430s] Level 1:colcon.colcon_core.environment:checking '/home/nvidia/KvaserCar_outdoor_test/install/xsens_driver/bin'
[7.430s] Level 1:colcon.colcon_core.environment:checking '/home/nvidia/KvaserCar_outdoor_test/install/xsens_driver/lib/pkgconfig/xsens_driver.pc'
[7.431s] Level 1:colcon.colcon_core.environment:checking '/home/nvidia/KvaserCar_outdoor_test/install/xsens_driver/lib/python3.10/site-packages'
[7.431s] Level 1:colcon.colcon_core.shell:create_environment_hook('xsens_driver', 'pythonpath')
[7.431s] INFO:colcon.colcon_core.shell:Creating environment hook '/home/nvidia/KvaserCar_outdoor_test/install/xsens_driver/share/xsens_driver/hook/pythonpath.ps1'
[7.435s] INFO:colcon.colcon_core.shell:Creating environment descriptor '/home/nvidia/KvaserCar_outdoor_test/install/xsens_driver/share/xsens_driver/hook/pythonpath.dsv'
[7.436s] INFO:colcon.colcon_core.shell:Creating environment hook '/home/nvidia/KvaserCar_outdoor_test/install/xsens_driver/share/xsens_driver/hook/pythonpath.sh'
[7.438s] Level 1:colcon.colcon_core.environment:checking '/home/nvidia/KvaserCar_outdoor_test/install/xsens_driver/bin'
[7.438s] Level 1:colcon.colcon_core.environment:create_environment_scripts_only(xsens_driver)
[7.439s] INFO:colcon.colcon_core.shell:Creating package script '/home/nvidia/KvaserCar_outdoor_test/install/xsens_driver/share/xsens_driver/package.ps1'
[7.440s] INFO:colcon.colcon_core.shell:Creating package descriptor '/home/nvidia/KvaserCar_outdoor_test/install/xsens_driver/share/xsens_driver/package.dsv'
[7.441s] INFO:colcon.colcon_core.shell:Creating package script '/home/nvidia/KvaserCar_outdoor_test/install/xsens_driver/share/xsens_driver/package.sh'
[7.448s] INFO:colcon.colcon_core.shell:Creating package script '/home/nvidia/KvaserCar_outdoor_test/install/xsens_driver/share/xsens_driver/package.bash'
[7.449s] INFO:colcon.colcon_core.shell:Creating package script '/home/nvidia/KvaserCar_outdoor_test/install/xsens_driver/share/xsens_driver/package.zsh'
[7.449s] Level 1:colcon.colcon_core.environment:create_file_with_runtime_dependencies(/home/nvidia/KvaserCar_outdoor_test/install/xsens_driver/share/colcon-core/packages/xsens_driver)
[7.452s] Level 1:colcon.colcon_core.environment:checking '/home/nvidia/KvaserCar_outdoor_test/install/tactical_node' for CMake module files
[7.453s] Level 1:colcon.colcon_core.environment:checking '/home/nvidia/KvaserCar_outdoor_test/install/tactical_node' for CMake config files
[7.455s] DEBUG:colcon.colcon_core.event_handler.log_command:Invoked command in '/home/nvidia/KvaserCar_outdoor_test/src/tactical_node' returned '0': PYTHONPATH=/home/nvidia/KvaserCar_outdoor_test/build/tactical_node/prefix_override:/usr/lib/python3/dist-packages/colcon_core/task/python/colcon_distutils_commands:/home/nvidia/KvaserCar_outdoor_test/install/tactical_node/lib/python3.10/site-packages:${PYTHONPATH} /usr/bin/python3 -W ignore:setup.py install is deprecated -W ignore:easy_install command is deprecated setup.py egg_info --egg-base ../../build/tactical_node build --build-base /home/nvidia/KvaserCar_outdoor_test/build/tactical_node/build install --record /home/nvidia/KvaserCar_outdoor_test/build/tactical_node/install.log --single-version-externally-managed install_data
[7.456s] Level 1:colcon.colcon_core.environment:checking '/home/nvidia/KvaserCar_outdoor_test/install/tactical_node/lib'
[7.456s] Level 1:colcon.colcon_core.environment:checking '/home/nvidia/KvaserCar_outdoor_test/install/tactical_node/bin'
[7.457s] Level 1:colcon.colcon_core.environment:checking '/home/nvidia/KvaserCar_outdoor_test/install/tactical_node/lib/pkgconfig/tactical_node.pc'
[7.457s] Level 1:colcon.colcon_core.environment:checking '/home/nvidia/KvaserCar_outdoor_test/install/tactical_node/lib/python3.10/site-packages'
[7.457s] Level 1:colcon.colcon_core.shell:create_environment_hook('tactical_node', 'pythonpath')
[7.458s] INFO:colcon.colcon_core.shell:Creating environment hook '/home/nvidia/KvaserCar_outdoor_test/install/tactical_node/share/tactical_node/hook/pythonpath.ps1'
[7.459s] INFO:colcon.colcon_core.shell:Creating environment descriptor '/home/nvidia/KvaserCar_outdoor_test/install/tactical_node/share/tactical_node/hook/pythonpath.dsv'
[7.459s] INFO:colcon.colcon_core.shell:Creating environment hook '/home/nvidia/KvaserCar_outdoor_test/install/tactical_node/share/tactical_node/hook/pythonpath.sh'
[7.460s] Level 1:colcon.colcon_core.environment:checking '/home/nvidia/KvaserCar_outdoor_test/install/tactical_node/bin'
[7.461s] Level 1:colcon.colcon_core.environment:create_environment_scripts_only(tactical_node)
[7.461s] INFO:colcon.colcon_core.shell:Creating package script '/home/nvidia/KvaserCar_outdoor_test/install/tactical_node/share/tactical_node/package.ps1'
[7.463s] INFO:colcon.colcon_core.shell:Creating package descriptor '/home/nvidia/KvaserCar_outdoor_test/install/tactical_node/share/tactical_node/package.dsv'
[7.464s] INFO:colcon.colcon_core.shell:Creating package script '/home/nvidia/KvaserCar_outdoor_test/install/tactical_node/share/tactical_node/package.sh'
[7.465s] INFO:colcon.colcon_core.shell:Creating package script '/home/nvidia/KvaserCar_outdoor_test/install/tactical_node/share/tactical_node/package.bash'
[7.465s] INFO:colcon.colcon_core.shell:Creating package script '/home/nvidia/KvaserCar_outdoor_test/install/tactical_node/share/tactical_node/package.zsh'
[7.466s] Level 1:colcon.colcon_core.environment:create_file_with_runtime_dependencies(/home/nvidia/KvaserCar_outdoor_test/install/tactical_node/share/colcon-core/packages/tactical_node)
[7.467s] Level 1:colcon.colcon_core.environment:checking '/home/nvidia/KvaserCar_outdoor_test/install/aeb_rover' for CMake module files
[7.469s] DEBUG:colcon.colcon_core.event_handler.log_command:Invoked command in '/home/nvidia/KvaserCar_outdoor_test/src/aeb_rover' returned '0': PYTHONPATH=/home/nvidia/KvaserCar_outdoor_test/build/aeb_rover/prefix_override:/usr/lib/python3/dist-packages/colcon_core/task/python/colcon_distutils_commands:/home/nvidia/KvaserCar_outdoor_test/install/aeb_rover/lib/python3.10/site-packages:${PYTHONPATH} /usr/bin/python3 -W ignore:setup.py install is deprecated -W ignore:easy_install command is deprecated setup.py egg_info --egg-base ../../build/aeb_rover build --build-base /home/nvidia/KvaserCar_outdoor_test/build/aeb_rover/build install --record /home/nvidia/KvaserCar_outdoor_test/build/aeb_rover/install.log --single-version-externally-managed install_data
[7.469s] Level 1:colcon.colcon_core.environment:checking '/home/nvidia/KvaserCar_outdoor_test/install/aeb_rover' for CMake config files
[7.470s] Level 1:colcon.colcon_core.environment:checking '/home/nvidia/KvaserCar_outdoor_test/install/aeb_rover/lib'
[7.470s] Level 1:colcon.colcon_core.environment:checking '/home/nvidia/KvaserCar_outdoor_test/install/aeb_rover/bin'
[7.470s] Level 1:colcon.colcon_core.environment:checking '/home/nvidia/KvaserCar_outdoor_test/install/aeb_rover/lib/pkgconfig/aeb_rover.pc'
[7.471s] Level 1:colcon.colcon_core.environment:checking '/home/nvidia/KvaserCar_outdoor_test/install/aeb_rover/lib/python3.10/site-packages'
[7.471s] Level 1:colcon.colcon_core.shell:create_environment_hook('aeb_rover', 'pythonpath')
[7.471s] INFO:colcon.colcon_core.shell:Creating environment hook '/home/nvidia/KvaserCar_outdoor_test/install/aeb_rover/share/aeb_rover/hook/pythonpath.ps1'
[7.472s] INFO:colcon.colcon_core.shell:Creating environment descriptor '/home/nvidia/KvaserCar_outdoor_test/install/aeb_rover/share/aeb_rover/hook/pythonpath.dsv'
[7.473s] INFO:colcon.colcon_core.shell:Creating environment hook '/home/nvidia/KvaserCar_outdoor_test/install/aeb_rover/share/aeb_rover/hook/pythonpath.sh'
[7.474s] Level 1:colcon.colcon_core.environment:checking '/home/nvidia/KvaserCar_outdoor_test/install/aeb_rover/bin'
[7.474s] Level 1:colcon.colcon_core.environment:create_environment_scripts_only(aeb_rover)
[7.475s] INFO:colcon.colcon_core.shell:Creating package script '/home/nvidia/KvaserCar_outdoor_test/install/aeb_rover/share/aeb_rover/package.ps1'
[7.476s] INFO:colcon.colcon_core.shell:Creating package descriptor '/home/nvidia/KvaserCar_outdoor_test/install/aeb_rover/share/aeb_rover/package.dsv'
[7.476s] INFO:colcon.colcon_core.shell:Creating package script '/home/nvidia/KvaserCar_outdoor_test/install/aeb_rover/share/aeb_rover/package.sh'
[7.477s] INFO:colcon.colcon_core.shell:Creating package script '/home/nvidia/KvaserCar_outdoor_test/install/aeb_rover/share/aeb_rover/package.bash'
[7.478s] INFO:colcon.colcon_core.shell:Creating package script '/home/nvidia/KvaserCar_outdoor_test/install/aeb_rover/share/aeb_rover/package.zsh'
[7.479s] Level 1:colcon.colcon_core.environment:create_file_with_runtime_dependencies(/home/nvidia/KvaserCar_outdoor_test/install/aeb_rover/share/colcon-core/packages/aeb_rover)
[7.508s] Level 1:colcon.colcon_core.environment:checking '/home/nvidia/KvaserCar_outdoor_test/install/control_rover' for CMake module files
[7.509s] DEBUG:colcon.colcon_core.event_handler.log_command:Invoked command in '/home/nvidia/KvaserCar_outdoor_test/src/control_rover' returned '0': PYTHONPATH=/home/nvidia/KvaserCar_outdoor_test/build/control_rover/prefix_override:/usr/lib/python3/dist-packages/colcon_core/task/python/colcon_distutils_commands:/home/nvidia/KvaserCar_outdoor_test/install/control_rover/lib/python3.10/site-packages:${PYTHONPATH} /usr/bin/python3 -W ignore:setup.py install is deprecated -W ignore:easy_install command is deprecated setup.py egg_info --egg-base ../../build/control_rover build --build-base /home/nvidia/KvaserCar_outdoor_test/build/control_rover/build install --record /home/nvidia/KvaserCar_outdoor_test/build/control_rover/install.log --single-version-externally-managed install_data
[7.510s] Level 1:colcon.colcon_core.environment:checking '/home/nvidia/KvaserCar_outdoor_test/install/control_rover' for CMake config files
[7.511s] Level 1:colcon.colcon_core.environment:checking '/home/nvidia/KvaserCar_outdoor_test/install/control_rover/lib'
[7.511s] Level 1:colcon.colcon_core.environment:checking '/home/nvidia/KvaserCar_outdoor_test/install/control_rover/bin'
[7.511s] Level 1:colcon.colcon_core.environment:checking '/home/nvidia/KvaserCar_outdoor_test/install/control_rover/lib/pkgconfig/control_rover.pc'
[7.511s] Level 1:colcon.colcon_core.environment:checking '/home/nvidia/KvaserCar_outdoor_test/install/control_rover/lib/python3.10/site-packages'
[7.512s] Level 1:colcon.colcon_core.shell:create_environment_hook('control_rover', 'pythonpath')
[7.512s] INFO:colcon.colcon_core.shell:Creating environment hook '/home/nvidia/KvaserCar_outdoor_test/install/control_rover/share/control_rover/hook/pythonpath.ps1'
[7.515s] INFO:colcon.colcon_core.shell:Creating environment descriptor '/home/nvidia/KvaserCar_outdoor_test/install/control_rover/share/control_rover/hook/pythonpath.dsv'
[7.516s] INFO:colcon.colcon_core.shell:Creating environment hook '/home/nvidia/KvaserCar_outdoor_test/install/control_rover/share/control_rover/hook/pythonpath.sh'
[7.517s] Level 1:colcon.colcon_core.environment:checking '/home/nvidia/KvaserCar_outdoor_test/install/control_rover/bin'
[7.517s] Level 1:colcon.colcon_core.environment:create_environment_scripts_only(control_rover)
[7.518s] INFO:colcon.colcon_core.shell:Creating package script '/home/nvidia/KvaserCar_outdoor_test/install/control_rover/share/control_rover/package.ps1'
[7.519s] INFO:colcon.colcon_core.shell:Creating package descriptor '/home/nvidia/KvaserCar_outdoor_test/install/control_rover/share/control_rover/package.dsv'
[7.519s] INFO:colcon.colcon_core.shell:Creating package script '/home/nvidia/KvaserCar_outdoor_test/install/control_rover/share/control_rover/package.sh'
[7.520s] INFO:colcon.colcon_core.shell:Creating package script '/home/nvidia/KvaserCar_outdoor_test/install/control_rover/share/control_rover/package.bash'
[7.521s] INFO:colcon.colcon_core.shell:Creating package script '/home/nvidia/KvaserCar_outdoor_test/install/control_rover/share/control_rover/package.zsh'
[7.522s] Level 1:colcon.colcon_core.environment:create_file_with_runtime_dependencies(/home/nvidia/KvaserCar_outdoor_test/install/control_rover/share/colcon-core/packages/control_rover)
[7.546s] Level 1:colcon.colcon_core.environment:checking '/home/nvidia/KvaserCar_outdoor_test/install/visualize_car' for CMake module files
[7.547s] DEBUG:colcon.colcon_core.event_handler.log_command:Invoked command in '/home/nvidia/KvaserCar_outdoor_test/src/visualize_car' returned '0': PYTHONPATH=/home/nvidia/KvaserCar_outdoor_test/build/visualize_car/prefix_override:/usr/lib/python3/dist-packages/colcon_core/task/python/colcon_distutils_commands:/home/nvidia/KvaserCar_outdoor_test/install/visualize_car/lib/python3.10/site-packages:${PYTHONPATH} /usr/bin/python3 -W ignore:setup.py install is deprecated -W ignore:easy_install command is deprecated setup.py egg_info --egg-base ../../build/visualize_car build --build-base /home/nvidia/KvaserCar_outdoor_test/build/visualize_car/build install --record /home/nvidia/KvaserCar_outdoor_test/build/visualize_car/install.log --single-version-externally-managed install_data
[7.548s] Level 1:colcon.colcon_core.environment:checking '/home/nvidia/KvaserCar_outdoor_test/install/visualize_car' for CMake config files
[7.550s] Level 1:colcon.colcon_core.environment:checking '/home/nvidia/KvaserCar_outdoor_test/install/visualize_car/lib'
[7.550s] Level 1:colcon.colcon_core.environment:checking '/home/nvidia/KvaserCar_outdoor_test/install/visualize_car/bin'
[7.550s] Level 1:colcon.colcon_core.environment:checking '/home/nvidia/KvaserCar_outdoor_test/install/visualize_car/lib/pkgconfig/visualize_car.pc'
[7.551s] Level 1:colcon.colcon_core.environment:checking '/home/nvidia/KvaserCar_outdoor_test/install/visualize_car/lib/python3.10/site-packages'
[7.551s] Level 1:colcon.colcon_core.shell:create_environment_hook('visualize_car', 'pythonpath')
[7.551s] INFO:colcon.colcon_core.shell:Creating environment hook '/home/nvidia/KvaserCar_outdoor_test/install/visualize_car/share/visualize_car/hook/pythonpath.ps1'
[7.555s] INFO:colcon.colcon_core.shell:Creating environment descriptor '/home/nvidia/KvaserCar_outdoor_test/install/visualize_car/share/visualize_car/hook/pythonpath.dsv'
[7.556s] INFO:colcon.colcon_core.shell:Creating environment hook '/home/nvidia/KvaserCar_outdoor_test/install/visualize_car/share/visualize_car/hook/pythonpath.sh'
[7.557s] Level 1:colcon.colcon_core.environment:checking '/home/nvidia/KvaserCar_outdoor_test/install/visualize_car/bin'
[7.557s] Level 1:colcon.colcon_core.environment:create_environment_scripts_only(visualize_car)
[7.558s] INFO:colcon.colcon_core.shell:Creating package script '/home/nvidia/KvaserCar_outdoor_test/install/visualize_car/share/visualize_car/package.ps1'
[7.559s] INFO:colcon.colcon_core.shell:Creating package descriptor '/home/nvidia/KvaserCar_outdoor_test/install/visualize_car/share/visualize_car/package.dsv'
[7.560s] INFO:colcon.colcon_core.shell:Creating package script '/home/nvidia/KvaserCar_outdoor_test/install/visualize_car/share/visualize_car/package.sh'
[7.561s] INFO:colcon.colcon_core.shell:Creating package script '/home/nvidia/KvaserCar_outdoor_test/install/visualize_car/share/visualize_car/package.bash'
[7.562s] INFO:colcon.colcon_core.shell:Creating package script '/home/nvidia/KvaserCar_outdoor_test/install/visualize_car/share/visualize_car/package.zsh'
[7.565s] Level 1:colcon.colcon_core.environment:create_file_with_runtime_dependencies(/home/nvidia/KvaserCar_outdoor_test/install/visualize_car/share/colcon-core/packages/visualize_car)
[7.566s] DEBUG:colcon.colcon_parallel_executor.executor.parallel:closing loop
[7.567s] DEBUG:colcon.colcon_parallel_executor.executor.parallel:loop closed
[7.567s] DEBUG:colcon.colcon_parallel_executor.executor.parallel:run_until_complete finished with '0'
[7.567s] DEBUG:colcon.colcon_core.event_reactor:joining thread
[7.581s] INFO:colcon.colcon_core.plugin_system:Skipping extension 'colcon_notification.desktop_notification.terminal_notifier': Not used on non-Darwin systems
[7.581s] INFO:colcon.colcon_core.plugin_system:Skipping extension 'colcon_notification.desktop_notification.win32': Not used on non-Windows systems
[7.581s] INFO:colcon.colcon_notification.desktop_notification:Sending desktop notification using 'notify2'
[7.609s] DEBUG:colcon.colcon_notification.desktop_notification.notify2:Failed to initialize notify2: org.freedesktop.DBus.Error.Spawn.ChildExited: Process org.freedesktop.Notifications exited with status 1
[7.609s] DEBUG:colcon.colcon_core.event_reactor:joined thread
[7.610s] INFO:colcon.colcon_core.shell:Creating prefix script '/home/nvidia/KvaserCar_outdoor_test/install/local_setup.ps1'
[7.612s] INFO:colcon.colcon_core.shell:Creating prefix util module '/home/nvidia/KvaserCar_outdoor_test/install/_local_setup_util_ps1.py'
[7.616s] INFO:colcon.colcon_core.shell:Creating prefix chain script '/home/nvidia/KvaserCar_outdoor_test/install/setup.ps1'
[7.619s] INFO:colcon.colcon_core.shell:Creating prefix script '/home/nvidia/KvaserCar_outdoor_test/install/local_setup.sh'
[7.620s] INFO:colcon.colcon_core.shell:Creating prefix util module '/home/nvidia/KvaserCar_outdoor_test/install/_local_setup_util_sh.py'
[7.621s] INFO:colcon.colcon_core.shell:Creating prefix chain script '/home/nvidia/KvaserCar_outdoor_test/install/setup.sh'
[7.624s] INFO:colcon.colcon_core.shell:Creating prefix script '/home/nvidia/KvaserCar_outdoor_test/install/local_setup.bash'
[7.625s] INFO:colcon.colcon_core.shell:Creating prefix chain script '/home/nvidia/KvaserCar_outdoor_test/install/setup.bash'
[7.627s] INFO:colcon.colcon_core.shell:Creating prefix script '/home/nvidia/KvaserCar_outdoor_test/install/local_setup.zsh'
[7.628s] INFO:colcon.colcon_core.shell:Creating prefix chain script '/home/nvidia/KvaserCar_outdoor_test/install/setup.zsh'
