running egg_info
writing ../../build/aeb_rover/aeb_rover.egg-info/PKG-INFO
writing dependency_links to ../../build/aeb_rover/aeb_rover.egg-info/dependency_links.txt
writing entry points to ../../build/aeb_rover/aeb_rover.egg-info/entry_points.txt
writing requirements to ../../build/aeb_rover/aeb_rover.egg-info/requires.txt
writing top-level names to ../../build/aeb_rover/aeb_rover.egg-info/top_level.txt
reading manifest file '../../build/aeb_rover/aeb_rover.egg-info/SOURCES.txt'
writing manifest file '../../build/aeb_rover/aeb_rover.egg-info/SOURCES.txt'
running build
running build_py
running install
running install_lib
running install_data
running install_egg_info
removing '/home/nvidia/KvaserCar_outdoor_test/install/aeb_rover/lib/python3.10/site-packages/aeb_rover-0.0.0-py3.10.egg-info' (and everything under it)
Copying ../../build/aeb_rover/aeb_rover.egg-info to /home/nvidia/KvaserCar_outdoor_test/install/aeb_rover/lib/python3.10/site-packages/aeb_rover-0.0.0-py3.10.egg-info
running install_scripts
Installing aeb_node_closed script to /home/nvidia/KvaserCar_outdoor_test/install/aeb_rover/lib/aeb_rover
Installing aeb_node_open script to /home/nvidia/KvaserCar_outdoor_test/install/aeb_rover/lib/aeb_rover
Installing aeb_outdoor script to /home/nvidia/KvaserCar_outdoor_test/install/aeb_rover/lib/aeb_rover
writing list of installed files to '/home/nvidia/KvaserCar_outdoor_test/build/aeb_rover/install.log'
