/home/nvidia/KvaserCar_outdoor_test/install/aeb_rover/lib/python3.10/site-packages/aeb_rover/aeb_outdoor.py
/home/nvidia/KvaserCar_outdoor_test/install/aeb_rover/lib/python3.10/site-packages/aeb_rover/aeb_rover_node.py
/home/nvidia/KvaserCar_outdoor_test/install/aeb_rover/lib/python3.10/site-packages/aeb_rover/__init__.py
/home/nvidia/KvaserCar_outdoor_test/install/aeb_rover/lib/python3.10/site-packages/aeb_rover/PIctrl.py
/home/nvidia/KvaserCar_outdoor_test/install/aeb_rover/lib/python3.10/site-packages/aeb_rover/__pycache__/aeb_outdoor.cpython-310.pyc
/home/nvidia/KvaserCar_outdoor_test/install/aeb_rover/lib/python3.10/site-packages/aeb_rover/__pycache__/aeb_rover_node.cpython-310.pyc
/home/nvidia/KvaserCar_outdoor_test/install/aeb_rover/lib/python3.10/site-packages/aeb_rover/__pycache__/__init__.cpython-310.pyc
/home/nvidia/KvaserCar_outdoor_test/install/aeb_rover/lib/python3.10/site-packages/aeb_rover/__pycache__/PIctrl.cpython-310.pyc
/home/nvidia/KvaserCar_outdoor_test/install/aeb_rover/share/ament_index/resource_index/packages/aeb_rover
/home/nvidia/KvaserCar_outdoor_test/install/aeb_rover/share/aeb_rover/package.xml
/home/nvidia/KvaserCar_outdoor_test/install/aeb_rover/lib/python3.10/site-packages/aeb_rover-0.0.0-py3.10.egg-info/SOURCES.txt
/home/nvidia/KvaserCar_outdoor_test/install/aeb_rover/lib/python3.10/site-packages/aeb_rover-0.0.0-py3.10.egg-info/top_level.txt
/home/nvidia/KvaserCar_outdoor_test/install/aeb_rover/lib/python3.10/site-packages/aeb_rover-0.0.0-py3.10.egg-info/zip-safe
/home/nvidia/KvaserCar_outdoor_test/install/aeb_rover/lib/python3.10/site-packages/aeb_rover-0.0.0-py3.10.egg-info/dependency_links.txt
/home/nvidia/KvaserCar_outdoor_test/install/aeb_rover/lib/python3.10/site-packages/aeb_rover-0.0.0-py3.10.egg-info/entry_points.txt
/home/nvidia/KvaserCar_outdoor_test/install/aeb_rover/lib/python3.10/site-packages/aeb_rover-0.0.0-py3.10.egg-info/PKG-INFO
/home/nvidia/KvaserCar_outdoor_test/install/aeb_rover/lib/python3.10/site-packages/aeb_rover-0.0.0-py3.10.egg-info/requires.txt
/home/nvidia/KvaserCar_outdoor_test/install/aeb_rover/lib/aeb_rover/aeb_node_closed
/home/nvidia/KvaserCar_outdoor_test/install/aeb_rover/lib/aeb_rover/aeb_node_open
/home/nvidia/KvaserCar_outdoor_test/install/aeb_rover/lib/aeb_rover/aeb_outdoor
