[0.221s] DEBUG:colcon:Command line arguments: ['/usr/bin/colcon', 'build']
[0.221s] DEBUG:colcon:Parsed command line arguments: Namespace(log_base=None, log_level=None, verb_name='build', build_base='build', install_base='install', merge_install=False, symlink_install=False, test_result_base=None, continue_on_error=False, executor='parallel', parallel_workers=8, event_handlers=None, ignore_user_meta=False, metas=['./colcon.meta'], base_paths=['.'], packages_ignore=None, packages_ignore_regex=None, paths=None, packages_up_to=None, packages_up_to_regex=None, packages_above=None, packages_above_and_dependencies=None, packages_above_depth=None, packages_select_by_dep=None, packages_skip_by_dep=None, packages_skip_up_to=None, packages_select_build_failed=False, packages_skip_build_finished=False, packages_select_test_failures=False, packages_skip_test_passed=False, packages_select=None, packages_skip=None, packages_select_regex=None, packages_skip_regex=None, packages_start=None, packages_end=None, allow_overriding=[], cmake_args=None, cmake_target=None, cmake_target_skip_unavailable=False, cmake_clean_cache=False, cmake_clean_first=False, cmake_force_configure=False, ament_cmake_args=None, catkin_cmake_args=None, catkin_skip_building_tests=False, mixin_files=None, mixin=None, verb_parser=<colcon_mixin.mixin.mixin_argument.MixinArgumentDecorator object at 0xffff9eed8910>, verb_extension=<colcon_core.verb.build.BuildVerb object at 0xffff9eed82e0>, main=<bound method BuildVerb.main of <colcon_core.verb.build.BuildVerb object at 0xffff9eed82e0>>, mixin_verb=('build',))
[0.607s] Level 1:colcon.colcon_core.package_discovery:discover_packages(colcon_meta) check parameters
[0.607s] Level 1:colcon.colcon_core.package_discovery:discover_packages(recursive) check parameters
[0.607s] Level 1:colcon.colcon_core.package_discovery:discover_packages(ignore) check parameters
[0.607s] Level 1:colcon.colcon_core.package_discovery:discover_packages(path) check parameters
[0.607s] Level 1:colcon.colcon_core.package_discovery:discover_packages(colcon_meta) discover
[0.608s] Level 1:colcon.colcon_core.package_discovery:discover_packages(recursive) discover
[0.608s] INFO:colcon.colcon_core.package_discovery:Crawling recursively for packages in '/home/nvidia/KvaserCar_outdoor_test'
[0.608s] Level 1:colcon.colcon_core.package_identification:_identify(.) by extensions ['ignore', 'ignore_ament_install']
[0.608s] Level 1:colcon.colcon_core.package_identification:_identify(.) by extension 'ignore'
[0.608s] Level 1:colcon.colcon_core.package_identification:_identify(.) by extension 'ignore_ament_install'
[0.609s] Level 1:colcon.colcon_core.package_identification:_identify(.) by extensions ['colcon_pkg']
[0.609s] Level 1:colcon.colcon_core.package_identification:_identify(.) by extension 'colcon_pkg'
[0.609s] Level 1:colcon.colcon_core.package_identification:_identify(.) by extensions ['colcon_meta']
[0.609s] Level 1:colcon.colcon_core.package_identification:_identify(.) by extension 'colcon_meta'
[0.609s] Level 1:colcon.colcon_core.package_identification:_identify(.) by extensions ['ros']
[0.609s] Level 1:colcon.colcon_core.package_identification:_identify(.) by extension 'ros'
[0.652s] Level 1:colcon.colcon_core.package_identification:_identify(.) by extensions ['cmake', 'python']
[0.652s] Level 1:colcon.colcon_core.package_identification:_identify(.) by extension 'cmake'
[0.652s] Level 1:colcon.colcon_core.package_identification:_identify(.) by extension 'python'
[0.652s] Level 1:colcon.colcon_core.package_identification:_identify(.) by extensions ['python_setup_py']
[0.652s] Level 1:colcon.colcon_core.package_identification:_identify(.) by extension 'python_setup_py'
[0.652s] Level 1:colcon.colcon_core.package_identification:_identify(build) by extensions ['ignore', 'ignore_ament_install']
[0.653s] Level 1:colcon.colcon_core.package_identification:_identify(build) by extension 'ignore'
[0.653s] Level 1:colcon.colcon_core.package_identification:_identify(build) ignored
[0.653s] Level 1:colcon.colcon_core.package_identification:_identify(data) by extensions ['ignore', 'ignore_ament_install']
[0.653s] Level 1:colcon.colcon_core.package_identification:_identify(data) by extension 'ignore'
[0.653s] Level 1:colcon.colcon_core.package_identification:_identify(data) by extension 'ignore_ament_install'
[0.653s] Level 1:colcon.colcon_core.package_identification:_identify(data) by extensions ['colcon_pkg']
[0.654s] Level 1:colcon.colcon_core.package_identification:_identify(data) by extension 'colcon_pkg'
[0.654s] Level 1:colcon.colcon_core.package_identification:_identify(data) by extensions ['colcon_meta']
[0.654s] Level 1:colcon.colcon_core.package_identification:_identify(data) by extension 'colcon_meta'
[0.654s] Level 1:colcon.colcon_core.package_identification:_identify(data) by extensions ['ros']
[0.654s] Level 1:colcon.colcon_core.package_identification:_identify(data) by extension 'ros'
[0.654s] Level 1:colcon.colcon_core.package_identification:_identify(data) by extensions ['cmake', 'python']
[0.654s] Level 1:colcon.colcon_core.package_identification:_identify(data) by extension 'cmake'
[0.654s] Level 1:colcon.colcon_core.package_identification:_identify(data) by extension 'python'
[0.654s] Level 1:colcon.colcon_core.package_identification:_identify(data) by extensions ['python_setup_py']
[0.654s] Level 1:colcon.colcon_core.package_identification:_identify(data) by extension 'python_setup_py'
[0.655s] Level 1:colcon.colcon_core.package_identification:_identify(install) by extensions ['ignore', 'ignore_ament_install']
[0.655s] Level 1:colcon.colcon_core.package_identification:_identify(install) by extension 'ignore'
[0.655s] Level 1:colcon.colcon_core.package_identification:_identify(install) ignored
[0.655s] Level 1:colcon.colcon_core.package_identification:_identify(log) by extensions ['ignore', 'ignore_ament_install']
[0.655s] Level 1:colcon.colcon_core.package_identification:_identify(log) by extension 'ignore'
[0.655s] Level 1:colcon.colcon_core.package_identification:_identify(log) ignored
[0.656s] Level 1:colcon.colcon_core.package_identification:_identify(src) by extensions ['ignore', 'ignore_ament_install']
[0.656s] Level 1:colcon.colcon_core.package_identification:_identify(src) by extension 'ignore'
[0.656s] Level 1:colcon.colcon_core.package_identification:_identify(src) by extension 'ignore_ament_install'
[0.656s] Level 1:colcon.colcon_core.package_identification:_identify(src) by extensions ['colcon_pkg']
[0.656s] Level 1:colcon.colcon_core.package_identification:_identify(src) by extension 'colcon_pkg'
[0.656s] Level 1:colcon.colcon_core.package_identification:_identify(src) by extensions ['colcon_meta']
[0.656s] Level 1:colcon.colcon_core.package_identification:_identify(src) by extension 'colcon_meta'
[0.656s] Level 1:colcon.colcon_core.package_identification:_identify(src) by extensions ['ros']
[0.656s] Level 1:colcon.colcon_core.package_identification:_identify(src) by extension 'ros'
[0.656s] Level 1:colcon.colcon_core.package_identification:_identify(src) by extensions ['cmake', 'python']
[0.657s] Level 1:colcon.colcon_core.package_identification:_identify(src) by extension 'cmake'
[0.657s] Level 1:colcon.colcon_core.package_identification:_identify(src) by extension 'python'
[0.657s] Level 1:colcon.colcon_core.package_identification:_identify(src) by extensions ['python_setup_py']
[0.657s] Level 1:colcon.colcon_core.package_identification:_identify(src) by extension 'python_setup_py'
[0.657s] Level 1:colcon.colcon_core.package_identification:_identify(src/aeb_rover) by extensions ['ignore', 'ignore_ament_install']
[0.657s] Level 1:colcon.colcon_core.package_identification:_identify(src/aeb_rover) by extension 'ignore'
[0.657s] Level 1:colcon.colcon_core.package_identification:_identify(src/aeb_rover) by extension 'ignore_ament_install'
[0.657s] Level 1:colcon.colcon_core.package_identification:_identify(src/aeb_rover) by extensions ['colcon_pkg']
[0.657s] Level 1:colcon.colcon_core.package_identification:_identify(src/aeb_rover) by extension 'colcon_pkg'
[0.657s] Level 1:colcon.colcon_core.package_identification:_identify(src/aeb_rover) by extensions ['colcon_meta']
[0.658s] Level 1:colcon.colcon_core.package_identification:_identify(src/aeb_rover) by extension 'colcon_meta'
[0.658s] Level 1:colcon.colcon_core.package_identification:_identify(src/aeb_rover) by extensions ['ros']
[0.658s] Level 1:colcon.colcon_core.package_identification:_identify(src/aeb_rover) by extension 'ros'
[0.662s] DEBUG:colcon.colcon_core.package_identification:Package 'src/aeb_rover' with type 'ros.ament_python' and name 'aeb_rover'
[0.663s] Level 1:colcon.colcon_core.package_identification:_identify(src/control_rover) by extensions ['ignore', 'ignore_ament_install']
[0.663s] Level 1:colcon.colcon_core.package_identification:_identify(src/control_rover) by extension 'ignore'
[0.663s] Level 1:colcon.colcon_core.package_identification:_identify(src/control_rover) by extension 'ignore_ament_install'
[0.663s] Level 1:colcon.colcon_core.package_identification:_identify(src/control_rover) by extensions ['colcon_pkg']
[0.663s] Level 1:colcon.colcon_core.package_identification:_identify(src/control_rover) by extension 'colcon_pkg'
[0.663s] Level 1:colcon.colcon_core.package_identification:_identify(src/control_rover) by extensions ['colcon_meta']
[0.663s] Level 1:colcon.colcon_core.package_identification:_identify(src/control_rover) by extension 'colcon_meta'
[0.663s] Level 1:colcon.colcon_core.package_identification:_identify(src/control_rover) by extensions ['ros']
[0.664s] Level 1:colcon.colcon_core.package_identification:_identify(src/control_rover) by extension 'ros'
[0.665s] DEBUG:colcon.colcon_core.package_identification:Package 'src/control_rover' with type 'ros.ament_python' and name 'control_rover'
[0.665s] Level 1:colcon.colcon_core.package_identification:_identify(src/norlab_xsens_driver) by extensions ['ignore', 'ignore_ament_install']
[0.665s] Level 1:colcon.colcon_core.package_identification:_identify(src/norlab_xsens_driver) by extension 'ignore'
[0.665s] Level 1:colcon.colcon_core.package_identification:_identify(src/norlab_xsens_driver) by extension 'ignore_ament_install'
[0.665s] Level 1:colcon.colcon_core.package_identification:_identify(src/norlab_xsens_driver) by extensions ['colcon_pkg']
[0.665s] Level 1:colcon.colcon_core.package_identification:_identify(src/norlab_xsens_driver) by extension 'colcon_pkg'
[0.665s] Level 1:colcon.colcon_core.package_identification:_identify(src/norlab_xsens_driver) by extensions ['colcon_meta']
[0.666s] Level 1:colcon.colcon_core.package_identification:_identify(src/norlab_xsens_driver) by extension 'colcon_meta'
[0.666s] Level 1:colcon.colcon_core.package_identification:_identify(src/norlab_xsens_driver) by extensions ['ros']
[0.666s] Level 1:colcon.colcon_core.package_identification:_identify(src/norlab_xsens_driver) by extension 'ros'
[0.667s] DEBUG:colcon.colcon_core.package_identification:Package 'src/norlab_xsens_driver' with type 'ros.ament_python' and name 'xsens_driver'
[0.668s] Level 1:colcon.colcon_core.package_identification:_identify(src/outdoor_test) by extensions ['ignore', 'ignore_ament_install']
[0.668s] Level 1:colcon.colcon_core.package_identification:_identify(src/outdoor_test) by extension 'ignore'
[0.668s] Level 1:colcon.colcon_core.package_identification:_identify(src/outdoor_test) by extension 'ignore_ament_install'
[0.668s] Level 1:colcon.colcon_core.package_identification:_identify(src/outdoor_test) by extensions ['colcon_pkg']
[0.668s] Level 1:colcon.colcon_core.package_identification:_identify(src/outdoor_test) by extension 'colcon_pkg'
[0.668s] Level 1:colcon.colcon_core.package_identification:_identify(src/outdoor_test) by extensions ['colcon_meta']
[0.668s] Level 1:colcon.colcon_core.package_identification:_identify(src/outdoor_test) by extension 'colcon_meta'
[0.669s] Level 1:colcon.colcon_core.package_identification:_identify(src/outdoor_test) by extensions ['ros']
[0.669s] Level 1:colcon.colcon_core.package_identification:_identify(src/outdoor_test) by extension 'ros'
[0.670s] DEBUG:colcon.colcon_core.package_identification:Package 'src/outdoor_test' with type 'ros.ament_python' and name 'outdoor_test'
[0.670s] Level 1:colcon.colcon_core.package_identification:_identify(src/tactical_node) by extensions ['ignore', 'ignore_ament_install']
[0.670s] Level 1:colcon.colcon_core.package_identification:_identify(src/tactical_node) by extension 'ignore'
[0.670s] Level 1:colcon.colcon_core.package_identification:_identify(src/tactical_node) by extension 'ignore_ament_install'
[0.670s] Level 1:colcon.colcon_core.package_identification:_identify(src/tactical_node) by extensions ['colcon_pkg']
[0.670s] Level 1:colcon.colcon_core.package_identification:_identify(src/tactical_node) by extension 'colcon_pkg'
[0.671s] Level 1:colcon.colcon_core.package_identification:_identify(src/tactical_node) by extensions ['colcon_meta']
[0.671s] Level 1:colcon.colcon_core.package_identification:_identify(src/tactical_node) by extension 'colcon_meta'
[0.671s] Level 1:colcon.colcon_core.package_identification:_identify(src/tactical_node) by extensions ['ros']
[0.671s] Level 1:colcon.colcon_core.package_identification:_identify(src/tactical_node) by extension 'ros'
[0.672s] DEBUG:colcon.colcon_core.package_identification:Package 'src/tactical_node' with type 'ros.ament_python' and name 'tactical_node'
[0.672s] Level 1:colcon.colcon_core.package_identification:_identify(src/visualize_car) by extensions ['ignore', 'ignore_ament_install']
[0.672s] Level 1:colcon.colcon_core.package_identification:_identify(src/visualize_car) by extension 'ignore'
[0.672s] Level 1:colcon.colcon_core.package_identification:_identify(src/visualize_car) by extension 'ignore_ament_install'
[0.672s] Level 1:colcon.colcon_core.package_identification:_identify(src/visualize_car) by extensions ['colcon_pkg']
[0.672s] Level 1:colcon.colcon_core.package_identification:_identify(src/visualize_car) by extension 'colcon_pkg'
[0.672s] Level 1:colcon.colcon_core.package_identification:_identify(src/visualize_car) by extensions ['colcon_meta']
[0.672s] Level 1:colcon.colcon_core.package_identification:_identify(src/visualize_car) by extension 'colcon_meta'
[0.673s] Level 1:colcon.colcon_core.package_identification:_identify(src/visualize_car) by extensions ['ros']
[0.673s] Level 1:colcon.colcon_core.package_identification:_identify(src/visualize_car) by extension 'ros'
[0.673s] DEBUG:colcon.colcon_core.package_identification:Package 'src/visualize_car' with type 'ros.ament_python' and name 'visualize_car'
[0.674s] Level 1:colcon.colcon_core.package_identification:_identify(src/wheel_odometry) by extensions ['ignore', 'ignore_ament_install']
[0.674s] Level 1:colcon.colcon_core.package_identification:_identify(src/wheel_odometry) by extension 'ignore'
[0.674s] Level 1:colcon.colcon_core.package_identification:_identify(src/wheel_odometry) by extension 'ignore_ament_install'
[0.674s] Level 1:colcon.colcon_core.package_identification:_identify(src/wheel_odometry) by extensions ['colcon_pkg']
[0.674s] Level 1:colcon.colcon_core.package_identification:_identify(src/wheel_odometry) by extension 'colcon_pkg'
[0.674s] Level 1:colcon.colcon_core.package_identification:_identify(src/wheel_odometry) by extensions ['colcon_meta']
[0.674s] Level 1:colcon.colcon_core.package_identification:_identify(src/wheel_odometry) by extension 'colcon_meta'
[0.674s] Level 1:colcon.colcon_core.package_identification:_identify(src/wheel_odometry) by extensions ['ros']
[0.675s] Level 1:colcon.colcon_core.package_identification:_identify(src/wheel_odometry) by extension 'ros'
[0.675s] DEBUG:colcon.colcon_core.package_identification:Package 'src/wheel_odometry' with type 'ros.ament_python' and name 'wheel_odometry'
[0.675s] Level 1:colcon.colcon_core.package_discovery:discover_packages(recursive) using defaults
[0.676s] Level 1:colcon.colcon_core.package_discovery:discover_packages(ignore) discover
[0.676s] Level 1:colcon.colcon_core.package_discovery:discover_packages(ignore) using defaults
[0.676s] Level 1:colcon.colcon_core.package_discovery:discover_packages(path) discover
[0.676s] Level 1:colcon.colcon_core.package_discovery:discover_packages(path) using defaults
[0.716s] Level 1:colcon.colcon_core.package_discovery:discover_packages(prefix_path) check parameters
[0.717s] Level 1:colcon.colcon_core.package_discovery:discover_packages(prefix_path) discover
[0.720s] DEBUG:colcon.colcon_installed_package_information.package_discovery:Found 7 installed packages in /home/nvidia/KvaserCar_outdoor_test/install
[0.723s] DEBUG:colcon.colcon_installed_package_information.package_discovery:Found 382 installed packages in /opt/ros/humble
[0.726s] Level 1:colcon.colcon_core.package_discovery:discover_packages(prefix_path) using defaults
[0.812s] Level 5:colcon.colcon_core.verb:set package 'aeb_rover' build argument 'cmake_args' from command line to 'None'
[0.812s] Level 5:colcon.colcon_core.verb:set package 'aeb_rover' build argument 'cmake_target' from command line to 'None'
[0.812s] Level 5:colcon.colcon_core.verb:set package 'aeb_rover' build argument 'cmake_target_skip_unavailable' from command line to 'False'
[0.812s] Level 5:colcon.colcon_core.verb:set package 'aeb_rover' build argument 'cmake_clean_cache' from command line to 'False'
[0.812s] Level 5:colcon.colcon_core.verb:set package 'aeb_rover' build argument 'cmake_clean_first' from command line to 'False'
[0.812s] Level 5:colcon.colcon_core.verb:set package 'aeb_rover' build argument 'cmake_force_configure' from command line to 'False'
[0.812s] Level 5:colcon.colcon_core.verb:set package 'aeb_rover' build argument 'ament_cmake_args' from command line to 'None'
[0.812s] Level 5:colcon.colcon_core.verb:set package 'aeb_rover' build argument 'catkin_cmake_args' from command line to 'None'
[0.812s] Level 5:colcon.colcon_core.verb:set package 'aeb_rover' build argument 'catkin_skip_building_tests' from command line to 'False'
[0.812s] DEBUG:colcon.colcon_core.verb:Building package 'aeb_rover' with the following arguments: {'ament_cmake_args': None, 'build_base': '/home/nvidia/KvaserCar_outdoor_test/build/aeb_rover', 'catkin_cmake_args': None, 'catkin_skip_building_tests': False, 'cmake_args': None, 'cmake_clean_cache': False, 'cmake_clean_first': False, 'cmake_force_configure': False, 'cmake_target': None, 'cmake_target_skip_unavailable': False, 'install_base': '/home/nvidia/KvaserCar_outdoor_test/install/aeb_rover', 'merge_install': False, 'path': '/home/nvidia/KvaserCar_outdoor_test/src/aeb_rover', 'symlink_install': False, 'test_result_base': None}
[0.813s] Level 5:colcon.colcon_core.verb:set package 'control_rover' build argument 'cmake_args' from command line to 'None'
[0.813s] Level 5:colcon.colcon_core.verb:set package 'control_rover' build argument 'cmake_target' from command line to 'None'
[0.813s] Level 5:colcon.colcon_core.verb:set package 'control_rover' build argument 'cmake_target_skip_unavailable' from command line to 'False'
[0.813s] Level 5:colcon.colcon_core.verb:set package 'control_rover' build argument 'cmake_clean_cache' from command line to 'False'
[0.813s] Level 5:colcon.colcon_core.verb:set package 'control_rover' build argument 'cmake_clean_first' from command line to 'False'
[0.813s] Level 5:colcon.colcon_core.verb:set package 'control_rover' build argument 'cmake_force_configure' from command line to 'False'
[0.813s] Level 5:colcon.colcon_core.verb:set package 'control_rover' build argument 'ament_cmake_args' from command line to 'None'
[0.813s] Level 5:colcon.colcon_core.verb:set package 'control_rover' build argument 'catkin_cmake_args' from command line to 'None'
[0.813s] Level 5:colcon.colcon_core.verb:set package 'control_rover' build argument 'catkin_skip_building_tests' from command line to 'False'
[0.813s] DEBUG:colcon.colcon_core.verb:Building package 'control_rover' with the following arguments: {'ament_cmake_args': None, 'build_base': '/home/nvidia/KvaserCar_outdoor_test/build/control_rover', 'catkin_cmake_args': None, 'catkin_skip_building_tests': False, 'cmake_args': None, 'cmake_clean_cache': False, 'cmake_clean_first': False, 'cmake_force_configure': False, 'cmake_target': None, 'cmake_target_skip_unavailable': False, 'install_base': '/home/nvidia/KvaserCar_outdoor_test/install/control_rover', 'merge_install': False, 'path': '/home/nvidia/KvaserCar_outdoor_test/src/control_rover', 'symlink_install': False, 'test_result_base': None}
[0.814s] Level 5:colcon.colcon_core.verb:set package 'outdoor_test' build argument 'cmake_args' from command line to 'None'
[0.814s] Level 5:colcon.colcon_core.verb:set package 'outdoor_test' build argument 'cmake_target' from command line to 'None'
[0.814s] Level 5:colcon.colcon_core.verb:set package 'outdoor_test' build argument 'cmake_target_skip_unavailable' from command line to 'False'
[0.814s] Level 5:colcon.colcon_core.verb:set package 'outdoor_test' build argument 'cmake_clean_cache' from command line to 'False'
[0.814s] Level 5:colcon.colcon_core.verb:set package 'outdoor_test' build argument 'cmake_clean_first' from command line to 'False'
[0.814s] Level 5:colcon.colcon_core.verb:set package 'outdoor_test' build argument 'cmake_force_configure' from command line to 'False'
[0.814s] Level 5:colcon.colcon_core.verb:set package 'outdoor_test' build argument 'ament_cmake_args' from command line to 'None'
[0.814s] Level 5:colcon.colcon_core.verb:set package 'outdoor_test' build argument 'catkin_cmake_args' from command line to 'None'
[0.815s] Level 5:colcon.colcon_core.verb:set package 'outdoor_test' build argument 'catkin_skip_building_tests' from command line to 'False'
[0.815s] DEBUG:colcon.colcon_core.verb:Building package 'outdoor_test' with the following arguments: {'ament_cmake_args': None, 'build_base': '/home/nvidia/KvaserCar_outdoor_test/build/outdoor_test', 'catkin_cmake_args': None, 'catkin_skip_building_tests': False, 'cmake_args': None, 'cmake_clean_cache': False, 'cmake_clean_first': False, 'cmake_force_configure': False, 'cmake_target': None, 'cmake_target_skip_unavailable': False, 'install_base': '/home/nvidia/KvaserCar_outdoor_test/install/outdoor_test', 'merge_install': False, 'path': '/home/nvidia/KvaserCar_outdoor_test/src/outdoor_test', 'symlink_install': False, 'test_result_base': None}
[0.815s] Level 5:colcon.colcon_core.verb:set package 'tactical_node' build argument 'cmake_args' from command line to 'None'
[0.815s] Level 5:colcon.colcon_core.verb:set package 'tactical_node' build argument 'cmake_target' from command line to 'None'
[0.815s] Level 5:colcon.colcon_core.verb:set package 'tactical_node' build argument 'cmake_target_skip_unavailable' from command line to 'False'
[0.815s] Level 5:colcon.colcon_core.verb:set package 'tactical_node' build argument 'cmake_clean_cache' from command line to 'False'
[0.815s] Level 5:colcon.colcon_core.verb:set package 'tactical_node' build argument 'cmake_clean_first' from command line to 'False'
[0.815s] Level 5:colcon.colcon_core.verb:set package 'tactical_node' build argument 'cmake_force_configure' from command line to 'False'
[0.815s] Level 5:colcon.colcon_core.verb:set package 'tactical_node' build argument 'ament_cmake_args' from command line to 'None'
[0.816s] Level 5:colcon.colcon_core.verb:set package 'tactical_node' build argument 'catkin_cmake_args' from command line to 'None'
[0.816s] Level 5:colcon.colcon_core.verb:set package 'tactical_node' build argument 'catkin_skip_building_tests' from command line to 'False'
[0.816s] DEBUG:colcon.colcon_core.verb:Building package 'tactical_node' with the following arguments: {'ament_cmake_args': None, 'build_base': '/home/nvidia/KvaserCar_outdoor_test/build/tactical_node', 'catkin_cmake_args': None, 'catkin_skip_building_tests': False, 'cmake_args': None, 'cmake_clean_cache': False, 'cmake_clean_first': False, 'cmake_force_configure': False, 'cmake_target': None, 'cmake_target_skip_unavailable': False, 'install_base': '/home/nvidia/KvaserCar_outdoor_test/install/tactical_node', 'merge_install': False, 'path': '/home/nvidia/KvaserCar_outdoor_test/src/tactical_node', 'symlink_install': False, 'test_result_base': None}
[0.816s] Level 5:colcon.colcon_core.verb:set package 'visualize_car' build argument 'cmake_args' from command line to 'None'
[0.816s] Level 5:colcon.colcon_core.verb:set package 'visualize_car' build argument 'cmake_target' from command line to 'None'
[0.816s] Level 5:colcon.colcon_core.verb:set package 'visualize_car' build argument 'cmake_target_skip_unavailable' from command line to 'False'
[0.816s] Level 5:colcon.colcon_core.verb:set package 'visualize_car' build argument 'cmake_clean_cache' from command line to 'False'
[0.816s] Level 5:colcon.colcon_core.verb:set package 'visualize_car' build argument 'cmake_clean_first' from command line to 'False'
[0.816s] Level 5:colcon.colcon_core.verb:set package 'visualize_car' build argument 'cmake_force_configure' from command line to 'False'
[0.817s] Level 5:colcon.colcon_core.verb:set package 'visualize_car' build argument 'ament_cmake_args' from command line to 'None'
[0.817s] Level 5:colcon.colcon_core.verb:set package 'visualize_car' build argument 'catkin_cmake_args' from command line to 'None'
[0.817s] Level 5:colcon.colcon_core.verb:set package 'visualize_car' build argument 'catkin_skip_building_tests' from command line to 'False'
[0.817s] DEBUG:colcon.colcon_core.verb:Building package 'visualize_car' with the following arguments: {'ament_cmake_args': None, 'build_base': '/home/nvidia/KvaserCar_outdoor_test/build/visualize_car', 'catkin_cmake_args': None, 'catkin_skip_building_tests': False, 'cmake_args': None, 'cmake_clean_cache': False, 'cmake_clean_first': False, 'cmake_force_configure': False, 'cmake_target': None, 'cmake_target_skip_unavailable': False, 'install_base': '/home/nvidia/KvaserCar_outdoor_test/install/visualize_car', 'merge_install': False, 'path': '/home/nvidia/KvaserCar_outdoor_test/src/visualize_car', 'symlink_install': False, 'test_result_base': None}
[0.817s] Level 5:colcon.colcon_core.verb:set package 'wheel_odometry' build argument 'cmake_args' from command line to 'None'
[0.817s] Level 5:colcon.colcon_core.verb:set package 'wheel_odometry' build argument 'cmake_target' from command line to 'None'
[0.817s] Level 5:colcon.colcon_core.verb:set package 'wheel_odometry' build argument 'cmake_target_skip_unavailable' from command line to 'False'
[0.817s] Level 5:colcon.colcon_core.verb:set package 'wheel_odometry' build argument 'cmake_clean_cache' from command line to 'False'
[0.817s] Level 5:colcon.colcon_core.verb:set package 'wheel_odometry' build argument 'cmake_clean_first' from command line to 'False'
[0.817s] Level 5:colcon.colcon_core.verb:set package 'wheel_odometry' build argument 'cmake_force_configure' from command line to 'False'
[0.817s] Level 5:colcon.colcon_core.verb:set package 'wheel_odometry' build argument 'ament_cmake_args' from command line to 'None'
[0.818s] Level 5:colcon.colcon_core.verb:set package 'wheel_odometry' build argument 'catkin_cmake_args' from command line to 'None'
[0.818s] Level 5:colcon.colcon_core.verb:set package 'wheel_odometry' build argument 'catkin_skip_building_tests' from command line to 'False'
[0.818s] DEBUG:colcon.colcon_core.verb:Building package 'wheel_odometry' with the following arguments: {'ament_cmake_args': None, 'build_base': '/home/nvidia/KvaserCar_outdoor_test/build/wheel_odometry', 'catkin_cmake_args': None, 'catkin_skip_building_tests': False, 'cmake_args': None, 'cmake_clean_cache': False, 'cmake_clean_first': False, 'cmake_force_configure': False, 'cmake_target': None, 'cmake_target_skip_unavailable': False, 'install_base': '/home/nvidia/KvaserCar_outdoor_test/install/wheel_odometry', 'merge_install': False, 'path': '/home/nvidia/KvaserCar_outdoor_test/src/wheel_odometry', 'symlink_install': False, 'test_result_base': None}
[0.818s] Level 5:colcon.colcon_core.verb:set package 'xsens_driver' build argument 'cmake_args' from command line to 'None'
[0.818s] Level 5:colcon.colcon_core.verb:set package 'xsens_driver' build argument 'cmake_target' from command line to 'None'
[0.818s] Level 5:colcon.colcon_core.verb:set package 'xsens_driver' build argument 'cmake_target_skip_unavailable' from command line to 'False'
[0.818s] Level 5:colcon.colcon_core.verb:set package 'xsens_driver' build argument 'cmake_clean_cache' from command line to 'False'
[0.818s] Level 5:colcon.colcon_core.verb:set package 'xsens_driver' build argument 'cmake_clean_first' from command line to 'False'
[0.818s] Level 5:colcon.colcon_core.verb:set package 'xsens_driver' build argument 'cmake_force_configure' from command line to 'False'
[0.818s] Level 5:colcon.colcon_core.verb:set package 'xsens_driver' build argument 'ament_cmake_args' from command line to 'None'
[0.819s] Level 5:colcon.colcon_core.verb:set package 'xsens_driver' build argument 'catkin_cmake_args' from command line to 'None'
[0.819s] Level 5:colcon.colcon_core.verb:set package 'xsens_driver' build argument 'catkin_skip_building_tests' from command line to 'False'
[0.819s] DEBUG:colcon.colcon_core.verb:Building package 'xsens_driver' with the following arguments: {'ament_cmake_args': None, 'build_base': '/home/nvidia/KvaserCar_outdoor_test/build/xsens_driver', 'catkin_cmake_args': None, 'catkin_skip_building_tests': False, 'cmake_args': None, 'cmake_clean_cache': False, 'cmake_clean_first': False, 'cmake_force_configure': False, 'cmake_target': None, 'cmake_target_skip_unavailable': False, 'install_base': '/home/nvidia/KvaserCar_outdoor_test/install/xsens_driver', 'merge_install': False, 'path': '/home/nvidia/KvaserCar_outdoor_test/src/norlab_xsens_driver', 'symlink_install': False, 'test_result_base': None}
[0.819s] INFO:colcon.colcon_core.executor:Executing jobs using 'parallel' executor
[0.821s] DEBUG:colcon.colcon_parallel_executor.executor.parallel:run_until_complete
[0.821s] INFO:colcon.colcon_ros.task.ament_python.build:Building ROS package in '/home/nvidia/KvaserCar_outdoor_test/src/aeb_rover' with build type 'ament_python'
[0.822s] Level 1:colcon.colcon_core.shell:create_environment_hook('aeb_rover', 'ament_prefix_path')
[0.826s] INFO:colcon.colcon_core.plugin_system:Skipping extension 'colcon_core.shell.bat': Not used on non-Windows systems
[0.827s] INFO:colcon.colcon_core.shell:Creating environment hook '/home/nvidia/KvaserCar_outdoor_test/install/aeb_rover/share/aeb_rover/hook/ament_prefix_path.ps1'
[0.828s] INFO:colcon.colcon_core.shell:Creating environment descriptor '/home/nvidia/KvaserCar_outdoor_test/install/aeb_rover/share/aeb_rover/hook/ament_prefix_path.dsv'
[0.829s] INFO:colcon.colcon_core.shell:Creating environment hook '/home/nvidia/KvaserCar_outdoor_test/install/aeb_rover/share/aeb_rover/hook/ament_prefix_path.sh'
[0.830s] INFO:colcon.colcon_core.shell:Skip shell extension 'powershell' for command environment: Not usable outside of PowerShell
[0.830s] DEBUG:colcon.colcon_core.shell:Skip shell extension 'dsv' for command environment
[0.837s] INFO:colcon.colcon_ros.task.ament_python.build:Building ROS package in '/home/nvidia/KvaserCar_outdoor_test/src/control_rover' with build type 'ament_python'
[0.837s] Level 1:colcon.colcon_core.shell:create_environment_hook('control_rover', 'ament_prefix_path')
[0.838s] INFO:colcon.colcon_core.shell:Creating environment hook '/home/nvidia/KvaserCar_outdoor_test/install/control_rover/share/control_rover/hook/ament_prefix_path.ps1'
[0.839s] INFO:colcon.colcon_core.shell:Creating environment descriptor '/home/nvidia/KvaserCar_outdoor_test/install/control_rover/share/control_rover/hook/ament_prefix_path.dsv'
[0.840s] INFO:colcon.colcon_core.shell:Creating environment hook '/home/nvidia/KvaserCar_outdoor_test/install/control_rover/share/control_rover/hook/ament_prefix_path.sh'
[0.841s] INFO:colcon.colcon_core.shell:Skip shell extension 'powershell' for command environment: Not usable outside of PowerShell
[0.841s] DEBUG:colcon.colcon_core.shell:Skip shell extension 'dsv' for command environment
[0.847s] INFO:colcon.colcon_ros.task.ament_python.build:Building ROS package in '/home/nvidia/KvaserCar_outdoor_test/src/outdoor_test' with build type 'ament_python'
[0.848s] Level 1:colcon.colcon_core.shell:create_environment_hook('outdoor_test', 'ament_prefix_path')
[0.848s] INFO:colcon.colcon_core.shell:Creating environment hook '/home/nvidia/KvaserCar_outdoor_test/install/outdoor_test/share/outdoor_test/hook/ament_prefix_path.ps1'
[0.849s] INFO:colcon.colcon_core.shell:Creating environment descriptor '/home/nvidia/KvaserCar_outdoor_test/install/outdoor_test/share/outdoor_test/hook/ament_prefix_path.dsv'
[0.850s] INFO:colcon.colcon_core.shell:Creating environment hook '/home/nvidia/KvaserCar_outdoor_test/install/outdoor_test/share/outdoor_test/hook/ament_prefix_path.sh'
[0.851s] INFO:colcon.colcon_core.shell:Skip shell extension 'powershell' for command environment: Not usable outside of PowerShell
[0.851s] DEBUG:colcon.colcon_core.shell:Skip shell extension 'dsv' for command environment
[0.857s] INFO:colcon.colcon_ros.task.ament_python.build:Building ROS package in '/home/nvidia/KvaserCar_outdoor_test/src/tactical_node' with build type 'ament_python'
[0.857s] Level 1:colcon.colcon_core.shell:create_environment_hook('tactical_node', 'ament_prefix_path')
[0.858s] INFO:colcon.colcon_core.shell:Creating environment hook '/home/nvidia/KvaserCar_outdoor_test/install/tactical_node/share/tactical_node/hook/ament_prefix_path.ps1'
[0.859s] INFO:colcon.colcon_core.shell:Creating environment descriptor '/home/nvidia/KvaserCar_outdoor_test/install/tactical_node/share/tactical_node/hook/ament_prefix_path.dsv'
[0.860s] INFO:colcon.colcon_core.shell:Creating environment hook '/home/nvidia/KvaserCar_outdoor_test/install/tactical_node/share/tactical_node/hook/ament_prefix_path.sh'
[0.861s] INFO:colcon.colcon_core.shell:Skip shell extension 'powershell' for command environment: Not usable outside of PowerShell
[0.861s] DEBUG:colcon.colcon_core.shell:Skip shell extension 'dsv' for command environment
[0.867s] INFO:colcon.colcon_ros.task.ament_python.build:Building ROS package in '/home/nvidia/KvaserCar_outdoor_test/src/visualize_car' with build type 'ament_python'
[0.868s] Level 1:colcon.colcon_core.shell:create_environment_hook('visualize_car', 'ament_prefix_path')
[0.868s] INFO:colcon.colcon_core.shell:Creating environment hook '/home/nvidia/KvaserCar_outdoor_test/install/visualize_car/share/visualize_car/hook/ament_prefix_path.ps1'
[0.869s] INFO:colcon.colcon_core.shell:Creating environment descriptor '/home/nvidia/KvaserCar_outdoor_test/install/visualize_car/share/visualize_car/hook/ament_prefix_path.dsv'
[0.870s] INFO:colcon.colcon_core.shell:Creating environment hook '/home/nvidia/KvaserCar_outdoor_test/install/visualize_car/share/visualize_car/hook/ament_prefix_path.sh'
[0.871s] INFO:colcon.colcon_core.shell:Skip shell extension 'powershell' for command environment: Not usable outside of PowerShell
[0.871s] DEBUG:colcon.colcon_core.shell:Skip shell extension 'dsv' for command environment
[0.877s] INFO:colcon.colcon_ros.task.ament_python.build:Building ROS package in '/home/nvidia/KvaserCar_outdoor_test/src/wheel_odometry' with build type 'ament_python'
[0.878s] Level 1:colcon.colcon_core.shell:create_environment_hook('wheel_odometry', 'ament_prefix_path')
[0.878s] INFO:colcon.colcon_core.shell:Creating environment hook '/home/nvidia/KvaserCar_outdoor_test/install/wheel_odometry/share/wheel_odometry/hook/ament_prefix_path.ps1'
[0.879s] INFO:colcon.colcon_core.shell:Creating environment descriptor '/home/nvidia/KvaserCar_outdoor_test/install/wheel_odometry/share/wheel_odometry/hook/ament_prefix_path.dsv'
[0.880s] INFO:colcon.colcon_core.shell:Creating environment hook '/home/nvidia/KvaserCar_outdoor_test/install/wheel_odometry/share/wheel_odometry/hook/ament_prefix_path.sh'
[0.881s] INFO:colcon.colcon_core.shell:Skip shell extension 'powershell' for command environment: Not usable outside of PowerShell
[0.881s] DEBUG:colcon.colcon_core.shell:Skip shell extension 'dsv' for command environment
[0.887s] INFO:colcon.colcon_ros.task.ament_python.build:Building ROS package in '/home/nvidia/KvaserCar_outdoor_test/src/norlab_xsens_driver' with build type 'ament_python'
[0.887s] Level 1:colcon.colcon_core.shell:create_environment_hook('xsens_driver', 'ament_prefix_path')
[0.888s] INFO:colcon.colcon_core.shell:Creating environment hook '/home/nvidia/KvaserCar_outdoor_test/install/xsens_driver/share/xsens_driver/hook/ament_prefix_path.ps1'
[0.889s] INFO:colcon.colcon_core.shell:Creating environment descriptor '/home/nvidia/KvaserCar_outdoor_test/install/xsens_driver/share/xsens_driver/hook/ament_prefix_path.dsv'
[0.890s] INFO:colcon.colcon_core.shell:Creating environment hook '/home/nvidia/KvaserCar_outdoor_test/install/xsens_driver/share/xsens_driver/hook/ament_prefix_path.sh'
[0.891s] INFO:colcon.colcon_core.shell:Skip shell extension 'powershell' for command environment: Not usable outside of PowerShell
[0.891s] DEBUG:colcon.colcon_core.shell:Skip shell extension 'dsv' for command environment
[1.468s] INFO:colcon.colcon_core.task.python.build:Building Python package in '/home/nvidia/KvaserCar_outdoor_test/src/aeb_rover'
[1.469s] INFO:colcon.colcon_core.shell:Skip shell extension 'powershell' for command environment: Not usable outside of PowerShell
[1.469s] DEBUG:colcon.colcon_core.shell:Skip shell extension 'dsv' for command environment
[2.044s] INFO:colcon.colcon_core.task.python.build:Building Python package in '/home/nvidia/KvaserCar_outdoor_test/src/control_rover'
[2.045s] INFO:colcon.colcon_core.shell:Skip shell extension 'powershell' for command environment: Not usable outside of PowerShell
[2.045s] DEBUG:colcon.colcon_core.shell:Skip shell extension 'dsv' for command environment
[2.661s] INFO:colcon.colcon_core.task.python.build:Building Python package in '/home/nvidia/KvaserCar_outdoor_test/src/outdoor_test'
[2.662s] INFO:colcon.colcon_core.shell:Skip shell extension 'powershell' for command environment: Not usable outside of PowerShell
[2.662s] DEBUG:colcon.colcon_core.shell:Skip shell extension 'dsv' for command environment
[3.243s] INFO:colcon.colcon_core.task.python.build:Building Python package in '/home/nvidia/KvaserCar_outdoor_test/src/tactical_node'
[3.244s] INFO:colcon.colcon_core.shell:Skip shell extension 'powershell' for command environment: Not usable outside of PowerShell
[3.244s] DEBUG:colcon.colcon_core.shell:Skip shell extension 'dsv' for command environment
[3.840s] INFO:colcon.colcon_core.task.python.build:Building Python package in '/home/nvidia/KvaserCar_outdoor_test/src/visualize_car'
[3.841s] INFO:colcon.colcon_core.shell:Skip shell extension 'powershell' for command environment: Not usable outside of PowerShell
[3.841s] DEBUG:colcon.colcon_core.shell:Skip shell extension 'dsv' for command environment
[4.415s] INFO:colcon.colcon_core.task.python.build:Building Python package in '/home/nvidia/KvaserCar_outdoor_test/src/wheel_odometry'
[4.416s] INFO:colcon.colcon_core.shell:Skip shell extension 'powershell' for command environment: Not usable outside of PowerShell
[4.416s] DEBUG:colcon.colcon_core.shell:Skip shell extension 'dsv' for command environment
[4.996s] INFO:colcon.colcon_core.task.python.build:Building Python package in '/home/nvidia/KvaserCar_outdoor_test/src/norlab_xsens_driver'
[4.997s] INFO:colcon.colcon_core.shell:Skip shell extension 'powershell' for command environment: Not usable outside of PowerShell
[4.998s] DEBUG:colcon.colcon_core.shell:Skip shell extension 'dsv' for command environment
[6.418s] DEBUG:colcon.colcon_core.event_handler.log_command:Invoking command in '/home/nvidia/KvaserCar_outdoor_test/src/wheel_odometry': PYTHONPATH=/home/nvidia/KvaserCar_outdoor_test/build/wheel_odometry/prefix_override:/usr/lib/python3/dist-packages/colcon_core/task/python/colcon_distutils_commands:/home/nvidia/KvaserCar_outdoor_test/install/wheel_odometry/lib/python3.10/site-packages:${PYTHONPATH} /usr/bin/python3 -W ignore:setup.py install is deprecated -W ignore:easy_install command is deprecated setup.py egg_info --egg-base ../../build/wheel_odometry build --build-base /home/nvidia/KvaserCar_outdoor_test/build/wheel_odometry/build install --record /home/nvidia/KvaserCar_outdoor_test/build/wheel_odometry/install.log --single-version-externally-managed install_data
[6.441s] DEBUG:colcon.colcon_core.event_handler.log_command:Invoking command in '/home/nvidia/KvaserCar_outdoor_test/src/outdoor_test': PYTHONPATH=/home/nvidia/KvaserCar_outdoor_test/build/outdoor_test/prefix_override:/usr/lib/python3/dist-packages/colcon_core/task/python/colcon_distutils_commands:/home/nvidia/KvaserCar_outdoor_test/install/outdoor_test/lib/python3.10/site-packages:${PYTHONPATH} /usr/bin/python3 -W ignore:setup.py install is deprecated -W ignore:easy_install command is deprecated setup.py egg_info --egg-base ../../build/outdoor_test build --build-base /home/nvidia/KvaserCar_outdoor_test/build/outdoor_test/build install --record /home/nvidia/KvaserCar_outdoor_test/build/outdoor_test/install.log --single-version-externally-managed install_data
[6.513s] DEBUG:colcon.colcon_core.event_handler.log_command:Invoking command in '/home/nvidia/KvaserCar_outdoor_test/src/control_rover': PYTHONPATH=/home/nvidia/KvaserCar_outdoor_test/build/control_rover/prefix_override:/usr/lib/python3/dist-packages/colcon_core/task/python/colcon_distutils_commands:/home/nvidia/KvaserCar_outdoor_test/install/control_rover/lib/python3.10/site-packages:${PYTHONPATH} /usr/bin/python3 -W ignore:setup.py install is deprecated -W ignore:easy_install command is deprecated setup.py egg_info --egg-base ../../build/control_rover build --build-base /home/nvidia/KvaserCar_outdoor_test/build/control_rover/build install --record /home/nvidia/KvaserCar_outdoor_test/build/control_rover/install.log --single-version-externally-managed install_data
[6.546s] DEBUG:colcon.colcon_core.event_handler.log_command:Invoking command in '/home/nvidia/KvaserCar_outdoor_test/src/norlab_xsens_driver': PYTHONPATH=/home/nvidia/KvaserCar_outdoor_test/build/xsens_driver/prefix_override:/usr/lib/python3/dist-packages/colcon_core/task/python/colcon_distutils_commands:/home/nvidia/KvaserCar_outdoor_test/install/xsens_driver/lib/python3.10/site-packages:${PYTHONPATH} /usr/bin/python3 -W ignore:setup.py install is deprecated -W ignore:easy_install command is deprecated setup.py egg_info --egg-base ../../build/xsens_driver build --build-base /home/nvidia/KvaserCar_outdoor_test/build/xsens_driver/build install --record /home/nvidia/KvaserCar_outdoor_test/build/xsens_driver/install.log --single-version-externally-managed install_data
[6.573s] DEBUG:colcon.colcon_core.event_handler.log_command:Invoking command in '/home/nvidia/KvaserCar_outdoor_test/src/visualize_car': PYTHONPATH=/home/nvidia/KvaserCar_outdoor_test/build/visualize_car/prefix_override:/usr/lib/python3/dist-packages/colcon_core/task/python/colcon_distutils_commands:/home/nvidia/KvaserCar_outdoor_test/install/visualize_car/lib/python3.10/site-packages:${PYTHONPATH} /usr/bin/python3 -W ignore:setup.py install is deprecated -W ignore:easy_install command is deprecated setup.py egg_info --egg-base ../../build/visualize_car build --build-base /home/nvidia/KvaserCar_outdoor_test/build/visualize_car/build install --record /home/nvidia/KvaserCar_outdoor_test/build/visualize_car/install.log --single-version-externally-managed install_data
[6.603s] DEBUG:colcon.colcon_core.event_handler.log_command:Invoking command in '/home/nvidia/KvaserCar_outdoor_test/src/aeb_rover': PYTHONPATH=/home/nvidia/KvaserCar_outdoor_test/build/aeb_rover/prefix_override:/usr/lib/python3/dist-packages/colcon_core/task/python/colcon_distutils_commands:/home/nvidia/KvaserCar_outdoor_test/install/aeb_rover/lib/python3.10/site-packages:${PYTHONPATH} /usr/bin/python3 -W ignore:setup.py install is deprecated -W ignore:easy_install command is deprecated setup.py egg_info --egg-base ../../build/aeb_rover build --build-base /home/nvidia/KvaserCar_outdoor_test/build/aeb_rover/build install --record /home/nvidia/KvaserCar_outdoor_test/build/aeb_rover/install.log --single-version-externally-managed install_data
[6.621s] DEBUG:colcon.colcon_core.event_handler.log_command:Invoking command in '/home/nvidia/KvaserCar_outdoor_test/src/tactical_node': PYTHONPATH=/home/nvidia/KvaserCar_outdoor_test/build/tactical_node/prefix_override:/usr/lib/python3/dist-packages/colcon_core/task/python/colcon_distutils_commands:/home/nvidia/KvaserCar_outdoor_test/install/tactical_node/lib/python3.10/site-packages:${PYTHONPATH} /usr/bin/python3 -W ignore:setup.py install is deprecated -W ignore:easy_install command is deprecated setup.py egg_info --egg-base ../../build/tactical_node build --build-base /home/nvidia/KvaserCar_outdoor_test/build/tactical_node/build install --record /home/nvidia/KvaserCar_outdoor_test/build/tactical_node/install.log --single-version-externally-managed install_data
[7.275s] Level 1:colcon.colcon_core.environment:checking '/home/nvidia/KvaserCar_outdoor_test/install/wheel_odometry' for CMake module files
[7.276s] DEBUG:colcon.colcon_core.event_handler.log_command:Invoked command in '/home/nvidia/KvaserCar_outdoor_test/src/wheel_odometry' returned '0': PYTHONPATH=/home/nvidia/KvaserCar_outdoor_test/build/wheel_odometry/prefix_override:/usr/lib/python3/dist-packages/colcon_core/task/python/colcon_distutils_commands:/home/nvidia/KvaserCar_outdoor_test/install/wheel_odometry/lib/python3.10/site-packages:${PYTHONPATH} /usr/bin/python3 -W ignore:setup.py install is deprecated -W ignore:easy_install command is deprecated setup.py egg_info --egg-base ../../build/wheel_odometry build --build-base /home/nvidia/KvaserCar_outdoor_test/build/wheel_odometry/build install --record /home/nvidia/KvaserCar_outdoor_test/build/wheel_odometry/install.log --single-version-externally-managed install_data
[7.279s] Level 1:colcon.colcon_core.environment:checking '/home/nvidia/KvaserCar_outdoor_test/install/wheel_odometry' for CMake config files
[7.283s] Level 1:colcon.colcon_core.environment:checking '/home/nvidia/KvaserCar_outdoor_test/install/wheel_odometry/lib'
[7.289s] Level 1:colcon.colcon_core.environment:checking '/home/nvidia/KvaserCar_outdoor_test/install/wheel_odometry/bin'
[7.289s] Level 1:colcon.colcon_core.environment:checking '/home/nvidia/KvaserCar_outdoor_test/install/wheel_odometry/lib/pkgconfig/wheel_odometry.pc'
[7.290s] Level 1:colcon.colcon_core.environment:checking '/home/nvidia/KvaserCar_outdoor_test/install/wheel_odometry/lib/python3.10/site-packages'
[7.290s] Level 1:colcon.colcon_core.shell:create_environment_hook('wheel_odometry', 'pythonpath')
[7.295s] INFO:colcon.colcon_core.shell:Creating environment hook '/home/nvidia/KvaserCar_outdoor_test/install/wheel_odometry/share/wheel_odometry/hook/pythonpath.ps1'
[7.298s] INFO:colcon.colcon_core.shell:Creating environment descriptor '/home/nvidia/KvaserCar_outdoor_test/install/wheel_odometry/share/wheel_odometry/hook/pythonpath.dsv'
[7.299s] INFO:colcon.colcon_core.shell:Creating environment hook '/home/nvidia/KvaserCar_outdoor_test/install/wheel_odometry/share/wheel_odometry/hook/pythonpath.sh'
[7.300s] Level 1:colcon.colcon_core.environment:checking '/home/nvidia/KvaserCar_outdoor_test/install/wheel_odometry/bin'
[7.301s] Level 1:colcon.colcon_core.environment:create_environment_scripts_only(wheel_odometry)
[7.301s] INFO:colcon.colcon_core.shell:Creating package script '/home/nvidia/KvaserCar_outdoor_test/install/wheel_odometry/share/wheel_odometry/package.ps1'
[7.308s] INFO:colcon.colcon_core.shell:Creating package descriptor '/home/nvidia/KvaserCar_outdoor_test/install/wheel_odometry/share/wheel_odometry/package.dsv'
[7.317s] INFO:colcon.colcon_core.shell:Creating package script '/home/nvidia/KvaserCar_outdoor_test/install/wheel_odometry/share/wheel_odometry/package.sh'
[7.322s] INFO:colcon.colcon_core.shell:Creating package script '/home/nvidia/KvaserCar_outdoor_test/install/wheel_odometry/share/wheel_odometry/package.bash'
[7.326s] INFO:colcon.colcon_core.shell:Creating package script '/home/nvidia/KvaserCar_outdoor_test/install/wheel_odometry/share/wheel_odometry/package.zsh'
[7.328s] Level 1:colcon.colcon_core.environment:create_file_with_runtime_dependencies(/home/nvidia/KvaserCar_outdoor_test/install/wheel_odometry/share/colcon-core/packages/wheel_odometry)
[7.371s] Level 1:colcon.colcon_core.environment:checking '/home/nvidia/KvaserCar_outdoor_test/install/outdoor_test' for CMake module files
[7.372s] Level 1:colcon.colcon_core.environment:checking '/home/nvidia/KvaserCar_outdoor_test/install/outdoor_test' for CMake config files
[7.374s] DEBUG:colcon.colcon_core.event_handler.log_command:Invoked command in '/home/nvidia/KvaserCar_outdoor_test/src/outdoor_test' returned '0': PYTHONPATH=/home/nvidia/KvaserCar_outdoor_test/build/outdoor_test/prefix_override:/usr/lib/python3/dist-packages/colcon_core/task/python/colcon_distutils_commands:/home/nvidia/KvaserCar_outdoor_test/install/outdoor_test/lib/python3.10/site-packages:${PYTHONPATH} /usr/bin/python3 -W ignore:setup.py install is deprecated -W ignore:easy_install command is deprecated setup.py egg_info --egg-base ../../build/outdoor_test build --build-base /home/nvidia/KvaserCar_outdoor_test/build/outdoor_test/build install --record /home/nvidia/KvaserCar_outdoor_test/build/outdoor_test/install.log --single-version-externally-managed install_data
[7.377s] Level 1:colcon.colcon_core.environment:checking '/home/nvidia/KvaserCar_outdoor_test/install/outdoor_test/lib'
[7.377s] Level 1:colcon.colcon_core.environment:checking '/home/nvidia/KvaserCar_outdoor_test/install/outdoor_test/bin'
[7.378s] Level 1:colcon.colcon_core.environment:checking '/home/nvidia/KvaserCar_outdoor_test/install/outdoor_test/lib/pkgconfig/outdoor_test.pc'
[7.379s] Level 1:colcon.colcon_core.environment:checking '/home/nvidia/KvaserCar_outdoor_test/install/outdoor_test/lib/python3.10/site-packages'
[7.379s] Level 1:colcon.colcon_core.shell:create_environment_hook('outdoor_test', 'pythonpath')
[7.380s] INFO:colcon.colcon_core.shell:Creating environment hook '/home/nvidia/KvaserCar_outdoor_test/install/outdoor_test/share/outdoor_test/hook/pythonpath.ps1'
[7.382s] INFO:colcon.colcon_core.shell:Creating environment descriptor '/home/nvidia/KvaserCar_outdoor_test/install/outdoor_test/share/outdoor_test/hook/pythonpath.dsv'
[7.385s] INFO:colcon.colcon_core.shell:Creating environment hook '/home/nvidia/KvaserCar_outdoor_test/install/outdoor_test/share/outdoor_test/hook/pythonpath.sh'
[7.387s] Level 1:colcon.colcon_core.environment:checking '/home/nvidia/KvaserCar_outdoor_test/install/outdoor_test/bin'
[7.387s] Level 1:colcon.colcon_core.environment:create_environment_scripts_only(outdoor_test)
[7.388s] INFO:colcon.colcon_core.shell:Creating package script '/home/nvidia/KvaserCar_outdoor_test/install/outdoor_test/share/outdoor_test/package.ps1'
[7.390s] INFO:colcon.colcon_core.shell:Creating package descriptor '/home/nvidia/KvaserCar_outdoor_test/install/outdoor_test/share/outdoor_test/package.dsv'
[7.393s] INFO:colcon.colcon_core.shell:Creating package script '/home/nvidia/KvaserCar_outdoor_test/install/outdoor_test/share/outdoor_test/package.sh'
[7.396s] INFO:colcon.colcon_core.shell:Creating package script '/home/nvidia/KvaserCar_outdoor_test/install/outdoor_test/share/outdoor_test/package.bash'
[7.397s] INFO:colcon.colcon_core.shell:Creating package script '/home/nvidia/KvaserCar_outdoor_test/install/outdoor_test/share/outdoor_test/package.zsh'
[7.398s] Level 1:colcon.colcon_core.environment:create_file_with_runtime_dependencies(/home/nvidia/KvaserCar_outdoor_test/install/outdoor_test/share/colcon-core/packages/outdoor_test)
[7.428s] Level 1:colcon.colcon_core.environment:checking '/home/nvidia/KvaserCar_outdoor_test/install/xsens_driver' for CMake module files
[7.431s] DEBUG:colcon.colcon_core.event_handler.log_command:Invoked command in '/home/nvidia/KvaserCar_outdoor_test/src/norlab_xsens_driver' returned '0': PYTHONPATH=/home/nvidia/KvaserCar_outdoor_test/build/xsens_driver/prefix_override:/usr/lib/python3/dist-packages/colcon_core/task/python/colcon_distutils_commands:/home/nvidia/KvaserCar_outdoor_test/install/xsens_driver/lib/python3.10/site-packages:${PYTHONPATH} /usr/bin/python3 -W ignore:setup.py install is deprecated -W ignore:easy_install command is deprecated setup.py egg_info --egg-base ../../build/xsens_driver build --build-base /home/nvidia/KvaserCar_outdoor_test/build/xsens_driver/build install --record /home/nvidia/KvaserCar_outdoor_test/build/xsens_driver/install.log --single-version-externally-managed install_data
[7.432s] Level 1:colcon.colcon_core.environment:checking '/home/nvidia/KvaserCar_outdoor_test/install/xsens_driver' for CMake config files
[7.437s] Level 1:colcon.colcon_core.environment:checking '/home/nvidia/KvaserCar_outdoor_test/install/xsens_driver/lib'
[7.437s] Level 1:colcon.colcon_core.environment:checking '/home/nvidia/KvaserCar_outdoor_test/install/xsens_driver/bin'
[7.437s] Level 1:colcon.colcon_core.environment:checking '/home/nvidia/KvaserCar_outdoor_test/install/xsens_driver/lib/pkgconfig/xsens_driver.pc'
[7.438s] Level 1:colcon.colcon_core.environment:checking '/home/nvidia/KvaserCar_outdoor_test/install/xsens_driver/lib/python3.10/site-packages'
[7.438s] Level 1:colcon.colcon_core.shell:create_environment_hook('xsens_driver', 'pythonpath')
[7.441s] INFO:colcon.colcon_core.shell:Creating environment hook '/home/nvidia/KvaserCar_outdoor_test/install/xsens_driver/share/xsens_driver/hook/pythonpath.ps1'
[7.445s] INFO:colcon.colcon_core.shell:Creating environment descriptor '/home/nvidia/KvaserCar_outdoor_test/install/xsens_driver/share/xsens_driver/hook/pythonpath.dsv'
[7.447s] INFO:colcon.colcon_core.shell:Creating environment hook '/home/nvidia/KvaserCar_outdoor_test/install/xsens_driver/share/xsens_driver/hook/pythonpath.sh'
[7.449s] Level 1:colcon.colcon_core.environment:checking '/home/nvidia/KvaserCar_outdoor_test/install/xsens_driver/bin'
[7.450s] Level 1:colcon.colcon_core.environment:create_environment_scripts_only(xsens_driver)
[7.451s] INFO:colcon.colcon_core.shell:Creating package script '/home/nvidia/KvaserCar_outdoor_test/install/xsens_driver/share/xsens_driver/package.ps1'
[7.452s] INFO:colcon.colcon_core.shell:Creating package descriptor '/home/nvidia/KvaserCar_outdoor_test/install/xsens_driver/share/xsens_driver/package.dsv'
[7.456s] INFO:colcon.colcon_core.shell:Creating package script '/home/nvidia/KvaserCar_outdoor_test/install/xsens_driver/share/xsens_driver/package.sh'
[7.458s] INFO:colcon.colcon_core.shell:Creating package script '/home/nvidia/KvaserCar_outdoor_test/install/xsens_driver/share/xsens_driver/package.bash'
[7.459s] INFO:colcon.colcon_core.shell:Creating package script '/home/nvidia/KvaserCar_outdoor_test/install/xsens_driver/share/xsens_driver/package.zsh'
[7.460s] Level 1:colcon.colcon_core.environment:create_file_with_runtime_dependencies(/home/nvidia/KvaserCar_outdoor_test/install/xsens_driver/share/colcon-core/packages/xsens_driver)
[7.466s] Level 1:colcon.colcon_core.environment:checking '/home/nvidia/KvaserCar_outdoor_test/install/control_rover' for CMake module files
[7.467s] DEBUG:colcon.colcon_core.event_handler.log_command:Invoked command in '/home/nvidia/KvaserCar_outdoor_test/src/control_rover' returned '0': PYTHONPATH=/home/nvidia/KvaserCar_outdoor_test/build/control_rover/prefix_override:/usr/lib/python3/dist-packages/colcon_core/task/python/colcon_distutils_commands:/home/nvidia/KvaserCar_outdoor_test/install/control_rover/lib/python3.10/site-packages:${PYTHONPATH} /usr/bin/python3 -W ignore:setup.py install is deprecated -W ignore:easy_install command is deprecated setup.py egg_info --egg-base ../../build/control_rover build --build-base /home/nvidia/KvaserCar_outdoor_test/build/control_rover/build install --record /home/nvidia/KvaserCar_outdoor_test/build/control_rover/install.log --single-version-externally-managed install_data
[7.468s] Level 1:colcon.colcon_core.environment:checking '/home/nvidia/KvaserCar_outdoor_test/install/control_rover' for CMake config files
[7.471s] Level 1:colcon.colcon_core.environment:checking '/home/nvidia/KvaserCar_outdoor_test/install/control_rover/lib'
[7.471s] Level 1:colcon.colcon_core.environment:checking '/home/nvidia/KvaserCar_outdoor_test/install/control_rover/bin'
[7.471s] Level 1:colcon.colcon_core.environment:checking '/home/nvidia/KvaserCar_outdoor_test/install/control_rover/lib/pkgconfig/control_rover.pc'
[7.472s] Level 1:colcon.colcon_core.environment:checking '/home/nvidia/KvaserCar_outdoor_test/install/control_rover/lib/python3.10/site-packages'
[7.472s] Level 1:colcon.colcon_core.shell:create_environment_hook('control_rover', 'pythonpath')
[7.472s] INFO:colcon.colcon_core.shell:Creating environment hook '/home/nvidia/KvaserCar_outdoor_test/install/control_rover/share/control_rover/hook/pythonpath.ps1'
[7.476s] INFO:colcon.colcon_core.shell:Creating environment descriptor '/home/nvidia/KvaserCar_outdoor_test/install/control_rover/share/control_rover/hook/pythonpath.dsv'
[7.477s] INFO:colcon.colcon_core.shell:Creating environment hook '/home/nvidia/KvaserCar_outdoor_test/install/control_rover/share/control_rover/hook/pythonpath.sh'
[7.478s] Level 1:colcon.colcon_core.environment:checking '/home/nvidia/KvaserCar_outdoor_test/install/control_rover/bin'
[7.478s] Level 1:colcon.colcon_core.environment:create_environment_scripts_only(control_rover)
[7.479s] INFO:colcon.colcon_core.shell:Creating package script '/home/nvidia/KvaserCar_outdoor_test/install/control_rover/share/control_rover/package.ps1'
[7.480s] INFO:colcon.colcon_core.shell:Creating package descriptor '/home/nvidia/KvaserCar_outdoor_test/install/control_rover/share/control_rover/package.dsv'
[7.480s] INFO:colcon.colcon_core.shell:Creating package script '/home/nvidia/KvaserCar_outdoor_test/install/control_rover/share/control_rover/package.sh'
[7.481s] INFO:colcon.colcon_core.shell:Creating package script '/home/nvidia/KvaserCar_outdoor_test/install/control_rover/share/control_rover/package.bash'
[7.482s] INFO:colcon.colcon_core.shell:Creating package script '/home/nvidia/KvaserCar_outdoor_test/install/control_rover/share/control_rover/package.zsh'
[7.483s] Level 1:colcon.colcon_core.environment:create_file_with_runtime_dependencies(/home/nvidia/KvaserCar_outdoor_test/install/control_rover/share/colcon-core/packages/control_rover)
[7.487s] Level 1:colcon.colcon_core.environment:checking '/home/nvidia/KvaserCar_outdoor_test/install/visualize_car' for CMake module files
[7.488s] DEBUG:colcon.colcon_core.event_handler.log_command:Invoked command in '/home/nvidia/KvaserCar_outdoor_test/src/visualize_car' returned '0': PYTHONPATH=/home/nvidia/KvaserCar_outdoor_test/build/visualize_car/prefix_override:/usr/lib/python3/dist-packages/colcon_core/task/python/colcon_distutils_commands:/home/nvidia/KvaserCar_outdoor_test/install/visualize_car/lib/python3.10/site-packages:${PYTHONPATH} /usr/bin/python3 -W ignore:setup.py install is deprecated -W ignore:easy_install command is deprecated setup.py egg_info --egg-base ../../build/visualize_car build --build-base /home/nvidia/KvaserCar_outdoor_test/build/visualize_car/build install --record /home/nvidia/KvaserCar_outdoor_test/build/visualize_car/install.log --single-version-externally-managed install_data
[7.489s] Level 1:colcon.colcon_core.environment:checking '/home/nvidia/KvaserCar_outdoor_test/install/visualize_car' for CMake config files
[7.490s] Level 1:colcon.colcon_core.environment:checking '/home/nvidia/KvaserCar_outdoor_test/install/visualize_car/lib'
[7.491s] Level 1:colcon.colcon_core.environment:checking '/home/nvidia/KvaserCar_outdoor_test/install/visualize_car/bin'
[7.491s] Level 1:colcon.colcon_core.environment:checking '/home/nvidia/KvaserCar_outdoor_test/install/visualize_car/lib/pkgconfig/visualize_car.pc'
[7.491s] Level 1:colcon.colcon_core.environment:checking '/home/nvidia/KvaserCar_outdoor_test/install/visualize_car/lib/python3.10/site-packages'
[7.491s] Level 1:colcon.colcon_core.shell:create_environment_hook('visualize_car', 'pythonpath')
[7.492s] INFO:colcon.colcon_core.shell:Creating environment hook '/home/nvidia/KvaserCar_outdoor_test/install/visualize_car/share/visualize_car/hook/pythonpath.ps1'
[7.493s] INFO:colcon.colcon_core.shell:Creating environment descriptor '/home/nvidia/KvaserCar_outdoor_test/install/visualize_car/share/visualize_car/hook/pythonpath.dsv'
[7.494s] INFO:colcon.colcon_core.shell:Creating environment hook '/home/nvidia/KvaserCar_outdoor_test/install/visualize_car/share/visualize_car/hook/pythonpath.sh'
[7.495s] Level 1:colcon.colcon_core.environment:checking '/home/nvidia/KvaserCar_outdoor_test/install/visualize_car/bin'
[7.495s] Level 1:colcon.colcon_core.environment:create_environment_scripts_only(visualize_car)
[7.497s] INFO:colcon.colcon_core.shell:Creating package script '/home/nvidia/KvaserCar_outdoor_test/install/visualize_car/share/visualize_car/package.ps1'
[7.498s] INFO:colcon.colcon_core.shell:Creating package descriptor '/home/nvidia/KvaserCar_outdoor_test/install/visualize_car/share/visualize_car/package.dsv'
[7.499s] INFO:colcon.colcon_core.shell:Creating package script '/home/nvidia/KvaserCar_outdoor_test/install/visualize_car/share/visualize_car/package.sh'
[7.500s] INFO:colcon.colcon_core.shell:Creating package script '/home/nvidia/KvaserCar_outdoor_test/install/visualize_car/share/visualize_car/package.bash'
[7.501s] INFO:colcon.colcon_core.shell:Creating package script '/home/nvidia/KvaserCar_outdoor_test/install/visualize_car/share/visualize_car/package.zsh'
[7.501s] Level 1:colcon.colcon_core.environment:create_file_with_runtime_dependencies(/home/nvidia/KvaserCar_outdoor_test/install/visualize_car/share/colcon-core/packages/visualize_car)
[7.533s] Level 1:colcon.colcon_core.environment:checking '/home/nvidia/KvaserCar_outdoor_test/install/aeb_rover' for CMake module files
[7.534s] DEBUG:colcon.colcon_core.event_handler.log_command:Invoked command in '/home/nvidia/KvaserCar_outdoor_test/src/aeb_rover' returned '0': PYTHONPATH=/home/nvidia/KvaserCar_outdoor_test/build/aeb_rover/prefix_override:/usr/lib/python3/dist-packages/colcon_core/task/python/colcon_distutils_commands:/home/nvidia/KvaserCar_outdoor_test/install/aeb_rover/lib/python3.10/site-packages:${PYTHONPATH} /usr/bin/python3 -W ignore:setup.py install is deprecated -W ignore:easy_install command is deprecated setup.py egg_info --egg-base ../../build/aeb_rover build --build-base /home/nvidia/KvaserCar_outdoor_test/build/aeb_rover/build install --record /home/nvidia/KvaserCar_outdoor_test/build/aeb_rover/install.log --single-version-externally-managed install_data
[7.536s] Level 1:colcon.colcon_core.environment:checking '/home/nvidia/KvaserCar_outdoor_test/install/aeb_rover' for CMake config files
[7.537s] Level 1:colcon.colcon_core.environment:checking '/home/nvidia/KvaserCar_outdoor_test/install/aeb_rover/lib'
[7.537s] Level 1:colcon.colcon_core.environment:checking '/home/nvidia/KvaserCar_outdoor_test/install/aeb_rover/bin'
[7.538s] Level 1:colcon.colcon_core.environment:checking '/home/nvidia/KvaserCar_outdoor_test/install/aeb_rover/lib/pkgconfig/aeb_rover.pc'
[7.538s] Level 1:colcon.colcon_core.environment:checking '/home/nvidia/KvaserCar_outdoor_test/install/aeb_rover/lib/python3.10/site-packages'
[7.538s] Level 1:colcon.colcon_core.shell:create_environment_hook('aeb_rover', 'pythonpath')
[7.539s] INFO:colcon.colcon_core.shell:Creating environment hook '/home/nvidia/KvaserCar_outdoor_test/install/aeb_rover/share/aeb_rover/hook/pythonpath.ps1'
[7.542s] INFO:colcon.colcon_core.shell:Creating environment descriptor '/home/nvidia/KvaserCar_outdoor_test/install/aeb_rover/share/aeb_rover/hook/pythonpath.dsv'
[7.542s] INFO:colcon.colcon_core.shell:Creating environment hook '/home/nvidia/KvaserCar_outdoor_test/install/aeb_rover/share/aeb_rover/hook/pythonpath.sh'
[7.546s] Level 1:colcon.colcon_core.environment:checking '/home/nvidia/KvaserCar_outdoor_test/install/aeb_rover/bin'
[7.546s] Level 1:colcon.colcon_core.environment:create_environment_scripts_only(aeb_rover)
[7.547s] INFO:colcon.colcon_core.shell:Creating package script '/home/nvidia/KvaserCar_outdoor_test/install/aeb_rover/share/aeb_rover/package.ps1'
[7.548s] INFO:colcon.colcon_core.shell:Creating package descriptor '/home/nvidia/KvaserCar_outdoor_test/install/aeb_rover/share/aeb_rover/package.dsv'
[7.549s] INFO:colcon.colcon_core.shell:Creating package script '/home/nvidia/KvaserCar_outdoor_test/install/aeb_rover/share/aeb_rover/package.sh'
[7.550s] INFO:colcon.colcon_core.shell:Creating package script '/home/nvidia/KvaserCar_outdoor_test/install/aeb_rover/share/aeb_rover/package.bash'
[7.551s] INFO:colcon.colcon_core.shell:Creating package script '/home/nvidia/KvaserCar_outdoor_test/install/aeb_rover/share/aeb_rover/package.zsh'
[7.552s] Level 1:colcon.colcon_core.environment:create_file_with_runtime_dependencies(/home/nvidia/KvaserCar_outdoor_test/install/aeb_rover/share/colcon-core/packages/aeb_rover)
[7.568s] Level 1:colcon.colcon_core.environment:checking '/home/nvidia/KvaserCar_outdoor_test/install/tactical_node' for CMake module files
[7.570s] DEBUG:colcon.colcon_core.event_handler.log_command:Invoked command in '/home/nvidia/KvaserCar_outdoor_test/src/tactical_node' returned '0': PYTHONPATH=/home/nvidia/KvaserCar_outdoor_test/build/tactical_node/prefix_override:/usr/lib/python3/dist-packages/colcon_core/task/python/colcon_distutils_commands:/home/nvidia/KvaserCar_outdoor_test/install/tactical_node/lib/python3.10/site-packages:${PYTHONPATH} /usr/bin/python3 -W ignore:setup.py install is deprecated -W ignore:easy_install command is deprecated setup.py egg_info --egg-base ../../build/tactical_node build --build-base /home/nvidia/KvaserCar_outdoor_test/build/tactical_node/build install --record /home/nvidia/KvaserCar_outdoor_test/build/tactical_node/install.log --single-version-externally-managed install_data
[7.570s] Level 1:colcon.colcon_core.environment:checking '/home/nvidia/KvaserCar_outdoor_test/install/tactical_node' for CMake config files
[7.572s] Level 1:colcon.colcon_core.environment:checking '/home/nvidia/KvaserCar_outdoor_test/install/tactical_node/lib'
[7.573s] Level 1:colcon.colcon_core.environment:checking '/home/nvidia/KvaserCar_outdoor_test/install/tactical_node/bin'
[7.575s] Level 1:colcon.colcon_core.environment:checking '/home/nvidia/KvaserCar_outdoor_test/install/tactical_node/lib/pkgconfig/tactical_node.pc'
[7.576s] Level 1:colcon.colcon_core.environment:checking '/home/nvidia/KvaserCar_outdoor_test/install/tactical_node/lib/python3.10/site-packages'
[7.576s] Level 1:colcon.colcon_core.shell:create_environment_hook('tactical_node', 'pythonpath')
[7.577s] INFO:colcon.colcon_core.shell:Creating environment hook '/home/nvidia/KvaserCar_outdoor_test/install/tactical_node/share/tactical_node/hook/pythonpath.ps1'
[7.579s] INFO:colcon.colcon_core.shell:Creating environment descriptor '/home/nvidia/KvaserCar_outdoor_test/install/tactical_node/share/tactical_node/hook/pythonpath.dsv'
[7.580s] INFO:colcon.colcon_core.shell:Creating environment hook '/home/nvidia/KvaserCar_outdoor_test/install/tactical_node/share/tactical_node/hook/pythonpath.sh'
[7.582s] Level 1:colcon.colcon_core.environment:checking '/home/nvidia/KvaserCar_outdoor_test/install/tactical_node/bin'
[7.582s] Level 1:colcon.colcon_core.environment:create_environment_scripts_only(tactical_node)
[7.583s] INFO:colcon.colcon_core.shell:Creating package script '/home/nvidia/KvaserCar_outdoor_test/install/tactical_node/share/tactical_node/package.ps1'
[7.585s] INFO:colcon.colcon_core.shell:Creating package descriptor '/home/nvidia/KvaserCar_outdoor_test/install/tactical_node/share/tactical_node/package.dsv'
[7.587s] INFO:colcon.colcon_core.shell:Creating package script '/home/nvidia/KvaserCar_outdoor_test/install/tactical_node/share/tactical_node/package.sh'
[7.588s] INFO:colcon.colcon_core.shell:Creating package script '/home/nvidia/KvaserCar_outdoor_test/install/tactical_node/share/tactical_node/package.bash'
[7.590s] INFO:colcon.colcon_core.shell:Creating package script '/home/nvidia/KvaserCar_outdoor_test/install/tactical_node/share/tactical_node/package.zsh'
[7.591s] Level 1:colcon.colcon_core.environment:create_file_with_runtime_dependencies(/home/nvidia/KvaserCar_outdoor_test/install/tactical_node/share/colcon-core/packages/tactical_node)
[7.592s] DEBUG:colcon.colcon_parallel_executor.executor.parallel:closing loop
[7.593s] DEBUG:colcon.colcon_parallel_executor.executor.parallel:loop closed
[7.595s] DEBUG:colcon.colcon_parallel_executor.executor.parallel:run_until_complete finished with '0'
[7.595s] DEBUG:colcon.colcon_core.event_reactor:joining thread
[7.609s] INFO:colcon.colcon_core.plugin_system:Skipping extension 'colcon_notification.desktop_notification.terminal_notifier': Not used on non-Darwin systems
[7.609s] INFO:colcon.colcon_core.plugin_system:Skipping extension 'colcon_notification.desktop_notification.win32': Not used on non-Windows systems
[7.609s] INFO:colcon.colcon_notification.desktop_notification:Sending desktop notification using 'notify2'
[7.633s] DEBUG:colcon.colcon_notification.desktop_notification.notify2:Failed to initialize notify2: org.freedesktop.DBus.Error.Spawn.ChildExited: Process org.freedesktop.Notifications exited with status 1
[7.633s] DEBUG:colcon.colcon_core.event_reactor:joined thread
[7.634s] INFO:colcon.colcon_core.shell:Creating prefix script '/home/nvidia/KvaserCar_outdoor_test/install/local_setup.ps1'
[7.637s] INFO:colcon.colcon_core.shell:Creating prefix util module '/home/nvidia/KvaserCar_outdoor_test/install/_local_setup_util_ps1.py'
[7.643s] INFO:colcon.colcon_core.shell:Creating prefix chain script '/home/nvidia/KvaserCar_outdoor_test/install/setup.ps1'
[7.648s] INFO:colcon.colcon_core.shell:Creating prefix script '/home/nvidia/KvaserCar_outdoor_test/install/local_setup.sh'
[7.651s] INFO:colcon.colcon_core.shell:Creating prefix util module '/home/nvidia/KvaserCar_outdoor_test/install/_local_setup_util_sh.py'
[7.653s] INFO:colcon.colcon_core.shell:Creating prefix chain script '/home/nvidia/KvaserCar_outdoor_test/install/setup.sh'
[7.658s] INFO:colcon.colcon_core.shell:Creating prefix script '/home/nvidia/KvaserCar_outdoor_test/install/local_setup.bash'
[7.660s] INFO:colcon.colcon_core.shell:Creating prefix chain script '/home/nvidia/KvaserCar_outdoor_test/install/setup.bash'
[7.664s] INFO:colcon.colcon_core.shell:Creating prefix script '/home/nvidia/KvaserCar_outdoor_test/install/local_setup.zsh'
[7.666s] INFO:colcon.colcon_core.shell:Creating prefix chain script '/home/nvidia/KvaserCar_outdoor_test/install/setup.zsh'
