running egg_info
creating ../../build/visualize_car/visualize_car.egg-info
writing ../../build/visualize_car/visualize_car.egg-info/PKG-INFO
writing dependency_links to ../../build/visualize_car/visualize_car.egg-info/dependency_links.txt
writing entry points to ../../build/visualize_car/visualize_car.egg-info/entry_points.txt
writing requirements to ../../build/visualize_car/visualize_car.egg-info/requires.txt
writing top-level names to ../../build/visualize_car/visualize_car.egg-info/top_level.txt
writing manifest file '../../build/visualize_car/visualize_car.egg-info/SOURCES.txt'
reading manifest file '../../build/visualize_car/visualize_car.egg-info/SOURCES.txt'
adding license file 'LICENSE'
writing manifest file '../../build/visualize_car/visualize_car.egg-info/SOURCES.txt'
running build
running build_py
creating /home/nvidia/KvaserCar_outdoor_test/build/visualize_car/build
creating /home/nvidia/KvaserCar_outdoor_test/build/visualize_car/build/lib
creating /home/nvidia/KvaserCar_outdoor_test/build/visualize_car/build/lib/visualize_car
copying visualize_car/draw_marker_MISC.py -> /home/nvidia/KvaserCar_outdoor_test/build/visualize_car/build/lib/visualize_car
copying visualize_car/fake_odom_pub.py -> /home/nvidia/KvaserCar_outdoor_test/build/visualize_car/build/lib/visualize_car
copying visualize_car/draw_markers_node.py -> /home/nvidia/KvaserCar_outdoor_test/build/visualize_car/build/lib/visualize_car
copying visualize_car/draw_cars_node.py -> /home/nvidia/KvaserCar_outdoor_test/build/visualize_car/build/lib/visualize_car
copying visualize_car/__init__.py -> /home/nvidia/KvaserCar_outdoor_test/build/visualize_car/build/lib/visualize_car
running install
running install_lib
creating /home/nvidia/KvaserCar_outdoor_test/install/visualize_car/lib/python3.10/site-packages/visualize_car
copying /home/nvidia/KvaserCar_outdoor_test/build/visualize_car/build/lib/visualize_car/draw_marker_MISC.py -> /home/nvidia/KvaserCar_outdoor_test/install/visualize_car/lib/python3.10/site-packages/visualize_car
copying /home/nvidia/KvaserCar_outdoor_test/build/visualize_car/build/lib/visualize_car/fake_odom_pub.py -> /home/nvidia/KvaserCar_outdoor_test/install/visualize_car/lib/python3.10/site-packages/visualize_car
copying /home/nvidia/KvaserCar_outdoor_test/build/visualize_car/build/lib/visualize_car/draw_markers_node.py -> /home/nvidia/KvaserCar_outdoor_test/install/visualize_car/lib/python3.10/site-packages/visualize_car
copying /home/nvidia/KvaserCar_outdoor_test/build/visualize_car/build/lib/visualize_car/draw_cars_node.py -> /home/nvidia/KvaserCar_outdoor_test/install/visualize_car/lib/python3.10/site-packages/visualize_car
copying /home/nvidia/KvaserCar_outdoor_test/build/visualize_car/build/lib/visualize_car/__init__.py -> /home/nvidia/KvaserCar_outdoor_test/install/visualize_car/lib/python3.10/site-packages/visualize_car
byte-compiling /home/nvidia/KvaserCar_outdoor_test/install/visualize_car/lib/python3.10/site-packages/visualize_car/draw_marker_MISC.py to draw_marker_MISC.cpython-310.pyc
byte-compiling /home/nvidia/KvaserCar_outdoor_test/install/visualize_car/lib/python3.10/site-packages/visualize_car/fake_odom_pub.py to fake_odom_pub.cpython-310.pyc
byte-compiling /home/nvidia/KvaserCar_outdoor_test/install/visualize_car/lib/python3.10/site-packages/visualize_car/draw_markers_node.py to draw_markers_node.cpython-310.pyc
byte-compiling /home/nvidia/KvaserCar_outdoor_test/install/visualize_car/lib/python3.10/site-packages/visualize_car/draw_cars_node.py to draw_cars_node.cpython-310.pyc
byte-compiling /home/nvidia/KvaserCar_outdoor_test/install/visualize_car/lib/python3.10/site-packages/visualize_car/__init__.py to __init__.cpython-310.pyc
running install_data
creating /home/nvidia/KvaserCar_outdoor_test/install/visualize_car/share/ament_index
creating /home/nvidia/KvaserCar_outdoor_test/install/visualize_car/share/ament_index/resource_index
creating /home/nvidia/KvaserCar_outdoor_test/install/visualize_car/share/ament_index/resource_index/packages
copying resource/visualize_car -> /home/nvidia/KvaserCar_outdoor_test/install/visualize_car/share/ament_index/resource_index/packages
copying package.xml -> /home/nvidia/KvaserCar_outdoor_test/install/visualize_car/share/visualize_car
creating /home/nvidia/KvaserCar_outdoor_test/install/visualize_car/share/visualize_car/launch
copying launch/visualize_all.launch.py -> /home/nvidia/KvaserCar_outdoor_test/install/visualize_car/share/visualize_car/launch
creating /home/nvidia/KvaserCar_outdoor_test/install/visualize_car/share/visualize_car/rviz
copying rviz/visualize_all.rviz -> /home/nvidia/KvaserCar_outdoor_test/install/visualize_car/share/visualize_car/rviz
running install_egg_info
Copying ../../build/visualize_car/visualize_car.egg-info to /home/nvidia/KvaserCar_outdoor_test/install/visualize_car/lib/python3.10/site-packages/visualize_car-0.0.0-py3.10.egg-info
running install_scripts
Installing draw_cars_node script to /home/nvidia/KvaserCar_outdoor_test/install/visualize_car/lib/visualize_car
Installing draw_markers_node script to /home/nvidia/KvaserCar_outdoor_test/install/visualize_car/lib/visualize_car
Installing fake_odom_node script to /home/nvidia/KvaserCar_outdoor_test/install/visualize_car/lib/visualize_car
writing list of installed files to '/home/nvidia/KvaserCar_outdoor_test/build/visualize_car/install.log'
