[5.576s] Invoking command in '/home/nvidia/KvaserCar_outdoor_test/src/visualize_car': PYTHONPATH=/home/nvidia/KvaserCar_outdoor_test/build/visualize_car/prefix_override:/usr/lib/python3/dist-packages/colcon_core/task/python/colcon_distutils_commands:/home/nvidia/KvaserCar_outdoor_test/install/visualize_car/lib/python3.10/site-packages:${PYTHONPATH} /usr/bin/python3 -W ignore:setup.py install is deprecated -W ignore:easy_install command is deprecated setup.py egg_info --egg-base ../../build/visualize_car build --build-base /home/nvidia/KvaserCar_outdoor_test/build/visualize_car/build install --record /home/nvidia/KvaserCar_outdoor_test/build/visualize_car/install.log --single-version-externally-managed install_data
[6.397s] running egg_info
[6.400s] creating ../../build/visualize_car/visualize_car.egg-info
[6.400s] writing ../../build/visualize_car/visualize_car.egg-info/PKG-INFO
[6.402s] writing dependency_links to ../../build/visualize_car/visualize_car.egg-info/dependency_links.txt
[6.403s] writing entry points to ../../build/visualize_car/visualize_car.egg-info/entry_points.txt
[6.404s] writing requirements to ../../build/visualize_car/visualize_car.egg-info/requires.txt
[6.404s] writing top-level names to ../../build/visualize_car/visualize_car.egg-info/top_level.txt
[6.405s] writing manifest file '../../build/visualize_car/visualize_car.egg-info/SOURCES.txt'
[6.412s] reading manifest file '../../build/visualize_car/visualize_car.egg-info/SOURCES.txt'
[6.412s] adding license file 'LICENSE'
[6.413s] writing manifest file '../../build/visualize_car/visualize_car.egg-info/SOURCES.txt'
[6.414s] running build
[6.414s] running build_py
[6.414s] creating /home/nvidia/KvaserCar_outdoor_test/build/visualize_car/build
[6.415s] creating /home/nvidia/KvaserCar_outdoor_test/build/visualize_car/build/lib
[6.415s] creating /home/nvidia/KvaserCar_outdoor_test/build/visualize_car/build/lib/visualize_car
[6.415s] copying visualize_car/draw_marker_MISC.py -> /home/nvidia/KvaserCar_outdoor_test/build/visualize_car/build/lib/visualize_car
[6.417s] copying visualize_car/fake_odom_pub.py -> /home/nvidia/KvaserCar_outdoor_test/build/visualize_car/build/lib/visualize_car
[6.420s] copying visualize_car/draw_markers_node.py -> /home/nvidia/KvaserCar_outdoor_test/build/visualize_car/build/lib/visualize_car
[6.420s] copying visualize_car/draw_cars_node.py -> /home/nvidia/KvaserCar_outdoor_test/build/visualize_car/build/lib/visualize_car
[6.421s] copying visualize_car/__init__.py -> /home/nvidia/KvaserCar_outdoor_test/build/visualize_car/build/lib/visualize_car
[6.425s] running install
[6.426s] running install_lib
[6.430s] creating /home/nvidia/KvaserCar_outdoor_test/install/visualize_car/lib/python3.10/site-packages/visualize_car
[6.431s] copying /home/nvidia/KvaserCar_outdoor_test/build/visualize_car/build/lib/visualize_car/draw_marker_MISC.py -> /home/nvidia/KvaserCar_outdoor_test/install/visualize_car/lib/python3.10/site-packages/visualize_car
[6.431s] copying /home/nvidia/KvaserCar_outdoor_test/build/visualize_car/build/lib/visualize_car/fake_odom_pub.py -> /home/nvidia/KvaserCar_outdoor_test/install/visualize_car/lib/python3.10/site-packages/visualize_car
[6.431s] copying /home/nvidia/KvaserCar_outdoor_test/build/visualize_car/build/lib/visualize_car/draw_markers_node.py -> /home/nvidia/KvaserCar_outdoor_test/install/visualize_car/lib/python3.10/site-packages/visualize_car
[6.432s] copying /home/nvidia/KvaserCar_outdoor_test/build/visualize_car/build/lib/visualize_car/draw_cars_node.py -> /home/nvidia/KvaserCar_outdoor_test/install/visualize_car/lib/python3.10/site-packages/visualize_car
[6.432s] copying /home/nvidia/KvaserCar_outdoor_test/build/visualize_car/build/lib/visualize_car/__init__.py -> /home/nvidia/KvaserCar_outdoor_test/install/visualize_car/lib/python3.10/site-packages/visualize_car
[6.435s] byte-compiling /home/nvidia/KvaserCar_outdoor_test/install/visualize_car/lib/python3.10/site-packages/visualize_car/draw_marker_MISC.py to draw_marker_MISC.cpython-310.pyc
[6.437s] byte-compiling /home/nvidia/KvaserCar_outdoor_test/install/visualize_car/lib/python3.10/site-packages/visualize_car/fake_odom_pub.py to fake_odom_pub.cpython-310.pyc
[6.440s] byte-compiling /home/nvidia/KvaserCar_outdoor_test/install/visualize_car/lib/python3.10/site-packages/visualize_car/draw_markers_node.py to draw_markers_node.cpython-310.pyc
[6.443s] byte-compiling /home/nvidia/KvaserCar_outdoor_test/install/visualize_car/lib/python3.10/site-packages/visualize_car/draw_cars_node.py to draw_cars_node.cpython-310.pyc
[6.445s] byte-compiling /home/nvidia/KvaserCar_outdoor_test/install/visualize_car/lib/python3.10/site-packages/visualize_car/__init__.py to __init__.cpython-310.pyc
[6.445s] running install_data
[6.445s] creating /home/nvidia/KvaserCar_outdoor_test/install/visualize_car/share/ament_index
[6.445s] creating /home/nvidia/KvaserCar_outdoor_test/install/visualize_car/share/ament_index/resource_index
[6.446s] creating /home/nvidia/KvaserCar_outdoor_test/install/visualize_car/share/ament_index/resource_index/packages
[6.446s] copying resource/visualize_car -> /home/nvidia/KvaserCar_outdoor_test/install/visualize_car/share/ament_index/resource_index/packages
[6.446s] copying package.xml -> /home/nvidia/KvaserCar_outdoor_test/install/visualize_car/share/visualize_car
[6.446s] creating /home/nvidia/KvaserCar_outdoor_test/install/visualize_car/share/visualize_car/launch
[6.446s] copying launch/visualize_all.launch.py -> /home/nvidia/KvaserCar_outdoor_test/install/visualize_car/share/visualize_car/launch
[6.447s] creating /home/nvidia/KvaserCar_outdoor_test/install/visualize_car/share/visualize_car/rviz
[6.447s] copying rviz/visualize_all.rviz -> /home/nvidia/KvaserCar_outdoor_test/install/visualize_car/share/visualize_car/rviz
[6.447s] running install_egg_info
[6.453s] Copying ../../build/visualize_car/visualize_car.egg-info to /home/nvidia/KvaserCar_outdoor_test/install/visualize_car/lib/python3.10/site-packages/visualize_car-0.0.0-py3.10.egg-info
[6.454s] running install_scripts
[6.515s] Installing draw_cars_node script to /home/nvidia/KvaserCar_outdoor_test/install/visualize_car/lib/visualize_car
[6.516s] Installing draw_markers_node script to /home/nvidia/KvaserCar_outdoor_test/install/visualize_car/lib/visualize_car
[6.517s] Installing fake_odom_node script to /home/nvidia/KvaserCar_outdoor_test/install/visualize_car/lib/visualize_car
[6.520s] writing list of installed files to '/home/nvidia/KvaserCar_outdoor_test/build/visualize_car/install.log'
[6.646s] Invoked command in '/home/nvidia/KvaserCar_outdoor_test/src/visualize_car' returned '0': PYTHONPATH=/home/nvidia/KvaserCar_outdoor_test/build/visualize_car/prefix_override:/usr/lib/python3/dist-packages/colcon_core/task/python/colcon_distutils_commands:/home/nvidia/KvaserCar_outdoor_test/install/visualize_car/lib/python3.10/site-packages:${PYTHONPATH} /usr/bin/python3 -W ignore:setup.py install is deprecated -W ignore:easy_install command is deprecated setup.py egg_info --egg-base ../../build/visualize_car build --build-base /home/nvidia/KvaserCar_outdoor_test/build/visualize_car/build install --record /home/nvidia/KvaserCar_outdoor_test/build/visualize_car/install.log --single-version-externally-managed install_data
