running egg_info
creating ../../build/wheel_odometry/wheel_odometry.egg-info
writing ../../build/wheel_odometry/wheel_odometry.egg-info/PKG-INFO
writing dependency_links to ../../build/wheel_odometry/wheel_odometry.egg-info/dependency_links.txt
writing entry points to ../../build/wheel_odometry/wheel_odometry.egg-info/entry_points.txt
writing requirements to ../../build/wheel_odometry/wheel_odometry.egg-info/requires.txt
writing top-level names to ../../build/wheel_odometry/wheel_odometry.egg-info/top_level.txt
writing manifest file '../../build/wheel_odometry/wheel_odometry.egg-info/SOURCES.txt'
reading manifest file '../../build/wheel_odometry/wheel_odometry.egg-info/SOURCES.txt'
writing manifest file '../../build/wheel_odometry/wheel_odometry.egg-info/SOURCES.txt'
running build
running build_py
creating /home/nvidia/KvaserCar_outdoor_test/build/wheel_odometry/build
creating /home/nvidia/KvaserCar_outdoor_test/build/wheel_odometry/build/lib
creating /home/nvidia/KvaserCar_outdoor_test/build/wheel_odometry/build/lib/wheel_odometry
copying wheel_odometry/wheel_odometry_node.py -> /home/nvidia/KvaserCar_outdoor_test/build/wheel_odometry/build/lib/wheel_odometry
copying wheel_odometry/__init__.py -> /home/nvidia/KvaserCar_outdoor_test/build/wheel_odometry/build/lib/wheel_odometry
running install
running install_lib
creating /home/nvidia/KvaserCar_outdoor_test/install/wheel_odometry/lib/python3.10/site-packages/wheel_odometry
copying /home/nvidia/KvaserCar_outdoor_test/build/wheel_odometry/build/lib/wheel_odometry/wheel_odometry_node.py -> /home/nvidia/KvaserCar_outdoor_test/install/wheel_odometry/lib/python3.10/site-packages/wheel_odometry
copying /home/nvidia/KvaserCar_outdoor_test/build/wheel_odometry/build/lib/wheel_odometry/__init__.py -> /home/nvidia/KvaserCar_outdoor_test/install/wheel_odometry/lib/python3.10/site-packages/wheel_odometry
byte-compiling /home/nvidia/KvaserCar_outdoor_test/install/wheel_odometry/lib/python3.10/site-packages/wheel_odometry/wheel_odometry_node.py to wheel_odometry_node.cpython-310.pyc
byte-compiling /home/nvidia/KvaserCar_outdoor_test/install/wheel_odometry/lib/python3.10/site-packages/wheel_odometry/__init__.py to __init__.cpython-310.pyc
running install_data
copying package.xml -> /home/nvidia/KvaserCar_outdoor_test/install/wheel_odometry/share/wheel_odometry
creating /home/nvidia/KvaserCar_outdoor_test/install/wheel_odometry/share/ament_index
creating /home/nvidia/KvaserCar_outdoor_test/install/wheel_odometry/share/ament_index/resource_index
creating /home/nvidia/KvaserCar_outdoor_test/install/wheel_odometry/share/ament_index/resource_index/packages
copying resource/wheel_odometry -> /home/nvidia/KvaserCar_outdoor_test/install/wheel_odometry/share/ament_index/resource_index/packages
creating /home/nvidia/KvaserCar_outdoor_test/install/wheel_odometry/share/wheel_odometry/config
copying config/wheel_odometry_config.yaml -> /home/nvidia/KvaserCar_outdoor_test/install/wheel_odometry/share/wheel_odometry/config
creating /home/nvidia/KvaserCar_outdoor_test/install/wheel_odometry/share/wheel_odometry/launch
copying launch/wheel_odometry_launch.py -> /home/nvidia/KvaserCar_outdoor_test/install/wheel_odometry/share/wheel_odometry/launch
running install_egg_info
Copying ../../build/wheel_odometry/wheel_odometry.egg-info to /home/nvidia/KvaserCar_outdoor_test/install/wheel_odometry/lib/python3.10/site-packages/wheel_odometry-0.1.0-py3.10.egg-info
running install_scripts
Installing wheel_odometry_node script to /home/nvidia/KvaserCar_outdoor_test/install/wheel_odometry/lib/wheel_odometry
writing list of installed files to '/home/nvidia/KvaserCar_outdoor_test/build/wheel_odometry/install.log'
