[5.862s] Invoking command in '/home/nvidia/KvaserCar_outdoor_test/src/wheel_odometry': PYTHONPATH=/home/nvidia/KvaserCar_outdoor_test/build/wheel_odometry/prefix_override:/usr/lib/python3/dist-packages/colcon_core/task/python/colcon_distutils_commands:/home/nvidia/KvaserCar_outdoor_test/install/wheel_odometry/lib/python3.10/site-packages:${PYTHONPATH} /usr/bin/python3 -W ignore:setup.py install is deprecated -W ignore:easy_install command is deprecated setup.py egg_info --egg-base ../../build/wheel_odometry build --build-base /home/nvidia/KvaserCar_outdoor_test/build/wheel_odometry/build install --record /home/nvidia/KvaserCar_outdoor_test/build/wheel_odometry/install.log --single-version-externally-managed install_data
[6.714s] running egg_info
[6.715s] creating ../../build/wheel_odometry/wheel_odometry.egg-info
[6.715s] writing ../../build/wheel_odometry/wheel_odometry.egg-info/PKG-INFO
[6.715s] writing dependency_links to ../../build/wheel_odometry/wheel_odometry.egg-info/dependency_links.txt
[6.716s] writing entry points to ../../build/wheel_odometry/wheel_odometry.egg-info/entry_points.txt
[6.719s] writing requirements to ../../build/wheel_odometry/wheel_odometry.egg-info/requires.txt
[6.719s] writing top-level names to ../../build/wheel_odometry/wheel_odometry.egg-info/top_level.txt
[6.719s] writing manifest file '../../build/wheel_odometry/wheel_odometry.egg-info/SOURCES.txt'
[6.720s] reading manifest file '../../build/wheel_odometry/wheel_odometry.egg-info/SOURCES.txt'
[6.721s] writing manifest file '../../build/wheel_odometry/wheel_odometry.egg-info/SOURCES.txt'
[6.722s] running build
[6.722s] running build_py
[6.722s] creating /home/nvidia/KvaserCar_outdoor_test/build/wheel_odometry/build
[6.722s] creating /home/nvidia/KvaserCar_outdoor_test/build/wheel_odometry/build/lib
[6.722s] creating /home/nvidia/KvaserCar_outdoor_test/build/wheel_odometry/build/lib/wheel_odometry
[6.723s] copying wheel_odometry/wheel_odometry_node.py -> /home/nvidia/KvaserCar_outdoor_test/build/wheel_odometry/build/lib/wheel_odometry
[6.726s] copying wheel_odometry/__init__.py -> /home/nvidia/KvaserCar_outdoor_test/build/wheel_odometry/build/lib/wheel_odometry
[6.726s] running install
[6.735s] running install_lib
[6.739s] creating /home/nvidia/KvaserCar_outdoor_test/install/wheel_odometry/lib/python3.10/site-packages/wheel_odometry
[6.739s] copying /home/nvidia/KvaserCar_outdoor_test/build/wheel_odometry/build/lib/wheel_odometry/wheel_odometry_node.py -> /home/nvidia/KvaserCar_outdoor_test/install/wheel_odometry/lib/python3.10/site-packages/wheel_odometry
[6.739s] copying /home/nvidia/KvaserCar_outdoor_test/build/wheel_odometry/build/lib/wheel_odometry/__init__.py -> /home/nvidia/KvaserCar_outdoor_test/install/wheel_odometry/lib/python3.10/site-packages/wheel_odometry
[6.739s] byte-compiling /home/nvidia/KvaserCar_outdoor_test/install/wheel_odometry/lib/python3.10/site-packages/wheel_odometry/wheel_odometry_node.py to wheel_odometry_node.cpython-310.pyc
[6.739s] byte-compiling /home/nvidia/KvaserCar_outdoor_test/install/wheel_odometry/lib/python3.10/site-packages/wheel_odometry/__init__.py to __init__.cpython-310.pyc
[6.739s] running install_data
[6.740s] copying package.xml -> /home/nvidia/KvaserCar_outdoor_test/install/wheel_odometry/share/wheel_odometry
[6.740s] creating /home/nvidia/KvaserCar_outdoor_test/install/wheel_odometry/share/ament_index
[6.741s] creating /home/nvidia/KvaserCar_outdoor_test/install/wheel_odometry/share/ament_index/resource_index
[6.741s] creating /home/nvidia/KvaserCar_outdoor_test/install/wheel_odometry/share/ament_index/resource_index/packages
[6.741s] copying resource/wheel_odometry -> /home/nvidia/KvaserCar_outdoor_test/install/wheel_odometry/share/ament_index/resource_index/packages
[6.742s] creating /home/nvidia/KvaserCar_outdoor_test/install/wheel_odometry/share/wheel_odometry/config
[6.742s] copying config/wheel_odometry_config.yaml -> /home/nvidia/KvaserCar_outdoor_test/install/wheel_odometry/share/wheel_odometry/config
[6.742s] creating /home/nvidia/KvaserCar_outdoor_test/install/wheel_odometry/share/wheel_odometry/launch
[6.743s] copying launch/wheel_odometry_launch.py -> /home/nvidia/KvaserCar_outdoor_test/install/wheel_odometry/share/wheel_odometry/launch
[6.743s] running install_egg_info
[6.751s] Copying ../../build/wheel_odometry/wheel_odometry.egg-info to /home/nvidia/KvaserCar_outdoor_test/install/wheel_odometry/lib/python3.10/site-packages/wheel_odometry-0.1.0-py3.10.egg-info
[6.751s] running install_scripts
[6.793s] Installing wheel_odometry_node script to /home/nvidia/KvaserCar_outdoor_test/install/wheel_odometry/lib/wheel_odometry
[6.796s] writing list of installed files to '/home/nvidia/KvaserCar_outdoor_test/build/wheel_odometry/install.log'
[6.877s] Invoked command in '/home/nvidia/KvaserCar_outdoor_test/src/wheel_odometry' returned '0': PYTHONPATH=/home/nvidia/KvaserCar_outdoor_test/build/wheel_odometry/prefix_override:/usr/lib/python3/dist-packages/colcon_core/task/python/colcon_distutils_commands:/home/nvidia/KvaserCar_outdoor_test/install/wheel_odometry/lib/python3.10/site-packages:${PYTHONPATH} /usr/bin/python3 -W ignore:setup.py install is deprecated -W ignore:easy_install command is deprecated setup.py egg_info --egg-base ../../build/wheel_odometry build --build-base /home/nvidia/KvaserCar_outdoor_test/build/wheel_odometry/build install --record /home/nvidia/KvaserCar_outdoor_test/build/wheel_odometry/install.log --single-version-externally-managed install_data
