[5.616s] Invoking command in '/home/nvidia/KvaserCar_outdoor_test/src/norlab_xsens_driver': PYTHONPATH=/home/nvidia/KvaserCar_outdoor_test/build/xsens_driver/prefix_override:/usr/lib/python3/dist-packages/colcon_core/task/python/colcon_distutils_commands:/home/nvidia/KvaserCar_outdoor_test/install/xsens_driver/lib/python3.10/site-packages:${PYTHONPATH} /usr/bin/python3 -W ignore:setup.py install is deprecated -W ignore:easy_install command is deprecated setup.py egg_info --egg-base ../../build/xsens_driver build --build-base /home/nvidia/KvaserCar_outdoor_test/build/xsens_driver/build install --record /home/nvidia/KvaserCar_outdoor_test/build/xsens_driver/install.log --single-version-externally-managed install_data
[6.359s] running egg_info
[6.360s] writing ../../build/xsens_driver/xsens_driver.egg-info/PKG-INFO
[6.362s] writing dependency_links to ../../build/xsens_driver/xsens_driver.egg-info/dependency_links.txt
[6.362s] writing entry points to ../../build/xsens_driver/xsens_driver.egg-info/entry_points.txt
[6.362s] writing requirements to ../../build/xsens_driver/xsens_driver.egg-info/requires.txt
[6.362s] writing top-level names to ../../build/xsens_driver/xsens_driver.egg-info/top_level.txt
[6.368s] reading manifest file '../../build/xsens_driver/xsens_driver.egg-info/SOURCES.txt'
[6.368s] adding license file 'LICENCE'
[6.368s] adding license file 'AUTHORS'
[6.369s] writing manifest file '../../build/xsens_driver/xsens_driver.egg-info/SOURCES.txt'
[6.369s] running build
[6.369s] running build_py
[6.370s] running install
[6.371s] running install_lib
[6.374s] running install_data
[6.374s] running install_egg_info
[6.379s] removing '/home/nvidia/KvaserCar_outdoor_test/install/xsens_driver/lib/python3.10/site-packages/xsens_driver-3.0.0-py3.10.egg-info' (and everything under it)
[6.380s] Copying ../../build/xsens_driver/xsens_driver.egg-info to /home/nvidia/KvaserCar_outdoor_test/install/xsens_driver/lib/python3.10/site-packages/xsens_driver-3.0.0-py3.10.egg-info
[6.381s] running install_scripts
[6.433s] Installing mtnode.py script to /home/nvidia/KvaserCar_outdoor_test/install/xsens_driver/lib/xsens_driver
[6.436s] writing list of installed files to '/home/nvidia/KvaserCar_outdoor_test/build/xsens_driver/install.log'
[6.530s] Invoked command in '/home/nvidia/KvaserCar_outdoor_test/src/norlab_xsens_driver' returned '0': PYTHONPATH=/home/nvidia/KvaserCar_outdoor_test/build/xsens_driver/prefix_override:/usr/lib/python3/dist-packages/colcon_core/task/python/colcon_distutils_commands:/home/nvidia/KvaserCar_outdoor_test/install/xsens_driver/lib/python3.10/site-packages:${PYTHONPATH} /usr/bin/python3 -W ignore:setup.py install is deprecated -W ignore:easy_install command is deprecated setup.py egg_info --egg-base ../../build/xsens_driver build --build-base /home/nvidia/KvaserCar_outdoor_test/build/xsens_driver/build install --record /home/nvidia/KvaserCar_outdoor_test/build/xsens_driver/install.log --single-version-externally-managed install_data
