running egg_info
writing ../../build/control_rover/control_rover.egg-info/PKG-INFO
writing dependency_links to ../../build/control_rover/control_rover.egg-info/dependency_links.txt
writing entry points to ../../build/control_rover/control_rover.egg-info/entry_points.txt
writing requirements to ../../build/control_rover/control_rover.egg-info/requires.txt
writing top-level names to ../../build/control_rover/control_rover.egg-info/top_level.txt
reading manifest file '../../build/control_rover/control_rover.egg-info/SOURCES.txt'
adding license file 'LICENSE'
writing manifest file '../../build/control_rover/control_rover.egg-info/SOURCES.txt'
running build
running build_py
running install
running install_lib
running install_data
running install_egg_info
removing '/home/nvidia/KvaserCar_outdoor_test/install/control_rover/lib/python3.10/site-packages/control_rover-0.0.0-py3.10.egg-info' (and everything under it)
Copying ../../build/control_rover/control_rover.egg-info to /home/nvidia/KvaserCar_outdoor_test/install/control_rover/lib/python3.10/site-packages/control_rover-0.0.0-py3.10.egg-info
running install_scripts
Installing low_level_control script to /home/nvidia/KvaserCar_outdoor_test/install/control_rover/lib/control_rover
writing list of installed files to '/home/nvidia/KvaserCar_outdoor_test/build/control_rover/install.log'
