[5.153s] Invoking command in '/home/nvidia/KvaserCar_outdoor_test/src/control_rover': PYTHONPATH=/home/nvidia/KvaserCar_outdoor_test/build/control_rover/prefix_override:/usr/lib/python3/dist-packages/colcon_core/task/python/colcon_distutils_commands:/home/nvidia/KvaserCar_outdoor_test/install/control_rover/lib/python3.10/site-packages:${PYTHONPATH} /usr/bin/python3 -W ignore:setup.py install is deprecated -W ignore:easy_install command is deprecated setup.py egg_info --egg-base ../../build/control_rover build --build-base /home/nvidia/KvaserCar_outdoor_test/build/control_rover/build install --record /home/nvidia/KvaserCar_outdoor_test/build/control_rover/install.log --single-version-externally-managed install_data
[5.701s] running egg_info
[5.702s] writing ../../build/control_rover/control_rover.egg-info/PKG-INFO
[5.702s] writing dependency_links to ../../build/control_rover/control_rover.egg-info/dependency_links.txt
[5.702s] writing entry points to ../../build/control_rover/control_rover.egg-info/entry_points.txt
[5.703s] writing requirements to ../../build/control_rover/control_rover.egg-info/requires.txt
[5.703s] writing top-level names to ../../build/control_rover/control_rover.egg-info/top_level.txt
[5.707s] reading manifest file '../../build/control_rover/control_rover.egg-info/SOURCES.txt'
[5.707s] adding license file 'LICENSE'
[5.709s] writing manifest file '../../build/control_rover/control_rover.egg-info/SOURCES.txt'
[5.709s] running build
[5.709s] running build_py
[5.710s] running install
[5.711s] running install_lib
[5.713s] running install_data
[5.714s] running install_egg_info
[5.722s] removing '/home/nvidia/KvaserCar_outdoor_test/install/control_rover/lib/python3.10/site-packages/control_rover-0.0.0-py3.10.egg-info' (and everything under it)
[5.722s] Copying ../../build/control_rover/control_rover.egg-info to /home/nvidia/KvaserCar_outdoor_test/install/control_rover/lib/python3.10/site-packages/control_rover-0.0.0-py3.10.egg-info
[5.722s] running install_scripts
[5.762s] Installing low_level_control script to /home/nvidia/KvaserCar_outdoor_test/install/control_rover/lib/control_rover
[5.763s] writing list of installed files to '/home/nvidia/KvaserCar_outdoor_test/build/control_rover/install.log'
[5.890s] Invoked command in '/home/nvidia/KvaserCar_outdoor_test/src/control_rover' returned '0': PYTHONPATH=/home/nvidia/KvaserCar_outdoor_test/build/control_rover/prefix_override:/usr/lib/python3/dist-packages/colcon_core/task/python/colcon_distutils_commands:/home/nvidia/KvaserCar_outdoor_test/install/control_rover/lib/python3.10/site-packages:${PYTHONPATH} /usr/bin/python3 -W ignore:setup.py install is deprecated -W ignore:easy_install command is deprecated setup.py egg_info --egg-base ../../build/control_rover build --build-base /home/nvidia/KvaserCar_outdoor_test/build/control_rover/build install --record /home/nvidia/KvaserCar_outdoor_test/build/control_rover/install.log --single-version-externally-managed install_data
