[5.914s] Invoking command in '/home/nvidia/KvaserCar_outdoor_test/src/control_rover': PYTHONPATH=/home/nvidia/KvaserCar_outdoor_test/build/control_rover/prefix_override:/usr/lib/python3/dist-packages/colcon_core/task/python/colcon_distutils_commands:/home/nvidia/KvaserCar_outdoor_test/install/control_rover/lib/python3.10/site-packages:${PYTHONPATH} /usr/bin/python3 -W ignore:setup.py install is deprecated -W ignore:easy_install command is deprecated setup.py egg_info --egg-base ../../build/control_rover build --build-base /home/nvidia/KvaserCar_outdoor_test/build/control_rover/build install --record /home/nvidia/KvaserCar_outdoor_test/build/control_rover/install.log --single-version-externally-managed install_data
[6.664s] running egg_info
[6.665s] writing ../../build/control_rover/control_rover.egg-info/PKG-INFO
[6.666s] writing dependency_links to ../../build/control_rover/control_rover.egg-info/dependency_links.txt
[6.666s] writing entry points to ../../build/control_rover/control_rover.egg-info/entry_points.txt
[6.666s] writing requirements to ../../build/control_rover/control_rover.egg-info/requires.txt
[6.667s] writing top-level names to ../../build/control_rover/control_rover.egg-info/top_level.txt
[6.675s] reading manifest file '../../build/control_rover/control_rover.egg-info/SOURCES.txt'
[6.675s] adding license file 'LICENSE'
[6.675s] writing manifest file '../../build/control_rover/control_rover.egg-info/SOURCES.txt'
[6.675s] running build
[6.675s] running build_py
[6.676s] running install
[6.687s] running install_lib
[6.688s] running install_data
[6.688s] running install_egg_info
[6.688s] removing '/home/nvidia/KvaserCar_outdoor_test/install/control_rover/lib/python3.10/site-packages/control_rover-0.0.0-py3.10.egg-info' (and everything under it)
[6.688s] Copying ../../build/control_rover/control_rover.egg-info to /home/nvidia/KvaserCar_outdoor_test/install/control_rover/lib/python3.10/site-packages/control_rover-0.0.0-py3.10.egg-info
[6.688s] running install_scripts
[6.729s] Installing low_level_control script to /home/nvidia/KvaserCar_outdoor_test/install/control_rover/lib/control_rover
[6.729s] writing list of installed files to '/home/nvidia/KvaserCar_outdoor_test/build/control_rover/install.log'
[6.799s] Invoked command in '/home/nvidia/KvaserCar_outdoor_test/src/control_rover' returned '0': PYTHONPATH=/home/nvidia/KvaserCar_outdoor_test/build/control_rover/prefix_override:/usr/lib/python3/dist-packages/colcon_core/task/python/colcon_distutils_commands:/home/nvidia/KvaserCar_outdoor_test/install/control_rover/lib/python3.10/site-packages:${PYTHONPATH} /usr/bin/python3 -W ignore:setup.py install is deprecated -W ignore:easy_install command is deprecated setup.py egg_info --egg-base ../../build/control_rover build --build-base /home/nvidia/KvaserCar_outdoor_test/build/control_rover/build install --record /home/nvidia/KvaserCar_outdoor_test/build/control_rover/install.log --single-version-externally-managed install_data
