[5.079s] Invoking command in '/home/nvidia/KvaserCar_outdoor_test/src/control_rover': PYTHONPATH=/home/nvidia/KvaserCar_outdoor_test/build/control_rover/prefix_override:/usr/lib/python3/dist-packages/colcon_core/task/python/colcon_distutils_commands:/home/nvidia/KvaserCar_outdoor_test/install/control_rover/lib/python3.10/site-packages:${PYTHONPATH} /usr/bin/python3 -W ignore:setup.py install is deprecated -W ignore:easy_install command is deprecated setup.py egg_info --egg-base ../../build/control_rover build --build-base /home/nvidia/KvaserCar_outdoor_test/build/control_rover/build install --record /home/nvidia/KvaserCar_outdoor_test/build/control_rover/install.log --single-version-externally-managed install_data
[5.614s] running egg_info
[5.615s] writing ../../build/control_rover/control_rover.egg-info/PKG-INFO
[5.619s] writing dependency_links to ../../build/control_rover/control_rover.egg-info/dependency_links.txt
[5.619s] writing entry points to ../../build/control_rover/control_rover.egg-info/entry_points.txt
[5.619s] writing requirements to ../../build/control_rover/control_rover.egg-info/requires.txt
[5.620s] writing top-level names to ../../build/control_rover/control_rover.egg-info/top_level.txt
[5.622s] reading manifest file '../../build/control_rover/control_rover.egg-info/SOURCES.txt'
[5.625s] adding license file 'LICENSE'
[5.628s] writing manifest file '../../build/control_rover/control_rover.egg-info/SOURCES.txt'
[5.629s] running build
[5.632s] running build_py
[5.632s] running install
[5.633s] running install_lib
[5.634s] running install_data
[5.635s] running install_egg_info
[5.642s] removing '/home/nvidia/KvaserCar_outdoor_test/install/control_rover/lib/python3.10/site-packages/control_rover-0.0.0-py3.10.egg-info' (and everything under it)
[5.642s] Copying ../../build/control_rover/control_rover.egg-info to /home/nvidia/KvaserCar_outdoor_test/install/control_rover/lib/python3.10/site-packages/control_rover-0.0.0-py3.10.egg-info
[5.642s] running install_scripts
[5.672s] Installing low_level_control script to /home/nvidia/KvaserCar_outdoor_test/install/control_rover/lib/control_rover
[5.673s] writing list of installed files to '/home/nvidia/KvaserCar_outdoor_test/build/control_rover/install.log'
[5.784s] Invoked command in '/home/nvidia/KvaserCar_outdoor_test/src/control_rover' returned '0': PYTHONPATH=/home/nvidia/KvaserCar_outdoor_test/build/control_rover/prefix_override:/usr/lib/python3/dist-packages/colcon_core/task/python/colcon_distutils_commands:/home/nvidia/KvaserCar_outdoor_test/install/control_rover/lib/python3.10/site-packages:${PYTHONPATH} /usr/bin/python3 -W ignore:setup.py install is deprecated -W ignore:easy_install command is deprecated setup.py egg_info --egg-base ../../build/control_rover build --build-base /home/nvidia/KvaserCar_outdoor_test/build/control_rover/build install --record /home/nvidia/KvaserCar_outdoor_test/build/control_rover/install.log --single-version-externally-managed install_data
