[5.734s] Invoking command in '/home/nvidia/KvaserCar_outdoor_test/src/tactical_node': PYTHONPATH=/home/nvidia/KvaserCar_outdoor_test/build/tactical_node/prefix_override:/usr/lib/python3/dist-packages/colcon_core/task/python/colcon_distutils_commands:/home/nvidia/KvaserCar_outdoor_test/install/tactical_node/lib/python3.10/site-packages:${PYTHONPATH} /usr/bin/python3 -W ignore:setup.py install is deprecated -W ignore:easy_install command is deprecated setup.py egg_info --egg-base ../../build/tactical_node build --build-base /home/nvidia/KvaserCar_outdoor_test/build/tactical_node/build install --record /home/nvidia/KvaserCar_outdoor_test/build/tactical_node/install.log --single-version-externally-managed install_data
[6.432s] running egg_info
[6.433s] writing ../../build/tactical_node/tactical_node.egg-info/PKG-INFO
[6.434s] writing dependency_links to ../../build/tactical_node/tactical_node.egg-info/dependency_links.txt
[6.434s] writing entry points to ../../build/tactical_node/tactical_node.egg-info/entry_points.txt
[6.435s] writing requirements to ../../build/tactical_node/tactical_node.egg-info/requires.txt
[6.435s] writing top-level names to ../../build/tactical_node/tactical_node.egg-info/top_level.txt
[6.440s] reading manifest file '../../build/tactical_node/tactical_node.egg-info/SOURCES.txt'
[6.440s] adding license file 'LICENSE'
[6.442s] writing manifest file '../../build/tactical_node/tactical_node.egg-info/SOURCES.txt'
[6.443s] running build
[6.443s] running build_py
[6.443s] copying tactical_node/parameters.py -> /home/nvidia/KvaserCar_outdoor_test/build/tactical_node/build/lib/tactical_node
[6.444s] running install
[6.448s] running install_lib
[6.448s] copying /home/nvidia/KvaserCar_outdoor_test/build/tactical_node/build/lib/tactical_node/parameters.py -> /home/nvidia/KvaserCar_outdoor_test/install/tactical_node/lib/python3.10/site-packages/tactical_node
[6.449s] byte-compiling /home/nvidia/KvaserCar_outdoor_test/install/tactical_node/lib/python3.10/site-packages/tactical_node/parameters.py to parameters.cpython-310.pyc
[6.450s] running install_data
[6.451s] running install_egg_info
[6.457s] removing '/home/nvidia/KvaserCar_outdoor_test/install/tactical_node/lib/python3.10/site-packages/tactical_node-0.0.0-py3.10.egg-info' (and everything under it)
[6.457s] Copying ../../build/tactical_node/tactical_node.egg-info to /home/nvidia/KvaserCar_outdoor_test/install/tactical_node/lib/python3.10/site-packages/tactical_node-0.0.0-py3.10.egg-info
[6.458s] running install_scripts
[6.505s] Installing tactical_node script to /home/nvidia/KvaserCar_outdoor_test/install/tactical_node/lib/tactical_node
[6.509s] writing list of installed files to '/home/nvidia/KvaserCar_outdoor_test/build/tactical_node/install.log'
[6.587s] Invoked command in '/home/nvidia/KvaserCar_outdoor_test/src/tactical_node' returned '0': PYTHONPATH=/home/nvidia/KvaserCar_outdoor_test/build/tactical_node/prefix_override:/usr/lib/python3/dist-packages/colcon_core/task/python/colcon_distutils_commands:/home/nvidia/KvaserCar_outdoor_test/install/tactical_node/lib/python3.10/site-packages:${PYTHONPATH} /usr/bin/python3 -W ignore:setup.py install is deprecated -W ignore:easy_install command is deprecated setup.py egg_info --egg-base ../../build/tactical_node build --build-base /home/nvidia/KvaserCar_outdoor_test/build/tactical_node/build install --record /home/nvidia/KvaserCar_outdoor_test/build/tactical_node/install.log --single-version-externally-managed install_data
