/home/nvidia/KvaserCar_outdoor_test/install/visualize_car/lib/python3.10/site-packages/visualize_car/draw_marker_MISC.py
/home/nvidia/KvaserCar_outdoor_test/install/visualize_car/lib/python3.10/site-packages/visualize_car/fake_odom_pub.py
/home/nvidia/KvaserCar_outdoor_test/install/visualize_car/lib/python3.10/site-packages/visualize_car/draw_markers_node.py
/home/nvidia/KvaserCar_outdoor_test/install/visualize_car/lib/python3.10/site-packages/visualize_car/draw_cars_node.py
/home/nvidia/KvaserCar_outdoor_test/install/visualize_car/lib/python3.10/site-packages/visualize_car/__init__.py
/home/nvidia/KvaserCar_outdoor_test/install/visualize_car/lib/python3.10/site-packages/visualize_car/__pycache__/draw_marker_MISC.cpython-310.pyc
/home/nvidia/KvaserCar_outdoor_test/install/visualize_car/lib/python3.10/site-packages/visualize_car/__pycache__/fake_odom_pub.cpython-310.pyc
/home/nvidia/KvaserCar_outdoor_test/install/visualize_car/lib/python3.10/site-packages/visualize_car/__pycache__/draw_markers_node.cpython-310.pyc
/home/nvidia/KvaserCar_outdoor_test/install/visualize_car/lib/python3.10/site-packages/visualize_car/__pycache__/draw_cars_node.cpython-310.pyc
/home/nvidia/KvaserCar_outdoor_test/install/visualize_car/lib/python3.10/site-packages/visualize_car/__pycache__/__init__.cpython-310.pyc
/home/nvidia/KvaserCar_outdoor_test/install/visualize_car/share/ament_index/resource_index/packages/visualize_car
/home/nvidia/KvaserCar_outdoor_test/install/visualize_car/share/visualize_car/package.xml
/home/nvidia/KvaserCar_outdoor_test/install/visualize_car/share/visualize_car/launch/visualize_all.launch.py
/home/nvidia/KvaserCar_outdoor_test/install/visualize_car/share/visualize_car/rviz/visualize_all.rviz
/home/nvidia/KvaserCar_outdoor_test/install/visualize_car/lib/python3.10/site-packages/visualize_car-0.0.0-py3.10.egg-info/SOURCES.txt
/home/nvidia/KvaserCar_outdoor_test/install/visualize_car/lib/python3.10/site-packages/visualize_car-0.0.0-py3.10.egg-info/top_level.txt
/home/nvidia/KvaserCar_outdoor_test/install/visualize_car/lib/python3.10/site-packages/visualize_car-0.0.0-py3.10.egg-info/zip-safe
/home/nvidia/KvaserCar_outdoor_test/install/visualize_car/lib/python3.10/site-packages/visualize_car-0.0.0-py3.10.egg-info/dependency_links.txt
/home/nvidia/KvaserCar_outdoor_test/install/visualize_car/lib/python3.10/site-packages/visualize_car-0.0.0-py3.10.egg-info/entry_points.txt
/home/nvidia/KvaserCar_outdoor_test/install/visualize_car/lib/python3.10/site-packages/visualize_car-0.0.0-py3.10.egg-info/PKG-INFO
/home/nvidia/KvaserCar_outdoor_test/install/visualize_car/lib/python3.10/site-packages/visualize_car-0.0.0-py3.10.egg-info/requires.txt
/home/nvidia/KvaserCar_outdoor_test/install/visualize_car/lib/visualize_car/draw_cars_node
/home/nvidia/KvaserCar_outdoor_test/install/visualize_car/lib/visualize_car/draw_markers_node
/home/nvidia/KvaserCar_outdoor_test/install/visualize_car/lib/visualize_car/fake_odom_node
