[0.232s] DEBUG:colcon:Command line arguments: ['/usr/bin/colcon', 'build']
[0.232s] DEBUG:colcon:Parsed command line arguments: Namespace(log_base=None, log_level=None, verb_name='build', build_base='build', install_base='install', merge_install=False, symlink_install=False, test_result_base=None, continue_on_error=False, executor='parallel', parallel_workers=8, event_handlers=None, ignore_user_meta=False, metas=['./colcon.meta'], base_paths=['.'], packages_ignore=None, packages_ignore_regex=None, paths=None, packages_up_to=None, packages_up_to_regex=None, packages_above=None, packages_above_and_dependencies=None, packages_above_depth=None, packages_select_by_dep=None, packages_skip_by_dep=None, packages_skip_up_to=None, packages_select_build_failed=False, packages_skip_build_finished=False, packages_select_test_failures=False, packages_skip_test_passed=False, packages_select=None, packages_skip=None, packages_select_regex=None, packages_skip_regex=None, packages_start=None, packages_end=None, allow_overriding=[], cmake_args=None, cmake_target=None, cmake_target_skip_unavailable=False, cmake_clean_cache=False, cmake_clean_first=False, cmake_force_configure=False, ament_cmake_args=None, catkin_cmake_args=None, catkin_skip_building_tests=False, mixin_files=None, mixin=None, verb_parser=<colcon_mixin.mixin.mixin_argument.MixinArgumentDecorator object at 0xffffaf342230>, verb_extension=<colcon_core.verb.build.BuildVerb object at 0xffffaf341c00>, main=<bound method BuildVerb.main of <colcon_core.verb.build.BuildVerb object at 0xffffaf341c00>>, mixin_verb=('build',))
[0.632s] Level 1:colcon.colcon_core.package_discovery:discover_packages(colcon_meta) check parameters
[0.632s] Level 1:colcon.colcon_core.package_discovery:discover_packages(recursive) check parameters
[0.632s] Level 1:colcon.colcon_core.package_discovery:discover_packages(ignore) check parameters
[0.632s] Level 1:colcon.colcon_core.package_discovery:discover_packages(path) check parameters
[0.632s] Level 1:colcon.colcon_core.package_discovery:discover_packages(colcon_meta) discover
[0.632s] Level 1:colcon.colcon_core.package_discovery:discover_packages(recursive) discover
[0.632s] INFO:colcon.colcon_core.package_discovery:Crawling recursively for packages in '/home/nvidia/KvaserCar_outdoor_test'
[0.633s] Level 1:colcon.colcon_core.package_identification:_identify(.) by extensions ['ignore', 'ignore_ament_install']
[0.633s] Level 1:colcon.colcon_core.package_identification:_identify(.) by extension 'ignore'
[0.633s] Level 1:colcon.colcon_core.package_identification:_identify(.) by extension 'ignore_ament_install'
[0.633s] Level 1:colcon.colcon_core.package_identification:_identify(.) by extensions ['colcon_pkg']
[0.633s] Level 1:colcon.colcon_core.package_identification:_identify(.) by extension 'colcon_pkg'
[0.633s] Level 1:colcon.colcon_core.package_identification:_identify(.) by extensions ['colcon_meta']
[0.633s] Level 1:colcon.colcon_core.package_identification:_identify(.) by extension 'colcon_meta'
[0.634s] Level 1:colcon.colcon_core.package_identification:_identify(.) by extensions ['ros']
[0.634s] Level 1:colcon.colcon_core.package_identification:_identify(.) by extension 'ros'
[0.677s] Level 1:colcon.colcon_core.package_identification:_identify(.) by extensions ['cmake', 'python']
[0.677s] Level 1:colcon.colcon_core.package_identification:_identify(.) by extension 'cmake'
[0.677s] Level 1:colcon.colcon_core.package_identification:_identify(.) by extension 'python'
[0.677s] Level 1:colcon.colcon_core.package_identification:_identify(.) by extensions ['python_setup_py']
[0.677s] Level 1:colcon.colcon_core.package_identification:_identify(.) by extension 'python_setup_py'
[0.678s] Level 1:colcon.colcon_core.package_identification:_identify(build) by extensions ['ignore', 'ignore_ament_install']
[0.678s] Level 1:colcon.colcon_core.package_identification:_identify(build) by extension 'ignore'
[0.678s] Level 1:colcon.colcon_core.package_identification:_identify(build) ignored
[0.678s] Level 1:colcon.colcon_core.package_identification:_identify(data) by extensions ['ignore', 'ignore_ament_install']
[0.679s] Level 1:colcon.colcon_core.package_identification:_identify(data) by extension 'ignore'
[0.679s] Level 1:colcon.colcon_core.package_identification:_identify(data) by extension 'ignore_ament_install'
[0.679s] Level 1:colcon.colcon_core.package_identification:_identify(data) by extensions ['colcon_pkg']
[0.679s] Level 1:colcon.colcon_core.package_identification:_identify(data) by extension 'colcon_pkg'
[0.679s] Level 1:colcon.colcon_core.package_identification:_identify(data) by extensions ['colcon_meta']
[0.679s] Level 1:colcon.colcon_core.package_identification:_identify(data) by extension 'colcon_meta'
[0.679s] Level 1:colcon.colcon_core.package_identification:_identify(data) by extensions ['ros']
[0.679s] Level 1:colcon.colcon_core.package_identification:_identify(data) by extension 'ros'
[0.679s] Level 1:colcon.colcon_core.package_identification:_identify(data) by extensions ['cmake', 'python']
[0.680s] Level 1:colcon.colcon_core.package_identification:_identify(data) by extension 'cmake'
[0.680s] Level 1:colcon.colcon_core.package_identification:_identify(data) by extension 'python'
[0.680s] Level 1:colcon.colcon_core.package_identification:_identify(data) by extensions ['python_setup_py']
[0.680s] Level 1:colcon.colcon_core.package_identification:_identify(data) by extension 'python_setup_py'
[0.680s] Level 1:colcon.colcon_core.package_identification:_identify(install) by extensions ['ignore', 'ignore_ament_install']
[0.680s] Level 1:colcon.colcon_core.package_identification:_identify(install) by extension 'ignore'
[0.680s] Level 1:colcon.colcon_core.package_identification:_identify(install) ignored
[0.681s] Level 1:colcon.colcon_core.package_identification:_identify(log) by extensions ['ignore', 'ignore_ament_install']
[0.681s] Level 1:colcon.colcon_core.package_identification:_identify(log) by extension 'ignore'
[0.681s] Level 1:colcon.colcon_core.package_identification:_identify(log) ignored
[0.681s] Level 1:colcon.colcon_core.package_identification:_identify(src) by extensions ['ignore', 'ignore_ament_install']
[0.681s] Level 1:colcon.colcon_core.package_identification:_identify(src) by extension 'ignore'
[0.681s] Level 1:colcon.colcon_core.package_identification:_identify(src) by extension 'ignore_ament_install'
[0.681s] Level 1:colcon.colcon_core.package_identification:_identify(src) by extensions ['colcon_pkg']
[0.681s] Level 1:colcon.colcon_core.package_identification:_identify(src) by extension 'colcon_pkg'
[0.681s] Level 1:colcon.colcon_core.package_identification:_identify(src) by extensions ['colcon_meta']
[0.682s] Level 1:colcon.colcon_core.package_identification:_identify(src) by extension 'colcon_meta'
[0.682s] Level 1:colcon.colcon_core.package_identification:_identify(src) by extensions ['ros']
[0.682s] Level 1:colcon.colcon_core.package_identification:_identify(src) by extension 'ros'
[0.682s] Level 1:colcon.colcon_core.package_identification:_identify(src) by extensions ['cmake', 'python']
[0.682s] Level 1:colcon.colcon_core.package_identification:_identify(src) by extension 'cmake'
[0.682s] Level 1:colcon.colcon_core.package_identification:_identify(src) by extension 'python'
[0.682s] Level 1:colcon.colcon_core.package_identification:_identify(src) by extensions ['python_setup_py']
[0.682s] Level 1:colcon.colcon_core.package_identification:_identify(src) by extension 'python_setup_py'
[0.682s] Level 1:colcon.colcon_core.package_identification:_identify(src/aeb_rover) by extensions ['ignore', 'ignore_ament_install']
[0.683s] Level 1:colcon.colcon_core.package_identification:_identify(src/aeb_rover) by extension 'ignore'
[0.683s] Level 1:colcon.colcon_core.package_identification:_identify(src/aeb_rover) by extension 'ignore_ament_install'
[0.683s] Level 1:colcon.colcon_core.package_identification:_identify(src/aeb_rover) by extensions ['colcon_pkg']
[0.683s] Level 1:colcon.colcon_core.package_identification:_identify(src/aeb_rover) by extension 'colcon_pkg'
[0.683s] Level 1:colcon.colcon_core.package_identification:_identify(src/aeb_rover) by extensions ['colcon_meta']
[0.683s] Level 1:colcon.colcon_core.package_identification:_identify(src/aeb_rover) by extension 'colcon_meta'
[0.683s] Level 1:colcon.colcon_core.package_identification:_identify(src/aeb_rover) by extensions ['ros']
[0.683s] Level 1:colcon.colcon_core.package_identification:_identify(src/aeb_rover) by extension 'ros'
[0.688s] DEBUG:colcon.colcon_core.package_identification:Package 'src/aeb_rover' with type 'ros.ament_python' and name 'aeb_rover'
[0.688s] Level 1:colcon.colcon_core.package_identification:_identify(src/control_rover) by extensions ['ignore', 'ignore_ament_install']
[0.688s] Level 1:colcon.colcon_core.package_identification:_identify(src/control_rover) by extension 'ignore'
[0.689s] Level 1:colcon.colcon_core.package_identification:_identify(src/control_rover) by extension 'ignore_ament_install'
[0.689s] Level 1:colcon.colcon_core.package_identification:_identify(src/control_rover) by extensions ['colcon_pkg']
[0.689s] Level 1:colcon.colcon_core.package_identification:_identify(src/control_rover) by extension 'colcon_pkg'
[0.689s] Level 1:colcon.colcon_core.package_identification:_identify(src/control_rover) by extensions ['colcon_meta']
[0.689s] Level 1:colcon.colcon_core.package_identification:_identify(src/control_rover) by extension 'colcon_meta'
[0.689s] Level 1:colcon.colcon_core.package_identification:_identify(src/control_rover) by extensions ['ros']
[0.689s] Level 1:colcon.colcon_core.package_identification:_identify(src/control_rover) by extension 'ros'
[0.690s] DEBUG:colcon.colcon_core.package_identification:Package 'src/control_rover' with type 'ros.ament_python' and name 'control_rover'
[0.690s] Level 1:colcon.colcon_core.package_identification:_identify(src/norlab_xsens_driver) by extensions ['ignore', 'ignore_ament_install']
[0.690s] Level 1:colcon.colcon_core.package_identification:_identify(src/norlab_xsens_driver) by extension 'ignore'
[0.691s] Level 1:colcon.colcon_core.package_identification:_identify(src/norlab_xsens_driver) by extension 'ignore_ament_install'
[0.691s] Level 1:colcon.colcon_core.package_identification:_identify(src/norlab_xsens_driver) by extensions ['colcon_pkg']
[0.691s] Level 1:colcon.colcon_core.package_identification:_identify(src/norlab_xsens_driver) by extension 'colcon_pkg'
[0.691s] Level 1:colcon.colcon_core.package_identification:_identify(src/norlab_xsens_driver) by extensions ['colcon_meta']
[0.691s] Level 1:colcon.colcon_core.package_identification:_identify(src/norlab_xsens_driver) by extension 'colcon_meta'
[0.691s] Level 1:colcon.colcon_core.package_identification:_identify(src/norlab_xsens_driver) by extensions ['ros']
[0.691s] Level 1:colcon.colcon_core.package_identification:_identify(src/norlab_xsens_driver) by extension 'ros'
[0.693s] DEBUG:colcon.colcon_core.package_identification:Package 'src/norlab_xsens_driver' with type 'ros.ament_python' and name 'xsens_driver'
[0.693s] Level 1:colcon.colcon_core.package_identification:_identify(src/outdoor_test) by extensions ['ignore', 'ignore_ament_install']
[0.693s] Level 1:colcon.colcon_core.package_identification:_identify(src/outdoor_test) by extension 'ignore'
[0.693s] Level 1:colcon.colcon_core.package_identification:_identify(src/outdoor_test) by extension 'ignore_ament_install'
[0.693s] Level 1:colcon.colcon_core.package_identification:_identify(src/outdoor_test) by extensions ['colcon_pkg']
[0.693s] Level 1:colcon.colcon_core.package_identification:_identify(src/outdoor_test) by extension 'colcon_pkg'
[0.693s] Level 1:colcon.colcon_core.package_identification:_identify(src/outdoor_test) by extensions ['colcon_meta']
[0.694s] Level 1:colcon.colcon_core.package_identification:_identify(src/outdoor_test) by extension 'colcon_meta'
[0.694s] Level 1:colcon.colcon_core.package_identification:_identify(src/outdoor_test) by extensions ['ros']
[0.694s] Level 1:colcon.colcon_core.package_identification:_identify(src/outdoor_test) by extension 'ros'
[0.695s] DEBUG:colcon.colcon_core.package_identification:Package 'src/outdoor_test' with type 'ros.ament_python' and name 'outdoor_test'
[0.695s] Level 1:colcon.colcon_core.package_identification:_identify(src/tactical_node) by extensions ['ignore', 'ignore_ament_install']
[0.695s] Level 1:colcon.colcon_core.package_identification:_identify(src/tactical_node) by extension 'ignore'
[0.695s] Level 1:colcon.colcon_core.package_identification:_identify(src/tactical_node) by extension 'ignore_ament_install'
[0.695s] Level 1:colcon.colcon_core.package_identification:_identify(src/tactical_node) by extensions ['colcon_pkg']
[0.695s] Level 1:colcon.colcon_core.package_identification:_identify(src/tactical_node) by extension 'colcon_pkg'
[0.696s] Level 1:colcon.colcon_core.package_identification:_identify(src/tactical_node) by extensions ['colcon_meta']
[0.696s] Level 1:colcon.colcon_core.package_identification:_identify(src/tactical_node) by extension 'colcon_meta'
[0.696s] Level 1:colcon.colcon_core.package_identification:_identify(src/tactical_node) by extensions ['ros']
[0.696s] Level 1:colcon.colcon_core.package_identification:_identify(src/tactical_node) by extension 'ros'
[0.697s] DEBUG:colcon.colcon_core.package_identification:Package 'src/tactical_node' with type 'ros.ament_python' and name 'tactical_node'
[0.697s] Level 1:colcon.colcon_core.package_identification:_identify(src/visualize_car) by extensions ['ignore', 'ignore_ament_install']
[0.697s] Level 1:colcon.colcon_core.package_identification:_identify(src/visualize_car) by extension 'ignore'
[0.697s] Level 1:colcon.colcon_core.package_identification:_identify(src/visualize_car) by extension 'ignore_ament_install'
[0.697s] Level 1:colcon.colcon_core.package_identification:_identify(src/visualize_car) by extensions ['colcon_pkg']
[0.697s] Level 1:colcon.colcon_core.package_identification:_identify(src/visualize_car) by extension 'colcon_pkg'
[0.697s] Level 1:colcon.colcon_core.package_identification:_identify(src/visualize_car) by extensions ['colcon_meta']
[0.698s] Level 1:colcon.colcon_core.package_identification:_identify(src/visualize_car) by extension 'colcon_meta'
[0.698s] Level 1:colcon.colcon_core.package_identification:_identify(src/visualize_car) by extensions ['ros']
[0.698s] Level 1:colcon.colcon_core.package_identification:_identify(src/visualize_car) by extension 'ros'
[0.699s] DEBUG:colcon.colcon_core.package_identification:Package 'src/visualize_car' with type 'ros.ament_python' and name 'visualize_car'
[0.699s] Level 1:colcon.colcon_core.package_identification:_identify(src/wheel_odometry) by extensions ['ignore', 'ignore_ament_install']
[0.699s] Level 1:colcon.colcon_core.package_identification:_identify(src/wheel_odometry) by extension 'ignore'
[0.699s] Level 1:colcon.colcon_core.package_identification:_identify(src/wheel_odometry) by extension 'ignore_ament_install'
[0.699s] Level 1:colcon.colcon_core.package_identification:_identify(src/wheel_odometry) by extensions ['colcon_pkg']
[0.699s] Level 1:colcon.colcon_core.package_identification:_identify(src/wheel_odometry) by extension 'colcon_pkg'
[0.699s] Level 1:colcon.colcon_core.package_identification:_identify(src/wheel_odometry) by extensions ['colcon_meta']
[0.699s] Level 1:colcon.colcon_core.package_identification:_identify(src/wheel_odometry) by extension 'colcon_meta'
[0.699s] Level 1:colcon.colcon_core.package_identification:_identify(src/wheel_odometry) by extensions ['ros']
[0.700s] Level 1:colcon.colcon_core.package_identification:_identify(src/wheel_odometry) by extension 'ros'
[0.700s] DEBUG:colcon.colcon_core.package_identification:Package 'src/wheel_odometry' with type 'ros.ament_python' and name 'wheel_odometry'
[0.700s] Level 1:colcon.colcon_core.package_discovery:discover_packages(recursive) using defaults
[0.701s] Level 1:colcon.colcon_core.package_discovery:discover_packages(ignore) discover
[0.701s] Level 1:colcon.colcon_core.package_discovery:discover_packages(ignore) using defaults
[0.701s] Level 1:colcon.colcon_core.package_discovery:discover_packages(path) discover
[0.701s] Level 1:colcon.colcon_core.package_discovery:discover_packages(path) using defaults
[0.743s] Level 1:colcon.colcon_core.package_discovery:discover_packages(prefix_path) check parameters
[0.743s] Level 1:colcon.colcon_core.package_discovery:discover_packages(prefix_path) discover
[0.749s] DEBUG:colcon.colcon_installed_package_information.package_discovery:Found 7 installed packages in /home/nvidia/KvaserCar_outdoor_test/install
[0.750s] DEBUG:colcon.colcon_installed_package_information.package_discovery:Found 16 installed packages in /home/nvidia/kth_ws/install
[0.753s] DEBUG:colcon.colcon_installed_package_information.package_discovery:Found 382 installed packages in /opt/ros/humble
[0.757s] Level 1:colcon.colcon_core.package_discovery:discover_packages(prefix_path) using defaults
[0.844s] Level 5:colcon.colcon_core.verb:set package 'aeb_rover' build argument 'cmake_args' from command line to 'None'
[0.844s] Level 5:colcon.colcon_core.verb:set package 'aeb_rover' build argument 'cmake_target' from command line to 'None'
[0.844s] Level 5:colcon.colcon_core.verb:set package 'aeb_rover' build argument 'cmake_target_skip_unavailable' from command line to 'False'
[0.844s] Level 5:colcon.colcon_core.verb:set package 'aeb_rover' build argument 'cmake_clean_cache' from command line to 'False'
[0.845s] Level 5:colcon.colcon_core.verb:set package 'aeb_rover' build argument 'cmake_clean_first' from command line to 'False'
[0.845s] Level 5:colcon.colcon_core.verb:set package 'aeb_rover' build argument 'cmake_force_configure' from command line to 'False'
[0.845s] Level 5:colcon.colcon_core.verb:set package 'aeb_rover' build argument 'ament_cmake_args' from command line to 'None'
[0.845s] Level 5:colcon.colcon_core.verb:set package 'aeb_rover' build argument 'catkin_cmake_args' from command line to 'None'
[0.845s] Level 5:colcon.colcon_core.verb:set package 'aeb_rover' build argument 'catkin_skip_building_tests' from command line to 'False'
[0.845s] DEBUG:colcon.colcon_core.verb:Building package 'aeb_rover' with the following arguments: {'ament_cmake_args': None, 'build_base': '/home/nvidia/KvaserCar_outdoor_test/build/aeb_rover', 'catkin_cmake_args': None, 'catkin_skip_building_tests': False, 'cmake_args': None, 'cmake_clean_cache': False, 'cmake_clean_first': False, 'cmake_force_configure': False, 'cmake_target': None, 'cmake_target_skip_unavailable': False, 'install_base': '/home/nvidia/KvaserCar_outdoor_test/install/aeb_rover', 'merge_install': False, 'path': '/home/nvidia/KvaserCar_outdoor_test/src/aeb_rover', 'symlink_install': False, 'test_result_base': None}
[0.845s] Level 5:colcon.colcon_core.verb:set package 'control_rover' build argument 'cmake_args' from command line to 'None'
[0.845s] Level 5:colcon.colcon_core.verb:set package 'control_rover' build argument 'cmake_target' from command line to 'None'
[0.846s] Level 5:colcon.colcon_core.verb:set package 'control_rover' build argument 'cmake_target_skip_unavailable' from command line to 'False'
[0.846s] Level 5:colcon.colcon_core.verb:set package 'control_rover' build argument 'cmake_clean_cache' from command line to 'False'
[0.846s] Level 5:colcon.colcon_core.verb:set package 'control_rover' build argument 'cmake_clean_first' from command line to 'False'
[0.846s] Level 5:colcon.colcon_core.verb:set package 'control_rover' build argument 'cmake_force_configure' from command line to 'False'
[0.846s] Level 5:colcon.colcon_core.verb:set package 'control_rover' build argument 'ament_cmake_args' from command line to 'None'
[0.846s] Level 5:colcon.colcon_core.verb:set package 'control_rover' build argument 'catkin_cmake_args' from command line to 'None'
[0.846s] Level 5:colcon.colcon_core.verb:set package 'control_rover' build argument 'catkin_skip_building_tests' from command line to 'False'
[0.846s] DEBUG:colcon.colcon_core.verb:Building package 'control_rover' with the following arguments: {'ament_cmake_args': None, 'build_base': '/home/nvidia/KvaserCar_outdoor_test/build/control_rover', 'catkin_cmake_args': None, 'catkin_skip_building_tests': False, 'cmake_args': None, 'cmake_clean_cache': False, 'cmake_clean_first': False, 'cmake_force_configure': False, 'cmake_target': None, 'cmake_target_skip_unavailable': False, 'install_base': '/home/nvidia/KvaserCar_outdoor_test/install/control_rover', 'merge_install': False, 'path': '/home/nvidia/KvaserCar_outdoor_test/src/control_rover', 'symlink_install': False, 'test_result_base': None}
[0.846s] Level 5:colcon.colcon_core.verb:set package 'outdoor_test' build argument 'cmake_args' from command line to 'None'
[0.847s] Level 5:colcon.colcon_core.verb:set package 'outdoor_test' build argument 'cmake_target' from command line to 'None'
[0.847s] Level 5:colcon.colcon_core.verb:set package 'outdoor_test' build argument 'cmake_target_skip_unavailable' from command line to 'False'
[0.847s] Level 5:colcon.colcon_core.verb:set package 'outdoor_test' build argument 'cmake_clean_cache' from command line to 'False'
[0.847s] Level 5:colcon.colcon_core.verb:set package 'outdoor_test' build argument 'cmake_clean_first' from command line to 'False'
[0.847s] Level 5:colcon.colcon_core.verb:set package 'outdoor_test' build argument 'cmake_force_configure' from command line to 'False'
[0.847s] Level 5:colcon.colcon_core.verb:set package 'outdoor_test' build argument 'ament_cmake_args' from command line to 'None'
[0.847s] Level 5:colcon.colcon_core.verb:set package 'outdoor_test' build argument 'catkin_cmake_args' from command line to 'None'
[0.847s] Level 5:colcon.colcon_core.verb:set package 'outdoor_test' build argument 'catkin_skip_building_tests' from command line to 'False'
[0.847s] DEBUG:colcon.colcon_core.verb:Building package 'outdoor_test' with the following arguments: {'ament_cmake_args': None, 'build_base': '/home/nvidia/KvaserCar_outdoor_test/build/outdoor_test', 'catkin_cmake_args': None, 'catkin_skip_building_tests': False, 'cmake_args': None, 'cmake_clean_cache': False, 'cmake_clean_first': False, 'cmake_force_configure': False, 'cmake_target': None, 'cmake_target_skip_unavailable': False, 'install_base': '/home/nvidia/KvaserCar_outdoor_test/install/outdoor_test', 'merge_install': False, 'path': '/home/nvidia/KvaserCar_outdoor_test/src/outdoor_test', 'symlink_install': False, 'test_result_base': None}
[0.848s] Level 5:colcon.colcon_core.verb:set package 'tactical_node' build argument 'cmake_args' from command line to 'None'
[0.848s] Level 5:colcon.colcon_core.verb:set package 'tactical_node' build argument 'cmake_target' from command line to 'None'
[0.848s] Level 5:colcon.colcon_core.verb:set package 'tactical_node' build argument 'cmake_target_skip_unavailable' from command line to 'False'
[0.848s] Level 5:colcon.colcon_core.verb:set package 'tactical_node' build argument 'cmake_clean_cache' from command line to 'False'
[0.848s] Level 5:colcon.colcon_core.verb:set package 'tactical_node' build argument 'cmake_clean_first' from command line to 'False'
[0.848s] Level 5:colcon.colcon_core.verb:set package 'tactical_node' build argument 'cmake_force_configure' from command line to 'False'
[0.848s] Level 5:colcon.colcon_core.verb:set package 'tactical_node' build argument 'ament_cmake_args' from command line to 'None'
[0.848s] Level 5:colcon.colcon_core.verb:set package 'tactical_node' build argument 'catkin_cmake_args' from command line to 'None'
[0.848s] Level 5:colcon.colcon_core.verb:set package 'tactical_node' build argument 'catkin_skip_building_tests' from command line to 'False'
[0.848s] DEBUG:colcon.colcon_core.verb:Building package 'tactical_node' with the following arguments: {'ament_cmake_args': None, 'build_base': '/home/nvidia/KvaserCar_outdoor_test/build/tactical_node', 'catkin_cmake_args': None, 'catkin_skip_building_tests': False, 'cmake_args': None, 'cmake_clean_cache': False, 'cmake_clean_first': False, 'cmake_force_configure': False, 'cmake_target': None, 'cmake_target_skip_unavailable': False, 'install_base': '/home/nvidia/KvaserCar_outdoor_test/install/tactical_node', 'merge_install': False, 'path': '/home/nvidia/KvaserCar_outdoor_test/src/tactical_node', 'symlink_install': False, 'test_result_base': None}
[0.849s] Level 5:colcon.colcon_core.verb:set package 'visualize_car' build argument 'cmake_args' from command line to 'None'
[0.849s] Level 5:colcon.colcon_core.verb:set package 'visualize_car' build argument 'cmake_target' from command line to 'None'
[0.849s] Level 5:colcon.colcon_core.verb:set package 'visualize_car' build argument 'cmake_target_skip_unavailable' from command line to 'False'
[0.849s] Level 5:colcon.colcon_core.verb:set package 'visualize_car' build argument 'cmake_clean_cache' from command line to 'False'
[0.849s] Level 5:colcon.colcon_core.verb:set package 'visualize_car' build argument 'cmake_clean_first' from command line to 'False'
[0.849s] Level 5:colcon.colcon_core.verb:set package 'visualize_car' build argument 'cmake_force_configure' from command line to 'False'
[0.849s] Level 5:colcon.colcon_core.verb:set package 'visualize_car' build argument 'ament_cmake_args' from command line to 'None'
[0.849s] Level 5:colcon.colcon_core.verb:set package 'visualize_car' build argument 'catkin_cmake_args' from command line to 'None'
[0.849s] Level 5:colcon.colcon_core.verb:set package 'visualize_car' build argument 'catkin_skip_building_tests' from command line to 'False'
[0.849s] DEBUG:colcon.colcon_core.verb:Building package 'visualize_car' with the following arguments: {'ament_cmake_args': None, 'build_base': '/home/nvidia/KvaserCar_outdoor_test/build/visualize_car', 'catkin_cmake_args': None, 'catkin_skip_building_tests': False, 'cmake_args': None, 'cmake_clean_cache': False, 'cmake_clean_first': False, 'cmake_force_configure': False, 'cmake_target': None, 'cmake_target_skip_unavailable': False, 'install_base': '/home/nvidia/KvaserCar_outdoor_test/install/visualize_car', 'merge_install': False, 'path': '/home/nvidia/KvaserCar_outdoor_test/src/visualize_car', 'symlink_install': False, 'test_result_base': None}
[0.850s] Level 5:colcon.colcon_core.verb:set package 'wheel_odometry' build argument 'cmake_args' from command line to 'None'
[0.850s] Level 5:colcon.colcon_core.verb:set package 'wheel_odometry' build argument 'cmake_target' from command line to 'None'
[0.850s] Level 5:colcon.colcon_core.verb:set package 'wheel_odometry' build argument 'cmake_target_skip_unavailable' from command line to 'False'
[0.850s] Level 5:colcon.colcon_core.verb:set package 'wheel_odometry' build argument 'cmake_clean_cache' from command line to 'False'
[0.850s] Level 5:colcon.colcon_core.verb:set package 'wheel_odometry' build argument 'cmake_clean_first' from command line to 'False'
[0.850s] Level 5:colcon.colcon_core.verb:set package 'wheel_odometry' build argument 'cmake_force_configure' from command line to 'False'
[0.850s] Level 5:colcon.colcon_core.verb:set package 'wheel_odometry' build argument 'ament_cmake_args' from command line to 'None'
[0.850s] Level 5:colcon.colcon_core.verb:set package 'wheel_odometry' build argument 'catkin_cmake_args' from command line to 'None'
[0.850s] Level 5:colcon.colcon_core.verb:set package 'wheel_odometry' build argument 'catkin_skip_building_tests' from command line to 'False'
[0.850s] DEBUG:colcon.colcon_core.verb:Building package 'wheel_odometry' with the following arguments: {'ament_cmake_args': None, 'build_base': '/home/nvidia/KvaserCar_outdoor_test/build/wheel_odometry', 'catkin_cmake_args': None, 'catkin_skip_building_tests': False, 'cmake_args': None, 'cmake_clean_cache': False, 'cmake_clean_first': False, 'cmake_force_configure': False, 'cmake_target': None, 'cmake_target_skip_unavailable': False, 'install_base': '/home/nvidia/KvaserCar_outdoor_test/install/wheel_odometry', 'merge_install': False, 'path': '/home/nvidia/KvaserCar_outdoor_test/src/wheel_odometry', 'symlink_install': False, 'test_result_base': None}
[0.851s] Level 5:colcon.colcon_core.verb:set package 'xsens_driver' build argument 'cmake_args' from command line to 'None'
[0.851s] Level 5:colcon.colcon_core.verb:set package 'xsens_driver' build argument 'cmake_target' from command line to 'None'
[0.851s] Level 5:colcon.colcon_core.verb:set package 'xsens_driver' build argument 'cmake_target_skip_unavailable' from command line to 'False'
[0.851s] Level 5:colcon.colcon_core.verb:set package 'xsens_driver' build argument 'cmake_clean_cache' from command line to 'False'
[0.851s] Level 5:colcon.colcon_core.verb:set package 'xsens_driver' build argument 'cmake_clean_first' from command line to 'False'
[0.851s] Level 5:colcon.colcon_core.verb:set package 'xsens_driver' build argument 'cmake_force_configure' from command line to 'False'
[0.851s] Level 5:colcon.colcon_core.verb:set package 'xsens_driver' build argument 'ament_cmake_args' from command line to 'None'
[0.851s] Level 5:colcon.colcon_core.verb:set package 'xsens_driver' build argument 'catkin_cmake_args' from command line to 'None'
[0.851s] Level 5:colcon.colcon_core.verb:set package 'xsens_driver' build argument 'catkin_skip_building_tests' from command line to 'False'
[0.851s] DEBUG:colcon.colcon_core.verb:Building package 'xsens_driver' with the following arguments: {'ament_cmake_args': None, 'build_base': '/home/nvidia/KvaserCar_outdoor_test/build/xsens_driver', 'catkin_cmake_args': None, 'catkin_skip_building_tests': False, 'cmake_args': None, 'cmake_clean_cache': False, 'cmake_clean_first': False, 'cmake_force_configure': False, 'cmake_target': None, 'cmake_target_skip_unavailable': False, 'install_base': '/home/nvidia/KvaserCar_outdoor_test/install/xsens_driver', 'merge_install': False, 'path': '/home/nvidia/KvaserCar_outdoor_test/src/norlab_xsens_driver', 'symlink_install': False, 'test_result_base': None}
[0.851s] INFO:colcon.colcon_core.executor:Executing jobs using 'parallel' executor
[0.853s] DEBUG:colcon.colcon_parallel_executor.executor.parallel:run_until_complete
[0.854s] INFO:colcon.colcon_ros.task.ament_python.build:Building ROS package in '/home/nvidia/KvaserCar_outdoor_test/src/aeb_rover' with build type 'ament_python'
[0.854s] Level 1:colcon.colcon_core.shell:create_environment_hook('aeb_rover', 'ament_prefix_path')
[0.859s] INFO:colcon.colcon_core.plugin_system:Skipping extension 'colcon_core.shell.bat': Not used on non-Windows systems
[0.859s] INFO:colcon.colcon_core.shell:Creating environment hook '/home/nvidia/KvaserCar_outdoor_test/install/aeb_rover/share/aeb_rover/hook/ament_prefix_path.ps1'
[0.861s] INFO:colcon.colcon_core.shell:Creating environment descriptor '/home/nvidia/KvaserCar_outdoor_test/install/aeb_rover/share/aeb_rover/hook/ament_prefix_path.dsv'
[0.861s] INFO:colcon.colcon_core.shell:Creating environment hook '/home/nvidia/KvaserCar_outdoor_test/install/aeb_rover/share/aeb_rover/hook/ament_prefix_path.sh'
[0.863s] INFO:colcon.colcon_core.shell:Skip shell extension 'powershell' for command environment: Not usable outside of PowerShell
[0.863s] DEBUG:colcon.colcon_core.shell:Skip shell extension 'dsv' for command environment
[0.873s] INFO:colcon.colcon_ros.task.ament_python.build:Building ROS package in '/home/nvidia/KvaserCar_outdoor_test/src/control_rover' with build type 'ament_python'
[0.873s] Level 1:colcon.colcon_core.shell:create_environment_hook('control_rover', 'ament_prefix_path')
[0.873s] INFO:colcon.colcon_core.shell:Creating environment hook '/home/nvidia/KvaserCar_outdoor_test/install/control_rover/share/control_rover/hook/ament_prefix_path.ps1'
[0.874s] INFO:colcon.colcon_core.shell:Creating environment descriptor '/home/nvidia/KvaserCar_outdoor_test/install/control_rover/share/control_rover/hook/ament_prefix_path.dsv'
[0.875s] INFO:colcon.colcon_core.shell:Creating environment hook '/home/nvidia/KvaserCar_outdoor_test/install/control_rover/share/control_rover/hook/ament_prefix_path.sh'
[0.876s] INFO:colcon.colcon_core.shell:Skip shell extension 'powershell' for command environment: Not usable outside of PowerShell
[0.876s] DEBUG:colcon.colcon_core.shell:Skip shell extension 'dsv' for command environment
[0.885s] INFO:colcon.colcon_ros.task.ament_python.build:Building ROS package in '/home/nvidia/KvaserCar_outdoor_test/src/outdoor_test' with build type 'ament_python'
[0.886s] Level 1:colcon.colcon_core.shell:create_environment_hook('outdoor_test', 'ament_prefix_path')
[0.886s] INFO:colcon.colcon_core.shell:Creating environment hook '/home/nvidia/KvaserCar_outdoor_test/install/outdoor_test/share/outdoor_test/hook/ament_prefix_path.ps1'
[0.887s] INFO:colcon.colcon_core.shell:Creating environment descriptor '/home/nvidia/KvaserCar_outdoor_test/install/outdoor_test/share/outdoor_test/hook/ament_prefix_path.dsv'
[0.888s] INFO:colcon.colcon_core.shell:Creating environment hook '/home/nvidia/KvaserCar_outdoor_test/install/outdoor_test/share/outdoor_test/hook/ament_prefix_path.sh'
[0.889s] INFO:colcon.colcon_core.shell:Skip shell extension 'powershell' for command environment: Not usable outside of PowerShell
[0.889s] DEBUG:colcon.colcon_core.shell:Skip shell extension 'dsv' for command environment
[0.898s] INFO:colcon.colcon_ros.task.ament_python.build:Building ROS package in '/home/nvidia/KvaserCar_outdoor_test/src/tactical_node' with build type 'ament_python'
[0.898s] Level 1:colcon.colcon_core.shell:create_environment_hook('tactical_node', 'ament_prefix_path')
[0.899s] INFO:colcon.colcon_core.shell:Creating environment hook '/home/nvidia/KvaserCar_outdoor_test/install/tactical_node/share/tactical_node/hook/ament_prefix_path.ps1'
[0.900s] INFO:colcon.colcon_core.shell:Creating environment descriptor '/home/nvidia/KvaserCar_outdoor_test/install/tactical_node/share/tactical_node/hook/ament_prefix_path.dsv'
[0.901s] INFO:colcon.colcon_core.shell:Creating environment hook '/home/nvidia/KvaserCar_outdoor_test/install/tactical_node/share/tactical_node/hook/ament_prefix_path.sh'
[0.902s] INFO:colcon.colcon_core.shell:Skip shell extension 'powershell' for command environment: Not usable outside of PowerShell
[0.902s] DEBUG:colcon.colcon_core.shell:Skip shell extension 'dsv' for command environment
[0.911s] INFO:colcon.colcon_ros.task.ament_python.build:Building ROS package in '/home/nvidia/KvaserCar_outdoor_test/src/visualize_car' with build type 'ament_python'
[0.911s] Level 1:colcon.colcon_core.shell:create_environment_hook('visualize_car', 'ament_prefix_path')
[0.912s] INFO:colcon.colcon_core.shell:Creating environment hook '/home/nvidia/KvaserCar_outdoor_test/install/visualize_car/share/visualize_car/hook/ament_prefix_path.ps1'
[0.912s] INFO:colcon.colcon_core.shell:Creating environment descriptor '/home/nvidia/KvaserCar_outdoor_test/install/visualize_car/share/visualize_car/hook/ament_prefix_path.dsv'
[0.913s] INFO:colcon.colcon_core.shell:Creating environment hook '/home/nvidia/KvaserCar_outdoor_test/install/visualize_car/share/visualize_car/hook/ament_prefix_path.sh'
[0.914s] INFO:colcon.colcon_core.shell:Skip shell extension 'powershell' for command environment: Not usable outside of PowerShell
[0.914s] DEBUG:colcon.colcon_core.shell:Skip shell extension 'dsv' for command environment
[0.923s] INFO:colcon.colcon_ros.task.ament_python.build:Building ROS package in '/home/nvidia/KvaserCar_outdoor_test/src/wheel_odometry' with build type 'ament_python'
[0.923s] Level 1:colcon.colcon_core.shell:create_environment_hook('wheel_odometry', 'ament_prefix_path')
[0.924s] INFO:colcon.colcon_core.shell:Creating environment hook '/home/nvidia/KvaserCar_outdoor_test/install/wheel_odometry/share/wheel_odometry/hook/ament_prefix_path.ps1'
[0.925s] INFO:colcon.colcon_core.shell:Creating environment descriptor '/home/nvidia/KvaserCar_outdoor_test/install/wheel_odometry/share/wheel_odometry/hook/ament_prefix_path.dsv'
[0.925s] INFO:colcon.colcon_core.shell:Creating environment hook '/home/nvidia/KvaserCar_outdoor_test/install/wheel_odometry/share/wheel_odometry/hook/ament_prefix_path.sh'
[0.927s] INFO:colcon.colcon_core.shell:Skip shell extension 'powershell' for command environment: Not usable outside of PowerShell
[0.927s] DEBUG:colcon.colcon_core.shell:Skip shell extension 'dsv' for command environment
[0.935s] INFO:colcon.colcon_ros.task.ament_python.build:Building ROS package in '/home/nvidia/KvaserCar_outdoor_test/src/norlab_xsens_driver' with build type 'ament_python'
[0.936s] Level 1:colcon.colcon_core.shell:create_environment_hook('xsens_driver', 'ament_prefix_path')
[0.936s] INFO:colcon.colcon_core.shell:Creating environment hook '/home/nvidia/KvaserCar_outdoor_test/install/xsens_driver/share/xsens_driver/hook/ament_prefix_path.ps1'
[0.937s] INFO:colcon.colcon_core.shell:Creating environment descriptor '/home/nvidia/KvaserCar_outdoor_test/install/xsens_driver/share/xsens_driver/hook/ament_prefix_path.dsv'
[0.938s] INFO:colcon.colcon_core.shell:Creating environment hook '/home/nvidia/KvaserCar_outdoor_test/install/xsens_driver/share/xsens_driver/hook/ament_prefix_path.sh'
[0.939s] INFO:colcon.colcon_core.shell:Skip shell extension 'powershell' for command environment: Not usable outside of PowerShell
[0.939s] DEBUG:colcon.colcon_core.shell:Skip shell extension 'dsv' for command environment
[1.562s] INFO:colcon.colcon_core.task.python.build:Building Python package in '/home/nvidia/KvaserCar_outdoor_test/src/aeb_rover'
[1.563s] INFO:colcon.colcon_core.shell:Skip shell extension 'powershell' for command environment: Not usable outside of PowerShell
[1.563s] DEBUG:colcon.colcon_core.shell:Skip shell extension 'dsv' for command environment
[2.185s] INFO:colcon.colcon_core.task.python.build:Building Python package in '/home/nvidia/KvaserCar_outdoor_test/src/control_rover'
[2.186s] INFO:colcon.colcon_core.shell:Skip shell extension 'powershell' for command environment: Not usable outside of PowerShell
[2.186s] DEBUG:colcon.colcon_core.shell:Skip shell extension 'dsv' for command environment
[2.803s] INFO:colcon.colcon_core.task.python.build:Building Python package in '/home/nvidia/KvaserCar_outdoor_test/src/outdoor_test'
[2.805s] INFO:colcon.colcon_core.shell:Skip shell extension 'powershell' for command environment: Not usable outside of PowerShell
[2.805s] DEBUG:colcon.colcon_core.shell:Skip shell extension 'dsv' for command environment
[3.421s] INFO:colcon.colcon_core.task.python.build:Building Python package in '/home/nvidia/KvaserCar_outdoor_test/src/tactical_node'
[3.422s] INFO:colcon.colcon_core.shell:Skip shell extension 'powershell' for command environment: Not usable outside of PowerShell
[3.422s] DEBUG:colcon.colcon_core.shell:Skip shell extension 'dsv' for command environment
[4.033s] INFO:colcon.colcon_core.task.python.build:Building Python package in '/home/nvidia/KvaserCar_outdoor_test/src/visualize_car'
[4.034s] INFO:colcon.colcon_core.shell:Skip shell extension 'powershell' for command environment: Not usable outside of PowerShell
[4.034s] DEBUG:colcon.colcon_core.shell:Skip shell extension 'dsv' for command environment
[4.638s] INFO:colcon.colcon_core.task.python.build:Building Python package in '/home/nvidia/KvaserCar_outdoor_test/src/wheel_odometry'
[4.639s] INFO:colcon.colcon_core.shell:Skip shell extension 'powershell' for command environment: Not usable outside of PowerShell
[4.639s] DEBUG:colcon.colcon_core.shell:Skip shell extension 'dsv' for command environment
[5.260s] INFO:colcon.colcon_core.task.python.build:Building Python package in '/home/nvidia/KvaserCar_outdoor_test/src/norlab_xsens_driver'
[5.261s] INFO:colcon.colcon_core.shell:Skip shell extension 'powershell' for command environment: Not usable outside of PowerShell
[5.262s] DEBUG:colcon.colcon_core.shell:Skip shell extension 'dsv' for command environment
[6.588s] DEBUG:colcon.colcon_core.event_handler.log_command:Invoking command in '/home/nvidia/KvaserCar_outdoor_test/src/outdoor_test': PYTHONPATH=/home/nvidia/KvaserCar_outdoor_test/build/outdoor_test/prefix_override:/usr/lib/python3/dist-packages/colcon_core/task/python/colcon_distutils_commands:/home/nvidia/KvaserCar_outdoor_test/install/outdoor_test/lib/python3.10/site-packages:${PYTHONPATH} /usr/bin/python3 -W ignore:setup.py install is deprecated -W ignore:easy_install command is deprecated setup.py egg_info --egg-base ../../build/outdoor_test build --build-base /home/nvidia/KvaserCar_outdoor_test/build/outdoor_test/build install --record /home/nvidia/KvaserCar_outdoor_test/build/outdoor_test/install.log --single-version-externally-managed install_data
[6.726s] DEBUG:colcon.colcon_core.event_handler.log_command:Invoking command in '/home/nvidia/KvaserCar_outdoor_test/src/tactical_node': PYTHONPATH=/home/nvidia/KvaserCar_outdoor_test/build/tactical_node/prefix_override:/usr/lib/python3/dist-packages/colcon_core/task/python/colcon_distutils_commands:/home/nvidia/KvaserCar_outdoor_test/install/tactical_node/lib/python3.10/site-packages:${PYTHONPATH} /usr/bin/python3 -W ignore:setup.py install is deprecated -W ignore:easy_install command is deprecated setup.py egg_info --egg-base ../../build/tactical_node build --build-base /home/nvidia/KvaserCar_outdoor_test/build/tactical_node/build install --record /home/nvidia/KvaserCar_outdoor_test/build/tactical_node/install.log --single-version-externally-managed install_data
[6.755s] DEBUG:colcon.colcon_core.event_handler.log_command:Invoking command in '/home/nvidia/KvaserCar_outdoor_test/src/control_rover': PYTHONPATH=/home/nvidia/KvaserCar_outdoor_test/build/control_rover/prefix_override:/usr/lib/python3/dist-packages/colcon_core/task/python/colcon_distutils_commands:/home/nvidia/KvaserCar_outdoor_test/install/control_rover/lib/python3.10/site-packages:${PYTHONPATH} /usr/bin/python3 -W ignore:setup.py install is deprecated -W ignore:easy_install command is deprecated setup.py egg_info --egg-base ../../build/control_rover build --build-base /home/nvidia/KvaserCar_outdoor_test/build/control_rover/build install --record /home/nvidia/KvaserCar_outdoor_test/build/control_rover/install.log --single-version-externally-managed install_data
[6.793s] DEBUG:colcon.colcon_core.event_handler.log_command:Invoking command in '/home/nvidia/KvaserCar_outdoor_test/src/wheel_odometry': PYTHONPATH=/home/nvidia/KvaserCar_outdoor_test/build/wheel_odometry/prefix_override:/usr/lib/python3/dist-packages/colcon_core/task/python/colcon_distutils_commands:/home/nvidia/KvaserCar_outdoor_test/install/wheel_odometry/lib/python3.10/site-packages:${PYTHONPATH} /usr/bin/python3 -W ignore:setup.py install is deprecated -W ignore:easy_install command is deprecated setup.py egg_info --egg-base ../../build/wheel_odometry build --build-base /home/nvidia/KvaserCar_outdoor_test/build/wheel_odometry/build install --record /home/nvidia/KvaserCar_outdoor_test/build/wheel_odometry/install.log --single-version-externally-managed install_data
[6.806s] DEBUG:colcon.colcon_core.event_handler.log_command:Invoking command in '/home/nvidia/KvaserCar_outdoor_test/src/visualize_car': PYTHONPATH=/home/nvidia/KvaserCar_outdoor_test/build/visualize_car/prefix_override:/usr/lib/python3/dist-packages/colcon_core/task/python/colcon_distutils_commands:/home/nvidia/KvaserCar_outdoor_test/install/visualize_car/lib/python3.10/site-packages:${PYTHONPATH} /usr/bin/python3 -W ignore:setup.py install is deprecated -W ignore:easy_install command is deprecated setup.py egg_info --egg-base ../../build/visualize_car build --build-base /home/nvidia/KvaserCar_outdoor_test/build/visualize_car/build install --record /home/nvidia/KvaserCar_outdoor_test/build/visualize_car/install.log --single-version-externally-managed install_data
[6.865s] DEBUG:colcon.colcon_core.event_handler.log_command:Invoking command in '/home/nvidia/KvaserCar_outdoor_test/src/norlab_xsens_driver': PYTHONPATH=/home/nvidia/KvaserCar_outdoor_test/build/xsens_driver/prefix_override:/usr/lib/python3/dist-packages/colcon_core/task/python/colcon_distutils_commands:/home/nvidia/KvaserCar_outdoor_test/install/xsens_driver/lib/python3.10/site-packages:${PYTHONPATH} /usr/bin/python3 -W ignore:setup.py install is deprecated -W ignore:easy_install command is deprecated setup.py egg_info --egg-base ../../build/xsens_driver build --build-base /home/nvidia/KvaserCar_outdoor_test/build/xsens_driver/build install --record /home/nvidia/KvaserCar_outdoor_test/build/xsens_driver/install.log --single-version-externally-managed install_data
[6.900s] DEBUG:colcon.colcon_core.event_handler.log_command:Invoking command in '/home/nvidia/KvaserCar_outdoor_test/src/aeb_rover': PYTHONPATH=/home/nvidia/KvaserCar_outdoor_test/build/aeb_rover/prefix_override:/usr/lib/python3/dist-packages/colcon_core/task/python/colcon_distutils_commands:/home/nvidia/KvaserCar_outdoor_test/install/aeb_rover/lib/python3.10/site-packages:${PYTHONPATH} /usr/bin/python3 -W ignore:setup.py install is deprecated -W ignore:easy_install command is deprecated setup.py egg_info --egg-base ../../build/aeb_rover build --build-base /home/nvidia/KvaserCar_outdoor_test/build/aeb_rover/build install --record /home/nvidia/KvaserCar_outdoor_test/build/aeb_rover/install.log --single-version-externally-managed install_data
[7.548s] DEBUG:colcon.colcon_core.event_handler.log_command:Invoked command in '/home/nvidia/KvaserCar_outdoor_test/src/outdoor_test' returned '0': PYTHONPATH=/home/nvidia/KvaserCar_outdoor_test/build/outdoor_test/prefix_override:/usr/lib/python3/dist-packages/colcon_core/task/python/colcon_distutils_commands:/home/nvidia/KvaserCar_outdoor_test/install/outdoor_test/lib/python3.10/site-packages:${PYTHONPATH} /usr/bin/python3 -W ignore:setup.py install is deprecated -W ignore:easy_install command is deprecated setup.py egg_info --egg-base ../../build/outdoor_test build --build-base /home/nvidia/KvaserCar_outdoor_test/build/outdoor_test/build install --record /home/nvidia/KvaserCar_outdoor_test/build/outdoor_test/install.log --single-version-externally-managed install_data
[7.555s] Level 1:colcon.colcon_core.environment:checking '/home/nvidia/KvaserCar_outdoor_test/install/outdoor_test' for CMake module files
[7.559s] Level 1:colcon.colcon_core.environment:checking '/home/nvidia/KvaserCar_outdoor_test/install/outdoor_test' for CMake config files
[7.560s] Level 1:colcon.colcon_core.environment:checking '/home/nvidia/KvaserCar_outdoor_test/install/outdoor_test/lib'
[7.561s] Level 1:colcon.colcon_core.environment:checking '/home/nvidia/KvaserCar_outdoor_test/install/outdoor_test/bin'
[7.561s] Level 1:colcon.colcon_core.environment:checking '/home/nvidia/KvaserCar_outdoor_test/install/outdoor_test/lib/pkgconfig/outdoor_test.pc'
[7.562s] Level 1:colcon.colcon_core.environment:checking '/home/nvidia/KvaserCar_outdoor_test/install/outdoor_test/lib/python3.10/site-packages'
[7.562s] Level 1:colcon.colcon_core.shell:create_environment_hook('outdoor_test', 'pythonpath')
[7.563s] INFO:colcon.colcon_core.shell:Creating environment hook '/home/nvidia/KvaserCar_outdoor_test/install/outdoor_test/share/outdoor_test/hook/pythonpath.ps1'
[7.564s] INFO:colcon.colcon_core.shell:Creating environment descriptor '/home/nvidia/KvaserCar_outdoor_test/install/outdoor_test/share/outdoor_test/hook/pythonpath.dsv'
[7.565s] INFO:colcon.colcon_core.shell:Creating environment hook '/home/nvidia/KvaserCar_outdoor_test/install/outdoor_test/share/outdoor_test/hook/pythonpath.sh'
[7.570s] Level 1:colcon.colcon_core.environment:checking '/home/nvidia/KvaserCar_outdoor_test/install/outdoor_test/bin'
[7.570s] Level 1:colcon.colcon_core.environment:create_environment_scripts_only(outdoor_test)
[7.571s] INFO:colcon.colcon_core.shell:Creating package script '/home/nvidia/KvaserCar_outdoor_test/install/outdoor_test/share/outdoor_test/package.ps1'
[7.578s] INFO:colcon.colcon_core.shell:Creating package descriptor '/home/nvidia/KvaserCar_outdoor_test/install/outdoor_test/share/outdoor_test/package.dsv'
[7.581s] INFO:colcon.colcon_core.shell:Creating package script '/home/nvidia/KvaserCar_outdoor_test/install/outdoor_test/share/outdoor_test/package.sh'
[7.583s] INFO:colcon.colcon_core.shell:Creating package script '/home/nvidia/KvaserCar_outdoor_test/install/outdoor_test/share/outdoor_test/package.bash'
[7.584s] INFO:colcon.colcon_core.shell:Creating package script '/home/nvidia/KvaserCar_outdoor_test/install/outdoor_test/share/outdoor_test/package.zsh'
[7.589s] Level 1:colcon.colcon_core.environment:create_file_with_runtime_dependencies(/home/nvidia/KvaserCar_outdoor_test/install/outdoor_test/share/colcon-core/packages/outdoor_test)
[7.592s] Level 1:colcon.colcon_core.environment:checking '/home/nvidia/KvaserCar_outdoor_test/install/control_rover' for CMake module files
[7.594s] Level 1:colcon.colcon_core.environment:checking '/home/nvidia/KvaserCar_outdoor_test/install/control_rover' for CMake config files
[7.595s] DEBUG:colcon.colcon_core.event_handler.log_command:Invoked command in '/home/nvidia/KvaserCar_outdoor_test/src/control_rover' returned '0': PYTHONPATH=/home/nvidia/KvaserCar_outdoor_test/build/control_rover/prefix_override:/usr/lib/python3/dist-packages/colcon_core/task/python/colcon_distutils_commands:/home/nvidia/KvaserCar_outdoor_test/install/control_rover/lib/python3.10/site-packages:${PYTHONPATH} /usr/bin/python3 -W ignore:setup.py install is deprecated -W ignore:easy_install command is deprecated setup.py egg_info --egg-base ../../build/control_rover build --build-base /home/nvidia/KvaserCar_outdoor_test/build/control_rover/build install --record /home/nvidia/KvaserCar_outdoor_test/build/control_rover/install.log --single-version-externally-managed install_data
[7.601s] Level 1:colcon.colcon_core.environment:checking '/home/nvidia/KvaserCar_outdoor_test/install/control_rover/lib'
[7.602s] Level 1:colcon.colcon_core.environment:checking '/home/nvidia/KvaserCar_outdoor_test/install/control_rover/bin'
[7.602s] Level 1:colcon.colcon_core.environment:checking '/home/nvidia/KvaserCar_outdoor_test/install/control_rover/lib/pkgconfig/control_rover.pc'
[7.602s] Level 1:colcon.colcon_core.environment:checking '/home/nvidia/KvaserCar_outdoor_test/install/control_rover/lib/python3.10/site-packages'
[7.602s] Level 1:colcon.colcon_core.shell:create_environment_hook('control_rover', 'pythonpath')
[7.603s] INFO:colcon.colcon_core.shell:Creating environment hook '/home/nvidia/KvaserCar_outdoor_test/install/control_rover/share/control_rover/hook/pythonpath.ps1'
[7.612s] INFO:colcon.colcon_core.shell:Creating environment descriptor '/home/nvidia/KvaserCar_outdoor_test/install/control_rover/share/control_rover/hook/pythonpath.dsv'
[7.614s] INFO:colcon.colcon_core.shell:Creating environment hook '/home/nvidia/KvaserCar_outdoor_test/install/control_rover/share/control_rover/hook/pythonpath.sh'
[7.615s] Level 1:colcon.colcon_core.environment:checking '/home/nvidia/KvaserCar_outdoor_test/install/control_rover/bin'
[7.615s] Level 1:colcon.colcon_core.environment:create_environment_scripts_only(control_rover)
[7.619s] INFO:colcon.colcon_core.shell:Creating package script '/home/nvidia/KvaserCar_outdoor_test/install/control_rover/share/control_rover/package.ps1'
[7.621s] INFO:colcon.colcon_core.shell:Creating package descriptor '/home/nvidia/KvaserCar_outdoor_test/install/control_rover/share/control_rover/package.dsv'
[7.622s] INFO:colcon.colcon_core.shell:Creating package script '/home/nvidia/KvaserCar_outdoor_test/install/control_rover/share/control_rover/package.sh'
[7.623s] INFO:colcon.colcon_core.shell:Creating package script '/home/nvidia/KvaserCar_outdoor_test/install/control_rover/share/control_rover/package.bash'
[7.624s] INFO:colcon.colcon_core.shell:Creating package script '/home/nvidia/KvaserCar_outdoor_test/install/control_rover/share/control_rover/package.zsh'
[7.625s] Level 1:colcon.colcon_core.environment:create_file_with_runtime_dependencies(/home/nvidia/KvaserCar_outdoor_test/install/control_rover/share/colcon-core/packages/control_rover)
[7.675s] Level 1:colcon.colcon_core.environment:checking '/home/nvidia/KvaserCar_outdoor_test/install/wheel_odometry' for CMake module files
[7.678s] DEBUG:colcon.colcon_core.event_handler.log_command:Invoked command in '/home/nvidia/KvaserCar_outdoor_test/src/wheel_odometry' returned '0': PYTHONPATH=/home/nvidia/KvaserCar_outdoor_test/build/wheel_odometry/prefix_override:/usr/lib/python3/dist-packages/colcon_core/task/python/colcon_distutils_commands:/home/nvidia/KvaserCar_outdoor_test/install/wheel_odometry/lib/python3.10/site-packages:${PYTHONPATH} /usr/bin/python3 -W ignore:setup.py install is deprecated -W ignore:easy_install command is deprecated setup.py egg_info --egg-base ../../build/wheel_odometry build --build-base /home/nvidia/KvaserCar_outdoor_test/build/wheel_odometry/build install --record /home/nvidia/KvaserCar_outdoor_test/build/wheel_odometry/install.log --single-version-externally-managed install_data
[7.679s] Level 1:colcon.colcon_core.environment:checking '/home/nvidia/KvaserCar_outdoor_test/install/wheel_odometry' for CMake config files
[7.680s] Level 1:colcon.colcon_core.environment:checking '/home/nvidia/KvaserCar_outdoor_test/install/wheel_odometry/lib'
[7.680s] Level 1:colcon.colcon_core.environment:checking '/home/nvidia/KvaserCar_outdoor_test/install/wheel_odometry/bin'
[7.681s] Level 1:colcon.colcon_core.environment:checking '/home/nvidia/KvaserCar_outdoor_test/install/wheel_odometry/lib/pkgconfig/wheel_odometry.pc'
[7.681s] Level 1:colcon.colcon_core.environment:checking '/home/nvidia/KvaserCar_outdoor_test/install/wheel_odometry/lib/python3.10/site-packages'
[7.681s] Level 1:colcon.colcon_core.shell:create_environment_hook('wheel_odometry', 'pythonpath')
[7.682s] INFO:colcon.colcon_core.shell:Creating environment hook '/home/nvidia/KvaserCar_outdoor_test/install/wheel_odometry/share/wheel_odometry/hook/pythonpath.ps1'
[7.683s] INFO:colcon.colcon_core.shell:Creating environment descriptor '/home/nvidia/KvaserCar_outdoor_test/install/wheel_odometry/share/wheel_odometry/hook/pythonpath.dsv'
[7.684s] INFO:colcon.colcon_core.shell:Creating environment hook '/home/nvidia/KvaserCar_outdoor_test/install/wheel_odometry/share/wheel_odometry/hook/pythonpath.sh'
[7.685s] Level 1:colcon.colcon_core.environment:checking '/home/nvidia/KvaserCar_outdoor_test/install/wheel_odometry/bin'
[7.685s] Level 1:colcon.colcon_core.environment:create_environment_scripts_only(wheel_odometry)
[7.688s] INFO:colcon.colcon_core.shell:Creating package script '/home/nvidia/KvaserCar_outdoor_test/install/wheel_odometry/share/wheel_odometry/package.ps1'
[7.690s] INFO:colcon.colcon_core.shell:Creating package descriptor '/home/nvidia/KvaserCar_outdoor_test/install/wheel_odometry/share/wheel_odometry/package.dsv'
[7.691s] INFO:colcon.colcon_core.shell:Creating package script '/home/nvidia/KvaserCar_outdoor_test/install/wheel_odometry/share/wheel_odometry/package.sh'
[7.692s] INFO:colcon.colcon_core.shell:Creating package script '/home/nvidia/KvaserCar_outdoor_test/install/wheel_odometry/share/wheel_odometry/package.bash'
[7.693s] INFO:colcon.colcon_core.shell:Creating package script '/home/nvidia/KvaserCar_outdoor_test/install/wheel_odometry/share/wheel_odometry/package.zsh'
[7.694s] Level 1:colcon.colcon_core.environment:create_file_with_runtime_dependencies(/home/nvidia/KvaserCar_outdoor_test/install/wheel_odometry/share/colcon-core/packages/wheel_odometry)
[7.699s] Level 1:colcon.colcon_core.environment:checking '/home/nvidia/KvaserCar_outdoor_test/install/xsens_driver' for CMake module files
[7.699s] DEBUG:colcon.colcon_core.event_handler.log_command:Invoked command in '/home/nvidia/KvaserCar_outdoor_test/src/norlab_xsens_driver' returned '0': PYTHONPATH=/home/nvidia/KvaserCar_outdoor_test/build/xsens_driver/prefix_override:/usr/lib/python3/dist-packages/colcon_core/task/python/colcon_distutils_commands:/home/nvidia/KvaserCar_outdoor_test/install/xsens_driver/lib/python3.10/site-packages:${PYTHONPATH} /usr/bin/python3 -W ignore:setup.py install is deprecated -W ignore:easy_install command is deprecated setup.py egg_info --egg-base ../../build/xsens_driver build --build-base /home/nvidia/KvaserCar_outdoor_test/build/xsens_driver/build install --record /home/nvidia/KvaserCar_outdoor_test/build/xsens_driver/install.log --single-version-externally-managed install_data
[7.700s] Level 1:colcon.colcon_core.environment:checking '/home/nvidia/KvaserCar_outdoor_test/install/xsens_driver' for CMake config files
[7.701s] Level 1:colcon.colcon_core.environment:checking '/home/nvidia/KvaserCar_outdoor_test/install/xsens_driver/lib'
[7.701s] Level 1:colcon.colcon_core.environment:checking '/home/nvidia/KvaserCar_outdoor_test/install/xsens_driver/bin'
[7.702s] Level 1:colcon.colcon_core.environment:checking '/home/nvidia/KvaserCar_outdoor_test/install/xsens_driver/lib/pkgconfig/xsens_driver.pc'
[7.702s] Level 1:colcon.colcon_core.environment:checking '/home/nvidia/KvaserCar_outdoor_test/install/xsens_driver/lib/python3.10/site-packages'
[7.702s] Level 1:colcon.colcon_core.shell:create_environment_hook('xsens_driver', 'pythonpath')
[7.703s] INFO:colcon.colcon_core.shell:Creating environment hook '/home/nvidia/KvaserCar_outdoor_test/install/xsens_driver/share/xsens_driver/hook/pythonpath.ps1'
[7.704s] INFO:colcon.colcon_core.shell:Creating environment descriptor '/home/nvidia/KvaserCar_outdoor_test/install/xsens_driver/share/xsens_driver/hook/pythonpath.dsv'
[7.705s] INFO:colcon.colcon_core.shell:Creating environment hook '/home/nvidia/KvaserCar_outdoor_test/install/xsens_driver/share/xsens_driver/hook/pythonpath.sh'
[7.709s] Level 1:colcon.colcon_core.environment:checking '/home/nvidia/KvaserCar_outdoor_test/install/xsens_driver/bin'
[7.709s] Level 1:colcon.colcon_core.environment:create_environment_scripts_only(xsens_driver)
[7.710s] INFO:colcon.colcon_core.shell:Creating package script '/home/nvidia/KvaserCar_outdoor_test/install/xsens_driver/share/xsens_driver/package.ps1'
[7.711s] INFO:colcon.colcon_core.shell:Creating package descriptor '/home/nvidia/KvaserCar_outdoor_test/install/xsens_driver/share/xsens_driver/package.dsv'
[7.712s] INFO:colcon.colcon_core.shell:Creating package script '/home/nvidia/KvaserCar_outdoor_test/install/xsens_driver/share/xsens_driver/package.sh'
[7.713s] INFO:colcon.colcon_core.shell:Creating package script '/home/nvidia/KvaserCar_outdoor_test/install/xsens_driver/share/xsens_driver/package.bash'
[7.714s] INFO:colcon.colcon_core.shell:Creating package script '/home/nvidia/KvaserCar_outdoor_test/install/xsens_driver/share/xsens_driver/package.zsh'
[7.714s] Level 1:colcon.colcon_core.environment:create_file_with_runtime_dependencies(/home/nvidia/KvaserCar_outdoor_test/install/xsens_driver/share/colcon-core/packages/xsens_driver)
[7.718s] Level 1:colcon.colcon_core.environment:checking '/home/nvidia/KvaserCar_outdoor_test/install/tactical_node' for CMake module files
[7.719s] DEBUG:colcon.colcon_core.event_handler.log_command:Invoked command in '/home/nvidia/KvaserCar_outdoor_test/src/tactical_node' returned '0': PYTHONPATH=/home/nvidia/KvaserCar_outdoor_test/build/tactical_node/prefix_override:/usr/lib/python3/dist-packages/colcon_core/task/python/colcon_distutils_commands:/home/nvidia/KvaserCar_outdoor_test/install/tactical_node/lib/python3.10/site-packages:${PYTHONPATH} /usr/bin/python3 -W ignore:setup.py install is deprecated -W ignore:easy_install command is deprecated setup.py egg_info --egg-base ../../build/tactical_node build --build-base /home/nvidia/KvaserCar_outdoor_test/build/tactical_node/build install --record /home/nvidia/KvaserCar_outdoor_test/build/tactical_node/install.log --single-version-externally-managed install_data
[7.720s] Level 1:colcon.colcon_core.environment:checking '/home/nvidia/KvaserCar_outdoor_test/install/tactical_node' for CMake config files
[7.721s] Level 1:colcon.colcon_core.environment:checking '/home/nvidia/KvaserCar_outdoor_test/install/tactical_node/lib'
[7.721s] Level 1:colcon.colcon_core.environment:checking '/home/nvidia/KvaserCar_outdoor_test/install/tactical_node/bin'
[7.721s] Level 1:colcon.colcon_core.environment:checking '/home/nvidia/KvaserCar_outdoor_test/install/tactical_node/lib/pkgconfig/tactical_node.pc'
[7.722s] Level 1:colcon.colcon_core.environment:checking '/home/nvidia/KvaserCar_outdoor_test/install/tactical_node/lib/python3.10/site-packages'
[7.722s] Level 1:colcon.colcon_core.shell:create_environment_hook('tactical_node', 'pythonpath')
[7.722s] INFO:colcon.colcon_core.shell:Creating environment hook '/home/nvidia/KvaserCar_outdoor_test/install/tactical_node/share/tactical_node/hook/pythonpath.ps1'
[7.725s] INFO:colcon.colcon_core.shell:Creating environment descriptor '/home/nvidia/KvaserCar_outdoor_test/install/tactical_node/share/tactical_node/hook/pythonpath.dsv'
[7.726s] INFO:colcon.colcon_core.shell:Creating environment hook '/home/nvidia/KvaserCar_outdoor_test/install/tactical_node/share/tactical_node/hook/pythonpath.sh'
[7.728s] Level 1:colcon.colcon_core.environment:checking '/home/nvidia/KvaserCar_outdoor_test/install/tactical_node/bin'
[7.728s] Level 1:colcon.colcon_core.environment:create_environment_scripts_only(tactical_node)
[7.728s] INFO:colcon.colcon_core.shell:Creating package script '/home/nvidia/KvaserCar_outdoor_test/install/tactical_node/share/tactical_node/package.ps1'
[7.730s] INFO:colcon.colcon_core.shell:Creating package descriptor '/home/nvidia/KvaserCar_outdoor_test/install/tactical_node/share/tactical_node/package.dsv'
[7.732s] INFO:colcon.colcon_core.shell:Creating package script '/home/nvidia/KvaserCar_outdoor_test/install/tactical_node/share/tactical_node/package.sh'
[7.735s] INFO:colcon.colcon_core.shell:Creating package script '/home/nvidia/KvaserCar_outdoor_test/install/tactical_node/share/tactical_node/package.bash'
[7.736s] INFO:colcon.colcon_core.shell:Creating package script '/home/nvidia/KvaserCar_outdoor_test/install/tactical_node/share/tactical_node/package.zsh'
[7.737s] Level 1:colcon.colcon_core.environment:create_file_with_runtime_dependencies(/home/nvidia/KvaserCar_outdoor_test/install/tactical_node/share/colcon-core/packages/tactical_node)
[7.793s] Level 1:colcon.colcon_core.environment:checking '/home/nvidia/KvaserCar_outdoor_test/install/visualize_car' for CMake module files
[7.794s] DEBUG:colcon.colcon_core.event_handler.log_command:Invoked command in '/home/nvidia/KvaserCar_outdoor_test/src/visualize_car' returned '0': PYTHONPATH=/home/nvidia/KvaserCar_outdoor_test/build/visualize_car/prefix_override:/usr/lib/python3/dist-packages/colcon_core/task/python/colcon_distutils_commands:/home/nvidia/KvaserCar_outdoor_test/install/visualize_car/lib/python3.10/site-packages:${PYTHONPATH} /usr/bin/python3 -W ignore:setup.py install is deprecated -W ignore:easy_install command is deprecated setup.py egg_info --egg-base ../../build/visualize_car build --build-base /home/nvidia/KvaserCar_outdoor_test/build/visualize_car/build install --record /home/nvidia/KvaserCar_outdoor_test/build/visualize_car/install.log --single-version-externally-managed install_data
[7.794s] Level 1:colcon.colcon_core.environment:checking '/home/nvidia/KvaserCar_outdoor_test/install/visualize_car' for CMake config files
[7.796s] Level 1:colcon.colcon_core.environment:checking '/home/nvidia/KvaserCar_outdoor_test/install/visualize_car/lib'
[7.796s] Level 1:colcon.colcon_core.environment:checking '/home/nvidia/KvaserCar_outdoor_test/install/visualize_car/bin'
[7.796s] Level 1:colcon.colcon_core.environment:checking '/home/nvidia/KvaserCar_outdoor_test/install/visualize_car/lib/pkgconfig/visualize_car.pc'
[7.796s] Level 1:colcon.colcon_core.environment:checking '/home/nvidia/KvaserCar_outdoor_test/install/visualize_car/lib/python3.10/site-packages'
[7.796s] Level 1:colcon.colcon_core.shell:create_environment_hook('visualize_car', 'pythonpath')
[7.797s] INFO:colcon.colcon_core.shell:Creating environment hook '/home/nvidia/KvaserCar_outdoor_test/install/visualize_car/share/visualize_car/hook/pythonpath.ps1'
[7.799s] INFO:colcon.colcon_core.shell:Creating environment descriptor '/home/nvidia/KvaserCar_outdoor_test/install/visualize_car/share/visualize_car/hook/pythonpath.dsv'
[7.801s] INFO:colcon.colcon_core.shell:Creating environment hook '/home/nvidia/KvaserCar_outdoor_test/install/visualize_car/share/visualize_car/hook/pythonpath.sh'
[7.802s] Level 1:colcon.colcon_core.environment:checking '/home/nvidia/KvaserCar_outdoor_test/install/visualize_car/bin'
[7.802s] Level 1:colcon.colcon_core.environment:create_environment_scripts_only(visualize_car)
[7.802s] INFO:colcon.colcon_core.shell:Creating package script '/home/nvidia/KvaserCar_outdoor_test/install/visualize_car/share/visualize_car/package.ps1'
[7.804s] INFO:colcon.colcon_core.shell:Creating package descriptor '/home/nvidia/KvaserCar_outdoor_test/install/visualize_car/share/visualize_car/package.dsv'
[7.805s] INFO:colcon.colcon_core.shell:Creating package script '/home/nvidia/KvaserCar_outdoor_test/install/visualize_car/share/visualize_car/package.sh'
[7.806s] INFO:colcon.colcon_core.shell:Creating package script '/home/nvidia/KvaserCar_outdoor_test/install/visualize_car/share/visualize_car/package.bash'
[7.807s] INFO:colcon.colcon_core.shell:Creating package script '/home/nvidia/KvaserCar_outdoor_test/install/visualize_car/share/visualize_car/package.zsh'
[7.808s] Level 1:colcon.colcon_core.environment:create_file_with_runtime_dependencies(/home/nvidia/KvaserCar_outdoor_test/install/visualize_car/share/colcon-core/packages/visualize_car)
[7.860s] Level 1:colcon.colcon_core.environment:checking '/home/nvidia/KvaserCar_outdoor_test/install/aeb_rover' for CMake module files
[7.861s] DEBUG:colcon.colcon_core.event_handler.log_command:Invoked command in '/home/nvidia/KvaserCar_outdoor_test/src/aeb_rover' returned '0': PYTHONPATH=/home/nvidia/KvaserCar_outdoor_test/build/aeb_rover/prefix_override:/usr/lib/python3/dist-packages/colcon_core/task/python/colcon_distutils_commands:/home/nvidia/KvaserCar_outdoor_test/install/aeb_rover/lib/python3.10/site-packages:${PYTHONPATH} /usr/bin/python3 -W ignore:setup.py install is deprecated -W ignore:easy_install command is deprecated setup.py egg_info --egg-base ../../build/aeb_rover build --build-base /home/nvidia/KvaserCar_outdoor_test/build/aeb_rover/build install --record /home/nvidia/KvaserCar_outdoor_test/build/aeb_rover/install.log --single-version-externally-managed install_data
[7.862s] Level 1:colcon.colcon_core.environment:checking '/home/nvidia/KvaserCar_outdoor_test/install/aeb_rover' for CMake config files
[7.863s] Level 1:colcon.colcon_core.environment:checking '/home/nvidia/KvaserCar_outdoor_test/install/aeb_rover/lib'
[7.863s] Level 1:colcon.colcon_core.environment:checking '/home/nvidia/KvaserCar_outdoor_test/install/aeb_rover/bin'
[7.863s] Level 1:colcon.colcon_core.environment:checking '/home/nvidia/KvaserCar_outdoor_test/install/aeb_rover/lib/pkgconfig/aeb_rover.pc'
[7.864s] Level 1:colcon.colcon_core.environment:checking '/home/nvidia/KvaserCar_outdoor_test/install/aeb_rover/lib/python3.10/site-packages'
[7.864s] Level 1:colcon.colcon_core.shell:create_environment_hook('aeb_rover', 'pythonpath')
[7.864s] INFO:colcon.colcon_core.shell:Creating environment hook '/home/nvidia/KvaserCar_outdoor_test/install/aeb_rover/share/aeb_rover/hook/pythonpath.ps1'
[7.866s] INFO:colcon.colcon_core.shell:Creating environment descriptor '/home/nvidia/KvaserCar_outdoor_test/install/aeb_rover/share/aeb_rover/hook/pythonpath.dsv'
[7.867s] INFO:colcon.colcon_core.shell:Creating environment hook '/home/nvidia/KvaserCar_outdoor_test/install/aeb_rover/share/aeb_rover/hook/pythonpath.sh'
[7.869s] Level 1:colcon.colcon_core.environment:checking '/home/nvidia/KvaserCar_outdoor_test/install/aeb_rover/bin'
[7.869s] Level 1:colcon.colcon_core.environment:create_environment_scripts_only(aeb_rover)
[7.870s] INFO:colcon.colcon_core.shell:Creating package script '/home/nvidia/KvaserCar_outdoor_test/install/aeb_rover/share/aeb_rover/package.ps1'
[7.872s] INFO:colcon.colcon_core.shell:Creating package descriptor '/home/nvidia/KvaserCar_outdoor_test/install/aeb_rover/share/aeb_rover/package.dsv'
[7.873s] INFO:colcon.colcon_core.shell:Creating package script '/home/nvidia/KvaserCar_outdoor_test/install/aeb_rover/share/aeb_rover/package.sh'
[7.874s] INFO:colcon.colcon_core.shell:Creating package script '/home/nvidia/KvaserCar_outdoor_test/install/aeb_rover/share/aeb_rover/package.bash'
[7.875s] INFO:colcon.colcon_core.shell:Creating package script '/home/nvidia/KvaserCar_outdoor_test/install/aeb_rover/share/aeb_rover/package.zsh'
[7.877s] Level 1:colcon.colcon_core.environment:create_file_with_runtime_dependencies(/home/nvidia/KvaserCar_outdoor_test/install/aeb_rover/share/colcon-core/packages/aeb_rover)
[7.877s] DEBUG:colcon.colcon_parallel_executor.executor.parallel:closing loop
[7.879s] DEBUG:colcon.colcon_parallel_executor.executor.parallel:loop closed
[7.879s] DEBUG:colcon.colcon_parallel_executor.executor.parallel:run_until_complete finished with '0'
[7.879s] DEBUG:colcon.colcon_core.event_reactor:joining thread
[7.895s] INFO:colcon.colcon_core.plugin_system:Skipping extension 'colcon_notification.desktop_notification.terminal_notifier': Not used on non-Darwin systems
[7.895s] INFO:colcon.colcon_core.plugin_system:Skipping extension 'colcon_notification.desktop_notification.win32': Not used on non-Windows systems
[7.895s] INFO:colcon.colcon_notification.desktop_notification:Sending desktop notification using 'notify2'
[7.921s] DEBUG:colcon.colcon_notification.desktop_notification.notify2:Failed to initialize notify2: org.freedesktop.DBus.Error.Spawn.ChildExited: Process org.freedesktop.Notifications exited with status 1
[7.921s] DEBUG:colcon.colcon_core.event_reactor:joined thread
[7.923s] INFO:colcon.colcon_core.shell:Creating prefix script '/home/nvidia/KvaserCar_outdoor_test/install/local_setup.ps1'
[7.927s] INFO:colcon.colcon_core.shell:Creating prefix util module '/home/nvidia/KvaserCar_outdoor_test/install/_local_setup_util_ps1.py'
[7.933s] INFO:colcon.colcon_core.shell:Creating prefix chain script '/home/nvidia/KvaserCar_outdoor_test/install/setup.ps1'
[7.941s] INFO:colcon.colcon_core.shell:Creating prefix script '/home/nvidia/KvaserCar_outdoor_test/install/local_setup.sh'
[7.943s] INFO:colcon.colcon_core.shell:Creating prefix util module '/home/nvidia/KvaserCar_outdoor_test/install/_local_setup_util_sh.py'
[7.946s] INFO:colcon.colcon_core.shell:Creating prefix chain script '/home/nvidia/KvaserCar_outdoor_test/install/setup.sh'
[7.954s] INFO:colcon.colcon_core.shell:Creating prefix script '/home/nvidia/KvaserCar_outdoor_test/install/local_setup.bash'
[7.957s] INFO:colcon.colcon_core.shell:Creating prefix chain script '/home/nvidia/KvaserCar_outdoor_test/install/setup.bash'
[7.965s] INFO:colcon.colcon_core.shell:Creating prefix script '/home/nvidia/KvaserCar_outdoor_test/install/local_setup.zsh'
[7.967s] INFO:colcon.colcon_core.shell:Creating prefix chain script '/home/nvidia/KvaserCar_outdoor_test/install/setup.zsh'
