[5.623s] Invoking command in '/home/nvidia/KvaserCar_outdoor_test/src/tactical_node': PYTHONPATH=/home/nvidia/KvaserCar_outdoor_test/build/tactical_node/prefix_override:/usr/lib/python3/dist-packages/colcon_core/task/python/colcon_distutils_commands:/home/nvidia/KvaserCar_outdoor_test/install/tactical_node/lib/python3.10/site-packages:${PYTHONPATH} /usr/bin/python3 -W ignore:setup.py install is deprecated -W ignore:easy_install command is deprecated setup.py egg_info --egg-base ../../build/tactical_node build --build-base /home/nvidia/KvaserCar_outdoor_test/build/tactical_node/build install --record /home/nvidia/KvaserCar_outdoor_test/build/tactical_node/install.log --single-version-externally-managed install_data
[6.429s] running egg_info
[6.432s] writing ../../build/tactical_node/tactical_node.egg-info/PKG-INFO
[6.435s] writing dependency_links to ../../build/tactical_node/tactical_node.egg-info/dependency_links.txt
[6.436s] writing entry points to ../../build/tactical_node/tactical_node.egg-info/entry_points.txt
[6.436s] writing requirements to ../../build/tactical_node/tactical_node.egg-info/requires.txt
[6.436s] writing top-level names to ../../build/tactical_node/tactical_node.egg-info/top_level.txt
[6.439s] reading manifest file '../../build/tactical_node/tactical_node.egg-info/SOURCES.txt'
[6.440s] adding license file 'LICENSE'
[6.440s] writing manifest file '../../build/tactical_node/tactical_node.egg-info/SOURCES.txt'
[6.441s] running build
[6.441s] running build_py
[6.442s] running install
[6.443s] running install_lib
[6.447s] running install_data
[6.447s] running install_egg_info
[6.451s] removing '/home/nvidia/KvaserCar_outdoor_test/install/tactical_node/lib/python3.10/site-packages/tactical_node-0.0.0-py3.10.egg-info' (and everything under it)
[6.451s] Copying ../../build/tactical_node/tactical_node.egg-info to /home/nvidia/KvaserCar_outdoor_test/install/tactical_node/lib/python3.10/site-packages/tactical_node-0.0.0-py3.10.egg-info
[6.453s] running install_scripts
[6.498s] Installing tactical_node script to /home/nvidia/KvaserCar_outdoor_test/install/tactical_node/lib/tactical_node
[6.499s] writing list of installed files to '/home/nvidia/KvaserCar_outdoor_test/build/tactical_node/install.log'
[6.569s] Invoked command in '/home/nvidia/KvaserCar_outdoor_test/src/tactical_node' returned '0': PYTHONPATH=/home/nvidia/KvaserCar_outdoor_test/build/tactical_node/prefix_override:/usr/lib/python3/dist-packages/colcon_core/task/python/colcon_distutils_commands:/home/nvidia/KvaserCar_outdoor_test/install/tactical_node/lib/python3.10/site-packages:${PYTHONPATH} /usr/bin/python3 -W ignore:setup.py install is deprecated -W ignore:easy_install command is deprecated setup.py egg_info --egg-base ../../build/tactical_node build --build-base /home/nvidia/KvaserCar_outdoor_test/build/tactical_node/build install --record /home/nvidia/KvaserCar_outdoor_test/build/tactical_node/install.log --single-version-externally-managed install_data
