[5.619s] Invoking command in '/home/nvidia/KvaserCar_outdoor_test/src/visualize_car': PYTHONPATH=/home/nvidia/KvaserCar_outdoor_test/build/visualize_car/prefix_override:/usr/lib/python3/dist-packages/colcon_core/task/python/colcon_distutils_commands:/home/nvidia/KvaserCar_outdoor_test/install/visualize_car/lib/python3.10/site-packages:${PYTHONPATH} /usr/bin/python3 -W ignore:setup.py install is deprecated -W ignore:easy_install command is deprecated setup.py egg_info --egg-base ../../build/visualize_car build --build-base /home/nvidia/KvaserCar_outdoor_test/build/visualize_car/build install --record /home/nvidia/KvaserCar_outdoor_test/build/visualize_car/install.log --single-version-externally-managed install_data
[6.175s] running egg_info
[6.177s] creating ../../build/visualize_car/visualize_car.egg-info
[6.178s] writing ../../build/visualize_car/visualize_car.egg-info/PKG-INFO
[6.179s] writing dependency_links to ../../build/visualize_car/visualize_car.egg-info/dependency_links.txt
[6.180s] writing entry points to ../../build/visualize_car/visualize_car.egg-info/entry_points.txt
[6.180s] writing requirements to ../../build/visualize_car/visualize_car.egg-info/requires.txt
[6.181s] writing top-level names to ../../build/visualize_car/visualize_car.egg-info/top_level.txt
[6.182s] writing manifest file '../../build/visualize_car/visualize_car.egg-info/SOURCES.txt'
[6.186s] reading manifest file '../../build/visualize_car/visualize_car.egg-info/SOURCES.txt'
[6.187s] adding license file 'LICENSE'
[6.188s] writing manifest file '../../build/visualize_car/visualize_car.egg-info/SOURCES.txt'
[6.189s] running build
[6.189s] running build_py
[6.190s] creating /home/nvidia/KvaserCar_outdoor_test/build/visualize_car/build
[6.190s] creating /home/nvidia/KvaserCar_outdoor_test/build/visualize_car/build/lib
[6.190s] creating /home/nvidia/KvaserCar_outdoor_test/build/visualize_car/build/lib/visualize_car
[6.191s] copying visualize_car/draw_marker_MISC.py -> /home/nvidia/KvaserCar_outdoor_test/build/visualize_car/build/lib/visualize_car
[6.192s] copying visualize_car/fake_odom_pub.py -> /home/nvidia/KvaserCar_outdoor_test/build/visualize_car/build/lib/visualize_car
[6.192s] copying visualize_car/draw_markers_node.py -> /home/nvidia/KvaserCar_outdoor_test/build/visualize_car/build/lib/visualize_car
[6.193s] copying visualize_car/draw_cars_node.py -> /home/nvidia/KvaserCar_outdoor_test/build/visualize_car/build/lib/visualize_car
[6.194s] copying visualize_car/__init__.py -> /home/nvidia/KvaserCar_outdoor_test/build/visualize_car/build/lib/visualize_car
[6.195s] running install
[6.196s] running install_lib
[6.198s] creating /home/nvidia/KvaserCar_outdoor_test/install/visualize_car/lib/python3.10/site-packages/visualize_car
[6.199s] copying /home/nvidia/KvaserCar_outdoor_test/build/visualize_car/build/lib/visualize_car/draw_marker_MISC.py -> /home/nvidia/KvaserCar_outdoor_test/install/visualize_car/lib/python3.10/site-packages/visualize_car
[6.200s] copying /home/nvidia/KvaserCar_outdoor_test/build/visualize_car/build/lib/visualize_car/fake_odom_pub.py -> /home/nvidia/KvaserCar_outdoor_test/install/visualize_car/lib/python3.10/site-packages/visualize_car
[6.201s] copying /home/nvidia/KvaserCar_outdoor_test/build/visualize_car/build/lib/visualize_car/draw_markers_node.py -> /home/nvidia/KvaserCar_outdoor_test/install/visualize_car/lib/python3.10/site-packages/visualize_car
[6.202s] copying /home/nvidia/KvaserCar_outdoor_test/build/visualize_car/build/lib/visualize_car/draw_cars_node.py -> /home/nvidia/KvaserCar_outdoor_test/install/visualize_car/lib/python3.10/site-packages/visualize_car
[6.203s] copying /home/nvidia/KvaserCar_outdoor_test/build/visualize_car/build/lib/visualize_car/__init__.py -> /home/nvidia/KvaserCar_outdoor_test/install/visualize_car/lib/python3.10/site-packages/visualize_car
[6.205s] byte-compiling /home/nvidia/KvaserCar_outdoor_test/install/visualize_car/lib/python3.10/site-packages/visualize_car/draw_marker_MISC.py to draw_marker_MISC.cpython-310.pyc
[6.208s] byte-compiling /home/nvidia/KvaserCar_outdoor_test/install/visualize_car/lib/python3.10/site-packages/visualize_car/fake_odom_pub.py to fake_odom_pub.cpython-310.pyc
[6.210s] byte-compiling /home/nvidia/KvaserCar_outdoor_test/install/visualize_car/lib/python3.10/site-packages/visualize_car/draw_markers_node.py to draw_markers_node.cpython-310.pyc
[6.213s] byte-compiling /home/nvidia/KvaserCar_outdoor_test/install/visualize_car/lib/python3.10/site-packages/visualize_car/draw_cars_node.py to draw_cars_node.cpython-310.pyc
[6.215s] byte-compiling /home/nvidia/KvaserCar_outdoor_test/install/visualize_car/lib/python3.10/site-packages/visualize_car/__init__.py to __init__.cpython-310.pyc
[6.216s] running install_data
[6.216s] creating /home/nvidia/KvaserCar_outdoor_test/install/visualize_car/share/ament_index
[6.217s] creating /home/nvidia/KvaserCar_outdoor_test/install/visualize_car/share/ament_index/resource_index
[6.217s] creating /home/nvidia/KvaserCar_outdoor_test/install/visualize_car/share/ament_index/resource_index/packages
[6.217s] copying resource/visualize_car -> /home/nvidia/KvaserCar_outdoor_test/install/visualize_car/share/ament_index/resource_index/packages
[6.218s] copying package.xml -> /home/nvidia/KvaserCar_outdoor_test/install/visualize_car/share/visualize_car
[6.218s] creating /home/nvidia/KvaserCar_outdoor_test/install/visualize_car/share/visualize_car/launch
[6.218s] copying launch/visualize_all.launch.py -> /home/nvidia/KvaserCar_outdoor_test/install/visualize_car/share/visualize_car/launch
[6.218s] creating /home/nvidia/KvaserCar_outdoor_test/install/visualize_car/share/visualize_car/rviz
[6.218s] copying rviz/visualize_all.rviz -> /home/nvidia/KvaserCar_outdoor_test/install/visualize_car/share/visualize_car/rviz
[6.218s] running install_egg_info
[6.223s] Copying ../../build/visualize_car/visualize_car.egg-info to /home/nvidia/KvaserCar_outdoor_test/install/visualize_car/lib/python3.10/site-packages/visualize_car-0.0.0-py3.10.egg-info
[6.232s] running install_scripts
[6.272s] Installing draw_cars_node script to /home/nvidia/KvaserCar_outdoor_test/install/visualize_car/lib/visualize_car
[6.273s] Installing draw_markers_node script to /home/nvidia/KvaserCar_outdoor_test/install/visualize_car/lib/visualize_car
[6.273s] Installing fake_odom_node script to /home/nvidia/KvaserCar_outdoor_test/install/visualize_car/lib/visualize_car
[6.274s] writing list of installed files to '/home/nvidia/KvaserCar_outdoor_test/build/visualize_car/install.log'
[6.381s] Invoked command in '/home/nvidia/KvaserCar_outdoor_test/src/visualize_car' returned '0': PYTHONPATH=/home/nvidia/KvaserCar_outdoor_test/build/visualize_car/prefix_override:/usr/lib/python3/dist-packages/colcon_core/task/python/colcon_distutils_commands:/home/nvidia/KvaserCar_outdoor_test/install/visualize_car/lib/python3.10/site-packages:${PYTHONPATH} /usr/bin/python3 -W ignore:setup.py install is deprecated -W ignore:easy_install command is deprecated setup.py egg_info --egg-base ../../build/visualize_car build --build-base /home/nvidia/KvaserCar_outdoor_test/build/visualize_car/build install --record /home/nvidia/KvaserCar_outdoor_test/build/visualize_car/install.log --single-version-externally-managed install_data
