running egg_info
writing ../../build/visualize_car/visualize_car.egg-info/PKG-INFO
writing dependency_links to ../../build/visualize_car/visualize_car.egg-info/dependency_links.txt
writing entry points to ../../build/visualize_car/visualize_car.egg-info/entry_points.txt
writing requirements to ../../build/visualize_car/visualize_car.egg-info/requires.txt
writing top-level names to ../../build/visualize_car/visualize_car.egg-info/top_level.txt
reading manifest file '../../build/visualize_car/visualize_car.egg-info/SOURCES.txt'
adding license file 'LICENSE'
writing manifest file '../../build/visualize_car/visualize_car.egg-info/SOURCES.txt'
running build
running build_py
running install
running install_lib
running install_data
running install_egg_info
removing '/home/nvidia/KvaserCar_outdoor_test/install/visualize_car/lib/python3.10/site-packages/visualize_car-0.0.0-py3.10.egg-info' (and everything under it)
Copying ../../build/visualize_car/visualize_car.egg-info to /home/nvidia/KvaserCar_outdoor_test/install/visualize_car/lib/python3.10/site-packages/visualize_car-0.0.0-py3.10.egg-info
running install_scripts
Installing draw_cars_node script to /home/nvidia/KvaserCar_outdoor_test/install/visualize_car/lib/visualize_car
Installing draw_markers_node script to /home/nvidia/KvaserCar_outdoor_test/install/visualize_car/lib/visualize_car
Installing fake_odom_node script to /home/nvidia/KvaserCar_outdoor_test/install/visualize_car/lib/visualize_car
writing list of installed files to '/home/nvidia/KvaserCar_outdoor_test/build/visualize_car/install.log'
