[5.895s] Invoking command in '/home/nvidia/KvaserCar_outdoor_test/src/visualize_car': PYTHONPATH=/home/nvidia/KvaserCar_outdoor_test/build/visualize_car/prefix_override:/usr/lib/python3/dist-packages/colcon_core/task/python/colcon_distutils_commands:/home/nvidia/KvaserCar_outdoor_test/install/visualize_car/lib/python3.10/site-packages:${PYTHONPATH} /usr/bin/python3 -W ignore:setup.py install is deprecated -W ignore:easy_install command is deprecated setup.py egg_info --egg-base ../../build/visualize_car build --build-base /home/nvidia/KvaserCar_outdoor_test/build/visualize_car/build install --record /home/nvidia/KvaserCar_outdoor_test/build/visualize_car/install.log --single-version-externally-managed install_data
[6.742s] running egg_info
[6.744s] writing ../../build/visualize_car/visualize_car.egg-info/PKG-INFO
[6.745s] writing dependency_links to ../../build/visualize_car/visualize_car.egg-info/dependency_links.txt
[6.748s] writing entry points to ../../build/visualize_car/visualize_car.egg-info/entry_points.txt
[6.748s] writing requirements to ../../build/visualize_car/visualize_car.egg-info/requires.txt
[6.748s] writing top-level names to ../../build/visualize_car/visualize_car.egg-info/top_level.txt
[6.751s] reading manifest file '../../build/visualize_car/visualize_car.egg-info/SOURCES.txt'
[6.751s] adding license file 'LICENSE'
[6.752s] writing manifest file '../../build/visualize_car/visualize_car.egg-info/SOURCES.txt'
[6.752s] running build
[6.752s] running build_py
[6.753s] running install
[6.754s] running install_lib
[6.759s] running install_data
[6.759s] running install_egg_info
[6.764s] removing '/home/nvidia/KvaserCar_outdoor_test/install/visualize_car/lib/python3.10/site-packages/visualize_car-0.0.0-py3.10.egg-info' (and everything under it)
[6.767s] Copying ../../build/visualize_car/visualize_car.egg-info to /home/nvidia/KvaserCar_outdoor_test/install/visualize_car/lib/python3.10/site-packages/visualize_car-0.0.0-py3.10.egg-info
[6.768s] running install_scripts
[6.812s] Installing draw_cars_node script to /home/nvidia/KvaserCar_outdoor_test/install/visualize_car/lib/visualize_car
[6.812s] Installing draw_markers_node script to /home/nvidia/KvaserCar_outdoor_test/install/visualize_car/lib/visualize_car
[6.813s] Installing fake_odom_node script to /home/nvidia/KvaserCar_outdoor_test/install/visualize_car/lib/visualize_car
[6.813s] writing list of installed files to '/home/nvidia/KvaserCar_outdoor_test/build/visualize_car/install.log'
[6.883s] Invoked command in '/home/nvidia/KvaserCar_outdoor_test/src/visualize_car' returned '0': PYTHONPATH=/home/nvidia/KvaserCar_outdoor_test/build/visualize_car/prefix_override:/usr/lib/python3/dist-packages/colcon_core/task/python/colcon_distutils_commands:/home/nvidia/KvaserCar_outdoor_test/install/visualize_car/lib/python3.10/site-packages:${PYTHONPATH} /usr/bin/python3 -W ignore:setup.py install is deprecated -W ignore:easy_install command is deprecated setup.py egg_info --egg-base ../../build/visualize_car build --build-base /home/nvidia/KvaserCar_outdoor_test/build/visualize_car/build install --record /home/nvidia/KvaserCar_outdoor_test/build/visualize_car/install.log --single-version-externally-managed install_data
