[5.097s] Invoking command in '/home/nvidia/KvaserCar_outdoor_test/src/norlab_xsens_driver': PYTHONPATH=/home/nvidia/KvaserCar_outdoor_test/build/xsens_driver/prefix_override:/usr/lib/python3/dist-packages/colcon_core/task/python/colcon_distutils_commands:/home/nvidia/KvaserCar_outdoor_test/install/xsens_driver/lib/python3.10/site-packages:${PYTHONPATH} /usr/bin/python3 -W ignore:setup.py install is deprecated -W ignore:easy_install command is deprecated setup.py egg_info --egg-base ../../build/xsens_driver build --build-base /home/nvidia/KvaserCar_outdoor_test/build/xsens_driver/build install --record /home/nvidia/KvaserCar_outdoor_test/build/xsens_driver/install.log --single-version-externally-managed install_data
[5.640s] running egg_info
[5.641s] writing ../../build/xsens_driver/xsens_driver.egg-info/PKG-INFO
[5.641s] writing dependency_links to ../../build/xsens_driver/xsens_driver.egg-info/dependency_links.txt
[5.641s] writing entry points to ../../build/xsens_driver/xsens_driver.egg-info/entry_points.txt
[5.642s] writing requirements to ../../build/xsens_driver/xsens_driver.egg-info/requires.txt
[5.642s] writing top-level names to ../../build/xsens_driver/xsens_driver.egg-info/top_level.txt
[5.646s] reading manifest file '../../build/xsens_driver/xsens_driver.egg-info/SOURCES.txt'
[5.646s] adding license file 'LICENCE'
[5.646s] adding license file 'AUTHORS'
[5.647s] writing manifest file '../../build/xsens_driver/xsens_driver.egg-info/SOURCES.txt'
[5.648s] running build
[5.648s] running build_py
[5.648s] running install
[5.649s] running install_lib
[5.653s] running install_data
[5.653s] running install_egg_info
[5.656s] removing '/home/nvidia/KvaserCar_outdoor_test/install/xsens_driver/lib/python3.10/site-packages/xsens_driver-3.0.0-py3.10.egg-info' (and everything under it)
[5.656s] Copying ../../build/xsens_driver/xsens_driver.egg-info to /home/nvidia/KvaserCar_outdoor_test/install/xsens_driver/lib/python3.10/site-packages/xsens_driver-3.0.0-py3.10.egg-info
[5.658s] running install_scripts
[5.700s] Installing mtnode.py script to /home/nvidia/KvaserCar_outdoor_test/install/xsens_driver/lib/xsens_driver
[5.701s] writing list of installed files to '/home/nvidia/KvaserCar_outdoor_test/build/xsens_driver/install.log'
[5.824s] Invoked command in '/home/nvidia/KvaserCar_outdoor_test/src/norlab_xsens_driver' returned '0': PYTHONPATH=/home/nvidia/KvaserCar_outdoor_test/build/xsens_driver/prefix_override:/usr/lib/python3/dist-packages/colcon_core/task/python/colcon_distutils_commands:/home/nvidia/KvaserCar_outdoor_test/install/xsens_driver/lib/python3.10/site-packages:${PYTHONPATH} /usr/bin/python3 -W ignore:setup.py install is deprecated -W ignore:easy_install command is deprecated setup.py egg_info --egg-base ../../build/xsens_driver build --build-base /home/nvidia/KvaserCar_outdoor_test/build/xsens_driver/build install --record /home/nvidia/KvaserCar_outdoor_test/build/xsens_driver/install.log --single-version-externally-managed install_data
