[5.865s] Invoking command in '/home/nvidia/KvaserCar_outdoor_test/src/norlab_xsens_driver': PYTHONPATH=/home/nvidia/KvaserCar_outdoor_test/build/xsens_driver/prefix_override:/usr/lib/python3/dist-packages/colcon_core/task/python/colcon_distutils_commands:/home/nvidia/KvaserCar_outdoor_test/install/xsens_driver/lib/python3.10/site-packages:${PYTHONPATH} /usr/bin/python3 -W ignore:setup.py install is deprecated -W ignore:easy_install command is deprecated setup.py egg_info --egg-base ../../build/xsens_driver build --build-base /home/nvidia/KvaserCar_outdoor_test/build/xsens_driver/build install --record /home/nvidia/KvaserCar_outdoor_test/build/xsens_driver/install.log --single-version-externally-managed install_data
[6.573s] running egg_info
[6.576s] writing ../../build/xsens_driver/xsens_driver.egg-info/PKG-INFO
[6.576s] writing dependency_links to ../../build/xsens_driver/xsens_driver.egg-info/dependency_links.txt
[6.576s] writing entry points to ../../build/xsens_driver/xsens_driver.egg-info/entry_points.txt
[6.577s] writing requirements to ../../build/xsens_driver/xsens_driver.egg-info/requires.txt
[6.577s] writing top-level names to ../../build/xsens_driver/xsens_driver.egg-info/top_level.txt
[6.580s] reading manifest file '../../build/xsens_driver/xsens_driver.egg-info/SOURCES.txt'
[6.580s] adding license file 'LICENCE'
[6.580s] adding license file 'AUTHORS'
[6.581s] writing manifest file '../../build/xsens_driver/xsens_driver.egg-info/SOURCES.txt'
[6.581s] running build
[6.582s] running build_py
[6.583s] running install
[6.583s] running install_lib
[6.586s] running install_data
[6.587s] running install_egg_info
[6.592s] removing '/home/nvidia/KvaserCar_outdoor_test/install/xsens_driver/lib/python3.10/site-packages/xsens_driver-3.0.0-py3.10.egg-info' (and everything under it)
[6.592s] Copying ../../build/xsens_driver/xsens_driver.egg-info to /home/nvidia/KvaserCar_outdoor_test/install/xsens_driver/lib/python3.10/site-packages/xsens_driver-3.0.0-py3.10.egg-info
[6.593s] running install_scripts
[6.640s] Installing mtnode.py script to /home/nvidia/KvaserCar_outdoor_test/install/xsens_driver/lib/xsens_driver
[6.642s] writing list of installed files to '/home/nvidia/KvaserCar_outdoor_test/build/xsens_driver/install.log'
[6.710s] Invoked command in '/home/nvidia/KvaserCar_outdoor_test/src/norlab_xsens_driver' returned '0': PYTHONPATH=/home/nvidia/KvaserCar_outdoor_test/build/xsens_driver/prefix_override:/usr/lib/python3/dist-packages/colcon_core/task/python/colcon_distutils_commands:/home/nvidia/KvaserCar_outdoor_test/install/xsens_driver/lib/python3.10/site-packages:${PYTHONPATH} /usr/bin/python3 -W ignore:setup.py install is deprecated -W ignore:easy_install command is deprecated setup.py egg_info --egg-base ../../build/xsens_driver build --build-base /home/nvidia/KvaserCar_outdoor_test/build/xsens_driver/build install --record /home/nvidia/KvaserCar_outdoor_test/build/xsens_driver/install.log --single-version-externally-managed install_data
