[5.551s] Invoking command in '/home/nvidia/KvaserCar_outdoor_test/src/aeb_rover': PYTHONPATH=/home/nvidia/KvaserCar_outdoor_test/build/aeb_rover/prefix_override:/usr/lib/python3/dist-packages/colcon_core/task/python/colcon_distutils_commands:/home/nvidia/KvaserCar_outdoor_test/install/aeb_rover/lib/python3.10/site-packages:${PYTHONPATH} /usr/bin/python3 -W ignore:setup.py install is deprecated -W ignore:easy_install command is deprecated setup.py egg_info --egg-base ../../build/aeb_rover build --build-base /home/nvidia/KvaserCar_outdoor_test/build/aeb_rover/build install --record /home/nvidia/KvaserCar_outdoor_test/build/aeb_rover/install.log --single-version-externally-managed install_data
[6.240s] running egg_info
[6.242s] writing ../../build/aeb_rover/aeb_rover.egg-info/PKG-INFO
[6.243s] writing dependency_links to ../../build/aeb_rover/aeb_rover.egg-info/dependency_links.txt
[6.243s] writing entry points to ../../build/aeb_rover/aeb_rover.egg-info/entry_points.txt
[6.244s] writing requirements to ../../build/aeb_rover/aeb_rover.egg-info/requires.txt
[6.244s] writing top-level names to ../../build/aeb_rover/aeb_rover.egg-info/top_level.txt
[6.255s] reading manifest file '../../build/aeb_rover/aeb_rover.egg-info/SOURCES.txt'
[6.255s] writing manifest file '../../build/aeb_rover/aeb_rover.egg-info/SOURCES.txt'
[6.255s] running build
[6.255s] running build_py
[6.255s] running install
[6.255s] running install_lib
[6.260s] running install_data
[6.261s] running install_egg_info
[6.265s] removing '/home/nvidia/KvaserCar_outdoor_test/install/aeb_rover/lib/python3.10/site-packages/aeb_rover-0.0.0-py3.10.egg-info' (and everything under it)
[6.267s] Copying ../../build/aeb_rover/aeb_rover.egg-info to /home/nvidia/KvaserCar_outdoor_test/install/aeb_rover/lib/python3.10/site-packages/aeb_rover-0.0.0-py3.10.egg-info
[6.270s] running install_scripts
[6.331s] Installing aeb_node_closed script to /home/nvidia/KvaserCar_outdoor_test/install/aeb_rover/lib/aeb_rover
[6.332s] Installing aeb_node_open script to /home/nvidia/KvaserCar_outdoor_test/install/aeb_rover/lib/aeb_rover
[6.332s] Installing aeb_outdoor script to /home/nvidia/KvaserCar_outdoor_test/install/aeb_rover/lib/aeb_rover
[6.333s] writing list of installed files to '/home/nvidia/KvaserCar_outdoor_test/build/aeb_rover/install.log'
[6.418s] Invoked command in '/home/nvidia/KvaserCar_outdoor_test/src/aeb_rover' returned '0': PYTHONPATH=/home/nvidia/KvaserCar_outdoor_test/build/aeb_rover/prefix_override:/usr/lib/python3/dist-packages/colcon_core/task/python/colcon_distutils_commands:/home/nvidia/KvaserCar_outdoor_test/install/aeb_rover/lib/python3.10/site-packages:${PYTHONPATH} /usr/bin/python3 -W ignore:setup.py install is deprecated -W ignore:easy_install command is deprecated setup.py egg_info --egg-base ../../build/aeb_rover build --build-base /home/nvidia/KvaserCar_outdoor_test/build/aeb_rover/build install --record /home/nvidia/KvaserCar_outdoor_test/build/aeb_rover/install.log --single-version-externally-managed install_data
