[5.981s] Invoking command in '/home/nvidia/KvaserCar_outdoor_test/src/norlab_xsens_driver': PYTHONPATH=/home/nvidia/KvaserCar_outdoor_test/build/xsens_driver/prefix_override:/usr/lib/python3/dist-packages/colcon_core/task/python/colcon_distutils_commands:/home/nvidia/KvaserCar_outdoor_test/install/xsens_driver/lib/python3.10/site-packages:${PYTHONPATH} /usr/bin/python3 -W ignore:setup.py install is deprecated -W ignore:easy_install command is deprecated setup.py egg_info --egg-base ../../build/xsens_driver build --build-base /home/nvidia/KvaserCar_outdoor_test/build/xsens_driver/build install --record /home/nvidia/KvaserCar_outdoor_test/build/xsens_driver/install.log --single-version-externally-managed install_data
[6.670s] running egg_info
[6.673s] creating ../../build/xsens_driver/xsens_driver.egg-info
[6.673s] writing ../../build/xsens_driver/xsens_driver.egg-info/PKG-INFO
[6.673s] writing dependency_links to ../../build/xsens_driver/xsens_driver.egg-info/dependency_links.txt
[6.674s] writing entry points to ../../build/xsens_driver/xsens_driver.egg-info/entry_points.txt
[6.674s] writing requirements to ../../build/xsens_driver/xsens_driver.egg-info/requires.txt
[6.674s] writing top-level names to ../../build/xsens_driver/xsens_driver.egg-info/top_level.txt
[6.675s] writing manifest file '../../build/xsens_driver/xsens_driver.egg-info/SOURCES.txt'
[6.679s] reading manifest file '../../build/xsens_driver/xsens_driver.egg-info/SOURCES.txt'
[6.680s] adding license file 'LICENCE'
[6.680s] adding license file 'AUTHORS'
[6.681s] writing manifest file '../../build/xsens_driver/xsens_driver.egg-info/SOURCES.txt'
[6.681s] running build
[6.682s] running build_py
[6.682s] creating /home/nvidia/KvaserCar_outdoor_test/build/xsens_driver/build
[6.683s] creating /home/nvidia/KvaserCar_outdoor_test/build/xsens_driver/build/lib
[6.683s] creating /home/nvidia/KvaserCar_outdoor_test/build/xsens_driver/build/lib/xsens_driver
[6.683s] copying xsens_driver/mtnode.py -> /home/nvidia/KvaserCar_outdoor_test/build/xsens_driver/build/lib/xsens_driver
[6.683s] copying xsens_driver/mtdef.py -> /home/nvidia/KvaserCar_outdoor_test/build/xsens_driver/build/lib/xsens_driver
[6.683s] copying xsens_driver/mtdevice.py -> /home/nvidia/KvaserCar_outdoor_test/build/xsens_driver/build/lib/xsens_driver
[6.684s] copying xsens_driver/__init__.py -> /home/nvidia/KvaserCar_outdoor_test/build/xsens_driver/build/lib/xsens_driver
[6.686s] running install
[6.687s] running install_lib
[6.688s] creating /home/nvidia/KvaserCar_outdoor_test/install/xsens_driver/lib/python3.10/site-packages/xsens_driver
[6.688s] copying /home/nvidia/KvaserCar_outdoor_test/build/xsens_driver/build/lib/xsens_driver/mtnode.py -> /home/nvidia/KvaserCar_outdoor_test/install/xsens_driver/lib/python3.10/site-packages/xsens_driver
[6.688s] copying /home/nvidia/KvaserCar_outdoor_test/build/xsens_driver/build/lib/xsens_driver/mtdef.py -> /home/nvidia/KvaserCar_outdoor_test/install/xsens_driver/lib/python3.10/site-packages/xsens_driver
[6.689s] copying /home/nvidia/KvaserCar_outdoor_test/build/xsens_driver/build/lib/xsens_driver/mtdevice.py -> /home/nvidia/KvaserCar_outdoor_test/install/xsens_driver/lib/python3.10/site-packages/xsens_driver
[6.689s] copying /home/nvidia/KvaserCar_outdoor_test/build/xsens_driver/build/lib/xsens_driver/__init__.py -> /home/nvidia/KvaserCar_outdoor_test/install/xsens_driver/lib/python3.10/site-packages/xsens_driver
[6.691s] byte-compiling /home/nvidia/KvaserCar_outdoor_test/install/xsens_driver/lib/python3.10/site-packages/xsens_driver/mtnode.py to mtnode.cpython-310.pyc
[6.702s] byte-compiling /home/nvidia/KvaserCar_outdoor_test/install/xsens_driver/lib/python3.10/site-packages/xsens_driver/mtdef.py to mtdef.cpython-310.pyc
[6.707s] byte-compiling /home/nvidia/KvaserCar_outdoor_test/install/xsens_driver/lib/python3.10/site-packages/xsens_driver/mtdevice.py to mtdevice.cpython-310.pyc
[6.731s] byte-compiling /home/nvidia/KvaserCar_outdoor_test/install/xsens_driver/lib/python3.10/site-packages/xsens_driver/__init__.py to __init__.cpython-310.pyc
[6.732s] running install_data
[6.732s] copying package.xml -> /home/nvidia/KvaserCar_outdoor_test/install/xsens_driver/share/xsens_driver
[6.732s] creating /home/nvidia/KvaserCar_outdoor_test/install/xsens_driver/share/ament_index
[6.733s] creating /home/nvidia/KvaserCar_outdoor_test/install/xsens_driver/share/ament_index/resource_index
[6.733s] creating /home/nvidia/KvaserCar_outdoor_test/install/xsens_driver/share/ament_index/resource_index/packages
[6.733s] copying resource/xsens_driver -> /home/nvidia/KvaserCar_outdoor_test/install/xsens_driver/share/ament_index/resource_index/packages
[6.738s] copying launch/xsens_driver.launch.xml -> /home/nvidia/KvaserCar_outdoor_test/install/xsens_driver/share/xsens_driver
[6.739s] running install_egg_info
[6.740s] Copying ../../build/xsens_driver/xsens_driver.egg-info to /home/nvidia/KvaserCar_outdoor_test/install/xsens_driver/lib/python3.10/site-packages/xsens_driver-3.0.0-py3.10.egg-info
[6.741s] running install_scripts
[6.777s] Installing mtnode.py script to /home/nvidia/KvaserCar_outdoor_test/install/xsens_driver/lib/xsens_driver
[6.777s] writing list of installed files to '/home/nvidia/KvaserCar_outdoor_test/build/xsens_driver/install.log'
[6.851s] Invoked command in '/home/nvidia/KvaserCar_outdoor_test/src/norlab_xsens_driver' returned '0': PYTHONPATH=/home/nvidia/KvaserCar_outdoor_test/build/xsens_driver/prefix_override:/usr/lib/python3/dist-packages/colcon_core/task/python/colcon_distutils_commands:/home/nvidia/KvaserCar_outdoor_test/install/xsens_driver/lib/python3.10/site-packages:${PYTHONPATH} /usr/bin/python3 -W ignore:setup.py install is deprecated -W ignore:easy_install command is deprecated setup.py egg_info --egg-base ../../build/xsens_driver build --build-base /home/nvidia/KvaserCar_outdoor_test/build/xsens_driver/build install --record /home/nvidia/KvaserCar_outdoor_test/build/xsens_driver/install.log --single-version-externally-managed install_data
