[0.228s] DEBUG:colcon:Command line arguments: ['/usr/bin/colcon', 'build']
[0.228s] DEBUG:colcon:Parsed command line arguments: Namespace(log_base=None, log_level=None, verb_name='build', build_base='build', install_base='install', merge_install=False, symlink_install=False, test_result_base=None, continue_on_error=False, executor='parallel', parallel_workers=8, event_handlers=None, ignore_user_meta=False, metas=['./colcon.meta'], base_paths=['.'], packages_ignore=None, packages_ignore_regex=None, paths=None, packages_up_to=None, packages_up_to_regex=None, packages_above=None, packages_above_and_dependencies=None, packages_above_depth=None, packages_select_by_dep=None, packages_skip_by_dep=None, packages_skip_up_to=None, packages_select_build_failed=False, packages_skip_build_finished=False, packages_select_test_failures=False, packages_skip_test_passed=False, packages_select=None, packages_skip=None, packages_select_regex=None, packages_skip_regex=None, packages_start=None, packages_end=None, allow_overriding=[], cmake_args=None, cmake_target=None, cmake_target_skip_unavailable=False, cmake_clean_cache=False, cmake_clean_first=False, cmake_force_configure=False, ament_cmake_args=None, catkin_cmake_args=None, catkin_skip_building_tests=False, mixin_files=None, mixin=None, verb_parser=<colcon_mixin.mixin.mixin_argument.MixinArgumentDecorator object at 0xffff96b02230>, verb_extension=<colcon_core.verb.build.BuildVerb object at 0xffff96b01c00>, main=<bound method BuildVerb.main of <colcon_core.verb.build.BuildVerb object at 0xffff96b01c00>>, mixin_verb=('build',))
[0.624s] Level 1:colcon.colcon_core.package_discovery:discover_packages(colcon_meta) check parameters
[0.625s] Level 1:colcon.colcon_core.package_discovery:discover_packages(recursive) check parameters
[0.625s] Level 1:colcon.colcon_core.package_discovery:discover_packages(ignore) check parameters
[0.625s] Level 1:colcon.colcon_core.package_discovery:discover_packages(path) check parameters
[0.625s] Level 1:colcon.colcon_core.package_discovery:discover_packages(colcon_meta) discover
[0.625s] Level 1:colcon.colcon_core.package_discovery:discover_packages(recursive) discover
[0.625s] INFO:colcon.colcon_core.package_discovery:Crawling recursively for packages in '/home/nvidia/KvaserCar_outdoor_test'
[0.625s] Level 1:colcon.colcon_core.package_identification:_identify(.) by extensions ['ignore', 'ignore_ament_install']
[0.626s] Level 1:colcon.colcon_core.package_identification:_identify(.) by extension 'ignore'
[0.626s] Level 1:colcon.colcon_core.package_identification:_identify(.) by extension 'ignore_ament_install'
[0.626s] Level 1:colcon.colcon_core.package_identification:_identify(.) by extensions ['colcon_pkg']
[0.626s] Level 1:colcon.colcon_core.package_identification:_identify(.) by extension 'colcon_pkg'
[0.626s] Level 1:colcon.colcon_core.package_identification:_identify(.) by extensions ['colcon_meta']
[0.626s] Level 1:colcon.colcon_core.package_identification:_identify(.) by extension 'colcon_meta'
[0.626s] Level 1:colcon.colcon_core.package_identification:_identify(.) by extensions ['ros']
[0.626s] Level 1:colcon.colcon_core.package_identification:_identify(.) by extension 'ros'
[0.669s] Level 1:colcon.colcon_core.package_identification:_identify(.) by extensions ['cmake', 'python']
[0.669s] Level 1:colcon.colcon_core.package_identification:_identify(.) by extension 'cmake'
[0.669s] Level 1:colcon.colcon_core.package_identification:_identify(.) by extension 'python'
[0.669s] Level 1:colcon.colcon_core.package_identification:_identify(.) by extensions ['python_setup_py']
[0.669s] Level 1:colcon.colcon_core.package_identification:_identify(.) by extension 'python_setup_py'
[0.670s] Level 1:colcon.colcon_core.package_identification:_identify(build) by extensions ['ignore', 'ignore_ament_install']
[0.670s] Level 1:colcon.colcon_core.package_identification:_identify(build) by extension 'ignore'
[0.670s] Level 1:colcon.colcon_core.package_identification:_identify(build) ignored
[0.670s] Level 1:colcon.colcon_core.package_identification:_identify(data) by extensions ['ignore', 'ignore_ament_install']
[0.670s] Level 1:colcon.colcon_core.package_identification:_identify(data) by extension 'ignore'
[0.670s] Level 1:colcon.colcon_core.package_identification:_identify(data) by extension 'ignore_ament_install'
[0.671s] Level 1:colcon.colcon_core.package_identification:_identify(data) by extensions ['colcon_pkg']
[0.671s] Level 1:colcon.colcon_core.package_identification:_identify(data) by extension 'colcon_pkg'
[0.671s] Level 1:colcon.colcon_core.package_identification:_identify(data) by extensions ['colcon_meta']
[0.671s] Level 1:colcon.colcon_core.package_identification:_identify(data) by extension 'colcon_meta'
[0.671s] Level 1:colcon.colcon_core.package_identification:_identify(data) by extensions ['ros']
[0.671s] Level 1:colcon.colcon_core.package_identification:_identify(data) by extension 'ros'
[0.671s] Level 1:colcon.colcon_core.package_identification:_identify(data) by extensions ['cmake', 'python']
[0.671s] Level 1:colcon.colcon_core.package_identification:_identify(data) by extension 'cmake'
[0.671s] Level 1:colcon.colcon_core.package_identification:_identify(data) by extension 'python'
[0.671s] Level 1:colcon.colcon_core.package_identification:_identify(data) by extensions ['python_setup_py']
[0.671s] Level 1:colcon.colcon_core.package_identification:_identify(data) by extension 'python_setup_py'
[0.672s] Level 1:colcon.colcon_core.package_identification:_identify(install) by extensions ['ignore', 'ignore_ament_install']
[0.672s] Level 1:colcon.colcon_core.package_identification:_identify(install) by extension 'ignore'
[0.672s] Level 1:colcon.colcon_core.package_identification:_identify(install) ignored
[0.672s] Level 1:colcon.colcon_core.package_identification:_identify(log) by extensions ['ignore', 'ignore_ament_install']
[0.672s] Level 1:colcon.colcon_core.package_identification:_identify(log) by extension 'ignore'
[0.672s] Level 1:colcon.colcon_core.package_identification:_identify(log) ignored
[0.672s] Level 1:colcon.colcon_core.package_identification:_identify(src) by extensions ['ignore', 'ignore_ament_install']
[0.673s] Level 1:colcon.colcon_core.package_identification:_identify(src) by extension 'ignore'
[0.673s] Level 1:colcon.colcon_core.package_identification:_identify(src) by extension 'ignore_ament_install'
[0.673s] Level 1:colcon.colcon_core.package_identification:_identify(src) by extensions ['colcon_pkg']
[0.673s] Level 1:colcon.colcon_core.package_identification:_identify(src) by extension 'colcon_pkg'
[0.673s] Level 1:colcon.colcon_core.package_identification:_identify(src) by extensions ['colcon_meta']
[0.673s] Level 1:colcon.colcon_core.package_identification:_identify(src) by extension 'colcon_meta'
[0.673s] Level 1:colcon.colcon_core.package_identification:_identify(src) by extensions ['ros']
[0.673s] Level 1:colcon.colcon_core.package_identification:_identify(src) by extension 'ros'
[0.673s] Level 1:colcon.colcon_core.package_identification:_identify(src) by extensions ['cmake', 'python']
[0.673s] Level 1:colcon.colcon_core.package_identification:_identify(src) by extension 'cmake'
[0.674s] Level 1:colcon.colcon_core.package_identification:_identify(src) by extension 'python'
[0.674s] Level 1:colcon.colcon_core.package_identification:_identify(src) by extensions ['python_setup_py']
[0.674s] Level 1:colcon.colcon_core.package_identification:_identify(src) by extension 'python_setup_py'
[0.674s] Level 1:colcon.colcon_core.package_identification:_identify(src/aeb_rover) by extensions ['ignore', 'ignore_ament_install']
[0.674s] Level 1:colcon.colcon_core.package_identification:_identify(src/aeb_rover) by extension 'ignore'
[0.674s] Level 1:colcon.colcon_core.package_identification:_identify(src/aeb_rover) by extension 'ignore_ament_install'
[0.674s] Level 1:colcon.colcon_core.package_identification:_identify(src/aeb_rover) by extensions ['colcon_pkg']
[0.674s] Level 1:colcon.colcon_core.package_identification:_identify(src/aeb_rover) by extension 'colcon_pkg'
[0.674s] Level 1:colcon.colcon_core.package_identification:_identify(src/aeb_rover) by extensions ['colcon_meta']
[0.675s] Level 1:colcon.colcon_core.package_identification:_identify(src/aeb_rover) by extension 'colcon_meta'
[0.675s] Level 1:colcon.colcon_core.package_identification:_identify(src/aeb_rover) by extensions ['ros']
[0.675s] Level 1:colcon.colcon_core.package_identification:_identify(src/aeb_rover) by extension 'ros'
[0.679s] DEBUG:colcon.colcon_core.package_identification:Package 'src/aeb_rover' with type 'ros.ament_python' and name 'aeb_rover'
[0.680s] Level 1:colcon.colcon_core.package_identification:_identify(src/control_rover) by extensions ['ignore', 'ignore_ament_install']
[0.680s] Level 1:colcon.colcon_core.package_identification:_identify(src/control_rover) by extension 'ignore'
[0.680s] Level 1:colcon.colcon_core.package_identification:_identify(src/control_rover) by extension 'ignore_ament_install'
[0.680s] Level 1:colcon.colcon_core.package_identification:_identify(src/control_rover) by extensions ['colcon_pkg']
[0.680s] Level 1:colcon.colcon_core.package_identification:_identify(src/control_rover) by extension 'colcon_pkg'
[0.680s] Level 1:colcon.colcon_core.package_identification:_identify(src/control_rover) by extensions ['colcon_meta']
[0.681s] Level 1:colcon.colcon_core.package_identification:_identify(src/control_rover) by extension 'colcon_meta'
[0.681s] Level 1:colcon.colcon_core.package_identification:_identify(src/control_rover) by extensions ['ros']
[0.681s] Level 1:colcon.colcon_core.package_identification:_identify(src/control_rover) by extension 'ros'
[0.682s] DEBUG:colcon.colcon_core.package_identification:Package 'src/control_rover' with type 'ros.ament_python' and name 'control_rover'
[0.682s] Level 1:colcon.colcon_core.package_identification:_identify(src/norlab_xsens_driver) by extensions ['ignore', 'ignore_ament_install']
[0.682s] Level 1:colcon.colcon_core.package_identification:_identify(src/norlab_xsens_driver) by extension 'ignore'
[0.682s] Level 1:colcon.colcon_core.package_identification:_identify(src/norlab_xsens_driver) by extension 'ignore_ament_install'
[0.682s] Level 1:colcon.colcon_core.package_identification:_identify(src/norlab_xsens_driver) by extensions ['colcon_pkg']
[0.682s] Level 1:colcon.colcon_core.package_identification:_identify(src/norlab_xsens_driver) by extension 'colcon_pkg'
[0.683s] Level 1:colcon.colcon_core.package_identification:_identify(src/norlab_xsens_driver) by extensions ['colcon_meta']
[0.683s] Level 1:colcon.colcon_core.package_identification:_identify(src/norlab_xsens_driver) by extension 'colcon_meta'
[0.683s] Level 1:colcon.colcon_core.package_identification:_identify(src/norlab_xsens_driver) by extensions ['ros']
[0.683s] Level 1:colcon.colcon_core.package_identification:_identify(src/norlab_xsens_driver) by extension 'ros'
[0.684s] DEBUG:colcon.colcon_core.package_identification:Package 'src/norlab_xsens_driver' with type 'ros.ament_python' and name 'xsens_driver'
[0.685s] Level 1:colcon.colcon_core.package_identification:_identify(src/outdoor_test) by extensions ['ignore', 'ignore_ament_install']
[0.685s] Level 1:colcon.colcon_core.package_identification:_identify(src/outdoor_test) by extension 'ignore'
[0.685s] Level 1:colcon.colcon_core.package_identification:_identify(src/outdoor_test) by extension 'ignore_ament_install'
[0.685s] Level 1:colcon.colcon_core.package_identification:_identify(src/outdoor_test) by extensions ['colcon_pkg']
[0.685s] Level 1:colcon.colcon_core.package_identification:_identify(src/outdoor_test) by extension 'colcon_pkg'
[0.685s] Level 1:colcon.colcon_core.package_identification:_identify(src/outdoor_test) by extensions ['colcon_meta']
[0.685s] Level 1:colcon.colcon_core.package_identification:_identify(src/outdoor_test) by extension 'colcon_meta'
[0.686s] Level 1:colcon.colcon_core.package_identification:_identify(src/outdoor_test) by extensions ['ros']
[0.686s] Level 1:colcon.colcon_core.package_identification:_identify(src/outdoor_test) by extension 'ros'
[0.687s] DEBUG:colcon.colcon_core.package_identification:Package 'src/outdoor_test' with type 'ros.ament_python' and name 'outdoor_test'
[0.687s] Level 1:colcon.colcon_core.package_identification:_identify(src/tactical_node) by extensions ['ignore', 'ignore_ament_install']
[0.687s] Level 1:colcon.colcon_core.package_identification:_identify(src/tactical_node) by extension 'ignore'
[0.687s] Level 1:colcon.colcon_core.package_identification:_identify(src/tactical_node) by extension 'ignore_ament_install'
[0.687s] Level 1:colcon.colcon_core.package_identification:_identify(src/tactical_node) by extensions ['colcon_pkg']
[0.687s] Level 1:colcon.colcon_core.package_identification:_identify(src/tactical_node) by extension 'colcon_pkg'
[0.688s] Level 1:colcon.colcon_core.package_identification:_identify(src/tactical_node) by extensions ['colcon_meta']
[0.688s] Level 1:colcon.colcon_core.package_identification:_identify(src/tactical_node) by extension 'colcon_meta'
[0.688s] Level 1:colcon.colcon_core.package_identification:_identify(src/tactical_node) by extensions ['ros']
[0.688s] Level 1:colcon.colcon_core.package_identification:_identify(src/tactical_node) by extension 'ros'
[0.689s] DEBUG:colcon.colcon_core.package_identification:Package 'src/tactical_node' with type 'ros.ament_python' and name 'tactical_node'
[0.689s] Level 1:colcon.colcon_core.package_identification:_identify(src/visualize_car) by extensions ['ignore', 'ignore_ament_install']
[0.689s] Level 1:colcon.colcon_core.package_identification:_identify(src/visualize_car) by extension 'ignore'
[0.689s] Level 1:colcon.colcon_core.package_identification:_identify(src/visualize_car) by extension 'ignore_ament_install'
[0.689s] Level 1:colcon.colcon_core.package_identification:_identify(src/visualize_car) by extensions ['colcon_pkg']
[0.689s] Level 1:colcon.colcon_core.package_identification:_identify(src/visualize_car) by extension 'colcon_pkg'
[0.689s] Level 1:colcon.colcon_core.package_identification:_identify(src/visualize_car) by extensions ['colcon_meta']
[0.689s] Level 1:colcon.colcon_core.package_identification:_identify(src/visualize_car) by extension 'colcon_meta'
[0.689s] Level 1:colcon.colcon_core.package_identification:_identify(src/visualize_car) by extensions ['ros']
[0.689s] Level 1:colcon.colcon_core.package_identification:_identify(src/visualize_car) by extension 'ros'
[0.690s] DEBUG:colcon.colcon_core.package_identification:Package 'src/visualize_car' with type 'ros.ament_python' and name 'visualize_car'
[0.690s] Level 1:colcon.colcon_core.package_identification:_identify(src/wheel_odometry) by extensions ['ignore', 'ignore_ament_install']
[0.691s] Level 1:colcon.colcon_core.package_identification:_identify(src/wheel_odometry) by extension 'ignore'
[0.691s] Level 1:colcon.colcon_core.package_identification:_identify(src/wheel_odometry) by extension 'ignore_ament_install'
[0.691s] Level 1:colcon.colcon_core.package_identification:_identify(src/wheel_odometry) by extensions ['colcon_pkg']
[0.691s] Level 1:colcon.colcon_core.package_identification:_identify(src/wheel_odometry) by extension 'colcon_pkg'
[0.691s] Level 1:colcon.colcon_core.package_identification:_identify(src/wheel_odometry) by extensions ['colcon_meta']
[0.691s] Level 1:colcon.colcon_core.package_identification:_identify(src/wheel_odometry) by extension 'colcon_meta'
[0.691s] Level 1:colcon.colcon_core.package_identification:_identify(src/wheel_odometry) by extensions ['ros']
[0.691s] Level 1:colcon.colcon_core.package_identification:_identify(src/wheel_odometry) by extension 'ros'
[0.692s] DEBUG:colcon.colcon_core.package_identification:Package 'src/wheel_odometry' with type 'ros.ament_python' and name 'wheel_odometry'
[0.692s] Level 1:colcon.colcon_core.package_discovery:discover_packages(recursive) using defaults
[0.692s] Level 1:colcon.colcon_core.package_discovery:discover_packages(ignore) discover
[0.692s] Level 1:colcon.colcon_core.package_discovery:discover_packages(ignore) using defaults
[0.692s] Level 1:colcon.colcon_core.package_discovery:discover_packages(path) discover
[0.692s] Level 1:colcon.colcon_core.package_discovery:discover_packages(path) using defaults
[0.735s] Level 1:colcon.colcon_core.package_discovery:discover_packages(prefix_path) check parameters
[0.735s] Level 1:colcon.colcon_core.package_discovery:discover_packages(prefix_path) discover
[0.740s] DEBUG:colcon.colcon_installed_package_information.package_discovery:Found 7 installed packages in /home/nvidia/KvaserCar_outdoor_test/install
[0.742s] DEBUG:colcon.colcon_installed_package_information.package_discovery:Found 16 installed packages in /home/nvidia/kth_ws/install
[0.745s] DEBUG:colcon.colcon_installed_package_information.package_discovery:Found 382 installed packages in /opt/ros/humble
[0.748s] Level 1:colcon.colcon_core.package_discovery:discover_packages(prefix_path) using defaults
[0.835s] Level 5:colcon.colcon_core.verb:set package 'aeb_rover' build argument 'cmake_args' from command line to 'None'
[0.835s] Level 5:colcon.colcon_core.verb:set package 'aeb_rover' build argument 'cmake_target' from command line to 'None'
[0.835s] Level 5:colcon.colcon_core.verb:set package 'aeb_rover' build argument 'cmake_target_skip_unavailable' from command line to 'False'
[0.835s] Level 5:colcon.colcon_core.verb:set package 'aeb_rover' build argument 'cmake_clean_cache' from command line to 'False'
[0.835s] Level 5:colcon.colcon_core.verb:set package 'aeb_rover' build argument 'cmake_clean_first' from command line to 'False'
[0.835s] Level 5:colcon.colcon_core.verb:set package 'aeb_rover' build argument 'cmake_force_configure' from command line to 'False'
[0.835s] Level 5:colcon.colcon_core.verb:set package 'aeb_rover' build argument 'ament_cmake_args' from command line to 'None'
[0.835s] Level 5:colcon.colcon_core.verb:set package 'aeb_rover' build argument 'catkin_cmake_args' from command line to 'None'
[0.835s] Level 5:colcon.colcon_core.verb:set package 'aeb_rover' build argument 'catkin_skip_building_tests' from command line to 'False'
[0.835s] DEBUG:colcon.colcon_core.verb:Building package 'aeb_rover' with the following arguments: {'ament_cmake_args': None, 'build_base': '/home/nvidia/KvaserCar_outdoor_test/build/aeb_rover', 'catkin_cmake_args': None, 'catkin_skip_building_tests': False, 'cmake_args': None, 'cmake_clean_cache': False, 'cmake_clean_first': False, 'cmake_force_configure': False, 'cmake_target': None, 'cmake_target_skip_unavailable': False, 'install_base': '/home/nvidia/KvaserCar_outdoor_test/install/aeb_rover', 'merge_install': False, 'path': '/home/nvidia/KvaserCar_outdoor_test/src/aeb_rover', 'symlink_install': False, 'test_result_base': None}
[0.836s] Level 5:colcon.colcon_core.verb:set package 'control_rover' build argument 'cmake_args' from command line to 'None'
[0.836s] Level 5:colcon.colcon_core.verb:set package 'control_rover' build argument 'cmake_target' from command line to 'None'
[0.836s] Level 5:colcon.colcon_core.verb:set package 'control_rover' build argument 'cmake_target_skip_unavailable' from command line to 'False'
[0.836s] Level 5:colcon.colcon_core.verb:set package 'control_rover' build argument 'cmake_clean_cache' from command line to 'False'
[0.836s] Level 5:colcon.colcon_core.verb:set package 'control_rover' build argument 'cmake_clean_first' from command line to 'False'
[0.836s] Level 5:colcon.colcon_core.verb:set package 'control_rover' build argument 'cmake_force_configure' from command line to 'False'
[0.836s] Level 5:colcon.colcon_core.verb:set package 'control_rover' build argument 'ament_cmake_args' from command line to 'None'
[0.836s] Level 5:colcon.colcon_core.verb:set package 'control_rover' build argument 'catkin_cmake_args' from command line to 'None'
[0.837s] Level 5:colcon.colcon_core.verb:set package 'control_rover' build argument 'catkin_skip_building_tests' from command line to 'False'
[0.837s] DEBUG:colcon.colcon_core.verb:Building package 'control_rover' with the following arguments: {'ament_cmake_args': None, 'build_base': '/home/nvidia/KvaserCar_outdoor_test/build/control_rover', 'catkin_cmake_args': None, 'catkin_skip_building_tests': False, 'cmake_args': None, 'cmake_clean_cache': False, 'cmake_clean_first': False, 'cmake_force_configure': False, 'cmake_target': None, 'cmake_target_skip_unavailable': False, 'install_base': '/home/nvidia/KvaserCar_outdoor_test/install/control_rover', 'merge_install': False, 'path': '/home/nvidia/KvaserCar_outdoor_test/src/control_rover', 'symlink_install': False, 'test_result_base': None}
[0.837s] Level 5:colcon.colcon_core.verb:set package 'outdoor_test' build argument 'cmake_args' from command line to 'None'
[0.837s] Level 5:colcon.colcon_core.verb:set package 'outdoor_test' build argument 'cmake_target' from command line to 'None'
[0.837s] Level 5:colcon.colcon_core.verb:set package 'outdoor_test' build argument 'cmake_target_skip_unavailable' from command line to 'False'
[0.837s] Level 5:colcon.colcon_core.verb:set package 'outdoor_test' build argument 'cmake_clean_cache' from command line to 'False'
[0.837s] Level 5:colcon.colcon_core.verb:set package 'outdoor_test' build argument 'cmake_clean_first' from command line to 'False'
[0.837s] Level 5:colcon.colcon_core.verb:set package 'outdoor_test' build argument 'cmake_force_configure' from command line to 'False'
[0.837s] Level 5:colcon.colcon_core.verb:set package 'outdoor_test' build argument 'ament_cmake_args' from command line to 'None'
[0.837s] Level 5:colcon.colcon_core.verb:set package 'outdoor_test' build argument 'catkin_cmake_args' from command line to 'None'
[0.838s] Level 5:colcon.colcon_core.verb:set package 'outdoor_test' build argument 'catkin_skip_building_tests' from command line to 'False'
[0.838s] DEBUG:colcon.colcon_core.verb:Building package 'outdoor_test' with the following arguments: {'ament_cmake_args': None, 'build_base': '/home/nvidia/KvaserCar_outdoor_test/build/outdoor_test', 'catkin_cmake_args': None, 'catkin_skip_building_tests': False, 'cmake_args': None, 'cmake_clean_cache': False, 'cmake_clean_first': False, 'cmake_force_configure': False, 'cmake_target': None, 'cmake_target_skip_unavailable': False, 'install_base': '/home/nvidia/KvaserCar_outdoor_test/install/outdoor_test', 'merge_install': False, 'path': '/home/nvidia/KvaserCar_outdoor_test/src/outdoor_test', 'symlink_install': False, 'test_result_base': None}
[0.838s] Level 5:colcon.colcon_core.verb:set package 'tactical_node' build argument 'cmake_args' from command line to 'None'
[0.838s] Level 5:colcon.colcon_core.verb:set package 'tactical_node' build argument 'cmake_target' from command line to 'None'
[0.838s] Level 5:colcon.colcon_core.verb:set package 'tactical_node' build argument 'cmake_target_skip_unavailable' from command line to 'False'
[0.838s] Level 5:colcon.colcon_core.verb:set package 'tactical_node' build argument 'cmake_clean_cache' from command line to 'False'
[0.838s] Level 5:colcon.colcon_core.verb:set package 'tactical_node' build argument 'cmake_clean_first' from command line to 'False'
[0.838s] Level 5:colcon.colcon_core.verb:set package 'tactical_node' build argument 'cmake_force_configure' from command line to 'False'
[0.838s] Level 5:colcon.colcon_core.verb:set package 'tactical_node' build argument 'ament_cmake_args' from command line to 'None'
[0.838s] Level 5:colcon.colcon_core.verb:set package 'tactical_node' build argument 'catkin_cmake_args' from command line to 'None'
[0.839s] Level 5:colcon.colcon_core.verb:set package 'tactical_node' build argument 'catkin_skip_building_tests' from command line to 'False'
[0.839s] DEBUG:colcon.colcon_core.verb:Building package 'tactical_node' with the following arguments: {'ament_cmake_args': None, 'build_base': '/home/nvidia/KvaserCar_outdoor_test/build/tactical_node', 'catkin_cmake_args': None, 'catkin_skip_building_tests': False, 'cmake_args': None, 'cmake_clean_cache': False, 'cmake_clean_first': False, 'cmake_force_configure': False, 'cmake_target': None, 'cmake_target_skip_unavailable': False, 'install_base': '/home/nvidia/KvaserCar_outdoor_test/install/tactical_node', 'merge_install': False, 'path': '/home/nvidia/KvaserCar_outdoor_test/src/tactical_node', 'symlink_install': False, 'test_result_base': None}
[0.839s] Level 5:colcon.colcon_core.verb:set package 'visualize_car' build argument 'cmake_args' from command line to 'None'
[0.839s] Level 5:colcon.colcon_core.verb:set package 'visualize_car' build argument 'cmake_target' from command line to 'None'
[0.839s] Level 5:colcon.colcon_core.verb:set package 'visualize_car' build argument 'cmake_target_skip_unavailable' from command line to 'False'
[0.839s] Level 5:colcon.colcon_core.verb:set package 'visualize_car' build argument 'cmake_clean_cache' from command line to 'False'
[0.839s] Level 5:colcon.colcon_core.verb:set package 'visualize_car' build argument 'cmake_clean_first' from command line to 'False'
[0.839s] Level 5:colcon.colcon_core.verb:set package 'visualize_car' build argument 'cmake_force_configure' from command line to 'False'
[0.839s] Level 5:colcon.colcon_core.verb:set package 'visualize_car' build argument 'ament_cmake_args' from command line to 'None'
[0.839s] Level 5:colcon.colcon_core.verb:set package 'visualize_car' build argument 'catkin_cmake_args' from command line to 'None'
[0.839s] Level 5:colcon.colcon_core.verb:set package 'visualize_car' build argument 'catkin_skip_building_tests' from command line to 'False'
[0.840s] DEBUG:colcon.colcon_core.verb:Building package 'visualize_car' with the following arguments: {'ament_cmake_args': None, 'build_base': '/home/nvidia/KvaserCar_outdoor_test/build/visualize_car', 'catkin_cmake_args': None, 'catkin_skip_building_tests': False, 'cmake_args': None, 'cmake_clean_cache': False, 'cmake_clean_first': False, 'cmake_force_configure': False, 'cmake_target': None, 'cmake_target_skip_unavailable': False, 'install_base': '/home/nvidia/KvaserCar_outdoor_test/install/visualize_car', 'merge_install': False, 'path': '/home/nvidia/KvaserCar_outdoor_test/src/visualize_car', 'symlink_install': False, 'test_result_base': None}
[0.840s] Level 5:colcon.colcon_core.verb:set package 'wheel_odometry' build argument 'cmake_args' from command line to 'None'
[0.840s] Level 5:colcon.colcon_core.verb:set package 'wheel_odometry' build argument 'cmake_target' from command line to 'None'
[0.840s] Level 5:colcon.colcon_core.verb:set package 'wheel_odometry' build argument 'cmake_target_skip_unavailable' from command line to 'False'
[0.840s] Level 5:colcon.colcon_core.verb:set package 'wheel_odometry' build argument 'cmake_clean_cache' from command line to 'False'
[0.840s] Level 5:colcon.colcon_core.verb:set package 'wheel_odometry' build argument 'cmake_clean_first' from command line to 'False'
[0.840s] Level 5:colcon.colcon_core.verb:set package 'wheel_odometry' build argument 'cmake_force_configure' from command line to 'False'
[0.840s] Level 5:colcon.colcon_core.verb:set package 'wheel_odometry' build argument 'ament_cmake_args' from command line to 'None'
[0.840s] Level 5:colcon.colcon_core.verb:set package 'wheel_odometry' build argument 'catkin_cmake_args' from command line to 'None'
[0.840s] Level 5:colcon.colcon_core.verb:set package 'wheel_odometry' build argument 'catkin_skip_building_tests' from command line to 'False'
[0.841s] DEBUG:colcon.colcon_core.verb:Building package 'wheel_odometry' with the following arguments: {'ament_cmake_args': None, 'build_base': '/home/nvidia/KvaserCar_outdoor_test/build/wheel_odometry', 'catkin_cmake_args': None, 'catkin_skip_building_tests': False, 'cmake_args': None, 'cmake_clean_cache': False, 'cmake_clean_first': False, 'cmake_force_configure': False, 'cmake_target': None, 'cmake_target_skip_unavailable': False, 'install_base': '/home/nvidia/KvaserCar_outdoor_test/install/wheel_odometry', 'merge_install': False, 'path': '/home/nvidia/KvaserCar_outdoor_test/src/wheel_odometry', 'symlink_install': False, 'test_result_base': None}
[0.841s] Level 5:colcon.colcon_core.verb:set package 'xsens_driver' build argument 'cmake_args' from command line to 'None'
[0.841s] Level 5:colcon.colcon_core.verb:set package 'xsens_driver' build argument 'cmake_target' from command line to 'None'
[0.841s] Level 5:colcon.colcon_core.verb:set package 'xsens_driver' build argument 'cmake_target_skip_unavailable' from command line to 'False'
[0.841s] Level 5:colcon.colcon_core.verb:set package 'xsens_driver' build argument 'cmake_clean_cache' from command line to 'False'
[0.841s] Level 5:colcon.colcon_core.verb:set package 'xsens_driver' build argument 'cmake_clean_first' from command line to 'False'
[0.841s] Level 5:colcon.colcon_core.verb:set package 'xsens_driver' build argument 'cmake_force_configure' from command line to 'False'
[0.841s] Level 5:colcon.colcon_core.verb:set package 'xsens_driver' build argument 'ament_cmake_args' from command line to 'None'
[0.841s] Level 5:colcon.colcon_core.verb:set package 'xsens_driver' build argument 'catkin_cmake_args' from command line to 'None'
[0.841s] Level 5:colcon.colcon_core.verb:set package 'xsens_driver' build argument 'catkin_skip_building_tests' from command line to 'False'
[0.842s] DEBUG:colcon.colcon_core.verb:Building package 'xsens_driver' with the following arguments: {'ament_cmake_args': None, 'build_base': '/home/nvidia/KvaserCar_outdoor_test/build/xsens_driver', 'catkin_cmake_args': None, 'catkin_skip_building_tests': False, 'cmake_args': None, 'cmake_clean_cache': False, 'cmake_clean_first': False, 'cmake_force_configure': False, 'cmake_target': None, 'cmake_target_skip_unavailable': False, 'install_base': '/home/nvidia/KvaserCar_outdoor_test/install/xsens_driver', 'merge_install': False, 'path': '/home/nvidia/KvaserCar_outdoor_test/src/norlab_xsens_driver', 'symlink_install': False, 'test_result_base': None}
[0.842s] INFO:colcon.colcon_core.executor:Executing jobs using 'parallel' executor
[0.844s] DEBUG:colcon.colcon_parallel_executor.executor.parallel:run_until_complete
[0.844s] INFO:colcon.colcon_ros.task.ament_python.build:Building ROS package in '/home/nvidia/KvaserCar_outdoor_test/src/aeb_rover' with build type 'ament_python'
[0.845s] Level 1:colcon.colcon_core.shell:create_environment_hook('aeb_rover', 'ament_prefix_path')
[0.849s] INFO:colcon.colcon_core.plugin_system:Skipping extension 'colcon_core.shell.bat': Not used on non-Windows systems
[0.850s] INFO:colcon.colcon_core.shell:Creating environment hook '/home/nvidia/KvaserCar_outdoor_test/install/aeb_rover/share/aeb_rover/hook/ament_prefix_path.ps1'
[0.851s] INFO:colcon.colcon_core.shell:Creating environment descriptor '/home/nvidia/KvaserCar_outdoor_test/install/aeb_rover/share/aeb_rover/hook/ament_prefix_path.dsv'
[0.852s] INFO:colcon.colcon_core.shell:Creating environment hook '/home/nvidia/KvaserCar_outdoor_test/install/aeb_rover/share/aeb_rover/hook/ament_prefix_path.sh'
[0.853s] INFO:colcon.colcon_core.shell:Skip shell extension 'powershell' for command environment: Not usable outside of PowerShell
[0.853s] DEBUG:colcon.colcon_core.shell:Skip shell extension 'dsv' for command environment
[0.862s] INFO:colcon.colcon_ros.task.ament_python.build:Building ROS package in '/home/nvidia/KvaserCar_outdoor_test/src/control_rover' with build type 'ament_python'
[0.863s] Level 1:colcon.colcon_core.shell:create_environment_hook('control_rover', 'ament_prefix_path')
[0.863s] INFO:colcon.colcon_core.shell:Creating environment hook '/home/nvidia/KvaserCar_outdoor_test/install/control_rover/share/control_rover/hook/ament_prefix_path.ps1'
[0.864s] INFO:colcon.colcon_core.shell:Creating environment descriptor '/home/nvidia/KvaserCar_outdoor_test/install/control_rover/share/control_rover/hook/ament_prefix_path.dsv'
[0.864s] INFO:colcon.colcon_core.shell:Creating environment hook '/home/nvidia/KvaserCar_outdoor_test/install/control_rover/share/control_rover/hook/ament_prefix_path.sh'
[0.865s] INFO:colcon.colcon_core.shell:Skip shell extension 'powershell' for command environment: Not usable outside of PowerShell
[0.866s] DEBUG:colcon.colcon_core.shell:Skip shell extension 'dsv' for command environment
[0.875s] INFO:colcon.colcon_ros.task.ament_python.build:Building ROS package in '/home/nvidia/KvaserCar_outdoor_test/src/outdoor_test' with build type 'ament_python'
[0.875s] Level 1:colcon.colcon_core.shell:create_environment_hook('outdoor_test', 'ament_prefix_path')
[0.876s] INFO:colcon.colcon_core.shell:Creating environment hook '/home/nvidia/KvaserCar_outdoor_test/install/outdoor_test/share/outdoor_test/hook/ament_prefix_path.ps1'
[0.877s] INFO:colcon.colcon_core.shell:Creating environment descriptor '/home/nvidia/KvaserCar_outdoor_test/install/outdoor_test/share/outdoor_test/hook/ament_prefix_path.dsv'
[0.877s] INFO:colcon.colcon_core.shell:Creating environment hook '/home/nvidia/KvaserCar_outdoor_test/install/outdoor_test/share/outdoor_test/hook/ament_prefix_path.sh'
[0.878s] INFO:colcon.colcon_core.shell:Skip shell extension 'powershell' for command environment: Not usable outside of PowerShell
[0.879s] DEBUG:colcon.colcon_core.shell:Skip shell extension 'dsv' for command environment
[0.887s] INFO:colcon.colcon_ros.task.ament_python.build:Building ROS package in '/home/nvidia/KvaserCar_outdoor_test/src/tactical_node' with build type 'ament_python'
[0.888s] Level 1:colcon.colcon_core.shell:create_environment_hook('tactical_node', 'ament_prefix_path')
[0.888s] INFO:colcon.colcon_core.shell:Creating environment hook '/home/nvidia/KvaserCar_outdoor_test/install/tactical_node/share/tactical_node/hook/ament_prefix_path.ps1'
[0.889s] INFO:colcon.colcon_core.shell:Creating environment descriptor '/home/nvidia/KvaserCar_outdoor_test/install/tactical_node/share/tactical_node/hook/ament_prefix_path.dsv'
[0.892s] INFO:colcon.colcon_core.shell:Creating environment hook '/home/nvidia/KvaserCar_outdoor_test/install/tactical_node/share/tactical_node/hook/ament_prefix_path.sh'
[0.894s] INFO:colcon.colcon_core.shell:Skip shell extension 'powershell' for command environment: Not usable outside of PowerShell
[0.894s] DEBUG:colcon.colcon_core.shell:Skip shell extension 'dsv' for command environment
[0.903s] INFO:colcon.colcon_ros.task.ament_python.build:Building ROS package in '/home/nvidia/KvaserCar_outdoor_test/src/visualize_car' with build type 'ament_python'
[0.903s] Level 1:colcon.colcon_core.shell:create_environment_hook('visualize_car', 'ament_prefix_path')
[0.904s] INFO:colcon.colcon_core.shell:Creating environment hook '/home/nvidia/KvaserCar_outdoor_test/install/visualize_car/share/visualize_car/hook/ament_prefix_path.ps1'
[0.905s] INFO:colcon.colcon_core.shell:Creating environment descriptor '/home/nvidia/KvaserCar_outdoor_test/install/visualize_car/share/visualize_car/hook/ament_prefix_path.dsv'
[0.905s] INFO:colcon.colcon_core.shell:Creating environment hook '/home/nvidia/KvaserCar_outdoor_test/install/visualize_car/share/visualize_car/hook/ament_prefix_path.sh'
[0.906s] INFO:colcon.colcon_core.shell:Skip shell extension 'powershell' for command environment: Not usable outside of PowerShell
[0.907s] DEBUG:colcon.colcon_core.shell:Skip shell extension 'dsv' for command environment
[0.915s] INFO:colcon.colcon_ros.task.ament_python.build:Building ROS package in '/home/nvidia/KvaserCar_outdoor_test/src/wheel_odometry' with build type 'ament_python'
[0.916s] Level 1:colcon.colcon_core.shell:create_environment_hook('wheel_odometry', 'ament_prefix_path')
[0.916s] INFO:colcon.colcon_core.shell:Creating environment hook '/home/nvidia/KvaserCar_outdoor_test/install/wheel_odometry/share/wheel_odometry/hook/ament_prefix_path.ps1'
[0.917s] INFO:colcon.colcon_core.shell:Creating environment descriptor '/home/nvidia/KvaserCar_outdoor_test/install/wheel_odometry/share/wheel_odometry/hook/ament_prefix_path.dsv'
[0.918s] INFO:colcon.colcon_core.shell:Creating environment hook '/home/nvidia/KvaserCar_outdoor_test/install/wheel_odometry/share/wheel_odometry/hook/ament_prefix_path.sh'
[0.919s] INFO:colcon.colcon_core.shell:Skip shell extension 'powershell' for command environment: Not usable outside of PowerShell
[0.919s] DEBUG:colcon.colcon_core.shell:Skip shell extension 'dsv' for command environment
[0.927s] INFO:colcon.colcon_ros.task.ament_python.build:Building ROS package in '/home/nvidia/KvaserCar_outdoor_test/src/norlab_xsens_driver' with build type 'ament_python'
[0.927s] Level 1:colcon.colcon_core.shell:create_environment_hook('xsens_driver', 'ament_prefix_path')
[0.928s] INFO:colcon.colcon_core.shell:Creating environment hook '/home/nvidia/KvaserCar_outdoor_test/install/xsens_driver/share/xsens_driver/hook/ament_prefix_path.ps1'
[0.929s] INFO:colcon.colcon_core.shell:Creating environment descriptor '/home/nvidia/KvaserCar_outdoor_test/install/xsens_driver/share/xsens_driver/hook/ament_prefix_path.dsv'
[0.929s] INFO:colcon.colcon_core.shell:Creating environment hook '/home/nvidia/KvaserCar_outdoor_test/install/xsens_driver/share/xsens_driver/hook/ament_prefix_path.sh'
[0.930s] INFO:colcon.colcon_core.shell:Skip shell extension 'powershell' for command environment: Not usable outside of PowerShell
[0.931s] DEBUG:colcon.colcon_core.shell:Skip shell extension 'dsv' for command environment
[1.539s] INFO:colcon.colcon_core.task.python.build:Building Python package in '/home/nvidia/KvaserCar_outdoor_test/src/aeb_rover'
[1.540s] INFO:colcon.colcon_core.shell:Skip shell extension 'powershell' for command environment: Not usable outside of PowerShell
[1.540s] DEBUG:colcon.colcon_core.shell:Skip shell extension 'dsv' for command environment
[2.140s] INFO:colcon.colcon_core.task.python.build:Building Python package in '/home/nvidia/KvaserCar_outdoor_test/src/control_rover'
[2.140s] INFO:colcon.colcon_core.shell:Skip shell extension 'powershell' for command environment: Not usable outside of PowerShell
[2.140s] DEBUG:colcon.colcon_core.shell:Skip shell extension 'dsv' for command environment
[2.746s] INFO:colcon.colcon_core.task.python.build:Building Python package in '/home/nvidia/KvaserCar_outdoor_test/src/outdoor_test'
[2.747s] INFO:colcon.colcon_core.shell:Skip shell extension 'powershell' for command environment: Not usable outside of PowerShell
[2.747s] DEBUG:colcon.colcon_core.shell:Skip shell extension 'dsv' for command environment
[3.344s] INFO:colcon.colcon_core.task.python.build:Building Python package in '/home/nvidia/KvaserCar_outdoor_test/src/tactical_node'
[3.345s] INFO:colcon.colcon_core.shell:Skip shell extension 'powershell' for command environment: Not usable outside of PowerShell
[3.345s] DEBUG:colcon.colcon_core.shell:Skip shell extension 'dsv' for command environment
[3.956s] INFO:colcon.colcon_core.task.python.build:Building Python package in '/home/nvidia/KvaserCar_outdoor_test/src/visualize_car'
[3.957s] INFO:colcon.colcon_core.shell:Skip shell extension 'powershell' for command environment: Not usable outside of PowerShell
[3.957s] DEBUG:colcon.colcon_core.shell:Skip shell extension 'dsv' for command environment
[4.570s] INFO:colcon.colcon_core.task.python.build:Building Python package in '/home/nvidia/KvaserCar_outdoor_test/src/wheel_odometry'
[4.571s] INFO:colcon.colcon_core.shell:Skip shell extension 'powershell' for command environment: Not usable outside of PowerShell
[4.571s] DEBUG:colcon.colcon_core.shell:Skip shell extension 'dsv' for command environment
[5.171s] INFO:colcon.colcon_core.task.python.build:Building Python package in '/home/nvidia/KvaserCar_outdoor_test/src/norlab_xsens_driver'
[5.172s] INFO:colcon.colcon_core.shell:Skip shell extension 'powershell' for command environment: Not usable outside of PowerShell
[5.172s] DEBUG:colcon.colcon_core.shell:Skip shell extension 'dsv' for command environment
[6.416s] DEBUG:colcon.colcon_core.event_handler.log_command:Invoking command in '/home/nvidia/KvaserCar_outdoor_test/src/wheel_odometry': PYTHONPATH=/home/nvidia/KvaserCar_outdoor_test/build/wheel_odometry/prefix_override:/usr/lib/python3/dist-packages/colcon_core/task/python/colcon_distutils_commands:/home/nvidia/KvaserCar_outdoor_test/install/wheel_odometry/lib/python3.10/site-packages:${PYTHONPATH} /usr/bin/python3 -W ignore:setup.py install is deprecated -W ignore:easy_install command is deprecated setup.py egg_info --egg-base ../../build/wheel_odometry build --build-base /home/nvidia/KvaserCar_outdoor_test/build/wheel_odometry/build install --record /home/nvidia/KvaserCar_outdoor_test/build/wheel_odometry/install.log --single-version-externally-managed install_data
[6.432s] DEBUG:colcon.colcon_core.event_handler.log_command:Invoking command in '/home/nvidia/KvaserCar_outdoor_test/src/outdoor_test': PYTHONPATH=/home/nvidia/KvaserCar_outdoor_test/build/outdoor_test/prefix_override:/usr/lib/python3/dist-packages/colcon_core/task/python/colcon_distutils_commands:/home/nvidia/KvaserCar_outdoor_test/install/outdoor_test/lib/python3.10/site-packages:${PYTHONPATH} /usr/bin/python3 -W ignore:setup.py install is deprecated -W ignore:easy_install command is deprecated setup.py egg_info --egg-base ../../build/outdoor_test build --build-base /home/nvidia/KvaserCar_outdoor_test/build/outdoor_test/build install --record /home/nvidia/KvaserCar_outdoor_test/build/outdoor_test/install.log --single-version-externally-managed install_data
[6.501s] DEBUG:colcon.colcon_core.event_handler.log_command:Invoking command in '/home/nvidia/KvaserCar_outdoor_test/src/visualize_car': PYTHONPATH=/home/nvidia/KvaserCar_outdoor_test/build/visualize_car/prefix_override:/usr/lib/python3/dist-packages/colcon_core/task/python/colcon_distutils_commands:/home/nvidia/KvaserCar_outdoor_test/install/visualize_car/lib/python3.10/site-packages:${PYTHONPATH} /usr/bin/python3 -W ignore:setup.py install is deprecated -W ignore:easy_install command is deprecated setup.py egg_info --egg-base ../../build/visualize_car build --build-base /home/nvidia/KvaserCar_outdoor_test/build/visualize_car/build install --record /home/nvidia/KvaserCar_outdoor_test/build/visualize_car/install.log --single-version-externally-managed install_data
[6.656s] DEBUG:colcon.colcon_core.event_handler.log_command:Invoking command in '/home/nvidia/KvaserCar_outdoor_test/src/aeb_rover': PYTHONPATH=/home/nvidia/KvaserCar_outdoor_test/build/aeb_rover/prefix_override:/usr/lib/python3/dist-packages/colcon_core/task/python/colcon_distutils_commands:/home/nvidia/KvaserCar_outdoor_test/install/aeb_rover/lib/python3.10/site-packages:${PYTHONPATH} /usr/bin/python3 -W ignore:setup.py install is deprecated -W ignore:easy_install command is deprecated setup.py egg_info --egg-base ../../build/aeb_rover build --build-base /home/nvidia/KvaserCar_outdoor_test/build/aeb_rover/build install --record /home/nvidia/KvaserCar_outdoor_test/build/aeb_rover/install.log --single-version-externally-managed install_data
[6.677s] DEBUG:colcon.colcon_core.event_handler.log_command:Invoking command in '/home/nvidia/KvaserCar_outdoor_test/src/tactical_node': PYTHONPATH=/home/nvidia/KvaserCar_outdoor_test/build/tactical_node/prefix_override:/usr/lib/python3/dist-packages/colcon_core/task/python/colcon_distutils_commands:/home/nvidia/KvaserCar_outdoor_test/install/tactical_node/lib/python3.10/site-packages:${PYTHONPATH} /usr/bin/python3 -W ignore:setup.py install is deprecated -W ignore:easy_install command is deprecated setup.py egg_info --egg-base ../../build/tactical_node build --build-base /home/nvidia/KvaserCar_outdoor_test/build/tactical_node/build install --record /home/nvidia/KvaserCar_outdoor_test/build/tactical_node/install.log --single-version-externally-managed install_data
[6.777s] DEBUG:colcon.colcon_core.event_handler.log_command:Invoking command in '/home/nvidia/KvaserCar_outdoor_test/src/control_rover': PYTHONPATH=/home/nvidia/KvaserCar_outdoor_test/build/control_rover/prefix_override:/usr/lib/python3/dist-packages/colcon_core/task/python/colcon_distutils_commands:/home/nvidia/KvaserCar_outdoor_test/install/control_rover/lib/python3.10/site-packages:${PYTHONPATH} /usr/bin/python3 -W ignore:setup.py install is deprecated -W ignore:easy_install command is deprecated setup.py egg_info --egg-base ../../build/control_rover build --build-base /home/nvidia/KvaserCar_outdoor_test/build/control_rover/build install --record /home/nvidia/KvaserCar_outdoor_test/build/control_rover/install.log --single-version-externally-managed install_data
[6.792s] DEBUG:colcon.colcon_core.event_handler.log_command:Invoking command in '/home/nvidia/KvaserCar_outdoor_test/src/norlab_xsens_driver': PYTHONPATH=/home/nvidia/KvaserCar_outdoor_test/build/xsens_driver/prefix_override:/usr/lib/python3/dist-packages/colcon_core/task/python/colcon_distutils_commands:/home/nvidia/KvaserCar_outdoor_test/install/xsens_driver/lib/python3.10/site-packages:${PYTHONPATH} /usr/bin/python3 -W ignore:setup.py install is deprecated -W ignore:easy_install command is deprecated setup.py egg_info --egg-base ../../build/xsens_driver build --build-base /home/nvidia/KvaserCar_outdoor_test/build/xsens_driver/build install --record /home/nvidia/KvaserCar_outdoor_test/build/xsens_driver/install.log --single-version-externally-managed install_data
[7.174s] DEBUG:colcon.colcon_core.event_handler.log_command:Invoked command in '/home/nvidia/KvaserCar_outdoor_test/src/outdoor_test' returned '0': PYTHONPATH=/home/nvidia/KvaserCar_outdoor_test/build/outdoor_test/prefix_override:/usr/lib/python3/dist-packages/colcon_core/task/python/colcon_distutils_commands:/home/nvidia/KvaserCar_outdoor_test/install/outdoor_test/lib/python3.10/site-packages:${PYTHONPATH} /usr/bin/python3 -W ignore:setup.py install is deprecated -W ignore:easy_install command is deprecated setup.py egg_info --egg-base ../../build/outdoor_test build --build-base /home/nvidia/KvaserCar_outdoor_test/build/outdoor_test/build install --record /home/nvidia/KvaserCar_outdoor_test/build/outdoor_test/install.log --single-version-externally-managed install_data
[7.176s] Level 1:colcon.colcon_core.environment:checking '/home/nvidia/KvaserCar_outdoor_test/install/outdoor_test' for CMake module files
[7.177s] Level 1:colcon.colcon_core.environment:checking '/home/nvidia/KvaserCar_outdoor_test/install/outdoor_test' for CMake config files
[7.179s] Level 1:colcon.colcon_core.environment:checking '/home/nvidia/KvaserCar_outdoor_test/install/outdoor_test/lib'
[7.179s] Level 1:colcon.colcon_core.environment:checking '/home/nvidia/KvaserCar_outdoor_test/install/outdoor_test/bin'
[7.180s] Level 1:colcon.colcon_core.environment:checking '/home/nvidia/KvaserCar_outdoor_test/install/outdoor_test/lib/pkgconfig/outdoor_test.pc'
[7.180s] Level 1:colcon.colcon_core.environment:checking '/home/nvidia/KvaserCar_outdoor_test/install/outdoor_test/lib/python3.10/site-packages'
[7.180s] Level 1:colcon.colcon_core.shell:create_environment_hook('outdoor_test', 'pythonpath')
[7.183s] INFO:colcon.colcon_core.shell:Creating environment hook '/home/nvidia/KvaserCar_outdoor_test/install/outdoor_test/share/outdoor_test/hook/pythonpath.ps1'
[7.185s] INFO:colcon.colcon_core.shell:Creating environment descriptor '/home/nvidia/KvaserCar_outdoor_test/install/outdoor_test/share/outdoor_test/hook/pythonpath.dsv'
[7.186s] INFO:colcon.colcon_core.shell:Creating environment hook '/home/nvidia/KvaserCar_outdoor_test/install/outdoor_test/share/outdoor_test/hook/pythonpath.sh'
[7.187s] Level 1:colcon.colcon_core.environment:checking '/home/nvidia/KvaserCar_outdoor_test/install/outdoor_test/bin'
[7.188s] Level 1:colcon.colcon_core.environment:create_environment_scripts_only(outdoor_test)
[7.208s] INFO:colcon.colcon_core.shell:Creating package script '/home/nvidia/KvaserCar_outdoor_test/install/outdoor_test/share/outdoor_test/package.ps1'
[7.212s] INFO:colcon.colcon_core.shell:Creating package descriptor '/home/nvidia/KvaserCar_outdoor_test/install/outdoor_test/share/outdoor_test/package.dsv'
[7.218s] INFO:colcon.colcon_core.shell:Creating package script '/home/nvidia/KvaserCar_outdoor_test/install/outdoor_test/share/outdoor_test/package.sh'
[7.224s] INFO:colcon.colcon_core.shell:Creating package script '/home/nvidia/KvaserCar_outdoor_test/install/outdoor_test/share/outdoor_test/package.bash'
[7.227s] INFO:colcon.colcon_core.shell:Creating package script '/home/nvidia/KvaserCar_outdoor_test/install/outdoor_test/share/outdoor_test/package.zsh'
[7.231s] Level 1:colcon.colcon_core.environment:create_file_with_runtime_dependencies(/home/nvidia/KvaserCar_outdoor_test/install/outdoor_test/share/colcon-core/packages/outdoor_test)
[7.382s] Level 1:colcon.colcon_core.environment:checking '/home/nvidia/KvaserCar_outdoor_test/install/wheel_odometry' for CMake module files
[7.383s] Level 1:colcon.colcon_core.environment:checking '/home/nvidia/KvaserCar_outdoor_test/install/wheel_odometry' for CMake config files
[7.385s] Level 1:colcon.colcon_core.environment:checking '/home/nvidia/KvaserCar_outdoor_test/install/wheel_odometry/lib'
[7.385s] Level 1:colcon.colcon_core.environment:checking '/home/nvidia/KvaserCar_outdoor_test/install/wheel_odometry/bin'
[7.385s] Level 1:colcon.colcon_core.environment:checking '/home/nvidia/KvaserCar_outdoor_test/install/wheel_odometry/lib/pkgconfig/wheel_odometry.pc'
[7.386s] Level 1:colcon.colcon_core.environment:checking '/home/nvidia/KvaserCar_outdoor_test/install/wheel_odometry/lib/python3.10/site-packages'
[7.386s] Level 1:colcon.colcon_core.shell:create_environment_hook('wheel_odometry', 'pythonpath')
[7.386s] INFO:colcon.colcon_core.shell:Creating environment hook '/home/nvidia/KvaserCar_outdoor_test/install/wheel_odometry/share/wheel_odometry/hook/pythonpath.ps1'
[7.383s] DEBUG:colcon.colcon_core.event_handler.log_command:Invoked command in '/home/nvidia/KvaserCar_outdoor_test/src/wheel_odometry' returned '0': PYTHONPATH=/home/nvidia/KvaserCar_outdoor_test/build/wheel_odometry/prefix_override:/usr/lib/python3/dist-packages/colcon_core/task/python/colcon_distutils_commands:/home/nvidia/KvaserCar_outdoor_test/install/wheel_odometry/lib/python3.10/site-packages:${PYTHONPATH} /usr/bin/python3 -W ignore:setup.py install is deprecated -W ignore:easy_install command is deprecated setup.py egg_info --egg-base ../../build/wheel_odometry build --build-base /home/nvidia/KvaserCar_outdoor_test/build/wheel_odometry/build install --record /home/nvidia/KvaserCar_outdoor_test/build/wheel_odometry/install.log --single-version-externally-managed install_data
[7.388s] INFO:colcon.colcon_core.shell:Creating environment descriptor '/home/nvidia/KvaserCar_outdoor_test/install/wheel_odometry/share/wheel_odometry/hook/pythonpath.dsv'
[7.389s] INFO:colcon.colcon_core.shell:Creating environment hook '/home/nvidia/KvaserCar_outdoor_test/install/wheel_odometry/share/wheel_odometry/hook/pythonpath.sh'
[7.390s] Level 1:colcon.colcon_core.environment:checking '/home/nvidia/KvaserCar_outdoor_test/install/wheel_odometry/bin'
[7.390s] Level 1:colcon.colcon_core.environment:create_environment_scripts_only(wheel_odometry)
[7.393s] INFO:colcon.colcon_core.shell:Creating package script '/home/nvidia/KvaserCar_outdoor_test/install/wheel_odometry/share/wheel_odometry/package.ps1'
[7.395s] INFO:colcon.colcon_core.shell:Creating package descriptor '/home/nvidia/KvaserCar_outdoor_test/install/wheel_odometry/share/wheel_odometry/package.dsv'
[7.396s] INFO:colcon.colcon_core.shell:Creating package script '/home/nvidia/KvaserCar_outdoor_test/install/wheel_odometry/share/wheel_odometry/package.sh'
[7.398s] INFO:colcon.colcon_core.shell:Creating package script '/home/nvidia/KvaserCar_outdoor_test/install/wheel_odometry/share/wheel_odometry/package.bash'
[7.399s] INFO:colcon.colcon_core.shell:Creating package script '/home/nvidia/KvaserCar_outdoor_test/install/wheel_odometry/share/wheel_odometry/package.zsh'
[7.400s] Level 1:colcon.colcon_core.environment:create_file_with_runtime_dependencies(/home/nvidia/KvaserCar_outdoor_test/install/wheel_odometry/share/colcon-core/packages/wheel_odometry)
[7.428s] Level 1:colcon.colcon_core.environment:checking '/home/nvidia/KvaserCar_outdoor_test/install/visualize_car' for CMake module files
[7.428s] DEBUG:colcon.colcon_core.event_handler.log_command:Invoked command in '/home/nvidia/KvaserCar_outdoor_test/src/visualize_car' returned '0': PYTHONPATH=/home/nvidia/KvaserCar_outdoor_test/build/visualize_car/prefix_override:/usr/lib/python3/dist-packages/colcon_core/task/python/colcon_distutils_commands:/home/nvidia/KvaserCar_outdoor_test/install/visualize_car/lib/python3.10/site-packages:${PYTHONPATH} /usr/bin/python3 -W ignore:setup.py install is deprecated -W ignore:easy_install command is deprecated setup.py egg_info --egg-base ../../build/visualize_car build --build-base /home/nvidia/KvaserCar_outdoor_test/build/visualize_car/build install --record /home/nvidia/KvaserCar_outdoor_test/build/visualize_car/install.log --single-version-externally-managed install_data
[7.429s] Level 1:colcon.colcon_core.environment:checking '/home/nvidia/KvaserCar_outdoor_test/install/visualize_car' for CMake config files
[7.430s] Level 1:colcon.colcon_core.environment:checking '/home/nvidia/KvaserCar_outdoor_test/install/visualize_car/lib'
[7.430s] Level 1:colcon.colcon_core.environment:checking '/home/nvidia/KvaserCar_outdoor_test/install/visualize_car/bin'
[7.430s] Level 1:colcon.colcon_core.environment:checking '/home/nvidia/KvaserCar_outdoor_test/install/visualize_car/lib/pkgconfig/visualize_car.pc'
[7.431s] Level 1:colcon.colcon_core.environment:checking '/home/nvidia/KvaserCar_outdoor_test/install/visualize_car/lib/python3.10/site-packages'
[7.431s] Level 1:colcon.colcon_core.shell:create_environment_hook('visualize_car', 'pythonpath')
[7.431s] INFO:colcon.colcon_core.shell:Creating environment hook '/home/nvidia/KvaserCar_outdoor_test/install/visualize_car/share/visualize_car/hook/pythonpath.ps1'
[7.433s] INFO:colcon.colcon_core.shell:Creating environment descriptor '/home/nvidia/KvaserCar_outdoor_test/install/visualize_car/share/visualize_car/hook/pythonpath.dsv'
[7.433s] INFO:colcon.colcon_core.shell:Creating environment hook '/home/nvidia/KvaserCar_outdoor_test/install/visualize_car/share/visualize_car/hook/pythonpath.sh'
[7.434s] Level 1:colcon.colcon_core.environment:checking '/home/nvidia/KvaserCar_outdoor_test/install/visualize_car/bin'
[7.435s] Level 1:colcon.colcon_core.environment:create_environment_scripts_only(visualize_car)
[7.435s] INFO:colcon.colcon_core.shell:Creating package script '/home/nvidia/KvaserCar_outdoor_test/install/visualize_car/share/visualize_car/package.ps1'
[7.436s] INFO:colcon.colcon_core.shell:Creating package descriptor '/home/nvidia/KvaserCar_outdoor_test/install/visualize_car/share/visualize_car/package.dsv'
[7.437s] INFO:colcon.colcon_core.shell:Creating package script '/home/nvidia/KvaserCar_outdoor_test/install/visualize_car/share/visualize_car/package.sh'
[7.438s] INFO:colcon.colcon_core.shell:Creating package script '/home/nvidia/KvaserCar_outdoor_test/install/visualize_car/share/visualize_car/package.bash'
[7.439s] INFO:colcon.colcon_core.shell:Creating package script '/home/nvidia/KvaserCar_outdoor_test/install/visualize_car/share/visualize_car/package.zsh'
[7.439s] Level 1:colcon.colcon_core.environment:create_file_with_runtime_dependencies(/home/nvidia/KvaserCar_outdoor_test/install/visualize_car/share/colcon-core/packages/visualize_car)
[7.442s] Level 1:colcon.colcon_core.environment:checking '/home/nvidia/KvaserCar_outdoor_test/install/aeb_rover' for CMake module files
[7.442s] DEBUG:colcon.colcon_core.event_handler.log_command:Invoked command in '/home/nvidia/KvaserCar_outdoor_test/src/aeb_rover' returned '0': PYTHONPATH=/home/nvidia/KvaserCar_outdoor_test/build/aeb_rover/prefix_override:/usr/lib/python3/dist-packages/colcon_core/task/python/colcon_distutils_commands:/home/nvidia/KvaserCar_outdoor_test/install/aeb_rover/lib/python3.10/site-packages:${PYTHONPATH} /usr/bin/python3 -W ignore:setup.py install is deprecated -W ignore:easy_install command is deprecated setup.py egg_info --egg-base ../../build/aeb_rover build --build-base /home/nvidia/KvaserCar_outdoor_test/build/aeb_rover/build install --record /home/nvidia/KvaserCar_outdoor_test/build/aeb_rover/install.log --single-version-externally-managed install_data
[7.443s] Level 1:colcon.colcon_core.environment:checking '/home/nvidia/KvaserCar_outdoor_test/install/aeb_rover' for CMake config files
[7.444s] Level 1:colcon.colcon_core.environment:checking '/home/nvidia/KvaserCar_outdoor_test/install/aeb_rover/lib'
[7.444s] Level 1:colcon.colcon_core.environment:checking '/home/nvidia/KvaserCar_outdoor_test/install/aeb_rover/bin'
[7.445s] Level 1:colcon.colcon_core.environment:checking '/home/nvidia/KvaserCar_outdoor_test/install/aeb_rover/lib/pkgconfig/aeb_rover.pc'
[7.445s] Level 1:colcon.colcon_core.environment:checking '/home/nvidia/KvaserCar_outdoor_test/install/aeb_rover/lib/python3.10/site-packages'
[7.445s] Level 1:colcon.colcon_core.shell:create_environment_hook('aeb_rover', 'pythonpath')
[7.446s] INFO:colcon.colcon_core.shell:Creating environment hook '/home/nvidia/KvaserCar_outdoor_test/install/aeb_rover/share/aeb_rover/hook/pythonpath.ps1'
[7.446s] INFO:colcon.colcon_core.shell:Creating environment descriptor '/home/nvidia/KvaserCar_outdoor_test/install/aeb_rover/share/aeb_rover/hook/pythonpath.dsv'
[7.450s] INFO:colcon.colcon_core.shell:Creating environment hook '/home/nvidia/KvaserCar_outdoor_test/install/aeb_rover/share/aeb_rover/hook/pythonpath.sh'
[7.455s] Level 1:colcon.colcon_core.environment:checking '/home/nvidia/KvaserCar_outdoor_test/install/aeb_rover/bin'
[7.455s] Level 1:colcon.colcon_core.environment:create_environment_scripts_only(aeb_rover)
[7.456s] INFO:colcon.colcon_core.shell:Creating package script '/home/nvidia/KvaserCar_outdoor_test/install/aeb_rover/share/aeb_rover/package.ps1'
[7.458s] INFO:colcon.colcon_core.shell:Creating package descriptor '/home/nvidia/KvaserCar_outdoor_test/install/aeb_rover/share/aeb_rover/package.dsv'
[7.460s] INFO:colcon.colcon_core.shell:Creating package script '/home/nvidia/KvaserCar_outdoor_test/install/aeb_rover/share/aeb_rover/package.sh'
[7.461s] INFO:colcon.colcon_core.shell:Creating package script '/home/nvidia/KvaserCar_outdoor_test/install/aeb_rover/share/aeb_rover/package.bash'
[7.461s] INFO:colcon.colcon_core.shell:Creating package script '/home/nvidia/KvaserCar_outdoor_test/install/aeb_rover/share/aeb_rover/package.zsh'
[7.462s] Level 1:colcon.colcon_core.environment:create_file_with_runtime_dependencies(/home/nvidia/KvaserCar_outdoor_test/install/aeb_rover/share/colcon-core/packages/aeb_rover)
[7.531s] Level 1:colcon.colcon_core.environment:checking '/home/nvidia/KvaserCar_outdoor_test/install/tactical_node' for CMake module files
[7.534s] Level 1:colcon.colcon_core.environment:checking '/home/nvidia/KvaserCar_outdoor_test/install/tactical_node' for CMake config files
[7.535s] Level 1:colcon.colcon_core.environment:checking '/home/nvidia/KvaserCar_outdoor_test/install/tactical_node/lib'
[7.535s] Level 1:colcon.colcon_core.environment:checking '/home/nvidia/KvaserCar_outdoor_test/install/tactical_node/bin'
[7.535s] Level 1:colcon.colcon_core.environment:checking '/home/nvidia/KvaserCar_outdoor_test/install/tactical_node/lib/pkgconfig/tactical_node.pc'
[7.536s] Level 1:colcon.colcon_core.environment:checking '/home/nvidia/KvaserCar_outdoor_test/install/tactical_node/lib/python3.10/site-packages'
[7.536s] DEBUG:colcon.colcon_core.event_handler.log_command:Invoked command in '/home/nvidia/KvaserCar_outdoor_test/src/tactical_node' returned '0': PYTHONPATH=/home/nvidia/KvaserCar_outdoor_test/build/tactical_node/prefix_override:/usr/lib/python3/dist-packages/colcon_core/task/python/colcon_distutils_commands:/home/nvidia/KvaserCar_outdoor_test/install/tactical_node/lib/python3.10/site-packages:${PYTHONPATH} /usr/bin/python3 -W ignore:setup.py install is deprecated -W ignore:easy_install command is deprecated setup.py egg_info --egg-base ../../build/tactical_node build --build-base /home/nvidia/KvaserCar_outdoor_test/build/tactical_node/build install --record /home/nvidia/KvaserCar_outdoor_test/build/tactical_node/install.log --single-version-externally-managed install_data
[7.536s] Level 1:colcon.colcon_core.shell:create_environment_hook('tactical_node', 'pythonpath')
[7.547s] INFO:colcon.colcon_core.shell:Creating environment hook '/home/nvidia/KvaserCar_outdoor_test/install/tactical_node/share/tactical_node/hook/pythonpath.ps1'
[7.548s] INFO:colcon.colcon_core.shell:Creating environment descriptor '/home/nvidia/KvaserCar_outdoor_test/install/tactical_node/share/tactical_node/hook/pythonpath.dsv'
[7.549s] INFO:colcon.colcon_core.shell:Creating environment hook '/home/nvidia/KvaserCar_outdoor_test/install/tactical_node/share/tactical_node/hook/pythonpath.sh'
[7.554s] Level 1:colcon.colcon_core.environment:checking '/home/nvidia/KvaserCar_outdoor_test/install/tactical_node/bin'
[7.555s] Level 1:colcon.colcon_core.environment:create_environment_scripts_only(tactical_node)
[7.555s] INFO:colcon.colcon_core.shell:Creating package script '/home/nvidia/KvaserCar_outdoor_test/install/tactical_node/share/tactical_node/package.ps1'
[7.556s] INFO:colcon.colcon_core.shell:Creating package descriptor '/home/nvidia/KvaserCar_outdoor_test/install/tactical_node/share/tactical_node/package.dsv'
[7.557s] INFO:colcon.colcon_core.shell:Creating package script '/home/nvidia/KvaserCar_outdoor_test/install/tactical_node/share/tactical_node/package.sh'
[7.558s] INFO:colcon.colcon_core.shell:Creating package script '/home/nvidia/KvaserCar_outdoor_test/install/tactical_node/share/tactical_node/package.bash'
[7.559s] INFO:colcon.colcon_core.shell:Creating package script '/home/nvidia/KvaserCar_outdoor_test/install/tactical_node/share/tactical_node/package.zsh'
[7.559s] Level 1:colcon.colcon_core.environment:create_file_with_runtime_dependencies(/home/nvidia/KvaserCar_outdoor_test/install/tactical_node/share/colcon-core/packages/tactical_node)
[7.637s] Level 1:colcon.colcon_core.environment:checking '/home/nvidia/KvaserCar_outdoor_test/install/xsens_driver' for CMake module files
[7.638s] DEBUG:colcon.colcon_core.event_handler.log_command:Invoked command in '/home/nvidia/KvaserCar_outdoor_test/src/norlab_xsens_driver' returned '0': PYTHONPATH=/home/nvidia/KvaserCar_outdoor_test/build/xsens_driver/prefix_override:/usr/lib/python3/dist-packages/colcon_core/task/python/colcon_distutils_commands:/home/nvidia/KvaserCar_outdoor_test/install/xsens_driver/lib/python3.10/site-packages:${PYTHONPATH} /usr/bin/python3 -W ignore:setup.py install is deprecated -W ignore:easy_install command is deprecated setup.py egg_info --egg-base ../../build/xsens_driver build --build-base /home/nvidia/KvaserCar_outdoor_test/build/xsens_driver/build install --record /home/nvidia/KvaserCar_outdoor_test/build/xsens_driver/install.log --single-version-externally-managed install_data
[7.639s] Level 1:colcon.colcon_core.environment:checking '/home/nvidia/KvaserCar_outdoor_test/install/xsens_driver' for CMake config files
[7.640s] Level 1:colcon.colcon_core.environment:checking '/home/nvidia/KvaserCar_outdoor_test/install/xsens_driver/lib'
[7.640s] Level 1:colcon.colcon_core.environment:checking '/home/nvidia/KvaserCar_outdoor_test/install/xsens_driver/bin'
[7.640s] Level 1:colcon.colcon_core.environment:checking '/home/nvidia/KvaserCar_outdoor_test/install/xsens_driver/lib/pkgconfig/xsens_driver.pc'
[7.640s] Level 1:colcon.colcon_core.environment:checking '/home/nvidia/KvaserCar_outdoor_test/install/xsens_driver/lib/python3.10/site-packages'
[7.640s] Level 1:colcon.colcon_core.shell:create_environment_hook('xsens_driver', 'pythonpath')
[7.641s] INFO:colcon.colcon_core.shell:Creating environment hook '/home/nvidia/KvaserCar_outdoor_test/install/xsens_driver/share/xsens_driver/hook/pythonpath.ps1'
[7.642s] INFO:colcon.colcon_core.shell:Creating environment descriptor '/home/nvidia/KvaserCar_outdoor_test/install/xsens_driver/share/xsens_driver/hook/pythonpath.dsv'
[7.642s] INFO:colcon.colcon_core.shell:Creating environment hook '/home/nvidia/KvaserCar_outdoor_test/install/xsens_driver/share/xsens_driver/hook/pythonpath.sh'
[7.643s] Level 1:colcon.colcon_core.environment:checking '/home/nvidia/KvaserCar_outdoor_test/install/xsens_driver/bin'
[7.644s] Level 1:colcon.colcon_core.environment:create_environment_scripts_only(xsens_driver)
[7.644s] INFO:colcon.colcon_core.shell:Creating package script '/home/nvidia/KvaserCar_outdoor_test/install/xsens_driver/share/xsens_driver/package.ps1'
[7.645s] INFO:colcon.colcon_core.shell:Creating package descriptor '/home/nvidia/KvaserCar_outdoor_test/install/xsens_driver/share/xsens_driver/package.dsv'
[7.646s] INFO:colcon.colcon_core.shell:Creating package script '/home/nvidia/KvaserCar_outdoor_test/install/xsens_driver/share/xsens_driver/package.sh'
[7.647s] INFO:colcon.colcon_core.shell:Creating package script '/home/nvidia/KvaserCar_outdoor_test/install/xsens_driver/share/xsens_driver/package.bash'
[7.647s] INFO:colcon.colcon_core.shell:Creating package script '/home/nvidia/KvaserCar_outdoor_test/install/xsens_driver/share/xsens_driver/package.zsh'
[7.648s] Level 1:colcon.colcon_core.environment:create_file_with_runtime_dependencies(/home/nvidia/KvaserCar_outdoor_test/install/xsens_driver/share/colcon-core/packages/xsens_driver)
[7.660s] Level 1:colcon.colcon_core.environment:checking '/home/nvidia/KvaserCar_outdoor_test/install/control_rover' for CMake module files
[7.662s] DEBUG:colcon.colcon_core.event_handler.log_command:Invoked command in '/home/nvidia/KvaserCar_outdoor_test/src/control_rover' returned '0': PYTHONPATH=/home/nvidia/KvaserCar_outdoor_test/build/control_rover/prefix_override:/usr/lib/python3/dist-packages/colcon_core/task/python/colcon_distutils_commands:/home/nvidia/KvaserCar_outdoor_test/install/control_rover/lib/python3.10/site-packages:${PYTHONPATH} /usr/bin/python3 -W ignore:setup.py install is deprecated -W ignore:easy_install command is deprecated setup.py egg_info --egg-base ../../build/control_rover build --build-base /home/nvidia/KvaserCar_outdoor_test/build/control_rover/build install --record /home/nvidia/KvaserCar_outdoor_test/build/control_rover/install.log --single-version-externally-managed install_data
[7.662s] Level 1:colcon.colcon_core.environment:checking '/home/nvidia/KvaserCar_outdoor_test/install/control_rover' for CMake config files
[7.664s] Level 1:colcon.colcon_core.environment:checking '/home/nvidia/KvaserCar_outdoor_test/install/control_rover/lib'
[7.664s] Level 1:colcon.colcon_core.environment:checking '/home/nvidia/KvaserCar_outdoor_test/install/control_rover/bin'
[7.665s] Level 1:colcon.colcon_core.environment:checking '/home/nvidia/KvaserCar_outdoor_test/install/control_rover/lib/pkgconfig/control_rover.pc'
[7.665s] Level 1:colcon.colcon_core.environment:checking '/home/nvidia/KvaserCar_outdoor_test/install/control_rover/lib/python3.10/site-packages'
[7.666s] Level 1:colcon.colcon_core.shell:create_environment_hook('control_rover', 'pythonpath')
[7.666s] INFO:colcon.colcon_core.shell:Creating environment hook '/home/nvidia/KvaserCar_outdoor_test/install/control_rover/share/control_rover/hook/pythonpath.ps1'
[7.668s] INFO:colcon.colcon_core.shell:Creating environment descriptor '/home/nvidia/KvaserCar_outdoor_test/install/control_rover/share/control_rover/hook/pythonpath.dsv'
[7.669s] INFO:colcon.colcon_core.shell:Creating environment hook '/home/nvidia/KvaserCar_outdoor_test/install/control_rover/share/control_rover/hook/pythonpath.sh'
[7.670s] Level 1:colcon.colcon_core.environment:checking '/home/nvidia/KvaserCar_outdoor_test/install/control_rover/bin'
[7.670s] Level 1:colcon.colcon_core.environment:create_environment_scripts_only(control_rover)
[7.671s] INFO:colcon.colcon_core.shell:Creating package script '/home/nvidia/KvaserCar_outdoor_test/install/control_rover/share/control_rover/package.ps1'
[7.672s] INFO:colcon.colcon_core.shell:Creating package descriptor '/home/nvidia/KvaserCar_outdoor_test/install/control_rover/share/control_rover/package.dsv'
[7.674s] INFO:colcon.colcon_core.shell:Creating package script '/home/nvidia/KvaserCar_outdoor_test/install/control_rover/share/control_rover/package.sh'
[7.675s] INFO:colcon.colcon_core.shell:Creating package script '/home/nvidia/KvaserCar_outdoor_test/install/control_rover/share/control_rover/package.bash'
[7.675s] INFO:colcon.colcon_core.shell:Creating package script '/home/nvidia/KvaserCar_outdoor_test/install/control_rover/share/control_rover/package.zsh'
[7.676s] Level 1:colcon.colcon_core.environment:create_file_with_runtime_dependencies(/home/nvidia/KvaserCar_outdoor_test/install/control_rover/share/colcon-core/packages/control_rover)
[7.677s] DEBUG:colcon.colcon_parallel_executor.executor.parallel:closing loop
[7.678s] DEBUG:colcon.colcon_parallel_executor.executor.parallel:loop closed
[7.678s] DEBUG:colcon.colcon_parallel_executor.executor.parallel:run_until_complete finished with '0'
[7.678s] DEBUG:colcon.colcon_core.event_reactor:joining thread
[7.689s] INFO:colcon.colcon_core.plugin_system:Skipping extension 'colcon_notification.desktop_notification.terminal_notifier': Not used on non-Darwin systems
[7.690s] INFO:colcon.colcon_core.plugin_system:Skipping extension 'colcon_notification.desktop_notification.win32': Not used on non-Windows systems
[7.690s] INFO:colcon.colcon_notification.desktop_notification:Sending desktop notification using 'notify2'
[7.712s] DEBUG:colcon.colcon_notification.desktop_notification.notify2:Failed to initialize notify2: org.freedesktop.DBus.Error.Spawn.ChildExited: Process org.freedesktop.Notifications exited with status 1
[7.713s] DEBUG:colcon.colcon_core.event_reactor:joined thread
[7.714s] INFO:colcon.colcon_core.shell:Creating prefix script '/home/nvidia/KvaserCar_outdoor_test/install/local_setup.ps1'
[7.717s] INFO:colcon.colcon_core.shell:Creating prefix util module '/home/nvidia/KvaserCar_outdoor_test/install/_local_setup_util_ps1.py'
[7.719s] INFO:colcon.colcon_core.shell:Creating prefix chain script '/home/nvidia/KvaserCar_outdoor_test/install/setup.ps1'
[7.723s] INFO:colcon.colcon_core.shell:Creating prefix script '/home/nvidia/KvaserCar_outdoor_test/install/local_setup.sh'
[7.724s] INFO:colcon.colcon_core.shell:Creating prefix util module '/home/nvidia/KvaserCar_outdoor_test/install/_local_setup_util_sh.py'
[7.725s] INFO:colcon.colcon_core.shell:Creating prefix chain script '/home/nvidia/KvaserCar_outdoor_test/install/setup.sh'
[7.728s] INFO:colcon.colcon_core.shell:Creating prefix script '/home/nvidia/KvaserCar_outdoor_test/install/local_setup.bash'
[7.729s] INFO:colcon.colcon_core.shell:Creating prefix chain script '/home/nvidia/KvaserCar_outdoor_test/install/setup.bash'
[7.732s] INFO:colcon.colcon_core.shell:Creating prefix script '/home/nvidia/KvaserCar_outdoor_test/install/local_setup.zsh'
[7.733s] INFO:colcon.colcon_core.shell:Creating prefix chain script '/home/nvidia/KvaserCar_outdoor_test/install/setup.zsh'
