[5.062s] Invoking command in '/home/nvidia/KvaserCar_outdoor_test/src/tactical_node': PYTHONPATH=/home/nvidia/KvaserCar_outdoor_test/build/tactical_node/prefix_override:/usr/lib/python3/dist-packages/colcon_core/task/python/colcon_distutils_commands:/home/nvidia/KvaserCar_outdoor_test/install/tactical_node/lib/python3.10/site-packages:${PYTHONPATH} /usr/bin/python3 -W ignore:setup.py install is deprecated -W ignore:easy_install command is deprecated setup.py egg_info --egg-base ../../build/tactical_node build --build-base /home/nvidia/KvaserCar_outdoor_test/build/tactical_node/build install --record /home/nvidia/KvaserCar_outdoor_test/build/tactical_node/install.log --single-version-externally-managed install_data
[5.609s] running egg_info
[5.612s] writing ../../build/tactical_node/tactical_node.egg-info/PKG-INFO
[5.617s] writing dependency_links to ../../build/tactical_node/tactical_node.egg-info/dependency_links.txt
[5.617s] writing entry points to ../../build/tactical_node/tactical_node.egg-info/entry_points.txt
[5.618s] writing requirements to ../../build/tactical_node/tactical_node.egg-info/requires.txt
[5.618s] writing top-level names to ../../build/tactical_node/tactical_node.egg-info/top_level.txt
[5.619s] reading manifest file '../../build/tactical_node/tactical_node.egg-info/SOURCES.txt'
[5.624s] adding license file 'LICENSE'
[5.625s] writing manifest file '../../build/tactical_node/tactical_node.egg-info/SOURCES.txt'
[5.625s] running build
[5.625s] running build_py
[5.625s] running install
[5.626s] running install_lib
[5.628s] running install_data
[5.628s] running install_egg_info
[5.630s] removing '/home/nvidia/KvaserCar_outdoor_test/install/tactical_node/lib/python3.10/site-packages/tactical_node-0.0.0-py3.10.egg-info' (and everything under it)
[5.630s] Copying ../../build/tactical_node/tactical_node.egg-info to /home/nvidia/KvaserCar_outdoor_test/install/tactical_node/lib/python3.10/site-packages/tactical_node-0.0.0-py3.10.egg-info
[5.630s] running install_scripts
[5.670s] Installing tactical_node script to /home/nvidia/KvaserCar_outdoor_test/install/tactical_node/lib/tactical_node
[5.671s] writing list of installed files to '/home/nvidia/KvaserCar_outdoor_test/build/tactical_node/install.log'
[5.799s] Invoked command in '/home/nvidia/KvaserCar_outdoor_test/src/tactical_node' returned '0': PYTHONPATH=/home/nvidia/KvaserCar_outdoor_test/build/tactical_node/prefix_override:/usr/lib/python3/dist-packages/colcon_core/task/python/colcon_distutils_commands:/home/nvidia/KvaserCar_outdoor_test/install/tactical_node/lib/python3.10/site-packages:${PYTHONPATH} /usr/bin/python3 -W ignore:setup.py install is deprecated -W ignore:easy_install command is deprecated setup.py egg_info --egg-base ../../build/tactical_node build --build-base /home/nvidia/KvaserCar_outdoor_test/build/tactical_node/build install --record /home/nvidia/KvaserCar_outdoor_test/build/tactical_node/install.log --single-version-externally-managed install_data
