running egg_info
writing ../../build/xsens_driver/xsens_driver.egg-info/PKG-INFO
writing dependency_links to ../../build/xsens_driver/xsens_driver.egg-info/dependency_links.txt
writing entry points to ../../build/xsens_driver/xsens_driver.egg-info/entry_points.txt
writing requirements to ../../build/xsens_driver/xsens_driver.egg-info/requires.txt
writing top-level names to ../../build/xsens_driver/xsens_driver.egg-info/top_level.txt
reading manifest file '../../build/xsens_driver/xsens_driver.egg-info/SOURCES.txt'
adding license file 'LICENCE'
adding license file 'AUTHORS'
writing manifest file '../../build/xsens_driver/xsens_driver.egg-info/SOURCES.txt'
running build
running build_py
running install
running install_lib
running install_data
running install_egg_info
removing '/home/nvidia/KvaserCar_outdoor_test/install/xsens_driver/lib/python3.10/site-packages/xsens_driver-3.0.0-py3.10.egg-info' (and everything under it)
Copying ../../build/xsens_driver/xsens_driver.egg-info to /home/nvidia/KvaserCar_outdoor_test/install/xsens_driver/lib/python3.10/site-packages/xsens_driver-3.0.0-py3.10.egg-info
running install_scripts
Installing mtnode.py script to /home/nvidia/KvaserCar_outdoor_test/install/xsens_driver/lib/xsens_driver
writing list of installed files to '/home/nvidia/KvaserCar_outdoor_test/build/xsens_driver/install.log'
