[5.712s] Invoking command in '/home/nvidia/KvaserCar_outdoor_test/src/norlab_xsens_driver': PYTHONPATH=/home/nvidia/KvaserCar_outdoor_test/build/xsens_driver/prefix_override:/usr/lib/python3/dist-packages/colcon_core/task/python/colcon_distutils_commands:/home/nvidia/KvaserCar_outdoor_test/install/xsens_driver/lib/python3.10/site-packages:${PYTHONPATH} /usr/bin/python3 -W ignore:setup.py install is deprecated -W ignore:easy_install command is deprecated setup.py egg_info --egg-base ../../build/xsens_driver build --build-base /home/nvidia/KvaserCar_outdoor_test/build/xsens_driver/build install --record /home/nvidia/KvaserCar_outdoor_test/build/xsens_driver/install.log --single-version-externally-managed install_data
[6.561s] running egg_info
[6.563s] creating ../../build/xsens_driver/xsens_driver.egg-info
[6.563s] writing ../../build/xsens_driver/xsens_driver.egg-info/PKG-INFO
[6.564s] writing dependency_links to ../../build/xsens_driver/xsens_driver.egg-info/dependency_links.txt
[6.565s] writing entry points to ../../build/xsens_driver/xsens_driver.egg-info/entry_points.txt
[6.565s] writing requirements to ../../build/xsens_driver/xsens_driver.egg-info/requires.txt
[6.566s] writing top-level names to ../../build/xsens_driver/xsens_driver.egg-info/top_level.txt
[6.566s] writing manifest file '../../build/xsens_driver/xsens_driver.egg-info/SOURCES.txt'
[6.571s] reading manifest file '../../build/xsens_driver/xsens_driver.egg-info/SOURCES.txt'
[6.571s] adding license file 'LICENCE'
[6.572s] adding license file 'AUTHORS'
[6.573s] writing manifest file '../../build/xsens_driver/xsens_driver.egg-info/SOURCES.txt'
[6.573s] running build
[6.574s] running build_py
[6.574s] creating /home/nvidia/KvaserCar_outdoor_test/build/xsens_driver/build
[6.575s] creating /home/nvidia/KvaserCar_outdoor_test/build/xsens_driver/build/lib
[6.575s] creating /home/nvidia/KvaserCar_outdoor_test/build/xsens_driver/build/lib/xsens_driver
[6.575s] copying xsens_driver/mtnode.py -> /home/nvidia/KvaserCar_outdoor_test/build/xsens_driver/build/lib/xsens_driver
[6.576s] copying xsens_driver/mtdef.py -> /home/nvidia/KvaserCar_outdoor_test/build/xsens_driver/build/lib/xsens_driver
[6.576s] copying xsens_driver/mtdevice.py -> /home/nvidia/KvaserCar_outdoor_test/build/xsens_driver/build/lib/xsens_driver
[6.577s] copying xsens_driver/__init__.py -> /home/nvidia/KvaserCar_outdoor_test/build/xsens_driver/build/lib/xsens_driver
[6.577s] running install
[6.578s] running install_lib
[6.581s] creating /home/nvidia/KvaserCar_outdoor_test/install/xsens_driver/lib/python3.10/site-packages/xsens_driver
[6.581s] copying /home/nvidia/KvaserCar_outdoor_test/build/xsens_driver/build/lib/xsens_driver/mtnode.py -> /home/nvidia/KvaserCar_outdoor_test/install/xsens_driver/lib/python3.10/site-packages/xsens_driver
[6.581s] copying /home/nvidia/KvaserCar_outdoor_test/build/xsens_driver/build/lib/xsens_driver/mtdef.py -> /home/nvidia/KvaserCar_outdoor_test/install/xsens_driver/lib/python3.10/site-packages/xsens_driver
[6.582s] copying /home/nvidia/KvaserCar_outdoor_test/build/xsens_driver/build/lib/xsens_driver/mtdevice.py -> /home/nvidia/KvaserCar_outdoor_test/install/xsens_driver/lib/python3.10/site-packages/xsens_driver
[6.582s] copying /home/nvidia/KvaserCar_outdoor_test/build/xsens_driver/build/lib/xsens_driver/__init__.py -> /home/nvidia/KvaserCar_outdoor_test/install/xsens_driver/lib/python3.10/site-packages/xsens_driver
[6.584s] byte-compiling /home/nvidia/KvaserCar_outdoor_test/install/xsens_driver/lib/python3.10/site-packages/xsens_driver/mtnode.py to mtnode.cpython-310.pyc
[6.594s] byte-compiling /home/nvidia/KvaserCar_outdoor_test/install/xsens_driver/lib/python3.10/site-packages/xsens_driver/mtdef.py to mtdef.cpython-310.pyc
[6.596s] byte-compiling /home/nvidia/KvaserCar_outdoor_test/install/xsens_driver/lib/python3.10/site-packages/xsens_driver/mtdevice.py to mtdevice.cpython-310.pyc
[6.618s] byte-compiling /home/nvidia/KvaserCar_outdoor_test/install/xsens_driver/lib/python3.10/site-packages/xsens_driver/__init__.py to __init__.cpython-310.pyc
[6.619s] running install_data
[6.620s] copying package.xml -> /home/nvidia/KvaserCar_outdoor_test/install/xsens_driver/share/xsens_driver
[6.620s] creating /home/nvidia/KvaserCar_outdoor_test/install/xsens_driver/share/ament_index
[6.620s] creating /home/nvidia/KvaserCar_outdoor_test/install/xsens_driver/share/ament_index/resource_index
[6.621s] creating /home/nvidia/KvaserCar_outdoor_test/install/xsens_driver/share/ament_index/resource_index/packages
[6.621s] copying resource/xsens_driver -> /home/nvidia/KvaserCar_outdoor_test/install/xsens_driver/share/ament_index/resource_index/packages
[6.622s] copying launch/xsens_driver.launch.xml -> /home/nvidia/KvaserCar_outdoor_test/install/xsens_driver/share/xsens_driver
[6.622s] running install_egg_info
[6.622s] Copying ../../build/xsens_driver/xsens_driver.egg-info to /home/nvidia/KvaserCar_outdoor_test/install/xsens_driver/lib/python3.10/site-packages/xsens_driver-3.0.0-py3.10.egg-info
[6.624s] running install_scripts
[6.662s] Installing mtnode.py script to /home/nvidia/KvaserCar_outdoor_test/install/xsens_driver/lib/xsens_driver
[6.663s] writing list of installed files to '/home/nvidia/KvaserCar_outdoor_test/build/xsens_driver/install.log'
[6.722s] Invoked command in '/home/nvidia/KvaserCar_outdoor_test/src/norlab_xsens_driver' returned '0': PYTHONPATH=/home/nvidia/KvaserCar_outdoor_test/build/xsens_driver/prefix_override:/usr/lib/python3/dist-packages/colcon_core/task/python/colcon_distutils_commands:/home/nvidia/KvaserCar_outdoor_test/install/xsens_driver/lib/python3.10/site-packages:${PYTHONPATH} /usr/bin/python3 -W ignore:setup.py install is deprecated -W ignore:easy_install command is deprecated setup.py egg_info --egg-base ../../build/xsens_driver build --build-base /home/nvidia/KvaserCar_outdoor_test/build/xsens_driver/build install --record /home/nvidia/KvaserCar_outdoor_test/build/xsens_driver/install.log --single-version-externally-managed install_data
