running egg_info
creating ../../build/tactical_node/tactical_node.egg-info
writing ../../build/tactical_node/tactical_node.egg-info/PKG-INFO
writing dependency_links to ../../build/tactical_node/tactical_node.egg-info/dependency_links.txt
writing entry points to ../../build/tactical_node/tactical_node.egg-info/entry_points.txt
writing requirements to ../../build/tactical_node/tactical_node.egg-info/requires.txt
writing top-level names to ../../build/tactical_node/tactical_node.egg-info/top_level.txt
writing manifest file '../../build/tactical_node/tactical_node.egg-info/SOURCES.txt'
reading manifest file '../../build/tactical_node/tactical_node.egg-info/SOURCES.txt'
adding license file 'LICENSE'
writing manifest file '../../build/tactical_node/tactical_node.egg-info/SOURCES.txt'
running build
running build_py
creating /home/nvidia/KvaserCar_outdoor_test/build/tactical_node/build
creating /home/nvidia/KvaserCar_outdoor_test/build/tactical_node/build/lib
creating /home/nvidia/KvaserCar_outdoor_test/build/tactical_node/build/lib/tactical_node
copying tactical_node/comm_base.py -> /home/nvidia/KvaserCar_outdoor_test/build/tactical_node/build/lib/tactical_node
copying tactical_node/parameters.py -> /home/nvidia/KvaserCar_outdoor_test/build/tactical_node/build/lib/tactical_node
copying tactical_node/critical_region.py -> /home/nvidia/KvaserCar_outdoor_test/build/tactical_node/build/lib/tactical_node
copying tactical_node/target_prediction.py -> /home/nvidia/KvaserCar_outdoor_test/build/tactical_node/build/lib/tactical_node
copying tactical_node/ego_prediction.py -> /home/nvidia/KvaserCar_outdoor_test/build/tactical_node/build/lib/tactical_node
copying tactical_node/tactical_behaviour.py -> /home/nvidia/KvaserCar_outdoor_test/build/tactical_node/build/lib/tactical_node
copying tactical_node/comm_test.py -> /home/nvidia/KvaserCar_outdoor_test/build/tactical_node/build/lib/tactical_node
copying tactical_node/tactical_action.py -> /home/nvidia/KvaserCar_outdoor_test/build/tactical_node/build/lib/tactical_node
copying tactical_node/ego_pose.py -> /home/nvidia/KvaserCar_outdoor_test/build/tactical_node/build/lib/tactical_node
copying tactical_node/tactical_node.py -> /home/nvidia/KvaserCar_outdoor_test/build/tactical_node/build/lib/tactical_node
copying tactical_node/logs.py -> /home/nvidia/KvaserCar_outdoor_test/build/tactical_node/build/lib/tactical_node
copying tactical_node/kalman_filter.py -> /home/nvidia/KvaserCar_outdoor_test/build/tactical_node/build/lib/tactical_node
copying tactical_node/__init__.py -> /home/nvidia/KvaserCar_outdoor_test/build/tactical_node/build/lib/tactical_node
running install
running install_lib
creating /home/nvidia/KvaserCar_outdoor_test/install/tactical_node/lib/python3.10/site-packages/tactical_node
copying /home/nvidia/KvaserCar_outdoor_test/build/tactical_node/build/lib/tactical_node/comm_base.py -> /home/nvidia/KvaserCar_outdoor_test/install/tactical_node/lib/python3.10/site-packages/tactical_node
copying /home/nvidia/KvaserCar_outdoor_test/build/tactical_node/build/lib/tactical_node/parameters.py -> /home/nvidia/KvaserCar_outdoor_test/install/tactical_node/lib/python3.10/site-packages/tactical_node
copying /home/nvidia/KvaserCar_outdoor_test/build/tactical_node/build/lib/tactical_node/critical_region.py -> /home/nvidia/KvaserCar_outdoor_test/install/tactical_node/lib/python3.10/site-packages/tactical_node
copying /home/nvidia/KvaserCar_outdoor_test/build/tactical_node/build/lib/tactical_node/target_prediction.py -> /home/nvidia/KvaserCar_outdoor_test/install/tactical_node/lib/python3.10/site-packages/tactical_node
copying /home/nvidia/KvaserCar_outdoor_test/build/tactical_node/build/lib/tactical_node/ego_prediction.py -> /home/nvidia/KvaserCar_outdoor_test/install/tactical_node/lib/python3.10/site-packages/tactical_node
copying /home/nvidia/KvaserCar_outdoor_test/build/tactical_node/build/lib/tactical_node/tactical_behaviour.py -> /home/nvidia/KvaserCar_outdoor_test/install/tactical_node/lib/python3.10/site-packages/tactical_node
copying /home/nvidia/KvaserCar_outdoor_test/build/tactical_node/build/lib/tactical_node/comm_test.py -> /home/nvidia/KvaserCar_outdoor_test/install/tactical_node/lib/python3.10/site-packages/tactical_node
copying /home/nvidia/KvaserCar_outdoor_test/build/tactical_node/build/lib/tactical_node/tactical_action.py -> /home/nvidia/KvaserCar_outdoor_test/install/tactical_node/lib/python3.10/site-packages/tactical_node
copying /home/nvidia/KvaserCar_outdoor_test/build/tactical_node/build/lib/tactical_node/ego_pose.py -> /home/nvidia/KvaserCar_outdoor_test/install/tactical_node/lib/python3.10/site-packages/tactical_node
copying /home/nvidia/KvaserCar_outdoor_test/build/tactical_node/build/lib/tactical_node/tactical_node.py -> /home/nvidia/KvaserCar_outdoor_test/install/tactical_node/lib/python3.10/site-packages/tactical_node
copying /home/nvidia/KvaserCar_outdoor_test/build/tactical_node/build/lib/tactical_node/logs.py -> /home/nvidia/KvaserCar_outdoor_test/install/tactical_node/lib/python3.10/site-packages/tactical_node
copying /home/nvidia/KvaserCar_outdoor_test/build/tactical_node/build/lib/tactical_node/kalman_filter.py -> /home/nvidia/KvaserCar_outdoor_test/install/tactical_node/lib/python3.10/site-packages/tactical_node
copying /home/nvidia/KvaserCar_outdoor_test/build/tactical_node/build/lib/tactical_node/__init__.py -> /home/nvidia/KvaserCar_outdoor_test/install/tactical_node/lib/python3.10/site-packages/tactical_node
byte-compiling /home/nvidia/KvaserCar_outdoor_test/install/tactical_node/lib/python3.10/site-packages/tactical_node/comm_base.py to comm_base.cpython-310.pyc
byte-compiling /home/nvidia/KvaserCar_outdoor_test/install/tactical_node/lib/python3.10/site-packages/tactical_node/parameters.py to parameters.cpython-310.pyc
byte-compiling /home/nvidia/KvaserCar_outdoor_test/install/tactical_node/lib/python3.10/site-packages/tactical_node/critical_region.py to critical_region.cpython-310.pyc
byte-compiling /home/nvidia/KvaserCar_outdoor_test/install/tactical_node/lib/python3.10/site-packages/tactical_node/target_prediction.py to target_prediction.cpython-310.pyc
byte-compiling /home/nvidia/KvaserCar_outdoor_test/install/tactical_node/lib/python3.10/site-packages/tactical_node/ego_prediction.py to ego_prediction.cpython-310.pyc
byte-compiling /home/nvidia/KvaserCar_outdoor_test/install/tactical_node/lib/python3.10/site-packages/tactical_node/tactical_behaviour.py to tactical_behaviour.cpython-310.pyc
byte-compiling /home/nvidia/KvaserCar_outdoor_test/install/tactical_node/lib/python3.10/site-packages/tactical_node/comm_test.py to comm_test.cpython-310.pyc
byte-compiling /home/nvidia/KvaserCar_outdoor_test/install/tactical_node/lib/python3.10/site-packages/tactical_node/tactical_action.py to tactical_action.cpython-310.pyc
byte-compiling /home/nvidia/KvaserCar_outdoor_test/install/tactical_node/lib/python3.10/site-packages/tactical_node/ego_pose.py to ego_pose.cpython-310.pyc
byte-compiling /home/nvidia/KvaserCar_outdoor_test/install/tactical_node/lib/python3.10/site-packages/tactical_node/tactical_node.py to tactical_node.cpython-310.pyc
byte-compiling /home/nvidia/KvaserCar_outdoor_test/install/tactical_node/lib/python3.10/site-packages/tactical_node/logs.py to logs.cpython-310.pyc
byte-compiling /home/nvidia/KvaserCar_outdoor_test/install/tactical_node/lib/python3.10/site-packages/tactical_node/kalman_filter.py to kalman_filter.cpython-310.pyc
byte-compiling /home/nvidia/KvaserCar_outdoor_test/install/tactical_node/lib/python3.10/site-packages/tactical_node/__init__.py to __init__.cpython-310.pyc
running install_data
creating /home/nvidia/KvaserCar_outdoor_test/install/tactical_node/share/ament_index
creating /home/nvidia/KvaserCar_outdoor_test/install/tactical_node/share/ament_index/resource_index
creating /home/nvidia/KvaserCar_outdoor_test/install/tactical_node/share/ament_index/resource_index/packages
copying resource/tactical_node -> /home/nvidia/KvaserCar_outdoor_test/install/tactical_node/share/ament_index/resource_index/packages
copying package.xml -> /home/nvidia/KvaserCar_outdoor_test/install/tactical_node/share/tactical_node
running install_egg_info
Copying ../../build/tactical_node/tactical_node.egg-info to /home/nvidia/KvaserCar_outdoor_test/install/tactical_node/lib/python3.10/site-packages/tactical_node-0.0.0-py3.10.egg-info
running install_scripts
Installing tactical_node script to /home/nvidia/KvaserCar_outdoor_test/install/tactical_node/lib/tactical_node
writing list of installed files to '/home/nvidia/KvaserCar_outdoor_test/build/tactical_node/install.log'
