[5.556s] Invoking command in '/home/nvidia/KvaserCar_outdoor_test/src/tactical_node': PYTHONPATH=/home/nvidia/KvaserCar_outdoor_test/build/tactical_node/prefix_override:/usr/lib/python3/dist-packages/colcon_core/task/python/colcon_distutils_commands:/home/nvidia/KvaserCar_outdoor_test/install/tactical_node/lib/python3.10/site-packages:${PYTHONPATH} /usr/bin/python3 -W ignore:setup.py install is deprecated -W ignore:easy_install command is deprecated setup.py egg_info --egg-base ../../build/tactical_node build --build-base /home/nvidia/KvaserCar_outdoor_test/build/tactical_node/build install --record /home/nvidia/KvaserCar_outdoor_test/build/tactical_node/install.log --single-version-externally-managed install_data
[6.418s] running egg_info
[6.420s] creating ../../build/tactical_node/tactical_node.egg-info
[6.420s] writing ../../build/tactical_node/tactical_node.egg-info/PKG-INFO
[6.422s] writing dependency_links to ../../build/tactical_node/tactical_node.egg-info/dependency_links.txt
[6.422s] writing entry points to ../../build/tactical_node/tactical_node.egg-info/entry_points.txt
[6.422s] writing requirements to ../../build/tactical_node/tactical_node.egg-info/requires.txt
[6.423s] writing top-level names to ../../build/tactical_node/tactical_node.egg-info/top_level.txt
[6.424s] writing manifest file '../../build/tactical_node/tactical_node.egg-info/SOURCES.txt'
[6.428s] reading manifest file '../../build/tactical_node/tactical_node.egg-info/SOURCES.txt'
[6.428s] adding license file 'LICENSE'
[6.429s] writing manifest file '../../build/tactical_node/tactical_node.egg-info/SOURCES.txt'
[6.444s] running build
[6.444s] running build_py
[6.444s] creating /home/nvidia/KvaserCar_outdoor_test/build/tactical_node/build
[6.445s] creating /home/nvidia/KvaserCar_outdoor_test/build/tactical_node/build/lib
[6.445s] creating /home/nvidia/KvaserCar_outdoor_test/build/tactical_node/build/lib/tactical_node
[6.445s] copying tactical_node/comm_base.py -> /home/nvidia/KvaserCar_outdoor_test/build/tactical_node/build/lib/tactical_node
[6.446s] copying tactical_node/parameters.py -> /home/nvidia/KvaserCar_outdoor_test/build/tactical_node/build/lib/tactical_node
[6.447s] copying tactical_node/critical_region.py -> /home/nvidia/KvaserCar_outdoor_test/build/tactical_node/build/lib/tactical_node
[6.447s] copying tactical_node/target_prediction.py -> /home/nvidia/KvaserCar_outdoor_test/build/tactical_node/build/lib/tactical_node
[6.448s] copying tactical_node/ego_prediction.py -> /home/nvidia/KvaserCar_outdoor_test/build/tactical_node/build/lib/tactical_node
[6.449s] copying tactical_node/tactical_behaviour.py -> /home/nvidia/KvaserCar_outdoor_test/build/tactical_node/build/lib/tactical_node
[6.449s] copying tactical_node/comm_test.py -> /home/nvidia/KvaserCar_outdoor_test/build/tactical_node/build/lib/tactical_node
[6.450s] copying tactical_node/tactical_action.py -> /home/nvidia/KvaserCar_outdoor_test/build/tactical_node/build/lib/tactical_node
[6.451s] copying tactical_node/ego_pose.py -> /home/nvidia/KvaserCar_outdoor_test/build/tactical_node/build/lib/tactical_node
[6.451s] copying tactical_node/tactical_node.py -> /home/nvidia/KvaserCar_outdoor_test/build/tactical_node/build/lib/tactical_node
[6.452s] copying tactical_node/logs.py -> /home/nvidia/KvaserCar_outdoor_test/build/tactical_node/build/lib/tactical_node
[6.452s] copying tactical_node/kalman_filter.py -> /home/nvidia/KvaserCar_outdoor_test/build/tactical_node/build/lib/tactical_node
[6.452s] copying tactical_node/__init__.py -> /home/nvidia/KvaserCar_outdoor_test/build/tactical_node/build/lib/tactical_node
[6.453s] running install
[6.453s] running install_lib
[6.455s] creating /home/nvidia/KvaserCar_outdoor_test/install/tactical_node/lib/python3.10/site-packages/tactical_node
[6.455s] copying /home/nvidia/KvaserCar_outdoor_test/build/tactical_node/build/lib/tactical_node/comm_base.py -> /home/nvidia/KvaserCar_outdoor_test/install/tactical_node/lib/python3.10/site-packages/tactical_node
[6.455s] copying /home/nvidia/KvaserCar_outdoor_test/build/tactical_node/build/lib/tactical_node/parameters.py -> /home/nvidia/KvaserCar_outdoor_test/install/tactical_node/lib/python3.10/site-packages/tactical_node
[6.456s] copying /home/nvidia/KvaserCar_outdoor_test/build/tactical_node/build/lib/tactical_node/critical_region.py -> /home/nvidia/KvaserCar_outdoor_test/install/tactical_node/lib/python3.10/site-packages/tactical_node
[6.456s] copying /home/nvidia/KvaserCar_outdoor_test/build/tactical_node/build/lib/tactical_node/target_prediction.py -> /home/nvidia/KvaserCar_outdoor_test/install/tactical_node/lib/python3.10/site-packages/tactical_node
[6.456s] copying /home/nvidia/KvaserCar_outdoor_test/build/tactical_node/build/lib/tactical_node/ego_prediction.py -> /home/nvidia/KvaserCar_outdoor_test/install/tactical_node/lib/python3.10/site-packages/tactical_node
[6.459s] copying /home/nvidia/KvaserCar_outdoor_test/build/tactical_node/build/lib/tactical_node/tactical_behaviour.py -> /home/nvidia/KvaserCar_outdoor_test/install/tactical_node/lib/python3.10/site-packages/tactical_node
[6.459s] copying /home/nvidia/KvaserCar_outdoor_test/build/tactical_node/build/lib/tactical_node/comm_test.py -> /home/nvidia/KvaserCar_outdoor_test/install/tactical_node/lib/python3.10/site-packages/tactical_node
[6.460s] copying /home/nvidia/KvaserCar_outdoor_test/build/tactical_node/build/lib/tactical_node/tactical_action.py -> /home/nvidia/KvaserCar_outdoor_test/install/tactical_node/lib/python3.10/site-packages/tactical_node
[6.460s] copying /home/nvidia/KvaserCar_outdoor_test/build/tactical_node/build/lib/tactical_node/ego_pose.py -> /home/nvidia/KvaserCar_outdoor_test/install/tactical_node/lib/python3.10/site-packages/tactical_node
[6.460s] copying /home/nvidia/KvaserCar_outdoor_test/build/tactical_node/build/lib/tactical_node/tactical_node.py -> /home/nvidia/KvaserCar_outdoor_test/install/tactical_node/lib/python3.10/site-packages/tactical_node
[6.460s] copying /home/nvidia/KvaserCar_outdoor_test/build/tactical_node/build/lib/tactical_node/logs.py -> /home/nvidia/KvaserCar_outdoor_test/install/tactical_node/lib/python3.10/site-packages/tactical_node
[6.460s] copying /home/nvidia/KvaserCar_outdoor_test/build/tactical_node/build/lib/tactical_node/kalman_filter.py -> /home/nvidia/KvaserCar_outdoor_test/install/tactical_node/lib/python3.10/site-packages/tactical_node
[6.460s] copying /home/nvidia/KvaserCar_outdoor_test/build/tactical_node/build/lib/tactical_node/__init__.py -> /home/nvidia/KvaserCar_outdoor_test/install/tactical_node/lib/python3.10/site-packages/tactical_node
[6.460s] byte-compiling /home/nvidia/KvaserCar_outdoor_test/install/tactical_node/lib/python3.10/site-packages/tactical_node/comm_base.py to comm_base.cpython-310.pyc
[6.460s] byte-compiling /home/nvidia/KvaserCar_outdoor_test/install/tactical_node/lib/python3.10/site-packages/tactical_node/parameters.py to parameters.cpython-310.pyc
[6.476s] byte-compiling /home/nvidia/KvaserCar_outdoor_test/install/tactical_node/lib/python3.10/site-packages/tactical_node/critical_region.py to critical_region.cpython-310.pyc
[6.478s] byte-compiling /home/nvidia/KvaserCar_outdoor_test/install/tactical_node/lib/python3.10/site-packages/tactical_node/target_prediction.py to target_prediction.cpython-310.pyc
[6.479s] byte-compiling /home/nvidia/KvaserCar_outdoor_test/install/tactical_node/lib/python3.10/site-packages/tactical_node/ego_prediction.py to ego_prediction.cpython-310.pyc
[6.480s] byte-compiling /home/nvidia/KvaserCar_outdoor_test/install/tactical_node/lib/python3.10/site-packages/tactical_node/tactical_behaviour.py to tactical_behaviour.cpython-310.pyc
[6.482s] byte-compiling /home/nvidia/KvaserCar_outdoor_test/install/tactical_node/lib/python3.10/site-packages/tactical_node/comm_test.py to comm_test.cpython-310.pyc
[6.483s] byte-compiling /home/nvidia/KvaserCar_outdoor_test/install/tactical_node/lib/python3.10/site-packages/tactical_node/tactical_action.py to tactical_action.cpython-310.pyc
[6.483s] byte-compiling /home/nvidia/KvaserCar_outdoor_test/install/tactical_node/lib/python3.10/site-packages/tactical_node/ego_pose.py to ego_pose.cpython-310.pyc
[6.484s] byte-compiling /home/nvidia/KvaserCar_outdoor_test/install/tactical_node/lib/python3.10/site-packages/tactical_node/tactical_node.py to tactical_node.cpython-310.pyc
[6.485s] byte-compiling /home/nvidia/KvaserCar_outdoor_test/install/tactical_node/lib/python3.10/site-packages/tactical_node/logs.py to logs.cpython-310.pyc
[6.486s] byte-compiling /home/nvidia/KvaserCar_outdoor_test/install/tactical_node/lib/python3.10/site-packages/tactical_node/kalman_filter.py to kalman_filter.cpython-310.pyc
[6.487s] byte-compiling /home/nvidia/KvaserCar_outdoor_test/install/tactical_node/lib/python3.10/site-packages/tactical_node/__init__.py to __init__.cpython-310.pyc
[6.487s] running install_data
[6.488s] creating /home/nvidia/KvaserCar_outdoor_test/install/tactical_node/share/ament_index
[6.488s] creating /home/nvidia/KvaserCar_outdoor_test/install/tactical_node/share/ament_index/resource_index
[6.488s] creating /home/nvidia/KvaserCar_outdoor_test/install/tactical_node/share/ament_index/resource_index/packages
[6.488s] copying resource/tactical_node -> /home/nvidia/KvaserCar_outdoor_test/install/tactical_node/share/ament_index/resource_index/packages
[6.488s] copying package.xml -> /home/nvidia/KvaserCar_outdoor_test/install/tactical_node/share/tactical_node
[6.488s] running install_egg_info
[6.492s] Copying ../../build/tactical_node/tactical_node.egg-info to /home/nvidia/KvaserCar_outdoor_test/install/tactical_node/lib/python3.10/site-packages/tactical_node-0.0.0-py3.10.egg-info
[6.494s] running install_scripts
[6.565s] Installing tactical_node script to /home/nvidia/KvaserCar_outdoor_test/install/tactical_node/lib/tactical_node
[6.566s] writing list of installed files to '/home/nvidia/KvaserCar_outdoor_test/build/tactical_node/install.log'
[6.644s] Invoked command in '/home/nvidia/KvaserCar_outdoor_test/src/tactical_node' returned '0': PYTHONPATH=/home/nvidia/KvaserCar_outdoor_test/build/tactical_node/prefix_override:/usr/lib/python3/dist-packages/colcon_core/task/python/colcon_distutils_commands:/home/nvidia/KvaserCar_outdoor_test/install/tactical_node/lib/python3.10/site-packages:${PYTHONPATH} /usr/bin/python3 -W ignore:setup.py install is deprecated -W ignore:easy_install command is deprecated setup.py egg_info --egg-base ../../build/tactical_node build --build-base /home/nvidia/KvaserCar_outdoor_test/build/tactical_node/build install --record /home/nvidia/KvaserCar_outdoor_test/build/tactical_node/install.log --single-version-externally-managed install_data
