[5.759s] Invoking command in '/home/nvidia/KvaserCar_outdoor_test/src/visualize_car': PYTHONPATH=/home/nvidia/KvaserCar_outdoor_test/build/visualize_car/prefix_override:/usr/lib/python3/dist-packages/colcon_core/task/python/colcon_distutils_commands:/home/nvidia/KvaserCar_outdoor_test/install/visualize_car/lib/python3.10/site-packages:${PYTHONPATH} /usr/bin/python3 -W ignore:setup.py install is deprecated -W ignore:easy_install command is deprecated setup.py egg_info --egg-base ../../build/visualize_car build --build-base /home/nvidia/KvaserCar_outdoor_test/build/visualize_car/build install --record /home/nvidia/KvaserCar_outdoor_test/build/visualize_car/install.log --single-version-externally-managed install_data
[6.528s] running egg_info
[6.530s] writing ../../build/visualize_car/visualize_car.egg-info/PKG-INFO
[6.530s] writing dependency_links to ../../build/visualize_car/visualize_car.egg-info/dependency_links.txt
[6.530s] writing entry points to ../../build/visualize_car/visualize_car.egg-info/entry_points.txt
[6.531s] writing requirements to ../../build/visualize_car/visualize_car.egg-info/requires.txt
[6.531s] writing top-level names to ../../build/visualize_car/visualize_car.egg-info/top_level.txt
[6.538s] reading manifest file '../../build/visualize_car/visualize_car.egg-info/SOURCES.txt'
[6.539s] adding license file 'LICENSE'
[6.542s] writing manifest file '../../build/visualize_car/visualize_car.egg-info/SOURCES.txt'
[6.543s] running build
[6.543s] running build_py
[6.548s] running install
[6.550s] running install_lib
[6.550s] running install_data
[6.551s] running install_egg_info
[6.557s] removing '/home/nvidia/KvaserCar_outdoor_test/install/visualize_car/lib/python3.10/site-packages/visualize_car-0.0.0-py3.10.egg-info' (and everything under it)
[6.558s] Copying ../../build/visualize_car/visualize_car.egg-info to /home/nvidia/KvaserCar_outdoor_test/install/visualize_car/lib/python3.10/site-packages/visualize_car-0.0.0-py3.10.egg-info
[6.559s] running install_scripts
[6.605s] Installing draw_cars_node script to /home/nvidia/KvaserCar_outdoor_test/install/visualize_car/lib/visualize_car
[6.605s] Installing draw_markers_node script to /home/nvidia/KvaserCar_outdoor_test/install/visualize_car/lib/visualize_car
[6.605s] Installing fake_odom_node script to /home/nvidia/KvaserCar_outdoor_test/install/visualize_car/lib/visualize_car
[6.606s] writing list of installed files to '/home/nvidia/KvaserCar_outdoor_test/build/visualize_car/install.log'
[6.669s] Invoked command in '/home/nvidia/KvaserCar_outdoor_test/src/visualize_car' returned '0': PYTHONPATH=/home/nvidia/KvaserCar_outdoor_test/build/visualize_car/prefix_override:/usr/lib/python3/dist-packages/colcon_core/task/python/colcon_distutils_commands:/home/nvidia/KvaserCar_outdoor_test/install/visualize_car/lib/python3.10/site-packages:${PYTHONPATH} /usr/bin/python3 -W ignore:setup.py install is deprecated -W ignore:easy_install command is deprecated setup.py egg_info --egg-base ../../build/visualize_car build --build-base /home/nvidia/KvaserCar_outdoor_test/build/visualize_car/build install --record /home/nvidia/KvaserCar_outdoor_test/build/visualize_car/install.log --single-version-externally-managed install_data
