[5.447s] Invoking command in '/home/nvidia/KvaserCar_outdoor_test/src/wheel_odometry': PYTHONPATH=/home/nvidia/KvaserCar_outdoor_test/build/wheel_odometry/prefix_override:/usr/lib/python3/dist-packages/colcon_core/task/python/colcon_distutils_commands:/home/nvidia/KvaserCar_outdoor_test/install/wheel_odometry/lib/python3.10/site-packages:${PYTHONPATH} /usr/bin/python3 -W ignore:setup.py install is deprecated -W ignore:easy_install command is deprecated setup.py egg_info --egg-base ../../build/wheel_odometry build --build-base /home/nvidia/KvaserCar_outdoor_test/build/wheel_odometry/build install --record /home/nvidia/KvaserCar_outdoor_test/build/wheel_odometry/install.log --single-version-externally-managed install_data
[6.430s] running egg_info
[6.432s] creating ../../build/wheel_odometry/wheel_odometry.egg-info
[6.432s] writing ../../build/wheel_odometry/wheel_odometry.egg-info/PKG-INFO
[6.433s] writing dependency_links to ../../build/wheel_odometry/wheel_odometry.egg-info/dependency_links.txt
[6.435s] writing entry points to ../../build/wheel_odometry/wheel_odometry.egg-info/entry_points.txt
[6.435s] writing requirements to ../../build/wheel_odometry/wheel_odometry.egg-info/requires.txt
[6.436s] writing top-level names to ../../build/wheel_odometry/wheel_odometry.egg-info/top_level.txt
[6.437s] writing manifest file '../../build/wheel_odometry/wheel_odometry.egg-info/SOURCES.txt'
[6.446s] reading manifest file '../../build/wheel_odometry/wheel_odometry.egg-info/SOURCES.txt'
[6.447s] writing manifest file '../../build/wheel_odometry/wheel_odometry.egg-info/SOURCES.txt'
[6.448s] running build
[6.448s] running build_py
[6.448s] creating /home/nvidia/KvaserCar_outdoor_test/build/wheel_odometry/build
[6.449s] creating /home/nvidia/KvaserCar_outdoor_test/build/wheel_odometry/build/lib
[6.449s] creating /home/nvidia/KvaserCar_outdoor_test/build/wheel_odometry/build/lib/wheel_odometry
[6.449s] copying wheel_odometry/wheel_odometry_node.py -> /home/nvidia/KvaserCar_outdoor_test/build/wheel_odometry/build/lib/wheel_odometry
[6.450s] copying wheel_odometry/__init__.py -> /home/nvidia/KvaserCar_outdoor_test/build/wheel_odometry/build/lib/wheel_odometry
[6.451s] running install
[6.452s] running install_lib
[6.454s] creating /home/nvidia/KvaserCar_outdoor_test/install/wheel_odometry/lib/python3.10/site-packages/wheel_odometry
[6.454s] copying /home/nvidia/KvaserCar_outdoor_test/build/wheel_odometry/build/lib/wheel_odometry/wheel_odometry_node.py -> /home/nvidia/KvaserCar_outdoor_test/install/wheel_odometry/lib/python3.10/site-packages/wheel_odometry
[6.454s] copying /home/nvidia/KvaserCar_outdoor_test/build/wheel_odometry/build/lib/wheel_odometry/__init__.py -> /home/nvidia/KvaserCar_outdoor_test/install/wheel_odometry/lib/python3.10/site-packages/wheel_odometry
[6.456s] byte-compiling /home/nvidia/KvaserCar_outdoor_test/install/wheel_odometry/lib/python3.10/site-packages/wheel_odometry/wheel_odometry_node.py to wheel_odometry_node.cpython-310.pyc
[6.459s] byte-compiling /home/nvidia/KvaserCar_outdoor_test/install/wheel_odometry/lib/python3.10/site-packages/wheel_odometry/__init__.py to __init__.cpython-310.pyc
[6.460s] running install_data
[6.461s] copying package.xml -> /home/nvidia/KvaserCar_outdoor_test/install/wheel_odometry/share/wheel_odometry
[6.462s] creating /home/nvidia/KvaserCar_outdoor_test/install/wheel_odometry/share/ament_index
[6.462s] creating /home/nvidia/KvaserCar_outdoor_test/install/wheel_odometry/share/ament_index/resource_index
[6.463s] creating /home/nvidia/KvaserCar_outdoor_test/install/wheel_odometry/share/ament_index/resource_index/packages
[6.463s] copying resource/wheel_odometry -> /home/nvidia/KvaserCar_outdoor_test/install/wheel_odometry/share/ament_index/resource_index/packages
[6.464s] creating /home/nvidia/KvaserCar_outdoor_test/install/wheel_odometry/share/wheel_odometry/config
[6.464s] copying config/wheel_odometry_config.yaml -> /home/nvidia/KvaserCar_outdoor_test/install/wheel_odometry/share/wheel_odometry/config
[6.467s] creating /home/nvidia/KvaserCar_outdoor_test/install/wheel_odometry/share/wheel_odometry/launch
[6.467s] copying launch/wheel_odometry_launch.py -> /home/nvidia/KvaserCar_outdoor_test/install/wheel_odometry/share/wheel_odometry/launch
[6.469s] running install_egg_info
[6.474s] Copying ../../build/wheel_odometry/wheel_odometry.egg-info to /home/nvidia/KvaserCar_outdoor_test/install/wheel_odometry/lib/python3.10/site-packages/wheel_odometry-0.1.0-py3.10.egg-info
[6.479s] running install_scripts
[6.521s] Installing wheel_odometry_node script to /home/nvidia/KvaserCar_outdoor_test/install/wheel_odometry/lib/wheel_odometry
[6.523s] writing list of installed files to '/home/nvidia/KvaserCar_outdoor_test/build/wheel_odometry/install.log'
[6.602s] Invoked command in '/home/nvidia/KvaserCar_outdoor_test/src/wheel_odometry' returned '0': PYTHONPATH=/home/nvidia/KvaserCar_outdoor_test/build/wheel_odometry/prefix_override:/usr/lib/python3/dist-packages/colcon_core/task/python/colcon_distutils_commands:/home/nvidia/KvaserCar_outdoor_test/install/wheel_odometry/lib/python3.10/site-packages:${PYTHONPATH} /usr/bin/python3 -W ignore:setup.py install is deprecated -W ignore:easy_install command is deprecated setup.py egg_info --egg-base ../../build/wheel_odometry build --build-base /home/nvidia/KvaserCar_outdoor_test/build/wheel_odometry/build install --record /home/nvidia/KvaserCar_outdoor_test/build/wheel_odometry/install.log --single-version-externally-managed install_data
