/home/nvidia/KvaserCar_outdoor_test/install/tactical_node/lib/python3.10/site-packages/tactical_node/comm_base.py
/home/nvidia/KvaserCar_outdoor_test/install/tactical_node/lib/python3.10/site-packages/tactical_node/parameters.py
/home/nvidia/KvaserCar_outdoor_test/install/tactical_node/lib/python3.10/site-packages/tactical_node/critical_region.py
/home/nvidia/KvaserCar_outdoor_test/install/tactical_node/lib/python3.10/site-packages/tactical_node/target_prediction.py
/home/nvidia/KvaserCar_outdoor_test/install/tactical_node/lib/python3.10/site-packages/tactical_node/ego_prediction.py
/home/nvidia/KvaserCar_outdoor_test/install/tactical_node/lib/python3.10/site-packages/tactical_node/tactical_behaviour.py
/home/nvidia/KvaserCar_outdoor_test/install/tactical_node/lib/python3.10/site-packages/tactical_node/comm_test.py
/home/nvidia/KvaserCar_outdoor_test/install/tactical_node/lib/python3.10/site-packages/tactical_node/tactical_action.py
/home/nvidia/KvaserCar_outdoor_test/install/tactical_node/lib/python3.10/site-packages/tactical_node/ego_pose.py
/home/nvidia/KvaserCar_outdoor_test/install/tactical_node/lib/python3.10/site-packages/tactical_node/tactical_node.py
/home/nvidia/KvaserCar_outdoor_test/install/tactical_node/lib/python3.10/site-packages/tactical_node/logs.py
/home/nvidia/KvaserCar_outdoor_test/install/tactical_node/lib/python3.10/site-packages/tactical_node/kalman_filter.py
/home/nvidia/KvaserCar_outdoor_test/install/tactical_node/lib/python3.10/site-packages/tactical_node/__init__.py
/home/nvidia/KvaserCar_outdoor_test/install/tactical_node/lib/python3.10/site-packages/tactical_node/__pycache__/comm_base.cpython-310.pyc
/home/nvidia/KvaserCar_outdoor_test/install/tactical_node/lib/python3.10/site-packages/tactical_node/__pycache__/parameters.cpython-310.pyc
/home/nvidia/KvaserCar_outdoor_test/install/tactical_node/lib/python3.10/site-packages/tactical_node/__pycache__/critical_region.cpython-310.pyc
/home/nvidia/KvaserCar_outdoor_test/install/tactical_node/lib/python3.10/site-packages/tactical_node/__pycache__/target_prediction.cpython-310.pyc
/home/nvidia/KvaserCar_outdoor_test/install/tactical_node/lib/python3.10/site-packages/tactical_node/__pycache__/ego_prediction.cpython-310.pyc
/home/nvidia/KvaserCar_outdoor_test/install/tactical_node/lib/python3.10/site-packages/tactical_node/__pycache__/tactical_behaviour.cpython-310.pyc
/home/nvidia/KvaserCar_outdoor_test/install/tactical_node/lib/python3.10/site-packages/tactical_node/__pycache__/comm_test.cpython-310.pyc
/home/nvidia/KvaserCar_outdoor_test/install/tactical_node/lib/python3.10/site-packages/tactical_node/__pycache__/tactical_action.cpython-310.pyc
/home/nvidia/KvaserCar_outdoor_test/install/tactical_node/lib/python3.10/site-packages/tactical_node/__pycache__/ego_pose.cpython-310.pyc
/home/nvidia/KvaserCar_outdoor_test/install/tactical_node/lib/python3.10/site-packages/tactical_node/__pycache__/tactical_node.cpython-310.pyc
/home/nvidia/KvaserCar_outdoor_test/install/tactical_node/lib/python3.10/site-packages/tactical_node/__pycache__/logs.cpython-310.pyc
/home/nvidia/KvaserCar_outdoor_test/install/tactical_node/lib/python3.10/site-packages/tactical_node/__pycache__/kalman_filter.cpython-310.pyc
/home/nvidia/KvaserCar_outdoor_test/install/tactical_node/lib/python3.10/site-packages/tactical_node/__pycache__/__init__.cpython-310.pyc
/home/nvidia/KvaserCar_outdoor_test/install/tactical_node/share/ament_index/resource_index/packages/tactical_node
/home/nvidia/KvaserCar_outdoor_test/install/tactical_node/share/tactical_node/package.xml
/home/nvidia/KvaserCar_outdoor_test/install/tactical_node/lib/python3.10/site-packages/tactical_node-0.0.0-py3.10.egg-info/SOURCES.txt
/home/nvidia/KvaserCar_outdoor_test/install/tactical_node/lib/python3.10/site-packages/tactical_node-0.0.0-py3.10.egg-info/top_level.txt
/home/nvidia/KvaserCar_outdoor_test/install/tactical_node/lib/python3.10/site-packages/tactical_node-0.0.0-py3.10.egg-info/zip-safe
/home/nvidia/KvaserCar_outdoor_test/install/tactical_node/lib/python3.10/site-packages/tactical_node-0.0.0-py3.10.egg-info/dependency_links.txt
/home/nvidia/KvaserCar_outdoor_test/install/tactical_node/lib/python3.10/site-packages/tactical_node-0.0.0-py3.10.egg-info/entry_points.txt
/home/nvidia/KvaserCar_outdoor_test/install/tactical_node/lib/python3.10/site-packages/tactical_node-0.0.0-py3.10.egg-info/PKG-INFO
/home/nvidia/KvaserCar_outdoor_test/install/tactical_node/lib/python3.10/site-packages/tactical_node-0.0.0-py3.10.egg-info/requires.txt
/home/nvidia/KvaserCar_outdoor_test/install/tactical_node/lib/tactical_node/tactical_node
