[5.491s] Invoking command in '/home/nvidia/KvaserCar_outdoor_test/src/control_rover': PYTHONPATH=/home/nvidia/KvaserCar_outdoor_test/build/control_rover/prefix_override:/usr/lib/python3/dist-packages/colcon_core/task/python/colcon_distutils_commands:/home/nvidia/KvaserCar_outdoor_test/install/control_rover/lib/python3.10/site-packages:${PYTHONPATH} /usr/bin/python3 -W ignore:setup.py install is deprecated -W ignore:easy_install command is deprecated setup.py egg_info --egg-base ../../build/control_rover build --build-base /home/nvidia/KvaserCar_outdoor_test/build/control_rover/build install --record /home/nvidia/KvaserCar_outdoor_test/build/control_rover/install.log --single-version-externally-managed install_data
[6.106s] running egg_info
[6.107s] creating ../../build/control_rover/control_rover.egg-info
[6.108s] writing ../../build/control_rover/control_rover.egg-info/PKG-INFO
[6.110s] writing dependency_links to ../../build/control_rover/control_rover.egg-info/dependency_links.txt
[6.110s] writing entry points to ../../build/control_rover/control_rover.egg-info/entry_points.txt
[6.111s] writing requirements to ../../build/control_rover/control_rover.egg-info/requires.txt
[6.111s] writing top-level names to ../../build/control_rover/control_rover.egg-info/top_level.txt
[6.112s] writing manifest file '../../build/control_rover/control_rover.egg-info/SOURCES.txt'
[6.116s] reading manifest file '../../build/control_rover/control_rover.egg-info/SOURCES.txt'
[6.116s] adding license file 'LICENSE'
[6.118s] writing manifest file '../../build/control_rover/control_rover.egg-info/SOURCES.txt'
[6.118s] running build
[6.119s] running build_py
[6.119s] creating /home/nvidia/KvaserCar_outdoor_test/build/control_rover/build
[6.119s] creating /home/nvidia/KvaserCar_outdoor_test/build/control_rover/build/lib
[6.120s] creating /home/nvidia/KvaserCar_outdoor_test/build/control_rover/build/lib/control_rover
[6.120s] copying control_rover/low_level_control.py -> /home/nvidia/KvaserCar_outdoor_test/build/control_rover/build/lib/control_rover
[6.121s] copying control_rover/__init__.py -> /home/nvidia/KvaserCar_outdoor_test/build/control_rover/build/lib/control_rover
[6.122s] running install
[6.123s] running install_lib
[6.125s] creating /home/nvidia/KvaserCar_outdoor_test/install/control_rover/lib/python3.10/site-packages/control_rover
[6.125s] copying /home/nvidia/KvaserCar_outdoor_test/build/control_rover/build/lib/control_rover/low_level_control.py -> /home/nvidia/KvaserCar_outdoor_test/install/control_rover/lib/python3.10/site-packages/control_rover
[6.125s] copying /home/nvidia/KvaserCar_outdoor_test/build/control_rover/build/lib/control_rover/__init__.py -> /home/nvidia/KvaserCar_outdoor_test/install/control_rover/lib/python3.10/site-packages/control_rover
[6.127s] byte-compiling /home/nvidia/KvaserCar_outdoor_test/install/control_rover/lib/python3.10/site-packages/control_rover/low_level_control.py to low_level_control.cpython-310.pyc
[6.128s] byte-compiling /home/nvidia/KvaserCar_outdoor_test/install/control_rover/lib/python3.10/site-packages/control_rover/__init__.py to __init__.cpython-310.pyc
[6.128s] running install_data
[6.129s] creating /home/nvidia/KvaserCar_outdoor_test/install/control_rover/share/ament_index
[6.129s] creating /home/nvidia/KvaserCar_outdoor_test/install/control_rover/share/ament_index/resource_index
[6.129s] creating /home/nvidia/KvaserCar_outdoor_test/install/control_rover/share/ament_index/resource_index/packages
[6.129s] copying resource/control_rover -> /home/nvidia/KvaserCar_outdoor_test/install/control_rover/share/ament_index/resource_index/packages
[6.130s] copying package.xml -> /home/nvidia/KvaserCar_outdoor_test/install/control_rover/share/control_rover
[6.130s] running install_egg_info
[6.134s] Copying ../../build/control_rover/control_rover.egg-info to /home/nvidia/KvaserCar_outdoor_test/install/control_rover/lib/python3.10/site-packages/control_rover-0.0.0-py3.10.egg-info
[6.136s] running install_scripts
[6.178s] Installing low_level_control script to /home/nvidia/KvaserCar_outdoor_test/install/control_rover/lib/control_rover
[6.180s] writing list of installed files to '/home/nvidia/KvaserCar_outdoor_test/build/control_rover/install.log'
[6.258s] Invoked command in '/home/nvidia/KvaserCar_outdoor_test/src/control_rover' returned '0': PYTHONPATH=/home/nvidia/KvaserCar_outdoor_test/build/control_rover/prefix_override:/usr/lib/python3/dist-packages/colcon_core/task/python/colcon_distutils_commands:/home/nvidia/KvaserCar_outdoor_test/install/control_rover/lib/python3.10/site-packages:${PYTHONPATH} /usr/bin/python3 -W ignore:setup.py install is deprecated -W ignore:easy_install command is deprecated setup.py egg_info --egg-base ../../build/control_rover build --build-base /home/nvidia/KvaserCar_outdoor_test/build/control_rover/build install --record /home/nvidia/KvaserCar_outdoor_test/build/control_rover/install.log --single-version-externally-managed install_data
